

--------------------------------------- 2022-05-01-21-33-49-200
[ error ] ofAppGLFWWindow: 65544: Cocoa: Failed to find service port for display
[notice ] 21:34:44 : Portada 2
[notice ] 21:34:53 : 
[notice ] 21:34:58 : /Users/santiagovilanova/Desktop/INDOMITES/FORMS_SPECTRUM4/pngs/1.png
[notice ] 21:35:03 : /Users/santiagovilanova/Desktop/INDOMITES/FORMS_SPECTRUM4/pngs/2.png
[notice ] 21:35:08 : /Users/santiagovilanova/Desktop/INDOMITES/FORMS_SPECTRUM4/pngs/3.png
[notice ] 21:35:14 : /Users/santiagovilanova/Desktop/INDOMITES/FORMS_SPECTRUM4/pngs/4.png
[notice ] 21:35:19 : /Users/santiagovilanova/Desktop/INDOMITES/FORMS_SPECTRUM4/pngs/5.png
[notice ] 21:35:24 : /Users/santiagovilanova/Desktop/INDOMITES/FORMS_SPECTRUM4/pngs/6.png
[notice ] 21:35:29 : /Users/santiagovilanova/Desktop/INDOMITES/FORMS_SPECTRUM4/pngs/7.png
[notice ] 21:35:35 : /Users/santiagovilanova/Desktop/INDOMITES/FORMS_SPECTRUM4/pngs/8.png
[notice ] 21:35:40 : /Users/santiagovilanova/Desktop/INDOMITES/FORMS_SPECTRUM4/pngs/9.png
[notice ] 21:35:45 : /Users/santiagovilanova/Desktop/INDOMITES/FORMS_SPECTRUM4/pngs/11.png
[notice ] 21:35:50 : /Users/santiagovilanova/Desktop/INDOMITES/FORMS_SPECTRUM4/pngs/11.png
[notice ] 21:35:55 : /Users/santiagovilanova/Desktop/INDOMITES/FORMS_SPECTRUM4/pngs/12.png
[notice ] 21:36:01 : /Users/santiagovilanova/Desktop/INDOMITES/FORMS_SPECTRUM4/pngs/13.png
[notice ] 21:36:06 : /Users/santiagovilanova/Desktop/INDOMITES/FORMS_SPECTRUM4/pngs/14.png
[notice ] 21:36:11 : /Users/santiagovilanova/Desktop/INDOMITES/FORMS_SPECTRUM4/pngs/15.png
[notice ] 21:36:16 : /Users/santiagovilanova/Desktop/INDOMITES/FORMS_SPECTRUM4/pngs/16.png
[notice ] 21:36:21 : /Users/santiagovilanova/Desktop/INDOMITES/FORMS_SPECTRUM4/pngs/17.png
[notice ] 21:36:27 : /Users/santiagovilanova/Desktop/INDOMITES/FORMS_SPECTRUM4/pngs/18.png
[notice ] 21:36:32 : /Users/santiagovilanova/Desktop/INDOMITES/FORMS_SPECTRUM4/pngs/19.png
[notice ] 21:36:37 : /Users/santiagovilanova/Desktop/INDOMITES/FORMS_SPECTRUM4/pngs/20.png
[notice ] 21:36:42 : /Users/santiagovilanova/Desktop/INDOMITES/FORMS_SPECTRUM4/pngs/21.png
[notice ] 21:36:48 : /Users/santiagovilanova/Desktop/INDOMITES/FORMS_SPECTRUM4/pngs/22.png
[notice ] 21:36:53 : /Users/santiagovilanova/Desktop/INDOMITES/FORMS_SPECTRUM4/pngs/23.png
[notice ] 21:36:58 : /Users/santiagovilanova/Desktop/INDOMITES/FORMS_SPECTRUM4/pngs/24.png
[notice ] 21:37:03 : /Users/santiagovilanova/Desktop/INDOMITES/FORMS_SPECTRUM4/pngs/25.png
[notice ] 21:37:08 : /Users/santiagovilanova/Desktop/INDOMITES/FORMS_SPECTRUM4/pngs/26.png
[notice ] 21:37:14 : /Users/santiagovilanova/Desktop/INDOMITES/FORMS_SPECTRUM4/pngs/27.png
[notice ] 21:37:19 : /Users/santiagovilanova/Desktop/INDOMITES/FORMS_SPECTRUM4/pngs/28.png
[notice ] 21:37:24 : /Users/santiagovilanova/Desktop/INDOMITES/FORMS_SPECTRUM4/pngs/29.png
[notice ] 21:37:29 : /Users/santiagovilanova/Desktop/INDOMITES/FORMS_SPECTRUM4/pngs/30.png
[notice ] 21:37:35 : /Users/santiagovilanova/Desktop/INDOMITES/FORMS_SPECTRUM4/pngs/31.png
[notice ] 21:37:40 : /Users/santiagovilanova/Desktop/INDOMITES/FORMS_SPECTRUM4/pngs/32.png
[notice ] 21:37:45 : /Users/santiagovilanova/Desktop/INDOMITES/FORMS_SPECTRUM4/pngs/33.png
[notice ] 21:37:50 : /Users/santiagovilanova/Desktop/INDOMITES/FORMS_SPECTRUM4/pngs/34.png
[notice ] 21:37:55 : /Users/santiagovilanova/Desktop/INDOMITES/FORMS_SPECTRUM4/pngs/35.png
[notice ] 21:38:01 : /Users/santiagovilanova/Desktop/INDOMITES/FORMS_SPECTRUM4/pngs/36.png
[notice ] 21:38:06 : /Users/santiagovilanova/Desktop/INDOMITES/FORMS_SPECTRUM4/pngs/37.png
[notice ] 21:38:11 : /Users/santiagovilanova/Desktop/INDOMITES/FORMS_SPECTRUM4/pngs/38.png
[notice ] 21:38:16 : /Users/santiagovilanova/Desktop/INDOMITES/FORMS_SPECTRUM4/pngs/39.png
[notice ] 21:38:21 : /Users/santiagovilanova/Desktop/INDOMITES/FORMS_SPECTRUM4/pngs/40.png
[notice ] 21:38:27 : /Users/santiagovilanova/Desktop/INDOMITES/FORMS_SPECTRUM4/pngs/41.png
[notice ] 21:38:32 : /Users/santiagovilanova/Desktop/INDOMITES/FORMS_SPECTRUM4/pngs/42.png
[notice ] 21:38:37 : /Users/santiagovilanova/Desktop/INDOMITES/FORMS_SPECTRUM4/pngs/43.png
[notice ] 21:38:42 : /Users/santiagovilanova/Desktop/INDOMITES/FORMS_SPECTRUM4/pngs/44.png
[notice ] 21:38:48 : /Users/santiagovilanova/Desktop/INDOMITES/FORMS_SPECTRUM4/pngs/45.png
[notice ] 21:38:53 : /Users/santiagovilanova/Desktop/INDOMITES/FORMS_SPECTRUM4/pngs/46.png
[notice ] 21:38:58 : /Users/santiagovilanova/Desktop/INDOMITES/FORMS_SPECTRUM4/pngs/47.png
[notice ] 21:39:03 : /Users/santiagovilanova/Desktop/INDOMITES/FORMS_SPECTRUM4/pngs/48.png
[notice ] 21:39:08 : /Users/santiagovilanova/Desktop/INDOMITES/FORMS_SPECTRUM4/pngs/49.png
[notice ] 21:39:14 : /Users/santiagovilanova/Desktop/INDOMITES/FORMS_SPECTRUM4/pngs/50.png
[notice ] 21:39:19 : /Users/santiagovilanova/Desktop/INDOMITES/FORMS_SPECTRUM4/pngs/51.png
[notice ] 21:39:24 : /Users/santiagovilanova/Desktop/INDOMITES/FORMS_SPECTRUM4/pngs/52.png
[notice ] 21:39:29 : /Users/santiagovilanova/Desktop/INDOMITES/FORMS_SPECTRUM4/pngs/53.png
[notice ] 21:39:35 : /Users/santiagovilanova/Desktop/INDOMITES/FORMS_SPECTRUM4/pngs/54.png
[notice ] 21:39:40 : /Users/santiagovilanova/Desktop/INDOMITES/FORMS_SPECTRUM4/pngs/55.png
[notice ] 21:39:45 : /Users/santiagovilanova/Desktop/INDOMITES/FORMS_SPECTRUM4/pngs/56.png
[notice ] 21:39:50 : /Users/santiagovilanova/Desktop/INDOMITES/FORMS_SPECTRUM4/pngs/57.png
[notice ] 21:39:55 : /Users/santiagovilanova/Desktop/INDOMITES/FORMS_SPECTRUM4/pngs/58.png
[notice ] 21:40:01 : /Users/santiagovilanova/Desktop/INDOMITES/FORMS_SPECTRUM4/pngs/59.png
[notice ] 21:40:06 : /Users/santiagovilanova/Desktop/INDOMITES/FORMS_SPECTRUM4/pngs/60.png
[notice ] 21:40:11 : /Users/santiagovilanova/Desktop/INDOMITES/FORMS_SPECTRUM4/pngs/61.png
[notice ] 21:40:16 : /Users/santiagovilanova/Desktop/INDOMITES/FORMS_SPECTRUM4/pngs/62.png
[notice ] 21:40:21 : /Users/santiagovilanova/Desktop/INDOMITES/FORMS_SPECTRUM4/pngs/63.png
[notice ] 21:40:27 : /Users/santiagovilanova/Desktop/INDOMITES/FORMS_SPECTRUM4/pngs/64.png
[notice ] 21:40:32 : /Users/santiagovilanova/Desktop/INDOMITES/FORMS_SPECTRUM4/pngs/65.png
[notice ] 21:40:36 : /Users/santiagovilanova/Desktop/INDOMITES/FORMS_SPECTRUM4/pngs/66.png
[notice ] 21:40:40 : /Users/santiagovilanova/Desktop/INDOMITES/FORMS_SPECTRUM4/pngs/67.png
[notice ] 21:40:44 : /Users/santiagovilanova/Desktop/INDOMITES/FORMS_SPECTRUM4/pngs/68.png
[notice ] 21:40:49 : /Users/santiagovilanova/Desktop/INDOMITES/FORMS_SPECTRUM4/pngs/69.png
[notice ] 21:40:53 : /Users/santiagovilanova/Desktop/INDOMITES/FORMS_SPECTRUM4/pngs/70.png
[notice ] 21:40:57 : /Users/santiagovilanova/Desktop/INDOMITES/FORMS_SPECTRUM4/pngs/71.png
[notice ] 21:41:01 : /Users/santiagovilanova/Desktop/INDOMITES/FORMS_SPECTRUM4/pngs/72.png
[notice ] 21:41:06 : /Users/santiagovilanova/Desktop/INDOMITES/FORMS_SPECTRUM4/pngs/73.png
[notice ] 21:41:10 : /Users/santiagovilanova/Desktop/INDOMITES/FORMS_SPECTRUM4/pngs/74.png
[notice ] 21:41:14 : /Users/santiagovilanova/Desktop/INDOMITES/FORMS_SPECTRUM4/pngs/75.png
[notice ] 21:41:19 : /Users/santiagovilanova/Desktop/INDOMITES/FORMS_SPECTRUM4/pngs/76.png
[notice ] 21:41:23 : /Users/santiagovilanova/Desktop/INDOMITES/FORMS_SPECTRUM4/pngs/77.png
[notice ] 21:41:27 : /Users/santiagovilanova/Desktop/INDOMITES/FORMS_SPECTRUM4/pngs/78.png
[notice ] 21:41:31 : /Users/santiagovilanova/Desktop/INDOMITES/FORMS_SPECTRUM4/pngs/79.png
[notice ] 21:41:36 : /Users/santiagovilanova/Desktop/INDOMITES/FORMS_SPECTRUM4/pngs/80.png
[notice ] 21:41:40 : /Users/santiagovilanova/Desktop/INDOMITES/FORMS_SPECTRUM4/pngs/81.png
[notice ] 21:41:44 : /Users/santiagovilanova/Desktop/INDOMITES/FORMS_SPECTRUM4/pngs/82.png
[notice ] 21:41:48 : /Users/santiagovilanova/Desktop/INDOMITES/FORMS_SPECTRUM4/pngs/83.png
[notice ] 21:41:53 : /Users/santiagovilanova/Desktop/INDOMITES/FORMS_SPECTRUM4/pngs/84.png
[notice ] 21:41:57 : /Users/santiagovilanova/Desktop/INDOMITES/FORMS_SPECTRUM4/pngs/85.png
[notice ] 21:42:01 : /Users/santiagovilanova/Desktop/INDOMITES/FORMS_SPECTRUM4/pngs/86.png
[notice ] 21:42:05 : /Users/santiagovilanova/Desktop/INDOMITES/FORMS_SPECTRUM4/pngs/87.png
[notice ] 21:42:10 : /Users/santiagovilanova/Desktop/INDOMITES/FORMS_SPECTRUM4/pngs/88.png
[notice ] 21:42:14 : /Users/santiagovilanova/Desktop/INDOMITES/FORMS_SPECTRUM4/pngs/89.png
[notice ] 21:42:18 : /Users/santiagovilanova/Desktop/INDOMITES/FORMS_SPECTRUM4/pngs/90.png
[notice ] 21:42:23 : /Users/santiagovilanova/Desktop/INDOMITES/FORMS_SPECTRUM4/pngs/91.png
[notice ] 21:42:27 : /Users/santiagovilanova/Desktop/INDOMITES/FORMS_SPECTRUM4/pngs/92.png
[notice ] 21:42:31 : /Users/santiagovilanova/Desktop/INDOMITES/FORMS_SPECTRUM4/pngs/93.png
[notice ] 21:42:35 : /Users/santiagovilanova/Desktop/INDOMITES/FORMS_SPECTRUM4/pngs/94.png
[notice ] 21:42:40 : /Users/santiagovilanova/Desktop/INDOMITES/FORMS_SPECTRUM4/pngs/95.png
[notice ] 21:42:44 : /Users/santiagovilanova/Desktop/INDOMITES/FORMS_SPECTRUM4/pngs/96.png
[notice ] 21:42:48 : /Users/santiagovilanova/Desktop/INDOMITES/FORMS_SPECTRUM4/pngs/97.png
[notice ] 21:42:52 : /Users/santiagovilanova/Desktop/INDOMITES/FORMS_SPECTRUM4/pngs/98.png
[notice ] 21:42:57 : /Users/santiagovilanova/Desktop/INDOMITES/FORMS_SPECTRUM4/pngs/99.png
[notice ] 21:43:21 : /Users/santiagovilanova/Desktop/INDOMITES/FORMS_SPECTRUM4/pngs/100.png
[notice ] 22:16:13 : /Users/santiagovilanova/Desktop/INDOMITES/FORMS_SPECTRUM4/pngs/101.png
[notice ] 22:32:25 : /Users/santiagovilanova/Desktop/INDOMITES/FORMS_SPECTRUM4/pngs/103.png
[notice ] 23:04:33 : /Users/santiagovilanova/Desktop/INDOMITES/FORMS_SPECTRUM4/pngs/104.png
