

--------------------------------------- 2022-06-02-00-22-49-973
[ error ] ofAppGLFWWindow: 65544: Cocoa: Failed to find service port for display
[notice ] 00:23:38 : Portada 2
[notice ] 00:23:56 : 
[notice ] 00:23:58 : /Users/santiagovilanova/Desktop/INDOMITES/FORMS_SPECTRUM4/pngs/1.png
[notice ] 00:24:01 : /Users/santiagovilanova/Desktop/INDOMITES/FORMS_SPECTRUM4/pngs/2.png
[notice ] 00:24:03 : /Users/santiagovilanova/Desktop/INDOMITES/FORMS_SPECTRUM4/pngs/3.png
[notice ] 00:24:05 : /Users/santiagovilanova/Desktop/INDOMITES/FORMS_SPECTRUM4/pngs/4.png
[notice ] 00:24:07 : /Users/santiagovilanova/Desktop/INDOMITES/FORMS_SPECTRUM4/pngs/5.png
[notice ] 00:24:09 : /Users/santiagovilanova/Desktop/INDOMITES/FORMS_SPECTRUM4/pngs/6.png
[notice ] 00:24:11 : /Users/santiagovilanova/Desktop/INDOMITES/FORMS_SPECTRUM4/pngs/7.png
[notice ] 00:24:13 : /Users/santiagovilanova/Desktop/INDOMITES/FORMS_SPECTRUM4/pngs/8.png
[notice ] 00:24:16 : /Users/santiagovilanova/Desktop/INDOMITES/FORMS_SPECTRUM4/pngs/8.png
[notice ] 00:24:18 : /Users/santiagovilanova/Desktop/INDOMITES/FORMS_SPECTRUM4/pngs/9.png
[notice ] 00:24:20 : /Users/santiagovilanova/Desktop/INDOMITES/FORMS_SPECTRUM4/pngs/9.png
[notice ] 00:24:22 : /Users/santiagovilanova/Desktop/INDOMITES/FORMS_SPECTRUM4/pngs/10.png
[notice ] 00:24:24 : /Users/santiagovilanova/Desktop/INDOMITES/FORMS_SPECTRUM4/pngs/10.png
[notice ] 00:24:26 : /Users/santiagovilanova/Desktop/INDOMITES/FORMS_SPECTRUM4/pngs/11.png
[notice ] 00:24:28 : /Users/santiagovilanova/Desktop/INDOMITES/FORMS_SPECTRUM4/pngs/11.png
[notice ] 00:24:31 : /Users/santiagovilanova/Desktop/INDOMITES/FORMS_SPECTRUM4/pngs/11.png
[notice ] 00:24:33 : /Users/santiagovilanova/Desktop/INDOMITES/FORMS_SPECTRUM4/pngs/12.png
[notice ] 00:24:35 : /Users/santiagovilanova/Desktop/INDOMITES/FORMS_SPECTRUM4/pngs/13.png
[notice ] 00:24:37 : /Users/santiagovilanova/Desktop/INDOMITES/FORMS_SPECTRUM4/pngs/13.png
[notice ] 00:24:39 : /Users/santiagovilanova/Desktop/INDOMITES/FORMS_SPECTRUM4/pngs/14.png
[notice ] 00:24:41 : /Users/santiagovilanova/Desktop/INDOMITES/FORMS_SPECTRUM4/pngs/14.png
[notice ] 00:24:43 : /Users/santiagovilanova/Desktop/INDOMITES/FORMS_SPECTRUM4/pngs/15.png
[notice ] 00:24:46 : /Users/santiagovilanova/Desktop/INDOMITES/FORMS_SPECTRUM4/pngs/15.png
[notice ] 00:24:48 : /Users/santiagovilanova/Desktop/INDOMITES/FORMS_SPECTRUM4/pngs/16.png
[notice ] 00:24:50 : /Users/santiagovilanova/Desktop/INDOMITES/FORMS_SPECTRUM4/pngs/16.png
[notice ] 00:24:52 : /Users/santiagovilanova/Desktop/INDOMITES/FORMS_SPECTRUM4/pngs/16.png
[notice ] 00:24:54 : /Users/santiagovilanova/Desktop/INDOMITES/FORMS_SPECTRUM4/pngs/17.png
[notice ] 00:24:56 : /Users/santiagovilanova/Desktop/INDOMITES/FORMS_SPECTRUM4/pngs/18.png
[notice ] 00:24:58 : /Users/santiagovilanova/Desktop/INDOMITES/FORMS_SPECTRUM4/pngs/19.png
[notice ] 00:25:01 : /Users/santiagovilanova/Desktop/INDOMITES/FORMS_SPECTRUM4/pngs/20.png
[notice ] 00:25:03 : /Users/santiagovilanova/Desktop/INDOMITES/FORMS_SPECTRUM4/pngs/20.png
[notice ] 00:25:05 : /Users/santiagovilanova/Desktop/INDOMITES/FORMS_SPECTRUM4/pngs/21.png
[notice ] 00:25:07 : /Users/santiagovilanova/Desktop/INDOMITES/FORMS_SPECTRUM4/pngs/21.png
[notice ] 00:25:09 : /Users/santiagovilanova/Desktop/INDOMITES/FORMS_SPECTRUM4/pngs/22.png
[notice ] 00:25:11 : /Users/santiagovilanova/Desktop/INDOMITES/FORMS_SPECTRUM4/pngs/22.png
[notice ] 00:25:13 : /Users/santiagovilanova/Desktop/INDOMITES/FORMS_SPECTRUM4/pngs/23.png
[notice ] 00:25:16 : /Users/santiagovilanova/Desktop/INDOMITES/FORMS_SPECTRUM4/pngs/24.png
[notice ] 00:25:18 : /Users/santiagovilanova/Desktop/INDOMITES/FORMS_SPECTRUM4/pngs/24.png
[notice ] 00:25:20 : /Users/santiagovilanova/Desktop/INDOMITES/FORMS_SPECTRUM4/pngs/25.png
[notice ] 00:25:22 : /Users/santiagovilanova/Desktop/INDOMITES/FORMS_SPECTRUM4/pngs/25.png
[notice ] 00:25:24 : /Users/santiagovilanova/Desktop/INDOMITES/FORMS_SPECTRUM4/pngs/26.png
[notice ] 00:25:26 : /Users/santiagovilanova/Desktop/INDOMITES/FORMS_SPECTRUM4/pngs/26.png
[notice ] 00:25:28 : /Users/santiagovilanova/Desktop/INDOMITES/FORMS_SPECTRUM4/pngs/27.png
[notice ] 00:25:31 : /Users/santiagovilanova/Desktop/INDOMITES/FORMS_SPECTRUM4/pngs/27.png
[notice ] 00:25:33 : /Users/santiagovilanova/Desktop/INDOMITES/FORMS_SPECTRUM4/pngs/28.png
[notice ] 00:25:35 : /Users/santiagovilanova/Desktop/INDOMITES/FORMS_SPECTRUM4/pngs/29.png
[notice ] 00:25:37 : /Users/santiagovilanova/Desktop/INDOMITES/FORMS_SPECTRUM4/pngs/30.png
[notice ] 00:25:39 : /Users/santiagovilanova/Desktop/INDOMITES/FORMS_SPECTRUM4/pngs/31.png
[notice ] 00:25:41 : /Users/santiagovilanova/Desktop/INDOMITES/FORMS_SPECTRUM4/pngs/31.png
[notice ] 00:25:43 : /Users/santiagovilanova/Desktop/INDOMITES/FORMS_SPECTRUM4/pngs/32.png
[notice ] 00:25:46 : /Users/santiagovilanova/Desktop/INDOMITES/FORMS_SPECTRUM4/pngs/33.png
[notice ] 00:25:48 : /Users/santiagovilanova/Desktop/INDOMITES/FORMS_SPECTRUM4/pngs/33.png
[notice ] 00:25:50 : /Users/santiagovilanova/Desktop/INDOMITES/FORMS_SPECTRUM4/pngs/34.png
[notice ] 00:25:52 : /Users/santiagovilanova/Desktop/INDOMITES/FORMS_SPECTRUM4/pngs/35.png
[notice ] 00:25:54 : /Users/santiagovilanova/Desktop/INDOMITES/FORMS_SPECTRUM4/pngs/36.png
[notice ] 00:25:56 : /Users/santiagovilanova/Desktop/INDOMITES/FORMS_SPECTRUM4/pngs/36.png
[notice ] 00:25:58 : /Users/santiagovilanova/Desktop/INDOMITES/FORMS_SPECTRUM4/pngs/37.png
[notice ] 00:26:01 : /Users/santiagovilanova/Desktop/INDOMITES/FORMS_SPECTRUM4/pngs/37.png
[notice ] 00:26:03 : /Users/santiagovilanova/Desktop/INDOMITES/FORMS_SPECTRUM4/pngs/38.png
[notice ] 00:26:05 : /Users/santiagovilanova/Desktop/INDOMITES/FORMS_SPECTRUM4/pngs/39.png
[notice ] 00:26:07 : /Users/santiagovilanova/Desktop/INDOMITES/FORMS_SPECTRUM4/pngs/39.png
[notice ] 00:26:09 : /Users/santiagovilanova/Desktop/INDOMITES/FORMS_SPECTRUM4/pngs/39.png
[notice ] 00:26:11 : /Users/santiagovilanova/Desktop/INDOMITES/FORMS_SPECTRUM4/pngs/40.png
[notice ] 00:26:13 : /Users/santiagovilanova/Desktop/INDOMITES/FORMS_SPECTRUM4/pngs/41.png
[notice ] 00:26:16 : /Users/santiagovilanova/Desktop/INDOMITES/FORMS_SPECTRUM4/pngs/41.png
[notice ] 00:26:18 : /Users/santiagovilanova/Desktop/INDOMITES/FORMS_SPECTRUM4/pngs/42.png
[notice ] 00:26:22 : /Users/santiagovilanova/Desktop/INDOMITES/FORMS_SPECTRUM4/pngs/42.png
[notice ] 00:26:30 : /Users/santiagovilanova/Desktop/INDOMITES/FORMS_SPECTRUM4/pngs/42.png
[notice ] 00:26:39 : /Users/santiagovilanova/Desktop/INDOMITES/FORMS_SPECTRUM4/pngs/44.png
[notice ] 00:26:48 : /Users/santiagovilanova/Desktop/INDOMITES/FORMS_SPECTRUM4/pngs/45.png
[notice ] 00:26:56 : /Users/santiagovilanova/Desktop/INDOMITES/FORMS_SPECTRUM4/pngs/46.png
[notice ] 00:27:05 : /Users/santiagovilanova/Desktop/INDOMITES/FORMS_SPECTRUM4/pngs/47.png
[notice ] 00:27:13 : /Users/santiagovilanova/Desktop/INDOMITES/FORMS_SPECTRUM4/pngs/48.png
[notice ] 00:27:22 : /Users/santiagovilanova/Desktop/INDOMITES/FORMS_SPECTRUM4/pngs/49.png
[notice ] 00:27:30 : /Users/santiagovilanova/Desktop/INDOMITES/FORMS_SPECTRUM4/pngs/50.png
[notice ] 00:27:39 : /Users/santiagovilanova/Desktop/INDOMITES/FORMS_SPECTRUM4/pngs/51.png
[notice ] 00:27:48 : /Users/santiagovilanova/Desktop/INDOMITES/FORMS_SPECTRUM4/pngs/52.png
[notice ] 00:27:56 : /Users/santiagovilanova/Desktop/INDOMITES/FORMS_SPECTRUM4/pngs/53.png
[notice ] 00:28:05 : /Users/santiagovilanova/Desktop/INDOMITES/FORMS_SPECTRUM4/pngs/54.png
[notice ] 00:28:13 : /Users/santiagovilanova/Desktop/INDOMITES/FORMS_SPECTRUM4/pngs/55.png
[notice ] 00:28:22 : /Users/santiagovilanova/Desktop/INDOMITES/FORMS_SPECTRUM4/pngs/56.png
[notice ] 00:28:30 : /Users/santiagovilanova/Desktop/INDOMITES/FORMS_SPECTRUM4/pngs/57.png
[notice ] 00:28:39 : /Users/santiagovilanova/Desktop/INDOMITES/FORMS_SPECTRUM4/pngs/58.png
[notice ] 00:28:48 : /Users/santiagovilanova/Desktop/INDOMITES/FORMS_SPECTRUM4/pngs/59.png
[notice ] 00:28:56 : /Users/santiagovilanova/Desktop/INDOMITES/FORMS_SPECTRUM4/pngs/60.png
[notice ] 00:29:05 : /Users/santiagovilanova/Desktop/INDOMITES/FORMS_SPECTRUM4/pngs/61.png
[notice ] 00:29:13 : /Users/santiagovilanova/Desktop/INDOMITES/FORMS_SPECTRUM4/pngs/62.png
[notice ] 00:29:22 : /Users/santiagovilanova/Desktop/INDOMITES/FORMS_SPECTRUM4/pngs/63.png
[notice ] 00:29:30 : /Users/santiagovilanova/Desktop/INDOMITES/FORMS_SPECTRUM4/pngs/64.png
[notice ] 00:29:39 : /Users/santiagovilanova/Desktop/INDOMITES/FORMS_SPECTRUM4/pngs/65.png
[notice ] 00:29:48 : /Users/santiagovilanova/Desktop/INDOMITES/FORMS_SPECTRUM4/pngs/66.png
[notice ] 00:29:56 : /Users/santiagovilanova/Desktop/INDOMITES/FORMS_SPECTRUM4/pngs/67.png
[ error ] ofAppGLFWWindow: 65544: Cocoa: Failed to find service port for display
[notice ] 00:30:05 : /Users/santiagovilanova/Desktop/INDOMITES/FORMS_SPECTRUM4/pngs/68.png
[notice ] 00:30:13 : /Users/santiagovilanova/Desktop/INDOMITES/FORMS_SPECTRUM4/pngs/69.png
[notice ] 00:30:22 : /Users/santiagovilanova/Desktop/INDOMITES/FORMS_SPECTRUM4/pngs/70.png
[notice ] 00:30:30 : /Users/santiagovilanova/Desktop/INDOMITES/FORMS_SPECTRUM4/pngs/71.png
[ error ] ofAppGLFWWindow: 65544: Cocoa: Failed to find service port for display
[ error ] ofAppGLFWWindow: 65544: Cocoa: Failed to find service port for display
[notice ] 00:30:39 : /Users/santiagovilanova/Desktop/INDOMITES/FORMS_SPECTRUM4/pngs/72.png
[notice ] 00:30:48 : /Users/santiagovilanova/Desktop/INDOMITES/FORMS_SPECTRUM4/pngs/73.png
[notice ] 00:30:56 : /Users/santiagovilanova/Desktop/INDOMITES/FORMS_SPECTRUM4/pngs/74.png
[notice ] 00:31:05 : /Users/santiagovilanova/Desktop/INDOMITES/FORMS_SPECTRUM4/pngs/75.png
[ error ] ofAppGLFWWindow: 65544: Cocoa: Failed to find service port for display
[notice ] 00:31:13 : /Users/santiagovilanova/Desktop/INDOMITES/FORMS_SPECTRUM4/pngs/76.png
[ error ] ofAppGLFWWindow: 65544: Cocoa: Failed to find service port for display
[notice ] 00:31:22 : /Users/santiagovilanova/Desktop/INDOMITES/FORMS_SPECTRUM4/pngs/77.png
[notice ] 00:31:28 : /Users/santiagovilanova/Desktop/INDOMITES/FORMS_SPECTRUM4/pngs/78.png
[notice ] 00:31:30 : /Users/santiagovilanova/Desktop/INDOMITES/FORMS_SPECTRUM4/pngs/79.png
[ error ] ofAppGLFWWindow: 65544: Cocoa: Failed to find service port for display
[notice ] 00:31:33 : /Users/santiagovilanova/Desktop/INDOMITES/FORMS_SPECTRUM4/pngs/79.png
[notice ] 00:31:35 : /Users/santiagovilanova/Desktop/INDOMITES/FORMS_SPECTRUM4/pngs/80.png
[ error ] ofAppGLFWWindow: 65544: Cocoa: Failed to find service port for display
[notice ] 00:31:37 : /Users/santiagovilanova/Desktop/INDOMITES/FORMS_SPECTRUM4/pngs/80.png
[notice ] 00:31:39 : /Users/santiagovilanova/Desktop/INDOMITES/FORMS_SPECTRUM4/pngs/81.png
[notice ] 00:31:41 : /Users/santiagovilanova/Desktop/INDOMITES/FORMS_SPECTRUM4/pngs/82.png
[notice ] 00:31:43 : /Users/santiagovilanova/Desktop/INDOMITES/FORMS_SPECTRUM4/pngs/83.png
[ error ] ofAppGLFWWindow: 65544: Cocoa: Failed to find service port for display
[notice ] 00:31:45 : /Users/santiagovilanova/Desktop/INDOMITES/FORMS_SPECTRUM4/pngs/84.png
[notice ] 00:31:48 : /Users/santiagovilanova/Desktop/INDOMITES/FORMS_SPECTRUM4/pngs/84.png
[notice ] 00:31:50 : /Users/santiagovilanova/Desktop/INDOMITES/FORMS_SPECTRUM4/pngs/85.png
[notice ] 00:31:52 : /Users/santiagovilanova/Desktop/INDOMITES/FORMS_SPECTRUM4/pngs/86.png
[ error ] ofAppGLFWWindow: 65544: Cocoa: Failed to find service port for display
[ error ] ofAppGLFWWindow: 65544: Cocoa: Failed to find service port for display
[notice ] 00:31:56 : /Users/santiagovilanova/Desktop/INDOMITES/FORMS_SPECTRUM4/pngs/86.png
[ error ] ofAppGLFWWindow: 65544: Cocoa: Failed to find service port for display
[notice ] 00:32:05 : /Users/santiagovilanova/Desktop/INDOMITES/FORMS_SPECTRUM4/pngs/87.png
[notice ] 00:32:13 : /Users/santiagovilanova/Desktop/INDOMITES/FORMS_SPECTRUM4/pngs/89.png
[notice ] 00:32:22 : /Users/santiagovilanova/Desktop/INDOMITES/FORMS_SPECTRUM4/pngs/90.png
[notice ] 00:32:30 : /Users/santiagovilanova/Desktop/INDOMITES/FORMS_SPECTRUM4/pngs/91.png
[ error ] ofAppGLFWWindow: 65544: Cocoa: Failed to find service port for display
[notice ] 00:32:39 : /Users/santiagovilanova/Desktop/INDOMITES/FORMS_SPECTRUM4/pngs/92.png
[notice ] 00:32:48 : /Users/santiagovilanova/Desktop/INDOMITES/FORMS_SPECTRUM4/pngs/93.png
[notice ] 00:32:56 : /Users/santiagovilanova/Desktop/INDOMITES/FORMS_SPECTRUM4/pngs/94.png
[notice ] 00:33:05 : /Users/santiagovilanova/Desktop/INDOMITES/FORMS_SPECTRUM4/pngs/95.png
[notice ] 00:33:13 : /Users/santiagovilanova/Desktop/INDOMITES/FORMS_SPECTRUM4/pngs/96.png
[notice ] 00:33:22 : /Users/santiagovilanova/Desktop/INDOMITES/FORMS_SPECTRUM4/pngs/96.png
[notice ] 00:33:30 : /Users/santiagovilanova/Desktop/INDOMITES/FORMS_SPECTRUM4/pngs/98.png
[notice ] 00:33:39 : /Users/santiagovilanova/Desktop/INDOMITES/FORMS_SPECTRUM4/pngs/98.png
[ error ] ofAppGLFWWindow: 65544: Cocoa: Failed to find service port for display
[notice ] 00:33:48 : /Users/santiagovilanova/Desktop/INDOMITES/FORMS_SPECTRUM4/pngs/100.png
[notice ] 00:33:56 : /Users/santiagovilanova/Desktop/INDOMITES/FORMS_SPECTRUM4/pngs/101.png
[notice ] 00:34:05 : /Users/santiagovilanova/Desktop/INDOMITES/FORMS_SPECTRUM4/pngs/102.png
[notice ] 00:34:13 : /Users/santiagovilanova/Desktop/INDOMITES/FORMS_SPECTRUM4/pngs/103.png
[notice ] 00:34:22 : /Users/santiagovilanova/Desktop/INDOMITES/FORMS_SPECTRUM4/pngs/104.png
[notice ] 00:34:30 : /Users/santiagovilanova/Desktop/INDOMITES/FORMS_SPECTRUM4/pngs/105.png
[notice ] 00:34:39 : /Users/santiagovilanova/Desktop/INDOMITES/FORMS_SPECTRUM4/pngs/106.png
[notice ] 00:34:48 : /Users/santiagovilanova/Desktop/INDOMITES/FORMS_SPECTRUM4/pngs/107.png
[notice ] 00:34:56 : /Users/santiagovilanova/Desktop/INDOMITES/FORMS_SPECTRUM4/pngs/108.png
[notice ] 00:35:05 : /Users/santiagovilanova/Desktop/INDOMITES/FORMS_SPECTRUM4/pngs/108.png
[ error ] ofAppGLFWWindow: 65544: Cocoa: Failed to find service port for display
[notice ] 00:35:13 : /Users/santiagovilanova/Desktop/INDOMITES/FORMS_SPECTRUM4/pngs/110.png
[notice ] 00:35:22 : /Users/santiagovilanova/Desktop/INDOMITES/FORMS_SPECTRUM4/pngs/111.png
[notice ] 00:35:30 : /Users/santiagovilanova/Desktop/INDOMITES/FORMS_SPECTRUM4/pngs/112.png
[notice ] 00:35:39 : /Users/santiagovilanova/Desktop/INDOMITES/FORMS_SPECTRUM4/pngs/112.png
[notice ] 00:35:48 : /Users/santiagovilanova/Desktop/INDOMITES/FORMS_SPECTRUM4/pngs/114.png
[notice ] 00:35:54 : /Users/santiagovilanova/Desktop/INDOMITES/FORMS_SPECTRUM4/pngs/115.png
[notice ] 00:35:56 : /Users/santiagovilanova/Desktop/INDOMITES/FORMS_SPECTRUM4/pngs/116.png
[notice ] 00:35:58 : /Users/santiagovilanova/Desktop/INDOMITES/FORMS_SPECTRUM4/pngs/116.png
[notice ] 00:36:00 : /Users/santiagovilanova/Desktop/INDOMITES/FORMS_SPECTRUM4/pngs/117.png
[notice ] 00:36:03 : /Users/santiagovilanova/Desktop/INDOMITES/FORMS_SPECTRUM4/pngs/118.png
[notice ] 00:36:05 : /Users/santiagovilanova/Desktop/INDOMITES/FORMS_SPECTRUM4/pngs/119.png
[notice ] 00:36:07 : /Users/santiagovilanova/Desktop/INDOMITES/FORMS_SPECTRUM4/pngs/120.png
[notice ] 00:36:09 : /Users/santiagovilanova/Desktop/INDOMITES/FORMS_SPECTRUM4/pngs/121.png
[notice ] 00:36:11 : /Users/santiagovilanova/Desktop/INDOMITES/FORMS_SPECTRUM4/pngs/122.png
[notice ] 00:36:13 : /Users/santiagovilanova/Desktop/INDOMITES/FORMS_SPECTRUM4/pngs/123.png
[notice ] 00:36:15 : /Users/santiagovilanova/Desktop/INDOMITES/FORMS_SPECTRUM4/pngs/124.png
[notice ] 00:36:18 : /Users/santiagovilanova/Desktop/INDOMITES/FORMS_SPECTRUM4/pngs/125.png
[notice ] 00:36:20 : /Users/santiagovilanova/Desktop/INDOMITES/FORMS_SPECTRUM4/pngs/126.png
[notice ] 00:36:22 : /Users/santiagovilanova/Desktop/INDOMITES/FORMS_SPECTRUM4/pngs/127.png
[notice ] 00:36:24 : /Users/santiagovilanova/Desktop/INDOMITES/FORMS_SPECTRUM4/pngs/128.png
[notice ] 00:36:26 : /Users/santiagovilanova/Desktop/INDOMITES/FORMS_SPECTRUM4/pngs/129.png
[notice ] 00:36:28 : /Users/santiagovilanova/Desktop/INDOMITES/FORMS_SPECTRUM4/pngs/130.png
[notice ] 00:36:30 : /Users/santiagovilanova/Desktop/INDOMITES/FORMS_SPECTRUM4/pngs/131.png
[notice ] 00:36:33 : /Users/santiagovilanova/Desktop/INDOMITES/FORMS_SPECTRUM4/pngs/131.png
[notice ] 00:36:35 : /Users/santiagovilanova/Desktop/INDOMITES/FORMS_SPECTRUM4/pngs/132.png
[notice ] 00:36:37 : /Users/santiagovilanova/Desktop/INDOMITES/FORMS_SPECTRUM4/pngs/133.png
[notice ] 00:36:39 : /Users/santiagovilanova/Desktop/INDOMITES/FORMS_SPECTRUM4/pngs/134.png
[notice ] 00:36:41 : /Users/santiagovilanova/Desktop/INDOMITES/FORMS_SPECTRUM4/pngs/135.png
[notice ] 00:36:43 : /Users/santiagovilanova/Desktop/INDOMITES/FORMS_SPECTRUM4/pngs/135.png
[notice ] 00:36:45 : /Users/santiagovilanova/Desktop/INDOMITES/FORMS_SPECTRUM4/pngs/136.png
[notice ] 00:36:48 : /Users/santiagovilanova/Desktop/INDOMITES/FORMS_SPECTRUM4/pngs/137.png
[notice ] 00:36:50 : /Users/santiagovilanova/Desktop/INDOMITES/FORMS_SPECTRUM4/pngs/138.png
[notice ] 00:36:52 : /Users/santiagovilanova/Desktop/INDOMITES/FORMS_SPECTRUM4/pngs/139.png
[notice ] 00:36:54 : /Users/santiagovilanova/Desktop/INDOMITES/FORMS_SPECTRUM4/pngs/139.png
[notice ] 00:36:56 : /Users/santiagovilanova/Desktop/INDOMITES/FORMS_SPECTRUM4/pngs/140.png
[notice ] 00:36:58 : /Users/santiagovilanova/Desktop/INDOMITES/FORMS_SPECTRUM4/pngs/141.png
[notice ] 00:37:00 : /Users/santiagovilanova/Desktop/INDOMITES/FORMS_SPECTRUM4/pngs/142.png
[notice ] 00:37:03 : /Users/santiagovilanova/Desktop/INDOMITES/FORMS_SPECTRUM4/pngs/142.png
[notice ] 00:37:05 : /Users/santiagovilanova/Desktop/INDOMITES/FORMS_SPECTRUM4/pngs/143.png
[notice ] 00:37:07 : /Users/santiagovilanova/Desktop/INDOMITES/FORMS_SPECTRUM4/pngs/144.png
[notice ] 00:37:09 : /Users/santiagovilanova/Desktop/INDOMITES/FORMS_SPECTRUM4/pngs/145.png
[notice ] 00:37:11 : /Users/santiagovilanova/Desktop/INDOMITES/FORMS_SPECTRUM4/pngs/146.png
[notice ] 00:37:13 : /Users/santiagovilanova/Desktop/INDOMITES/FORMS_SPECTRUM4/pngs/147.png
[notice ] 00:37:15 : /Users/santiagovilanova/Desktop/INDOMITES/FORMS_SPECTRUM4/pngs/148.png
[notice ] 00:37:18 : /Users/santiagovilanova/Desktop/INDOMITES/FORMS_SPECTRUM4/pngs/149.png
[notice ] 00:37:20 : /Users/santiagovilanova/Desktop/INDOMITES/FORMS_SPECTRUM4/pngs/150.png
[notice ] 00:37:22 : /Users/santiagovilanova/Desktop/INDOMITES/FORMS_SPECTRUM4/pngs/151.png
[notice ] 00:37:24 : /Users/santiagovilanova/Desktop/INDOMITES/FORMS_SPECTRUM4/pngs/152.png
[notice ] 00:37:26 : /Users/santiagovilanova/Desktop/INDOMITES/FORMS_SPECTRUM4/pngs/153.png
[notice ] 00:37:28 : /Users/santiagovilanova/Desktop/INDOMITES/FORMS_SPECTRUM4/pngs/154.png
[notice ] 00:37:30 : /Users/santiagovilanova/Desktop/INDOMITES/FORMS_SPECTRUM4/pngs/154.png
[notice ] 00:37:33 : /Users/santiagovilanova/Desktop/INDOMITES/FORMS_SPECTRUM4/pngs/155.png
[notice ] 00:37:35 : /Users/santiagovilanova/Desktop/INDOMITES/FORMS_SPECTRUM4/pngs/156.png
[notice ] 00:37:37 : /Users/santiagovilanova/Desktop/INDOMITES/FORMS_SPECTRUM4/pngs/157.png
[notice ] 00:37:39 : /Users/santiagovilanova/Desktop/INDOMITES/FORMS_SPECTRUM4/pngs/158.png
[notice ] 00:37:41 : /Users/santiagovilanova/Desktop/INDOMITES/FORMS_SPECTRUM4/pngs/158.png
[notice ] 00:37:43 : /Users/santiagovilanova/Desktop/INDOMITES/FORMS_SPECTRUM4/pngs/159.png
[notice ] 00:37:45 : /Users/santiagovilanova/Desktop/INDOMITES/FORMS_SPECTRUM4/pngs/160.png
[notice ] 00:37:48 : /Users/santiagovilanova/Desktop/INDOMITES/FORMS_SPECTRUM4/pngs/161.png
[notice ] 00:37:50 : /Users/santiagovilanova/Desktop/INDOMITES/FORMS_SPECTRUM4/pngs/162.png
[notice ] 00:37:52 : /Users/santiagovilanova/Desktop/INDOMITES/FORMS_SPECTRUM4/pngs/163.png
[notice ] 00:37:54 : /Users/santiagovilanova/Desktop/INDOMITES/FORMS_SPECTRUM4/pngs/164.png
[notice ] 00:37:56 : /Users/santiagovilanova/Desktop/INDOMITES/FORMS_SPECTRUM4/pngs/165.png
[notice ] 00:37:58 : /Users/santiagovilanova/Desktop/INDOMITES/FORMS_SPECTRUM4/pngs/166.png
[notice ] 00:38:00 : /Users/santiagovilanova/Desktop/INDOMITES/FORMS_SPECTRUM4/pngs/167.png
[notice ] 00:38:03 : /Users/santiagovilanova/Desktop/INDOMITES/FORMS_SPECTRUM4/pngs/168.png
[notice ] 00:38:05 : /Users/santiagovilanova/Desktop/INDOMITES/FORMS_SPECTRUM4/pngs/169.png
[notice ] 00:38:07 : /Users/santiagovilanova/Desktop/INDOMITES/FORMS_SPECTRUM4/pngs/170.png
[notice ] 00:38:11 : /Users/santiagovilanova/Desktop/INDOMITES/FORMS_SPECTRUM4/pngs/170.png
[notice ] 00:38:20 : /Users/santiagovilanova/Desktop/INDOMITES/FORMS_SPECTRUM4/pngs/171.png
[notice ] 00:38:28 : /Users/santiagovilanova/Desktop/INDOMITES/FORMS_SPECTRUM4/pngs/172.png
[notice ] 00:38:37 : /Users/santiagovilanova/Desktop/INDOMITES/FORMS_SPECTRUM4/pngs/173.png
[notice ] 00:38:45 : /Users/santiagovilanova/Desktop/INDOMITES/FORMS_SPECTRUM4/pngs/174.png
[notice ] 00:38:54 : /Users/santiagovilanova/Desktop/INDOMITES/FORMS_SPECTRUM4/pngs/175.png
[notice ] 00:39:03 : /Users/santiagovilanova/Desktop/INDOMITES/FORMS_SPECTRUM4/pngs/176.png
[notice ] 00:39:11 : /Users/santiagovilanova/Desktop/INDOMITES/FORMS_SPECTRUM4/pngs/177.png
[notice ] 00:39:20 : /Users/santiagovilanova/Desktop/INDOMITES/FORMS_SPECTRUM4/pngs/177.png
[notice ] 00:39:28 : /Users/santiagovilanova/Desktop/INDOMITES/FORMS_SPECTRUM4/pngs/179.png
[notice ] 00:39:37 : /Users/santiagovilanova/Desktop/INDOMITES/FORMS_SPECTRUM4/pngs/180.png
[notice ] 00:39:45 : /Users/santiagovilanova/Desktop/INDOMITES/FORMS_SPECTRUM4/pngs/180.png
[notice ] 00:39:54 : /Users/santiagovilanova/Desktop/INDOMITES/FORMS_SPECTRUM4/pngs/182.png
[notice ] 00:40:03 : /Users/santiagovilanova/Desktop/INDOMITES/FORMS_SPECTRUM4/pngs/183.png
[notice ] 00:40:11 : /Users/santiagovilanova/Desktop/INDOMITES/FORMS_SPECTRUM4/pngs/184.png
[notice ] 00:40:20 : /Users/santiagovilanova/Desktop/INDOMITES/FORMS_SPECTRUM4/pngs/185.png
[notice ] 00:40:28 : /Users/santiagovilanova/Desktop/INDOMITES/FORMS_SPECTRUM4/pngs/186.png
[notice ] 00:40:37 : /Users/santiagovilanova/Desktop/INDOMITES/FORMS_SPECTRUM4/pngs/186.png
[notice ] 00:40:45 : /Users/santiagovilanova/Desktop/INDOMITES/FORMS_SPECTRUM4/pngs/188.png
[notice ] 00:40:54 : /Users/santiagovilanova/Desktop/INDOMITES/FORMS_SPECTRUM4/pngs/189.png
[notice ] 00:41:03 : /Users/santiagovilanova/Desktop/INDOMITES/FORMS_SPECTRUM4/pngs/190.png
[notice ] 00:41:11 : /Users/santiagovilanova/Desktop/INDOMITES/FORMS_SPECTRUM4/pngs/191.png
[notice ] 00:41:20 : /Users/santiagovilanova/Desktop/INDOMITES/FORMS_SPECTRUM4/pngs/191.png
[notice ] 00:41:28 : /Users/santiagovilanova/Desktop/INDOMITES/FORMS_SPECTRUM4/pngs/193.png
[notice ] 00:41:37 : /Users/santiagovilanova/Desktop/INDOMITES/FORMS_SPECTRUM4/pngs/193.png
[notice ] 00:41:45 : /Users/santiagovilanova/Desktop/INDOMITES/FORMS_SPECTRUM4/pngs/195.png
[notice ] 00:41:54 : /Users/santiagovilanova/Desktop/INDOMITES/FORMS_SPECTRUM4/pngs/196.png
[notice ] 00:42:03 : /Users/santiagovilanova/Desktop/INDOMITES/FORMS_SPECTRUM4/pngs/197.png
[notice ] 00:42:11 : /Users/santiagovilanova/Desktop/INDOMITES/FORMS_SPECTRUM4/pngs/198.png
[notice ] 00:42:20 : /Users/santiagovilanova/Desktop/INDOMITES/FORMS_SPECTRUM4/pngs/199.png
[notice ] 00:42:51 : /Users/santiagovilanova/Desktop/INDOMITES/FORMS_SPECTRUM4/pngs/200.png
[notice ] 01:04:27 : /Users/santiagovilanova/Desktop/INDOMITES/FORMS_SPECTRUM4/pngs/201.png
[notice ] 01:04:36 : /Users/santiagovilanova/Desktop/INDOMITES/FORMS_SPECTRUM4/pngs/202.png
[notice ] 01:04:44 : /Users/santiagovilanova/Desktop/INDOMITES/FORMS_SPECTRUM4/pngs/202.png
[notice ] 01:04:53 : /Users/santiagovilanova/Desktop/INDOMITES/FORMS_SPECTRUM4/pngs/203.png
[notice ] 01:05:02 : /Users/santiagovilanova/Desktop/INDOMITES/FORMS_SPECTRUM4/pngs/205.png
[notice ] 01:05:10 : /Users/santiagovilanova/Desktop/INDOMITES/FORMS_SPECTRUM4/pngs/205.png
[notice ] 01:05:19 : /Users/santiagovilanova/Desktop/INDOMITES/FORMS_SPECTRUM4/pngs/207.png
[notice ] 01:05:27 : /Users/santiagovilanova/Desktop/INDOMITES/FORMS_SPECTRUM4/pngs/208.png
[notice ] 01:05:36 : /Users/santiagovilanova/Desktop/INDOMITES/FORMS_SPECTRUM4/pngs/208.png
[notice ] 01:05:44 : /Users/santiagovilanova/Desktop/INDOMITES/FORMS_SPECTRUM4/pngs/210.png
[notice ] 01:05:53 : /Users/santiagovilanova/Desktop/INDOMITES/FORMS_SPECTRUM4/pngs/211.png
[notice ] 01:06:02 : /Users/santiagovilanova/Desktop/INDOMITES/FORMS_SPECTRUM4/pngs/212.png
[notice ] 01:06:10 : /Users/santiagovilanova/Desktop/INDOMITES/FORMS_SPECTRUM4/pngs/213.png
[notice ] 01:06:19 : /Users/santiagovilanova/Desktop/INDOMITES/FORMS_SPECTRUM4/pngs/213.png
[notice ] 01:06:27 : /Users/santiagovilanova/Desktop/INDOMITES/FORMS_SPECTRUM4/pngs/215.png
[notice ] 01:06:36 : /Users/santiagovilanova/Desktop/INDOMITES/FORMS_SPECTRUM4/pngs/216.png
[notice ] 01:06:44 : /Users/santiagovilanova/Desktop/INDOMITES/FORMS_SPECTRUM4/pngs/217.png
[notice ] 01:06:53 : /Users/santiagovilanova/Desktop/INDOMITES/FORMS_SPECTRUM4/pngs/218.png
[notice ] 01:07:02 : /Users/santiagovilanova/Desktop/INDOMITES/FORMS_SPECTRUM4/pngs/219.png
[notice ] 01:07:10 : /Users/santiagovilanova/Desktop/INDOMITES/FORMS_SPECTRUM4/pngs/220.png
[notice ] 01:07:19 : /Users/santiagovilanova/Desktop/INDOMITES/FORMS_SPECTRUM4/pngs/221.png
[notice ] 01:07:27 : /Users/santiagovilanova/Desktop/INDOMITES/FORMS_SPECTRUM4/pngs/222.png
[notice ] 01:07:36 : /Users/santiagovilanova/Desktop/INDOMITES/FORMS_SPECTRUM4/pngs/223.png
[notice ] 01:07:44 : /Users/santiagovilanova/Desktop/INDOMITES/FORMS_SPECTRUM4/pngs/224.png
[notice ] 01:07:53 : /Users/santiagovilanova/Desktop/INDOMITES/FORMS_SPECTRUM4/pngs/225.png
[notice ] 01:08:02 : /Users/santiagovilanova/Desktop/INDOMITES/FORMS_SPECTRUM4/pngs/226.png
[notice ] 01:08:10 : /Users/santiagovilanova/Desktop/INDOMITES/FORMS_SPECTRUM4/pngs/227.png
[notice ] 01:08:19 : /Users/santiagovilanova/Desktop/INDOMITES/FORMS_SPECTRUM4/pngs/228.png
[notice ] 01:08:27 : /Users/santiagovilanova/Desktop/INDOMITES/FORMS_SPECTRUM4/pngs/229.png
[notice ] 01:08:36 : /Users/santiagovilanova/Desktop/INDOMITES/FORMS_SPECTRUM4/pngs/230.png
[notice ] 01:08:44 : /Users/santiagovilanova/Desktop/INDOMITES/FORMS_SPECTRUM4/pngs/231.png
[notice ] 01:08:53 : /Users/santiagovilanova/Desktop/INDOMITES/FORMS_SPECTRUM4/pngs/232.png
[notice ] 01:09:02 : /Users/santiagovilanova/Desktop/INDOMITES/FORMS_SPECTRUM4/pngs/233.png
[notice ] 01:09:10 : /Users/santiagovilanova/Desktop/INDOMITES/FORMS_SPECTRUM4/pngs/234.png
[notice ] 01:09:19 : /Users/santiagovilanova/Desktop/INDOMITES/FORMS_SPECTRUM4/pngs/235.png
[notice ] 01:09:27 : /Users/santiagovilanova/Desktop/INDOMITES/FORMS_SPECTRUM4/pngs/236.png
[notice ] 01:09:36 : /Users/santiagovilanova/Desktop/INDOMITES/FORMS_SPECTRUM4/pngs/237.png
[notice ] 01:09:44 : /Users/santiagovilanova/Desktop/INDOMITES/FORMS_SPECTRUM4/pngs/238.png
[notice ] 01:09:53 : /Users/santiagovilanova/Desktop/INDOMITES/FORMS_SPECTRUM4/pngs/238.png
[notice ] 01:10:02 : /Users/santiagovilanova/Desktop/INDOMITES/FORMS_SPECTRUM4/pngs/240.png
[notice ] 01:10:10 : /Users/santiagovilanova/Desktop/INDOMITES/FORMS_SPECTRUM4/pngs/240.png
[notice ] 01:10:19 : /Users/santiagovilanova/Desktop/INDOMITES/FORMS_SPECTRUM4/pngs/242.png
[notice ] 01:10:27 : /Users/santiagovilanova/Desktop/INDOMITES/FORMS_SPECTRUM4/pngs/242.png
[notice ] 01:10:36 : /Users/santiagovilanova/Desktop/INDOMITES/FORMS_SPECTRUM4/pngs/244.png
[notice ] 01:10:44 : /Users/santiagovilanova/Desktop/INDOMITES/FORMS_SPECTRUM4/pngs/245.png
[notice ] 01:10:53 : /Users/santiagovilanova/Desktop/INDOMITES/FORMS_SPECTRUM4/pngs/246.png
[notice ] 01:11:02 : /Users/santiagovilanova/Desktop/INDOMITES/FORMS_SPECTRUM4/pngs/246.png
[notice ] 01:11:10 : /Users/santiagovilanova/Desktop/INDOMITES/FORMS_SPECTRUM4/pngs/248.png
[notice ] 01:11:19 : /Users/santiagovilanova/Desktop/INDOMITES/FORMS_SPECTRUM4/pngs/249.png
[notice ] 01:11:31 : /Users/santiagovilanova/Desktop/INDOMITES/FORMS_SPECTRUM4/pngs/250.png
[notice ] 01:41:38 : /Users/santiagovilanova/Desktop/INDOMITES/FORMS_SPECTRUM4/pngs/251.png
[notice ] 01:41:47 : /Users/santiagovilanova/Desktop/INDOMITES/FORMS_SPECTRUM4/pngs/252.png
[notice ] 01:41:55 : /Users/santiagovilanova/Desktop/INDOMITES/FORMS_SPECTRUM4/pngs/253.png
[notice ] 01:42:04 : /Users/santiagovilanova/Desktop/INDOMITES/FORMS_SPECTRUM4/pngs/254.png
[notice ] 01:42:13 : /Users/santiagovilanova/Desktop/INDOMITES/FORMS_SPECTRUM4/pngs/255.png
[notice ] 01:42:21 : /Users/santiagovilanova/Desktop/INDOMITES/FORMS_SPECTRUM4/pngs/256.png
[notice ] 01:42:30 : /Users/santiagovilanova/Desktop/INDOMITES/FORMS_SPECTRUM4/pngs/257.png
[notice ] 01:42:38 : /Users/santiagovilanova/Desktop/INDOMITES/FORMS_SPECTRUM4/pngs/258.png
[notice ] 01:42:47 : /Users/santiagovilanova/Desktop/INDOMITES/FORMS_SPECTRUM4/pngs/259.png
[notice ] 01:42:55 : /Users/santiagovilanova/Desktop/INDOMITES/FORMS_SPECTRUM4/pngs/260.png
[notice ] 01:43:04 : /Users/santiagovilanova/Desktop/INDOMITES/FORMS_SPECTRUM4/pngs/261.png
[notice ] 01:43:13 : /Users/santiagovilanova/Desktop/INDOMITES/FORMS_SPECTRUM4/pngs/262.png
[notice ] 01:43:21 : /Users/santiagovilanova/Desktop/INDOMITES/FORMS_SPECTRUM4/pngs/263.png
[notice ] 01:43:30 : /Users/santiagovilanova/Desktop/INDOMITES/FORMS_SPECTRUM4/pngs/264.png
[notice ] 01:43:38 : /Users/santiagovilanova/Desktop/INDOMITES/FORMS_SPECTRUM4/pngs/265.png
[notice ] 01:43:47 : /Users/santiagovilanova/Desktop/INDOMITES/FORMS_SPECTRUM4/pngs/266.png
[notice ] 01:43:55 : /Users/santiagovilanova/Desktop/INDOMITES/FORMS_SPECTRUM4/pngs/267.png
[notice ] 01:44:04 : /Users/santiagovilanova/Desktop/INDOMITES/FORMS_SPECTRUM4/pngs/268.png
[notice ] 01:44:13 : /Users/santiagovilanova/Desktop/INDOMITES/FORMS_SPECTRUM4/pngs/269.png


--------------------------------------- 2022-06-02-23-19-16-470
[ error ] ofAppGLFWWindow: 65544: Cocoa: Failed to find service port for display
[notice ] 23:20:40 : Portada 2
[ error ] ofImage: loadImage(): couldn't load image from """"
[ error ] ofxThreadedImageLoader: couldn't load file: ""
[notice ] 23:21:06 : 
[ error ] ofImage: loadImage(): couldn't load image from """"
[ error ] ofxThreadedImageLoader: couldn't load file: ""
[notice ] 23:21:31 : 
[ error ] ofImage: loadImage(): couldn't load image from """"
[ error ] ofxThreadedImageLoader: couldn't load file: ""
[notice ] 23:21:54 : 
[notice ] 23:22:12 : 
[notice ] 23:22:29 : /Users/santiagovilanova/Desktop/INDOMITES/FORMS_SPECTRUM4/pngs/1.png
[notice ] 23:22:43 : /Users/santiagovilanova/Desktop/INDOMITES/FORMS_SPECTRUM4/pngs/3.png
[notice ] 23:22:52 : /Users/santiagovilanova/Desktop/INDOMITES/FORMS_SPECTRUM4/pngs/4.png
[notice ] 23:23:00 : /Users/santiagovilanova/Desktop/INDOMITES/FORMS_SPECTRUM4/pngs/5.png
[notice ] 23:23:09 : /Users/santiagovilanova/Desktop/INDOMITES/FORMS_SPECTRUM4/pngs/6.png
[notice ] 23:23:17 : /Users/santiagovilanova/Desktop/INDOMITES/FORMS_SPECTRUM4/pngs/7.png
[notice ] 23:23:26 : /Users/santiagovilanova/Desktop/INDOMITES/FORMS_SPECTRUM4/pngs/8.png
[notice ] 23:23:35 : /Users/santiagovilanova/Desktop/INDOMITES/FORMS_SPECTRUM4/pngs/9.png
[notice ] 23:23:43 : /Users/santiagovilanova/Desktop/INDOMITES/FORMS_SPECTRUM4/pngs/10.png
[notice ] 23:23:52 : /Users/santiagovilanova/Desktop/INDOMITES/FORMS_SPECTRUM4/pngs/11.png
[notice ] 23:24:00 : /Users/santiagovilanova/Desktop/INDOMITES/FORMS_SPECTRUM4/pngs/12.png
[notice ] 23:24:09 : /Users/santiagovilanova/Desktop/INDOMITES/FORMS_SPECTRUM4/pngs/13.png
[notice ] 23:24:17 : /Users/santiagovilanova/Desktop/INDOMITES/FORMS_SPECTRUM4/pngs/14.png
[notice ] 23:24:26 : /Users/santiagovilanova/Desktop/INDOMITES/FORMS_SPECTRUM4/pngs/15.png
[notice ] 23:24:35 : /Users/santiagovilanova/Desktop/INDOMITES/FORMS_SPECTRUM4/pngs/16.png
[notice ] 23:24:43 : /Users/santiagovilanova/Desktop/INDOMITES/FORMS_SPECTRUM4/pngs/17.png
[notice ] 23:24:52 : /Users/santiagovilanova/Desktop/INDOMITES/FORMS_SPECTRUM4/pngs/18.png
[notice ] 23:25:00 : /Users/santiagovilanova/Desktop/INDOMITES/FORMS_SPECTRUM4/pngs/19.png
[notice ] 23:25:09 : /Users/santiagovilanova/Desktop/INDOMITES/FORMS_SPECTRUM4/pngs/20.png
[notice ] 23:25:17 : /Users/santiagovilanova/Desktop/INDOMITES/FORMS_SPECTRUM4/pngs/21.png
[notice ] 23:25:26 : /Users/santiagovilanova/Desktop/INDOMITES/FORMS_SPECTRUM4/pngs/22.png
[notice ] 23:25:35 : /Users/santiagovilanova/Desktop/INDOMITES/FORMS_SPECTRUM4/pngs/23.png
[notice ] 23:25:43 : /Users/santiagovilanova/Desktop/INDOMITES/FORMS_SPECTRUM4/pngs/2.png
[notice ] 23:25:52 : /Users/santiagovilanova/Desktop/INDOMITES/FORMS_SPECTRUM4/pngs/3.png
[notice ] 23:26:00 : /Users/santiagovilanova/Desktop/INDOMITES/FORMS_SPECTRUM4/pngs/4.png
[ error ] ofAppGLFWWindow: 65544: Cocoa: Failed to find service port for display
[notice ] 23:26:09 : /Users/santiagovilanova/Desktop/INDOMITES/FORMS_SPECTRUM4/pngs/5.png
[notice ] 23:26:17 : /Users/santiagovilanova/Desktop/INDOMITES/FORMS_SPECTRUM4/pngs/6.png
[ error ] ofAppGLFWWindow: 65544: Cocoa: Failed to find service port for display
[notice ] 23:26:26 : /Users/santiagovilanova/Desktop/INDOMITES/FORMS_SPECTRUM4/pngs/7.png
[notice ] 23:26:35 : /Users/santiagovilanova/Desktop/INDOMITES/FORMS_SPECTRUM4/pngs/8.png
[notice ] 23:26:43 : /Users/santiagovilanova/Desktop/INDOMITES/FORMS_SPECTRUM4/pngs/9.png
[notice ] 23:26:52 : /Users/santiagovilanova/Desktop/INDOMITES/FORMS_SPECTRUM4/pngs/10.png
[notice ] 23:27:00 : /Users/santiagovilanova/Desktop/INDOMITES/FORMS_SPECTRUM4/pngs/11.png
[notice ] 23:27:09 : /Users/santiagovilanova/Desktop/INDOMITES/FORMS_SPECTRUM4/pngs/12.png
[notice ] 23:27:17 : /Users/santiagovilanova/Desktop/INDOMITES/FORMS_SPECTRUM4/pngs/13.png
[notice ] 23:27:26 : /Users/santiagovilanova/Desktop/INDOMITES/FORMS_SPECTRUM4/pngs/14.png
[notice ] 23:27:35 : /Users/santiagovilanova/Desktop/INDOMITES/FORMS_SPECTRUM4/pngs/15.png
[notice ] 23:27:43 : /Users/santiagovilanova/Desktop/INDOMITES/FORMS_SPECTRUM4/pngs/16.png
[notice ] 23:27:52 : /Users/santiagovilanova/Desktop/INDOMITES/FORMS_SPECTRUM4/pngs/17.png
[ error ] ofAppGLFWWindow: 65544: Cocoa: Failed to find service port for display
[notice ] 23:28:00 : /Users/santiagovilanova/Desktop/INDOMITES/FORMS_SPECTRUM4/pngs/18.png
[ error ] ofAppGLFWWindow: 65544: Cocoa: Failed to find service port for display
[notice ] 23:28:09 : /Users/santiagovilanova/Desktop/INDOMITES/FORMS_SPECTRUM4/pngs/19.png
[notice ] 23:28:17 : /Users/santiagovilanova/Desktop/INDOMITES/FORMS_SPECTRUM4/pngs/20.png
[notice ] 23:28:26 : /Users/santiagovilanova/Desktop/INDOMITES/FORMS_SPECTRUM4/pngs/21.png
[notice ] 23:28:35 : /Users/santiagovilanova/Desktop/INDOMITES/FORMS_SPECTRUM4/pngs/22.png
[notice ] 23:28:43 : /Users/santiagovilanova/Desktop/INDOMITES/FORMS_SPECTRUM4/pngs/22.png
[notice ] 23:28:52 : /Users/santiagovilanova/Desktop/INDOMITES/FORMS_SPECTRUM4/pngs/2.png
[notice ] 23:29:00 : /Users/santiagovilanova/Desktop/INDOMITES/FORMS_SPECTRUM4/pngs/3.png
[notice ] 23:29:09 : /Users/santiagovilanova/Desktop/INDOMITES/FORMS_SPECTRUM4/pngs/4.png
[notice ] 23:29:17 : /Users/santiagovilanova/Desktop/INDOMITES/FORMS_SPECTRUM4/pngs/5.png
[notice ] 23:29:26 : /Users/santiagovilanova/Desktop/INDOMITES/FORMS_SPECTRUM4/pngs/6.png
[notice ] 23:29:35 : /Users/santiagovilanova/Desktop/INDOMITES/FORMS_SPECTRUM4/pngs/7.png
[notice ] 23:29:43 : /Users/santiagovilanova/Desktop/INDOMITES/FORMS_SPECTRUM4/pngs/8.png
[notice ] 23:29:52 : /Users/santiagovilanova/Desktop/INDOMITES/FORMS_SPECTRUM4/pngs/9.png
[notice ] 23:30:00 : /Users/santiagovilanova/Desktop/INDOMITES/FORMS_SPECTRUM4/pngs/10.png
[notice ] 23:30:09 : /Users/santiagovilanova/Desktop/INDOMITES/FORMS_SPECTRUM4/pngs/11.png
[notice ] 23:30:17 : /Users/santiagovilanova/Desktop/INDOMITES/FORMS_SPECTRUM4/pngs/12.png
[notice ] 23:30:26 : /Users/santiagovilanova/Desktop/INDOMITES/FORMS_SPECTRUM4/pngs/13.png
[notice ] 23:30:35 : /Users/santiagovilanova/Desktop/INDOMITES/FORMS_SPECTRUM4/pngs/14.png
[notice ] 23:30:43 : /Users/santiagovilanova/Desktop/INDOMITES/FORMS_SPECTRUM4/pngs/15.png
[notice ] 23:30:52 : /Users/santiagovilanova/Desktop/INDOMITES/FORMS_SPECTRUM4/pngs/16.png
[notice ] 23:31:00 : /Users/santiagovilanova/Desktop/INDOMITES/FORMS_SPECTRUM4/pngs/17.png
[notice ] 23:31:09 : /Users/santiagovilanova/Desktop/INDOMITES/FORMS_SPECTRUM4/pngs/18.png
[notice ] 23:31:17 : /Users/santiagovilanova/Desktop/INDOMITES/FORMS_SPECTRUM4/pngs/18.png
[notice ] 23:31:26 : /Users/santiagovilanova/Desktop/INDOMITES/FORMS_SPECTRUM4/pngs/18.png
[notice ] 23:31:35 : /Users/santiagovilanova/Desktop/INDOMITES/FORMS_SPECTRUM4/pngs/18.png
[notice ] 23:31:43 : /Users/santiagovilanova/Desktop/INDOMITES/FORMS_SPECTRUM4/pngs/18.png
[notice ] 23:31:52 : /Users/santiagovilanova/Desktop/INDOMITES/FORMS_SPECTRUM4/pngs/18.png
[notice ] 23:32:00 : /Users/santiagovilanova/Desktop/INDOMITES/FORMS_SPECTRUM4/pngs/18.png
[notice ] 23:32:09 : /Users/santiagovilanova/Desktop/INDOMITES/FORMS_SPECTRUM4/pngs/18.png
[notice ] 23:32:17 : /Users/santiagovilanova/Desktop/INDOMITES/FORMS_SPECTRUM4/pngs/18.png
[notice ] 23:32:26 : /Users/santiagovilanova/Desktop/INDOMITES/FORMS_SPECTRUM4/pngs/18.png
[notice ] 23:32:35 : /Users/santiagovilanova/Desktop/INDOMITES/FORMS_SPECTRUM4/pngs/18.png
[notice ] 23:32:43 : /Users/santiagovilanova/Desktop/INDOMITES/FORMS_SPECTRUM4/pngs/2.png
[notice ] 23:32:52 : /Users/santiagovilanova/Desktop/INDOMITES/FORMS_SPECTRUM4/pngs/3.png
[notice ] 23:33:00 : /Users/santiagovilanova/Desktop/INDOMITES/FORMS_SPECTRUM4/pngs/4.png
[notice ] 23:33:09 : /Users/santiagovilanova/Desktop/INDOMITES/FORMS_SPECTRUM4/pngs/5.png
[notice ] 23:33:17 : /Users/santiagovilanova/Desktop/INDOMITES/FORMS_SPECTRUM4/pngs/6.png
[notice ] 23:33:26 : /Users/santiagovilanova/Desktop/INDOMITES/FORMS_SPECTRUM4/pngs/7.png
[notice ] 23:33:35 : /Users/santiagovilanova/Desktop/INDOMITES/FORMS_SPECTRUM4/pngs/8.png
[notice ] 23:33:43 : /Users/santiagovilanova/Desktop/INDOMITES/FORMS_SPECTRUM4/pngs/9.png
[notice ] 23:33:52 : /Users/santiagovilanova/Desktop/INDOMITES/FORMS_SPECTRUM4/pngs/10.png
[notice ] 23:34:00 : /Users/santiagovilanova/Desktop/INDOMITES/FORMS_SPECTRUM4/pngs/11.png
[notice ] 23:34:09 : /Users/santiagovilanova/Desktop/INDOMITES/FORMS_SPECTRUM4/pngs/12.png
[notice ] 23:34:17 : /Users/santiagovilanova/Desktop/INDOMITES/FORMS_SPECTRUM4/pngs/13.png
[notice ] 23:34:26 : /Users/santiagovilanova/Desktop/INDOMITES/FORMS_SPECTRUM4/pngs/14.png
[notice ] 23:34:35 : /Users/santiagovilanova/Desktop/INDOMITES/FORMS_SPECTRUM4/pngs/15.png
[notice ] 23:34:43 : /Users/santiagovilanova/Desktop/INDOMITES/FORMS_SPECTRUM4/pngs/16.png
[notice ] 23:34:52 : /Users/santiagovilanova/Desktop/INDOMITES/FORMS_SPECTRUM4/pngs/16.png
[notice ] 23:35:00 : /Users/santiagovilanova/Desktop/INDOMITES/FORMS_SPECTRUM4/pngs/2.png
[notice ] 23:35:09 : /Users/santiagovilanova/Desktop/INDOMITES/FORMS_SPECTRUM4/pngs/3.png
[notice ] 23:35:17 : /Users/santiagovilanova/Desktop/INDOMITES/FORMS_SPECTRUM4/pngs/4.png
[notice ] 23:35:26 : /Users/santiagovilanova/Desktop/INDOMITES/FORMS_SPECTRUM4/pngs/5.png
[ error ] ofAppGLFWWindow: 65544: Cocoa: Failed to find service port for display
[notice ] 23:35:35 : /Users/santiagovilanova/Desktop/INDOMITES/FORMS_SPECTRUM4/pngs/6.png
[notice ] 23:35:43 : /Users/santiagovilanova/Desktop/INDOMITES/FORMS_SPECTRUM4/pngs/7.png
[notice ] 23:35:52 : /Users/santiagovilanova/Desktop/INDOMITES/FORMS_SPECTRUM4/pngs/8.png
[notice ] 23:36:00 : /Users/santiagovilanova/Desktop/INDOMITES/FORMS_SPECTRUM4/pngs/9.png
[ error ] ofAppGLFWWindow: 65544: Cocoa: Failed to find service port for display
[notice ] 23:36:09 : /Users/santiagovilanova/Desktop/INDOMITES/FORMS_SPECTRUM4/pngs/10.png
[notice ] 23:36:17 : /Users/santiagovilanova/Desktop/INDOMITES/FORMS_SPECTRUM4/pngs/11.png
[notice ] 23:36:26 : /Users/santiagovilanova/Desktop/INDOMITES/FORMS_SPECTRUM4/pngs/12.png
[notice ] 23:36:35 : /Users/santiagovilanova/Desktop/INDOMITES/FORMS_SPECTRUM4/pngs/13.png
[notice ] 23:36:43 : /Users/santiagovilanova/Desktop/INDOMITES/FORMS_SPECTRUM4/pngs/14.png
[notice ] 23:36:52 : /Users/santiagovilanova/Desktop/INDOMITES/FORMS_SPECTRUM4/pngs/15.png
[notice ] 23:37:00 : /Users/santiagovilanova/Desktop/INDOMITES/FORMS_SPECTRUM4/pngs/15.png
[notice ] 23:37:09 : /Users/santiagovilanova/Desktop/INDOMITES/FORMS_SPECTRUM4/pngs/17.png
[notice ] 23:37:17 : /Users/santiagovilanova/Desktop/INDOMITES/FORMS_SPECTRUM4/pngs/18.png
[notice ] 23:37:26 : /Users/santiagovilanova/Desktop/INDOMITES/FORMS_SPECTRUM4/pngs/19.png
[notice ] 23:37:35 : /Users/santiagovilanova/Desktop/INDOMITES/FORMS_SPECTRUM4/pngs/19.png
[notice ] 23:37:43 : /Users/santiagovilanova/Desktop/INDOMITES/FORMS_SPECTRUM4/pngs/21.png
[notice ] 23:37:52 : /Users/santiagovilanova/Desktop/INDOMITES/FORMS_SPECTRUM4/pngs/22.png
[notice ] 23:38:00 : /Users/santiagovilanova/Desktop/INDOMITES/FORMS_SPECTRUM4/pngs/23.png
[notice ] 23:38:09 : /Users/santiagovilanova/Desktop/INDOMITES/FORMS_SPECTRUM4/pngs/24.png
[notice ] 23:38:17 : /Users/santiagovilanova/Desktop/INDOMITES/FORMS_SPECTRUM4/pngs/25.png
[notice ] 23:38:26 : /Users/santiagovilanova/Desktop/INDOMITES/FORMS_SPECTRUM4/pngs/26.png
[notice ] 23:38:35 : /Users/santiagovilanova/Desktop/INDOMITES/FORMS_SPECTRUM4/pngs/26.png
[notice ] 23:38:43 : /Users/santiagovilanova/Desktop/INDOMITES/FORMS_SPECTRUM4/pngs/28.png
[notice ] 23:38:52 : /Users/santiagovilanova/Desktop/INDOMITES/FORMS_SPECTRUM4/pngs/29.png
[notice ] 23:39:00 : /Users/santiagovilanova/Desktop/INDOMITES/FORMS_SPECTRUM4/pngs/30.png
[ error ] ofAppGLFWWindow: 65544: Cocoa: Failed to find service port for display
[notice ] 23:39:09 : /Users/santiagovilanova/Desktop/INDOMITES/FORMS_SPECTRUM4/pngs/31.png
[notice ] 23:39:17 : /Users/santiagovilanova/Desktop/INDOMITES/FORMS_SPECTRUM4/pngs/31.png
[notice ] 23:39:26 : /Users/santiagovilanova/Desktop/INDOMITES/FORMS_SPECTRUM4/pngs/33.png
[notice ] 23:39:35 : /Users/santiagovilanova/Desktop/INDOMITES/FORMS_SPECTRUM4/pngs/34.png
[notice ] 23:39:43 : /Users/santiagovilanova/Desktop/INDOMITES/FORMS_SPECTRUM4/pngs/35.png
[ error ] ofAppGLFWWindow: 65544: Cocoa: Failed to find service port for display
[notice ] 23:39:52 : /Users/santiagovilanova/Desktop/INDOMITES/FORMS_SPECTRUM4/pngs/36.png
[notice ] 23:40:00 : /Users/santiagovilanova/Desktop/INDOMITES/FORMS_SPECTRUM4/pngs/37.png
[notice ] 23:40:09 : /Users/santiagovilanova/Desktop/INDOMITES/FORMS_SPECTRUM4/pngs/38.png
[notice ] 23:40:17 : /Users/santiagovilanova/Desktop/INDOMITES/FORMS_SPECTRUM4/pngs/39.png
[notice ] 23:40:26 : /Users/santiagovilanova/Desktop/INDOMITES/FORMS_SPECTRUM4/pngs/40.png
[notice ] 23:40:35 : /Users/santiagovilanova/Desktop/INDOMITES/FORMS_SPECTRUM4/pngs/41.png
[notice ] 23:40:43 : /Users/santiagovilanova/Desktop/INDOMITES/FORMS_SPECTRUM4/pngs/42.png
[notice ] 23:40:52 : /Users/santiagovilanova/Desktop/INDOMITES/FORMS_SPECTRUM4/pngs/43.png
[notice ] 23:41:00 : /Users/santiagovilanova/Desktop/INDOMITES/FORMS_SPECTRUM4/pngs/44.png
[notice ] 23:41:09 : /Users/santiagovilanova/Desktop/INDOMITES/FORMS_SPECTRUM4/pngs/45.png
[notice ] 23:41:17 : /Users/santiagovilanova/Desktop/INDOMITES/FORMS_SPECTRUM4/pngs/46.png
[notice ] 23:41:26 : /Users/santiagovilanova/Desktop/INDOMITES/FORMS_SPECTRUM4/pngs/47.png
[notice ] 23:41:35 : /Users/santiagovilanova/Desktop/INDOMITES/FORMS_SPECTRUM4/pngs/48.png
[notice ] 23:41:43 : /Users/santiagovilanova/Desktop/INDOMITES/FORMS_SPECTRUM4/pngs/48.png
[notice ] 23:41:52 : /Users/santiagovilanova/Desktop/INDOMITES/FORMS_SPECTRUM4/pngs/49.png
[notice ] 23:42:00 : /Users/santiagovilanova/Desktop/INDOMITES/FORMS_SPECTRUM4/pngs/50.png
[notice ] 23:42:09 : /Users/santiagovilanova/Desktop/INDOMITES/FORMS_SPECTRUM4/pngs/52.png
[notice ] 23:42:17 : /Users/santiagovilanova/Desktop/INDOMITES/FORMS_SPECTRUM4/pngs/53.png
[notice ] 23:42:26 : /Users/santiagovilanova/Desktop/INDOMITES/FORMS_SPECTRUM4/pngs/54.png
[notice ] 23:42:35 : /Users/santiagovilanova/Desktop/INDOMITES/FORMS_SPECTRUM4/pngs/54.png
[notice ] 23:42:43 : /Users/santiagovilanova/Desktop/INDOMITES/FORMS_SPECTRUM4/pngs/55.png
[notice ] 23:42:52 : /Users/santiagovilanova/Desktop/INDOMITES/FORMS_SPECTRUM4/pngs/57.png
[notice ] 23:43:00 : /Users/santiagovilanova/Desktop/INDOMITES/FORMS_SPECTRUM4/pngs/58.png
[notice ] 23:43:09 : /Users/santiagovilanova/Desktop/INDOMITES/FORMS_SPECTRUM4/pngs/59.png
[notice ] 23:43:17 : /Users/santiagovilanova/Desktop/INDOMITES/FORMS_SPECTRUM4/pngs/60.png
[notice ] 23:43:26 : /Users/santiagovilanova/Desktop/INDOMITES/FORMS_SPECTRUM4/pngs/61.png
[notice ] 23:43:35 : /Users/santiagovilanova/Desktop/INDOMITES/FORMS_SPECTRUM4/pngs/62.png
[notice ] 23:43:43 : /Users/santiagovilanova/Desktop/INDOMITES/FORMS_SPECTRUM4/pngs/63.png
[notice ] 23:43:52 : /Users/santiagovilanova/Desktop/INDOMITES/FORMS_SPECTRUM4/pngs/64.png
[notice ] 23:44:00 : /Users/santiagovilanova/Desktop/INDOMITES/FORMS_SPECTRUM4/pngs/65.png
[notice ] 23:44:09 : /Users/santiagovilanova/Desktop/INDOMITES/FORMS_SPECTRUM4/pngs/66.png
[notice ] 23:44:17 : /Users/santiagovilanova/Desktop/INDOMITES/FORMS_SPECTRUM4/pngs/67.png
[notice ] 23:44:26 : /Users/santiagovilanova/Desktop/INDOMITES/FORMS_SPECTRUM4/pngs/68.png
[notice ] 23:44:35 : /Users/santiagovilanova/Desktop/INDOMITES/FORMS_SPECTRUM4/pngs/69.png
[notice ] 23:44:43 : /Users/santiagovilanova/Desktop/INDOMITES/FORMS_SPECTRUM4/pngs/70.png
[notice ] 23:44:52 : /Users/santiagovilanova/Desktop/INDOMITES/FORMS_SPECTRUM4/pngs/71.png
[notice ] 23:45:00 : /Users/santiagovilanova/Desktop/INDOMITES/FORMS_SPECTRUM4/pngs/72.png
[notice ] 23:45:09 : /Users/santiagovilanova/Desktop/INDOMITES/FORMS_SPECTRUM4/pngs/73.png
[notice ] 23:45:17 : /Users/santiagovilanova/Desktop/INDOMITES/FORMS_SPECTRUM4/pngs/74.png
[notice ] 23:45:26 : /Users/santiagovilanova/Desktop/INDOMITES/FORMS_SPECTRUM4/pngs/75.png
[notice ] 23:45:35 : /Users/santiagovilanova/Desktop/INDOMITES/FORMS_SPECTRUM4/pngs/75.png
[notice ] 23:45:43 : /Users/santiagovilanova/Desktop/INDOMITES/FORMS_SPECTRUM4/pngs/77.png
[notice ] 23:45:52 : /Users/santiagovilanova/Desktop/INDOMITES/FORMS_SPECTRUM4/pngs/78.png
[notice ] 23:46:00 : /Users/santiagovilanova/Desktop/INDOMITES/FORMS_SPECTRUM4/pngs/79.png
[notice ] 23:46:09 : /Users/santiagovilanova/Desktop/INDOMITES/FORMS_SPECTRUM4/pngs/80.png
[notice ] 23:46:17 : /Users/santiagovilanova/Desktop/INDOMITES/FORMS_SPECTRUM4/pngs/81.png
[notice ] 23:46:26 : /Users/santiagovilanova/Desktop/INDOMITES/FORMS_SPECTRUM4/pngs/82.png
[notice ] 23:46:35 : /Users/santiagovilanova/Desktop/INDOMITES/FORMS_SPECTRUM4/pngs/83.png
[notice ] 23:46:43 : /Users/santiagovilanova/Desktop/INDOMITES/FORMS_SPECTRUM4/pngs/84.png
[notice ] 23:46:52 : /Users/santiagovilanova/Desktop/INDOMITES/FORMS_SPECTRUM4/pngs/84.png
[notice ] 23:47:00 : /Users/santiagovilanova/Desktop/INDOMITES/FORMS_SPECTRUM4/pngs/86.png
[notice ] 23:47:09 : /Users/santiagovilanova/Desktop/INDOMITES/FORMS_SPECTRUM4/pngs/87.png
[notice ] 23:47:17 : /Users/santiagovilanova/Desktop/INDOMITES/FORMS_SPECTRUM4/pngs/88.png
[notice ] 23:47:26 : /Users/santiagovilanova/Desktop/INDOMITES/FORMS_SPECTRUM4/pngs/89.png
[notice ] 23:47:32 : /Users/santiagovilanova/Desktop/INDOMITES/FORMS_SPECTRUM4/pngs/90.png
[notice ] 23:47:34 : /Users/santiagovilanova/Desktop/INDOMITES/FORMS_SPECTRUM4/pngs/91.png
[notice ] 23:47:43 : /Users/santiagovilanova/Desktop/INDOMITES/FORMS_SPECTRUM4/pngs/92.png
[notice ] 23:47:52 : /Users/santiagovilanova/Desktop/INDOMITES/FORMS_SPECTRUM4/pngs/93.png
[notice ] 23:48:00 : /Users/santiagovilanova/Desktop/INDOMITES/FORMS_SPECTRUM4/pngs/95.png
[notice ] 23:48:09 : /Users/santiagovilanova/Desktop/INDOMITES/FORMS_SPECTRUM4/pngs/96.png
[notice ] 23:48:17 : /Users/santiagovilanova/Desktop/INDOMITES/FORMS_SPECTRUM4/pngs/96.png
[notice ] 23:48:26 : /Users/santiagovilanova/Desktop/INDOMITES/FORMS_SPECTRUM4/pngs/98.png
[notice ] 23:48:35 : /Users/santiagovilanova/Desktop/INDOMITES/FORMS_SPECTRUM4/pngs/99.png
[notice ] 23:48:43 : /Users/santiagovilanova/Desktop/INDOMITES/FORMS_SPECTRUM4/pngs/100.png
[notice ] 23:48:52 : /Users/santiagovilanova/Desktop/INDOMITES/FORMS_SPECTRUM4/pngs/101.png
[notice ] 23:49:00 : /Users/santiagovilanova/Desktop/INDOMITES/FORMS_SPECTRUM4/pngs/102.png
[notice ] 23:49:09 : /Users/santiagovilanova/Desktop/INDOMITES/FORMS_SPECTRUM4/pngs/103.png
[notice ] 23:49:17 : /Users/santiagovilanova/Desktop/INDOMITES/FORMS_SPECTRUM4/pngs/104.png
[notice ] 23:49:26 : /Users/santiagovilanova/Desktop/INDOMITES/FORMS_SPECTRUM4/pngs/105.png
[notice ] 23:49:35 : /Users/santiagovilanova/Desktop/INDOMITES/FORMS_SPECTRUM4/pngs/105.png
[notice ] 23:49:43 : /Users/santiagovilanova/Desktop/INDOMITES/FORMS_SPECTRUM4/pngs/107.png
[notice ] 23:49:52 : /Users/santiagovilanova/Desktop/INDOMITES/FORMS_SPECTRUM4/pngs/108.png
[notice ] 23:50:00 : /Users/santiagovilanova/Desktop/INDOMITES/FORMS_SPECTRUM4/pngs/109.png
[notice ] 23:50:09 : /Users/santiagovilanova/Desktop/INDOMITES/FORMS_SPECTRUM4/pngs/110.png
[notice ] 23:50:17 : /Users/santiagovilanova/Desktop/INDOMITES/FORMS_SPECTRUM4/pngs/111.png
[notice ] 23:50:26 : /Users/santiagovilanova/Desktop/INDOMITES/FORMS_SPECTRUM4/pngs/112.png
[notice ] 23:50:35 : /Users/santiagovilanova/Desktop/INDOMITES/FORMS_SPECTRUM4/pngs/113.png
[notice ] 23:50:43 : /Users/santiagovilanova/Desktop/INDOMITES/FORMS_SPECTRUM4/pngs/114.png
[notice ] 23:50:52 : /Users/santiagovilanova/Desktop/INDOMITES/FORMS_SPECTRUM4/pngs/115.png
[notice ] 23:51:00 : /Users/santiagovilanova/Desktop/INDOMITES/FORMS_SPECTRUM4/pngs/116.png
[notice ] 23:51:09 : /Users/santiagovilanova/Desktop/INDOMITES/FORMS_SPECTRUM4/pngs/117.png
[notice ] 23:51:17 : /Users/santiagovilanova/Desktop/INDOMITES/FORMS_SPECTRUM4/pngs/118.png
[notice ] 23:51:26 : /Users/santiagovilanova/Desktop/INDOMITES/FORMS_SPECTRUM4/pngs/119.png
[notice ] 23:51:35 : /Users/santiagovilanova/Desktop/INDOMITES/FORMS_SPECTRUM4/pngs/120.png
[notice ] 23:51:43 : /Users/santiagovilanova/Desktop/INDOMITES/FORMS_SPECTRUM4/pngs/120.png
[notice ] 23:51:52 : /Users/santiagovilanova/Desktop/INDOMITES/FORMS_SPECTRUM4/pngs/122.png
[notice ] 23:52:00 : /Users/santiagovilanova/Desktop/INDOMITES/FORMS_SPECTRUM4/pngs/123.png
[notice ] 23:52:09 : /Users/santiagovilanova/Desktop/INDOMITES/FORMS_SPECTRUM4/pngs/123.png
[notice ] 23:52:17 : /Users/santiagovilanova/Desktop/INDOMITES/FORMS_SPECTRUM4/pngs/124.png
[notice ] 23:52:26 : /Users/santiagovilanova/Desktop/INDOMITES/FORMS_SPECTRUM4/pngs/125.png
[ error ] ofAppGLFWWindow: 65544: Cocoa: Failed to find service port for display
[notice ] 23:52:35 : /Users/santiagovilanova/Desktop/INDOMITES/FORMS_SPECTRUM4/pngs/127.png
[notice ] 23:52:43 : /Users/santiagovilanova/Desktop/INDOMITES/FORMS_SPECTRUM4/pngs/128.png
[notice ] 23:52:52 : /Users/santiagovilanova/Desktop/INDOMITES/FORMS_SPECTRUM4/pngs/129.png
[notice ] 23:53:00 : /Users/santiagovilanova/Desktop/INDOMITES/FORMS_SPECTRUM4/pngs/130.png
[notice ] 23:53:09 : /Users/santiagovilanova/Desktop/INDOMITES/FORMS_SPECTRUM4/pngs/131.png
[notice ] 23:53:17 : /Users/santiagovilanova/Desktop/INDOMITES/FORMS_SPECTRUM4/pngs/131.png
[notice ] 23:53:26 : /Users/santiagovilanova/Desktop/INDOMITES/FORMS_SPECTRUM4/pngs/133.png
[notice ] 23:53:35 : /Users/santiagovilanova/Desktop/INDOMITES/FORMS_SPECTRUM4/pngs/133.png
[notice ] 23:53:43 : /Users/santiagovilanova/Desktop/INDOMITES/FORMS_SPECTRUM4/pngs/135.png
[notice ] 23:53:52 : /Users/santiagovilanova/Desktop/INDOMITES/FORMS_SPECTRUM4/pngs/136.png
[notice ] 23:54:00 : /Users/santiagovilanova/Desktop/INDOMITES/FORMS_SPECTRUM4/pngs/137.png
[ error ] ofAppGLFWWindow: 65544: Cocoa: Failed to find service port for display
[notice ] 23:54:09 : /Users/santiagovilanova/Desktop/INDOMITES/FORMS_SPECTRUM4/pngs/138.png
[ error ] ofAppGLFWWindow: 65544: Cocoa: Failed to find service port for display
[notice ] 23:54:16 : /Users/santiagovilanova/Desktop/INDOMITES/FORMS_SPECTRUM4/pngs/138.png
[notice ] 23:54:20 : /Users/santiagovilanova/Desktop/INDOMITES/FORMS_SPECTRUM4/pngs/140.png
[notice ] 23:54:25 : /Users/santiagovilanova/Desktop/INDOMITES/FORMS_SPECTRUM4/pngs/140.png
[notice ] 23:54:29 : /Users/santiagovilanova/Desktop/INDOMITES/FORMS_SPECTRUM4/pngs/141.png
[notice ] 23:54:33 : /Users/santiagovilanova/Desktop/INDOMITES/FORMS_SPECTRUM4/pngs/142.png
[notice ] 23:54:38 : /Users/santiagovilanova/Desktop/INDOMITES/FORMS_SPECTRUM4/pngs/143.png
[notice ] 23:54:42 : /Users/santiagovilanova/Desktop/INDOMITES/FORMS_SPECTRUM4/pngs/144.png
[ error ] ofAppGLFWWindow: 65544: Cocoa: Failed to find service port for display
[notice ] 23:54:46 : /Users/santiagovilanova/Desktop/INDOMITES/FORMS_SPECTRUM4/pngs/145.png
[notice ] 23:54:50 : /Users/santiagovilanova/Desktop/INDOMITES/FORMS_SPECTRUM4/pngs/146.png
[notice ] 23:54:55 : /Users/santiagovilanova/Desktop/INDOMITES/FORMS_SPECTRUM4/pngs/147.png
