

--------------------------------------- 2022-05-10-00-04-03-645
[notice ] 16:33:36 : /Users/santiagovilanova/Desktop/INDOMITES/FORMS_SPECTRUM4/pngs/7.png
[notice ] 16:33:45 : /Users/santiagovilanova/Desktop/INDOMITES/FORMS_SPECTRUM4/pngs/8.png
[notice ] 16:33:53 : /Users/santiagovilanova/Desktop/INDOMITES/FORMS_SPECTRUM4/pngs/9.png
[notice ] 16:34:02 : /Users/santiagovilanova/Desktop/INDOMITES/FORMS_SPECTRUM4/pngs/10.png
[ error ] ofAppGLFWWindow: 65544: Cocoa: Failed to find service port for display
[ error ] ofAppGLFWWindow: 65544: Cocoa: Failed to find service port for display
[notice ] 16:34:11 : /Users/santiagovilanova/Desktop/INDOMITES/FORMS_SPECTRUM4/pngs/11.png
[notice ] 16:34:19 : /Users/santiagovilanova/Desktop/INDOMITES/FORMS_SPECTRUM4/pngs/12.png
[ error ] ofAppGLFWWindow: 65544: Cocoa: Failed to find service port for display
[ error ] ofAppGLFWWindow: 65544: Cocoa: Failed to find service port for display
[notice ] 16:34:28 : /Users/santiagovilanova/Desktop/INDOMITES/FORMS_SPECTRUM4/pngs/13.png
[notice ] 23:05:37 : /Users/santiagovilanova/Desktop/INDOMITES/FORMS_SPECTRUM4/pngs/14.png
[notice ] 23:05:45 : /Users/santiagovilanova/Desktop/INDOMITES/FORMS_SPECTRUM4/pngs/15.png
[notice ] 23:05:54 : /Users/santiagovilanova/Desktop/INDOMITES/FORMS_SPECTRUM4/pngs/16.png
[notice ] 23:06:02 : /Users/santiagovilanova/Desktop/INDOMITES/FORMS_SPECTRUM4/pngs/17.png
[notice ] 23:06:11 : /Users/santiagovilanova/Desktop/INDOMITES/FORMS_SPECTRUM4/pngs/18.png
[notice ] 23:06:19 : /Users/santiagovilanova/Desktop/INDOMITES/FORMS_SPECTRUM4/pngs/19.png
[notice ] 23:06:28 : /Users/santiagovilanova/Desktop/INDOMITES/FORMS_SPECTRUM4/pngs/20.png
[notice ] 23:06:36 : /Users/santiagovilanova/Desktop/INDOMITES/FORMS_SPECTRUM4/pngs/21.png
[notice ] 23:06:45 : /Users/santiagovilanova/Desktop/INDOMITES/FORMS_SPECTRUM4/pngs/22.png
[notice ] 23:06:53 : /Users/santiagovilanova/Desktop/INDOMITES/FORMS_SPECTRUM4/pngs/23.png
[notice ] 23:07:02 : /Users/santiagovilanova/Desktop/INDOMITES/FORMS_SPECTRUM4/pngs/24.png
[notice ] 23:07:10 : /Users/santiagovilanova/Desktop/INDOMITES/FORMS_SPECTRUM4/pngs/25.png
[notice ] 23:07:19 : /Users/santiagovilanova/Desktop/INDOMITES/FORMS_SPECTRUM4/pngs/26.png
[notice ] 23:07:28 : /Users/santiagovilanova/Desktop/INDOMITES/FORMS_SPECTRUM4/pngs/27.png
[notice ] 23:07:36 : /Users/santiagovilanova/Desktop/INDOMITES/FORMS_SPECTRUM4/pngs/28.png
[notice ] 23:07:45 : /Users/santiagovilanova/Desktop/INDOMITES/FORMS_SPECTRUM4/pngs/29.png
[notice ] 23:07:53 : /Users/santiagovilanova/Desktop/INDOMITES/FORMS_SPECTRUM4/pngs/30.png
[notice ] 23:08:02 : /Users/santiagovilanova/Desktop/INDOMITES/FORMS_SPECTRUM4/pngs/31.png
[notice ] 23:08:10 : /Users/santiagovilanova/Desktop/INDOMITES/FORMS_SPECTRUM4/pngs/32.png
[notice ] 23:08:19 : /Users/santiagovilanova/Desktop/INDOMITES/FORMS_SPECTRUM4/pngs/33.png
[notice ] 23:08:27 : /Users/santiagovilanova/Desktop/INDOMITES/FORMS_SPECTRUM4/pngs/33.png
[notice ] 23:08:36 : /Users/santiagovilanova/Desktop/INDOMITES/FORMS_SPECTRUM4/pngs/2.png
[notice ] 23:08:44 : /Users/santiagovilanova/Desktop/INDOMITES/FORMS_SPECTRUM4/pngs/3.png
[notice ] 23:08:53 : /Users/santiagovilanova/Desktop/INDOMITES/FORMS_SPECTRUM4/pngs/4.png
[notice ] 23:09:01 : /Users/santiagovilanova/Desktop/INDOMITES/FORMS_SPECTRUM4/pngs/5.png
[notice ] 23:09:10 : /Users/santiagovilanova/Desktop/INDOMITES/FORMS_SPECTRUM4/pngs/6.png
[notice ] 23:09:18 : /Users/santiagovilanova/Desktop/INDOMITES/FORMS_SPECTRUM4/pngs/7.png
[notice ] 23:09:27 : /Users/santiagovilanova/Desktop/INDOMITES/FORMS_SPECTRUM4/pngs/8.png
[notice ] 23:09:36 : /Users/santiagovilanova/Desktop/INDOMITES/FORMS_SPECTRUM4/pngs/9.png
[notice ] 23:09:44 : /Users/santiagovilanova/Desktop/INDOMITES/FORMS_SPECTRUM4/pngs/10.png
[notice ] 23:09:53 : /Users/santiagovilanova/Desktop/INDOMITES/FORMS_SPECTRUM4/pngs/11.png
[notice ] 23:10:01 : /Users/santiagovilanova/Desktop/INDOMITES/FORMS_SPECTRUM4/pngs/12.png
[notice ] 23:10:10 : /Users/santiagovilanova/Desktop/INDOMITES/FORMS_SPECTRUM4/pngs/13.png
[notice ] 23:10:18 : /Users/santiagovilanova/Desktop/INDOMITES/FORMS_SPECTRUM4/pngs/14.png
[notice ] 23:10:27 : /Users/santiagovilanova/Desktop/INDOMITES/FORMS_SPECTRUM4/pngs/15.png
[notice ] 23:10:35 : /Users/santiagovilanova/Desktop/INDOMITES/FORMS_SPECTRUM4/pngs/16.png
[notice ] 23:10:44 : /Users/santiagovilanova/Desktop/INDOMITES/FORMS_SPECTRUM4/pngs/17.png
[notice ] 23:10:52 : /Users/santiagovilanova/Desktop/INDOMITES/FORMS_SPECTRUM4/pngs/18.png
[notice ] 23:11:01 : /Users/santiagovilanova/Desktop/INDOMITES/FORMS_SPECTRUM4/pngs/19.png
[notice ] 23:11:09 : /Users/santiagovilanova/Desktop/INDOMITES/FORMS_SPECTRUM4/pngs/20.png
[notice ] 23:11:18 : /Users/santiagovilanova/Desktop/INDOMITES/FORMS_SPECTRUM4/pngs/21.png
[notice ] 23:11:27 : /Users/santiagovilanova/Desktop/INDOMITES/FORMS_SPECTRUM4/pngs/22.png
[notice ] 23:11:35 : /Users/santiagovilanova/Desktop/INDOMITES/FORMS_SPECTRUM4/pngs/23.png
[notice ] 23:11:44 : /Users/santiagovilanova/Desktop/INDOMITES/FORMS_SPECTRUM4/pngs/24.png
[notice ] 23:11:52 : /Users/santiagovilanova/Desktop/INDOMITES/FORMS_SPECTRUM4/pngs/25.png
[notice ] 23:12:01 : /Users/santiagovilanova/Desktop/INDOMITES/FORMS_SPECTRUM4/pngs/26.png
[notice ] 23:12:09 : /Users/santiagovilanova/Desktop/INDOMITES/FORMS_SPECTRUM4/pngs/27.png
[notice ] 23:12:18 : /Users/santiagovilanova/Desktop/INDOMITES/FORMS_SPECTRUM4/pngs/28.png
[notice ] 23:12:26 : /Users/santiagovilanova/Desktop/INDOMITES/FORMS_SPECTRUM4/pngs/29.png
[notice ] 23:12:35 : /Users/santiagovilanova/Desktop/INDOMITES/FORMS_SPECTRUM4/pngs/30.png
[notice ] 23:12:43 : /Users/santiagovilanova/Desktop/INDOMITES/FORMS_SPECTRUM4/pngs/31.png
[notice ] 23:12:52 : /Users/santiagovilanova/Desktop/INDOMITES/FORMS_SPECTRUM4/pngs/32.png
[notice ] 23:13:00 : /Users/santiagovilanova/Desktop/INDOMITES/FORMS_SPECTRUM4/pngs/33.png
[notice ] 23:13:09 : /Users/santiagovilanova/Desktop/INDOMITES/FORMS_SPECTRUM4/pngs/34.png
[notice ] 23:13:17 : /Users/santiagovilanova/Desktop/INDOMITES/FORMS_SPECTRUM4/pngs/35.png
[notice ] 23:13:26 : /Users/santiagovilanova/Desktop/INDOMITES/FORMS_SPECTRUM4/pngs/36.png
[notice ] 23:13:34 : /Users/santiagovilanova/Desktop/INDOMITES/FORMS_SPECTRUM4/pngs/37.png
[notice ] 23:13:43 : /Users/santiagovilanova/Desktop/INDOMITES/FORMS_SPECTRUM4/pngs/38.png
[notice ] 23:13:52 : /Users/santiagovilanova/Desktop/INDOMITES/FORMS_SPECTRUM4/pngs/39.png
[notice ] 23:14:00 : /Users/santiagovilanova/Desktop/INDOMITES/FORMS_SPECTRUM4/pngs/40.png
[notice ] 23:14:09 : /Users/santiagovilanova/Desktop/INDOMITES/FORMS_SPECTRUM4/pngs/41.png
[notice ] 23:14:17 : /Users/santiagovilanova/Desktop/INDOMITES/FORMS_SPECTRUM4/pngs/42.png
[notice ] 23:14:26 : /Users/santiagovilanova/Desktop/INDOMITES/FORMS_SPECTRUM4/pngs/43.png
[notice ] 23:14:34 : /Users/santiagovilanova/Desktop/INDOMITES/FORMS_SPECTRUM4/pngs/44.png
[notice ] 23:14:43 : /Users/santiagovilanova/Desktop/INDOMITES/FORMS_SPECTRUM4/pngs/45.png
[notice ] 23:14:51 : /Users/santiagovilanova/Desktop/INDOMITES/FORMS_SPECTRUM4/pngs/46.png
[notice ] 23:15:00 : /Users/santiagovilanova/Desktop/INDOMITES/FORMS_SPECTRUM4/pngs/47.png
[notice ] 23:15:08 : /Users/santiagovilanova/Desktop/INDOMITES/FORMS_SPECTRUM4/pngs/48.png
[notice ] 23:15:17 : /Users/santiagovilanova/Desktop/INDOMITES/FORMS_SPECTRUM4/pngs/49.png
[notice ] 23:15:25 : /Users/santiagovilanova/Desktop/INDOMITES/FORMS_SPECTRUM4/pngs/50.png
[notice ] 23:15:34 : /Users/santiagovilanova/Desktop/INDOMITES/FORMS_SPECTRUM4/pngs/51.png
[notice ] 23:15:42 : /Users/santiagovilanova/Desktop/INDOMITES/FORMS_SPECTRUM4/pngs/52.png
[notice ] 23:15:51 : /Users/santiagovilanova/Desktop/INDOMITES/FORMS_SPECTRUM4/pngs/53.png
[notice ] 23:16:00 : /Users/santiagovilanova/Desktop/INDOMITES/FORMS_SPECTRUM4/pngs/54.png
[notice ] 23:16:08 : /Users/santiagovilanova/Desktop/INDOMITES/FORMS_SPECTRUM4/pngs/55.png
[notice ] 23:16:17 : /Users/santiagovilanova/Desktop/INDOMITES/FORMS_SPECTRUM4/pngs/56.png
[notice ] 23:16:25 : /Users/santiagovilanova/Desktop/INDOMITES/FORMS_SPECTRUM4/pngs/57.png
[notice ] 23:16:34 : /Users/santiagovilanova/Desktop/INDOMITES/FORMS_SPECTRUM4/pngs/58.png
[notice ] 23:16:42 : /Users/santiagovilanova/Desktop/INDOMITES/FORMS_SPECTRUM4/pngs/59.png
[notice ] 23:16:51 : /Users/santiagovilanova/Desktop/INDOMITES/FORMS_SPECTRUM4/pngs/60.png
[notice ] 23:16:59 : /Users/santiagovilanova/Desktop/INDOMITES/FORMS_SPECTRUM4/pngs/61.png
[notice ] 23:17:08 : /Users/santiagovilanova/Desktop/INDOMITES/FORMS_SPECTRUM4/pngs/62.png
[notice ] 23:17:16 : /Users/santiagovilanova/Desktop/INDOMITES/FORMS_SPECTRUM4/pngs/63.png
[notice ] 23:17:25 : /Users/santiagovilanova/Desktop/INDOMITES/FORMS_SPECTRUM4/pngs/64.png
[notice ] 23:17:33 : /Users/santiagovilanova/Desktop/INDOMITES/FORMS_SPECTRUM4/pngs/65.png
[notice ] 23:17:42 : /Users/santiagovilanova/Desktop/INDOMITES/FORMS_SPECTRUM4/pngs/66.png
[notice ] 23:17:51 : /Users/santiagovilanova/Desktop/INDOMITES/FORMS_SPECTRUM4/pngs/67.png
[notice ] 23:17:59 : /Users/santiagovilanova/Desktop/INDOMITES/FORMS_SPECTRUM4/pngs/68.png
[notice ] 23:18:08 : /Users/santiagovilanova/Desktop/INDOMITES/FORMS_SPECTRUM4/pngs/69.png
[notice ] 23:18:16 : /Users/santiagovilanova/Desktop/INDOMITES/FORMS_SPECTRUM4/pngs/70.png
[notice ] 23:18:25 : /Users/santiagovilanova/Desktop/INDOMITES/FORMS_SPECTRUM4/pngs/71.png
[notice ] 23:18:33 : /Users/santiagovilanova/Desktop/INDOMITES/FORMS_SPECTRUM4/pngs/72.png
[notice ] 23:18:42 : /Users/santiagovilanova/Desktop/INDOMITES/FORMS_SPECTRUM4/pngs/73.png
[notice ] 23:18:50 : /Users/santiagovilanova/Desktop/INDOMITES/FORMS_SPECTRUM4/pngs/74.png
[notice ] 23:18:59 : /Users/santiagovilanova/Desktop/INDOMITES/FORMS_SPECTRUM4/pngs/75.png
[notice ] 23:19:07 : /Users/santiagovilanova/Desktop/INDOMITES/FORMS_SPECTRUM4/pngs/76.png
[notice ] 23:19:16 : /Users/santiagovilanova/Desktop/INDOMITES/FORMS_SPECTRUM4/pngs/77.png
[notice ] 23:19:24 : /Users/santiagovilanova/Desktop/INDOMITES/FORMS_SPECTRUM4/pngs/78.png
[notice ] 23:19:33 : /Users/santiagovilanova/Desktop/INDOMITES/FORMS_SPECTRUM4/pngs/79.png
[ error ] ofAppGLFWWindow: 65544: Cocoa: Failed to find service port for display


--------------------------------------- 2022-05-10-23-20-15-461
[notice ] 23:20:16 : Portada 2
[ error ] ofImage: loadImage(): couldn't load image from """"
[ error ] ofxThreadedImageLoader: couldn't load file: ""
[ error ] ofAppGLFWWindow: 65544: Cocoa: Failed to find service port for display
[notice ] 23:20:18 : 
[ error ] ofImage: loadImage(): couldn't load image from """"
[ error ] ofxThreadedImageLoader: couldn't load file: ""
[notice ] 23:20:20 : 
[ error ] ofImage: loadImage(): couldn't load image from """"
[ error ] ofxThreadedImageLoader: couldn't load file: ""
[notice ] 23:20:22 : 
[ error ] ofImage: loadImage(): couldn't load image from """"
[ error ] ofxThreadedImageLoader: couldn't load file: ""
[notice ] 23:20:24 : 
[notice ] 23:20:26 : 
[notice ] 23:20:28 : /Users/santiagovilanova/Desktop/INDOMITES/FORMS_SPECTRUM4/pngs/87.png
[notice ] 23:20:30 : /Users/santiagovilanova/Desktop/INDOMITES/FORMS_SPECTRUM4/pngs/87.png
[notice ] 23:20:33 : /Users/santiagovilanova/Desktop/INDOMITES/FORMS_SPECTRUM4/pngs/88.png
[notice ] 23:20:35 : /Users/santiagovilanova/Desktop/INDOMITES/FORMS_SPECTRUM4/pngs/88.png
[notice ] 23:20:37 : /Users/santiagovilanova/Desktop/INDOMITES/FORMS_SPECTRUM4/pngs/89.png
[notice ] 23:20:39 : /Users/santiagovilanova/Desktop/INDOMITES/FORMS_SPECTRUM4/pngs/89.png
[notice ] 23:20:41 : /Users/santiagovilanova/Desktop/INDOMITES/FORMS_SPECTRUM4/pngs/90.png
[notice ] 23:20:43 : /Users/santiagovilanova/Desktop/INDOMITES/FORMS_SPECTRUM4/pngs/91.png
[notice ] 23:20:45 : /Users/santiagovilanova/Desktop/INDOMITES/FORMS_SPECTRUM4/pngs/91.png
[notice ] 23:20:48 : /Users/santiagovilanova/Desktop/INDOMITES/FORMS_SPECTRUM4/pngs/91.png
[notice ] 23:20:50 : /Users/santiagovilanova/Desktop/INDOMITES/FORMS_SPECTRUM4/pngs/92.png
[notice ] 23:20:52 : /Users/santiagovilanova/Desktop/INDOMITES/FORMS_SPECTRUM4/pngs/93.png
[notice ] 23:20:54 : /Users/santiagovilanova/Desktop/INDOMITES/FORMS_SPECTRUM4/pngs/93.png
[notice ] 23:20:56 : /Users/santiagovilanova/Desktop/INDOMITES/FORMS_SPECTRUM4/pngs/94.png
[notice ] 23:20:58 : /Users/santiagovilanova/Desktop/INDOMITES/FORMS_SPECTRUM4/pngs/94.png
[notice ] 23:21:00 : /Users/santiagovilanova/Desktop/INDOMITES/FORMS_SPECTRUM4/pngs/94.png
[notice ] 23:21:02 : /Users/santiagovilanova/Desktop/INDOMITES/FORMS_SPECTRUM4/pngs/95.png
[notice ] 23:21:05 : /Users/santiagovilanova/Desktop/INDOMITES/FORMS_SPECTRUM4/pngs/96.png
[notice ] 23:21:07 : /Users/santiagovilanova/Desktop/INDOMITES/FORMS_SPECTRUM4/pngs/96.png
[notice ] 23:21:09 : /Users/santiagovilanova/Desktop/INDOMITES/FORMS_SPECTRUM4/pngs/96.png
[notice ] 23:21:11 : /Users/santiagovilanova/Desktop/INDOMITES/FORMS_SPECTRUM4/pngs/97.png
[notice ] 23:21:13 : /Users/santiagovilanova/Desktop/INDOMITES/FORMS_SPECTRUM4/pngs/98.png
[notice ] 23:21:15 : /Users/santiagovilanova/Desktop/INDOMITES/FORMS_SPECTRUM4/pngs/98.png
[notice ] 23:21:17 : /Users/santiagovilanova/Desktop/INDOMITES/FORMS_SPECTRUM4/pngs/98.png
[notice ] 23:21:20 : /Users/santiagovilanova/Desktop/INDOMITES/FORMS_SPECTRUM4/pngs/99.png
[notice ] 23:21:22 : /Users/santiagovilanova/Desktop/INDOMITES/FORMS_SPECTRUM4/pngs/99.png
[notice ] 23:21:24 : /Users/santiagovilanova/Desktop/INDOMITES/FORMS_SPECTRUM4/pngs/100.png
[notice ] 23:21:26 : /Users/santiagovilanova/Desktop/INDOMITES/FORMS_SPECTRUM4/pngs/100.png
[notice ] 23:21:28 : /Users/santiagovilanova/Desktop/INDOMITES/FORMS_SPECTRUM4/pngs/101.png
[notice ] 23:21:30 : /Users/santiagovilanova/Desktop/INDOMITES/FORMS_SPECTRUM4/pngs/101.png
[notice ] 23:21:32 : /Users/santiagovilanova/Desktop/INDOMITES/FORMS_SPECTRUM4/pngs/102.png
[notice ] 23:21:34 : /Users/santiagovilanova/Desktop/INDOMITES/FORMS_SPECTRUM4/pngs/102.png
[notice ] 23:21:37 : /Users/santiagovilanova/Desktop/INDOMITES/FORMS_SPECTRUM4/pngs/102.png
[notice ] 23:21:39 : /Users/santiagovilanova/Desktop/INDOMITES/FORMS_SPECTRUM4/pngs/103.png
[notice ] 23:21:41 : /Users/santiagovilanova/Desktop/INDOMITES/FORMS_SPECTRUM4/pngs/103.png
[notice ] 23:21:43 : /Users/santiagovilanova/Desktop/INDOMITES/FORMS_SPECTRUM4/pngs/104.png
[notice ] 23:21:45 : /Users/santiagovilanova/Desktop/INDOMITES/FORMS_SPECTRUM4/pngs/104.png
[notice ] 23:21:47 : /Users/santiagovilanova/Desktop/INDOMITES/FORMS_SPECTRUM4/pngs/105.png
[notice ] 23:21:49 : /Users/santiagovilanova/Desktop/INDOMITES/FORMS_SPECTRUM4/pngs/106.png
[notice ] 23:21:52 : /Users/santiagovilanova/Desktop/INDOMITES/FORMS_SPECTRUM4/pngs/107.png
[notice ] 23:21:54 : /Users/santiagovilanova/Desktop/INDOMITES/FORMS_SPECTRUM4/pngs/108.png
[notice ] 23:21:56 : /Users/santiagovilanova/Desktop/INDOMITES/FORMS_SPECTRUM4/pngs/108.png
[notice ] 23:21:58 : /Users/santiagovilanova/Desktop/INDOMITES/FORMS_SPECTRUM4/pngs/108.png
[notice ] 23:22:00 : /Users/santiagovilanova/Desktop/INDOMITES/FORMS_SPECTRUM4/pngs/109.png
[notice ] 23:22:02 : /Users/santiagovilanova/Desktop/INDOMITES/FORMS_SPECTRUM4/pngs/109.png
[notice ] 23:22:04 : /Users/santiagovilanova/Desktop/INDOMITES/FORMS_SPECTRUM4/pngs/110.png
[notice ] 23:22:06 : /Users/santiagovilanova/Desktop/INDOMITES/FORMS_SPECTRUM4/pngs/110.png
[notice ] 23:22:09 : /Users/santiagovilanova/Desktop/INDOMITES/FORMS_SPECTRUM4/pngs/110.png
[notice ] 23:22:11 : /Users/santiagovilanova/Desktop/INDOMITES/FORMS_SPECTRUM4/pngs/111.png
[notice ] 23:22:13 : /Users/santiagovilanova/Desktop/INDOMITES/FORMS_SPECTRUM4/pngs/111.png
[notice ] 23:22:15 : /Users/santiagovilanova/Desktop/INDOMITES/FORMS_SPECTRUM4/pngs/112.png
[notice ] 23:22:17 : /Users/santiagovilanova/Desktop/INDOMITES/FORMS_SPECTRUM4/pngs/113.png
[notice ] 23:22:19 : /Users/santiagovilanova/Desktop/INDOMITES/FORMS_SPECTRUM4/pngs/113.png
[notice ] 23:22:21 : /Users/santiagovilanova/Desktop/INDOMITES/FORMS_SPECTRUM4/pngs/114.png
[notice ] 23:22:24 : /Users/santiagovilanova/Desktop/INDOMITES/FORMS_SPECTRUM4/pngs/114.png
[notice ] 23:22:26 : /Users/santiagovilanova/Desktop/INDOMITES/FORMS_SPECTRUM4/pngs/114.png
[notice ] 23:22:28 : /Users/santiagovilanova/Desktop/INDOMITES/FORMS_SPECTRUM4/pngs/115.png
[notice ] 23:22:30 : /Users/santiagovilanova/Desktop/INDOMITES/FORMS_SPECTRUM4/pngs/115.png
[notice ] 23:22:32 : /Users/santiagovilanova/Desktop/INDOMITES/FORMS_SPECTRUM4/pngs/115.png
[notice ] 23:22:34 : /Users/santiagovilanova/Desktop/INDOMITES/FORMS_SPECTRUM4/pngs/116.png
[ error ] ofAppGLFWWindow: 65544: Cocoa: Failed to find service port for display
[notice ] 23:22:36 : /Users/santiagovilanova/Desktop/INDOMITES/FORMS_SPECTRUM4/pngs/117.png
[notice ] 23:22:38 : /Users/santiagovilanova/Desktop/INDOMITES/FORMS_SPECTRUM4/pngs/117.png
[notice ] 23:22:41 : /Users/santiagovilanova/Desktop/INDOMITES/FORMS_SPECTRUM4/pngs/117.png
[notice ] 23:22:43 : /Users/santiagovilanova/Desktop/INDOMITES/FORMS_SPECTRUM4/pngs/118.png
[notice ] 23:22:45 : /Users/santiagovilanova/Desktop/INDOMITES/FORMS_SPECTRUM4/pngs/118.png
[ error ] ofAppGLFWWindow: 65544: Cocoa: Failed to find service port for display
[notice ] 23:22:47 : /Users/santiagovilanova/Desktop/INDOMITES/FORMS_SPECTRUM4/pngs/119.png
[notice ] 23:22:49 : /Users/santiagovilanova/Desktop/INDOMITES/FORMS_SPECTRUM4/pngs/119.png
[notice ] 23:22:51 : /Users/santiagovilanova/Desktop/INDOMITES/FORMS_SPECTRUM4/pngs/120.png
[notice ] 23:22:53 : /Users/santiagovilanova/Desktop/INDOMITES/FORMS_SPECTRUM4/pngs/120.png
[notice ] 23:22:56 : /Users/santiagovilanova/Desktop/INDOMITES/FORMS_SPECTRUM4/pngs/120.png
[notice ] 23:22:58 : /Users/santiagovilanova/Desktop/INDOMITES/FORMS_SPECTRUM4/pngs/121.png
[notice ] 23:23:00 : /Users/santiagovilanova/Desktop/INDOMITES/FORMS_SPECTRUM4/pngs/122.png
[notice ] 23:23:02 : /Users/santiagovilanova/Desktop/INDOMITES/FORMS_SPECTRUM4/pngs/122.png
[ error ] ofAppGLFWWindow: 65544: Cocoa: Failed to find service port for display
[notice ] 23:23:04 : /Users/santiagovilanova/Desktop/INDOMITES/FORMS_SPECTRUM4/pngs/123.png
[notice ] 23:23:06 : /Users/santiagovilanova/Desktop/INDOMITES/FORMS_SPECTRUM4/pngs/123.png
[notice ] 23:23:08 : /Users/santiagovilanova/Desktop/INDOMITES/FORMS_SPECTRUM4/pngs/123.png
[notice ] 23:23:10 : /Users/santiagovilanova/Desktop/INDOMITES/FORMS_SPECTRUM4/pngs/124.png
[notice ] 23:23:13 : /Users/santiagovilanova/Desktop/INDOMITES/FORMS_SPECTRUM4/pngs/125.png
[notice ] 23:23:15 : /Users/santiagovilanova/Desktop/INDOMITES/FORMS_SPECTRUM4/pngs/125.png
[notice ] 23:23:17 : /Users/santiagovilanova/Desktop/INDOMITES/FORMS_SPECTRUM4/pngs/125.png
[notice ] 23:23:19 : /Users/santiagovilanova/Desktop/INDOMITES/FORMS_SPECTRUM4/pngs/126.png
[notice ] 23:23:21 : /Users/santiagovilanova/Desktop/INDOMITES/FORMS_SPECTRUM4/pngs/126.png
[notice ] 23:23:23 : /Users/santiagovilanova/Desktop/INDOMITES/FORMS_SPECTRUM4/pngs/126.png
[notice ] 23:23:25 : /Users/santiagovilanova/Desktop/INDOMITES/FORMS_SPECTRUM4/pngs/127.png
[ error ] ofAppGLFWWindow: 65544: Cocoa: Failed to find service port for display
[notice ] 23:23:28 : /Users/santiagovilanova/Desktop/INDOMITES/FORMS_SPECTRUM4/pngs/127.png
[notice ] 23:23:30 : /Users/santiagovilanova/Desktop/INDOMITES/FORMS_SPECTRUM4/pngs/128.png
[notice ] 23:23:32 : /Users/santiagovilanova/Desktop/INDOMITES/FORMS_SPECTRUM4/pngs/128.png
[notice ] 23:23:34 : /Users/santiagovilanova/Desktop/INDOMITES/FORMS_SPECTRUM4/pngs/129.png
[notice ] 23:23:36 : /Users/santiagovilanova/Desktop/INDOMITES/FORMS_SPECTRUM4/pngs/129.png
[notice ] 23:23:38 : /Users/santiagovilanova/Desktop/INDOMITES/FORMS_SPECTRUM4/pngs/129.png
[notice ] 23:23:40 : /Users/santiagovilanova/Desktop/INDOMITES/FORMS_SPECTRUM4/pngs/130.png
[notice ] 23:23:42 : /Users/santiagovilanova/Desktop/INDOMITES/FORMS_SPECTRUM4/pngs/130.png
[notice ] 23:23:45 : /Users/santiagovilanova/Desktop/INDOMITES/FORMS_SPECTRUM4/pngs/130.png
[ error ] ofAppGLFWWindow: 65544: Cocoa: Failed to find service port for display
[notice ] 23:23:47 : /Users/santiagovilanova/Desktop/INDOMITES/FORMS_SPECTRUM4/pngs/131.png
[notice ] 23:23:49 : /Users/santiagovilanova/Desktop/INDOMITES/FORMS_SPECTRUM4/pngs/131.png
[notice ] 23:23:51 : /Users/santiagovilanova/Desktop/INDOMITES/FORMS_SPECTRUM4/pngs/132.png
[notice ] 23:23:53 : /Users/santiagovilanova/Desktop/INDOMITES/FORMS_SPECTRUM4/pngs/133.png
[notice ] 23:23:55 : /Users/santiagovilanova/Desktop/INDOMITES/FORMS_SPECTRUM4/pngs/133.png
[notice ] 23:23:57 : /Users/santiagovilanova/Desktop/INDOMITES/FORMS_SPECTRUM4/pngs/133.png
[notice ] 23:24:00 : /Users/santiagovilanova/Desktop/INDOMITES/FORMS_SPECTRUM4/pngs/134.png
[notice ] 23:24:02 : /Users/santiagovilanova/Desktop/INDOMITES/FORMS_SPECTRUM4/pngs/134.png
[notice ] 23:24:04 : /Users/santiagovilanova/Desktop/INDOMITES/FORMS_SPECTRUM4/pngs/134.png
[notice ] 23:24:06 : /Users/santiagovilanova/Desktop/INDOMITES/FORMS_SPECTRUM4/pngs/135.png
[notice ] 23:24:08 : /Users/santiagovilanova/Desktop/INDOMITES/FORMS_SPECTRUM4/pngs/136.png
[notice ] 23:24:10 : /Users/santiagovilanova/Desktop/INDOMITES/FORMS_SPECTRUM4/pngs/136.png
[notice ] 23:24:12 : /Users/santiagovilanova/Desktop/INDOMITES/FORMS_SPECTRUM4/pngs/137.png
[notice ] 23:24:14 : /Users/santiagovilanova/Desktop/INDOMITES/FORMS_SPECTRUM4/pngs/137.png
[notice ] 23:24:17 : /Users/santiagovilanova/Desktop/INDOMITES/FORMS_SPECTRUM4/pngs/138.png
[notice ] 23:24:19 : /Users/santiagovilanova/Desktop/INDOMITES/FORMS_SPECTRUM4/pngs/138.png
[notice ] 23:24:21 : /Users/santiagovilanova/Desktop/INDOMITES/FORMS_SPECTRUM4/pngs/138.png
[notice ] 23:24:23 : /Users/santiagovilanova/Desktop/INDOMITES/FORMS_SPECTRUM4/pngs/139.png
[notice ] 23:24:25 : /Users/santiagovilanova/Desktop/INDOMITES/FORMS_SPECTRUM4/pngs/139.png
[notice ] 23:24:27 : /Users/santiagovilanova/Desktop/INDOMITES/FORMS_SPECTRUM4/pngs/139.png
[notice ] 23:24:29 : /Users/santiagovilanova/Desktop/INDOMITES/FORMS_SPECTRUM4/pngs/140.png
[notice ] 23:24:32 : /Users/santiagovilanova/Desktop/INDOMITES/FORMS_SPECTRUM4/pngs/140.png
[notice ] 23:24:34 : /Users/santiagovilanova/Desktop/INDOMITES/FORMS_SPECTRUM4/pngs/141.png
[notice ] 23:24:36 : /Users/santiagovilanova/Desktop/INDOMITES/FORMS_SPECTRUM4/pngs/142.png
[notice ] 23:24:38 : /Users/santiagovilanova/Desktop/INDOMITES/FORMS_SPECTRUM4/pngs/142.png
[ error ] ofAppGLFWWindow: 65544: Cocoa: Failed to find service port for display
[notice ] 23:24:40 : /Users/santiagovilanova/Desktop/INDOMITES/FORMS_SPECTRUM4/pngs/143.png
[notice ] 23:24:42 : /Users/santiagovilanova/Desktop/INDOMITES/FORMS_SPECTRUM4/pngs/143.png
[notice ] 23:24:44 : /Users/santiagovilanova/Desktop/INDOMITES/FORMS_SPECTRUM4/pngs/143.png
[notice ] 23:24:46 : /Users/santiagovilanova/Desktop/INDOMITES/FORMS_SPECTRUM4/pngs/144.png
[notice ] 23:24:49 : /Users/santiagovilanova/Desktop/INDOMITES/FORMS_SPECTRUM4/pngs/144.png
[notice ] 23:24:51 : /Users/santiagovilanova/Desktop/INDOMITES/FORMS_SPECTRUM4/pngs/145.png
[notice ] 23:24:53 : /Users/santiagovilanova/Desktop/INDOMITES/FORMS_SPECTRUM4/pngs/145.png
[notice ] 23:24:55 : /Users/santiagovilanova/Desktop/INDOMITES/FORMS_SPECTRUM4/pngs/146.png
[notice ] 23:24:57 : /Users/santiagovilanova/Desktop/INDOMITES/FORMS_SPECTRUM4/pngs/147.png
[notice ] 23:24:59 : /Users/santiagovilanova/Desktop/INDOMITES/FORMS_SPECTRUM4/pngs/147.png
[notice ] 23:25:01 : /Users/santiagovilanova/Desktop/INDOMITES/FORMS_SPECTRUM4/pngs/147.png
[notice ] 23:25:04 : /Users/santiagovilanova/Desktop/INDOMITES/FORMS_SPECTRUM4/pngs/148.png
[notice ] 23:25:06 : /Users/santiagovilanova/Desktop/INDOMITES/FORMS_SPECTRUM4/pngs/148.png
[notice ] 23:25:08 : /Users/santiagovilanova/Desktop/INDOMITES/FORMS_SPECTRUM4/pngs/148.png
[notice ] 23:25:10 : /Users/santiagovilanova/Desktop/INDOMITES/FORMS_SPECTRUM4/pngs/149.png
[notice ] 23:25:12 : /Users/santiagovilanova/Desktop/INDOMITES/FORMS_SPECTRUM4/pngs/150.png
[notice ] 23:25:14 : /Users/santiagovilanova/Desktop/INDOMITES/FORMS_SPECTRUM4/pngs/150.png
[notice ] 23:25:16 : /Users/santiagovilanova/Desktop/INDOMITES/FORMS_SPECTRUM4/pngs/150.png
[notice ] 23:25:18 : /Users/santiagovilanova/Desktop/INDOMITES/FORMS_SPECTRUM4/pngs/151.png
[notice ] 23:25:21 : /Users/santiagovilanova/Desktop/INDOMITES/FORMS_SPECTRUM4/pngs/151.png
[notice ] 23:25:23 : /Users/santiagovilanova/Desktop/INDOMITES/FORMS_SPECTRUM4/pngs/152.png
[notice ] 23:25:25 : /Users/santiagovilanova/Desktop/INDOMITES/FORMS_SPECTRUM4/pngs/152.png
[notice ] 23:25:27 : /Users/santiagovilanova/Desktop/INDOMITES/FORMS_SPECTRUM4/pngs/152.png
[notice ] 23:25:29 : /Users/santiagovilanova/Desktop/INDOMITES/FORMS_SPECTRUM4/pngs/153.png
[notice ] 23:25:31 : /Users/santiagovilanova/Desktop/INDOMITES/FORMS_SPECTRUM4/pngs/153.png
[notice ] 23:25:33 : /Users/santiagovilanova/Desktop/INDOMITES/FORMS_SPECTRUM4/pngs/153.png
[notice ] 23:25:36 : /Users/santiagovilanova/Desktop/INDOMITES/FORMS_SPECTRUM4/pngs/153.png
[ error ] ofAppGLFWWindow: 65544: Cocoa: Failed to find service port for display
[notice ] 23:25:38 : /Users/santiagovilanova/Desktop/INDOMITES/FORMS_SPECTRUM4/pngs/154.png
[notice ] 23:25:40 : /Users/santiagovilanova/Desktop/INDOMITES/FORMS_SPECTRUM4/pngs/154.png
[notice ] 23:25:42 : /Users/santiagovilanova/Desktop/INDOMITES/FORMS_SPECTRUM4/pngs/155.png
[notice ] 23:25:44 : /Users/santiagovilanova/Desktop/INDOMITES/FORMS_SPECTRUM4/pngs/155.png
[notice ] 23:25:46 : /Users/santiagovilanova/Desktop/INDOMITES/FORMS_SPECTRUM4/pngs/155.png
[notice ] 23:25:48 : /Users/santiagovilanova/Desktop/INDOMITES/FORMS_SPECTRUM4/pngs/156.png
[notice ] 23:25:50 : /Users/santiagovilanova/Desktop/INDOMITES/FORMS_SPECTRUM4/pngs/156.png
[notice ] 23:25:53 : /Users/santiagovilanova/Desktop/INDOMITES/FORMS_SPECTRUM4/pngs/157.png
[notice ] 23:25:55 : /Users/santiagovilanova/Desktop/INDOMITES/FORMS_SPECTRUM4/pngs/157.png
[notice ] 23:25:57 : /Users/santiagovilanova/Desktop/INDOMITES/FORMS_SPECTRUM4/pngs/157.png
[notice ] 23:25:59 : /Users/santiagovilanova/Desktop/INDOMITES/FORMS_SPECTRUM4/pngs/158.png
[notice ] 23:26:01 : /Users/santiagovilanova/Desktop/INDOMITES/FORMS_SPECTRUM4/pngs/158.png
[notice ] 23:26:03 : /Users/santiagovilanova/Desktop/INDOMITES/FORMS_SPECTRUM4/pngs/159.png
[notice ] 23:26:05 : /Users/santiagovilanova/Desktop/INDOMITES/FORMS_SPECTRUM4/pngs/159.png
[notice ] 23:26:08 : /Users/santiagovilanova/Desktop/INDOMITES/FORMS_SPECTRUM4/pngs/159.png
[notice ] 23:26:10 : /Users/santiagovilanova/Desktop/INDOMITES/FORMS_SPECTRUM4/pngs/160.png
[notice ] 23:26:12 : /Users/santiagovilanova/Desktop/INDOMITES/FORMS_SPECTRUM4/pngs/161.png
[notice ] 23:26:14 : /Users/santiagovilanova/Desktop/INDOMITES/FORMS_SPECTRUM4/pngs/161.png
[notice ] 23:26:16 : /Users/santiagovilanova/Desktop/INDOMITES/FORMS_SPECTRUM4/pngs/161.png
[notice ] 23:26:18 : /Users/santiagovilanova/Desktop/INDOMITES/FORMS_SPECTRUM4/pngs/162.png
[notice ] 23:26:20 : /Users/santiagovilanova/Desktop/INDOMITES/FORMS_SPECTRUM4/pngs/162.png
[notice ] 23:26:22 : /Users/santiagovilanova/Desktop/INDOMITES/FORMS_SPECTRUM4/pngs/163.png
[notice ] 23:26:25 : /Users/santiagovilanova/Desktop/INDOMITES/FORMS_SPECTRUM4/pngs/163.png
[notice ] 23:26:27 : /Users/santiagovilanova/Desktop/INDOMITES/FORMS_SPECTRUM4/pngs/164.png
[notice ] 23:26:29 : /Users/santiagovilanova/Desktop/INDOMITES/FORMS_SPECTRUM4/pngs/165.png
[notice ] 23:26:31 : /Users/santiagovilanova/Desktop/INDOMITES/FORMS_SPECTRUM4/pngs/165.png
[ error ] ofAppGLFWWindow: 65544: Cocoa: Failed to find service port for display
[notice ] 23:26:33 : /Users/santiagovilanova/Desktop/INDOMITES/FORMS_SPECTRUM4/pngs/166.png
[notice ] 23:26:35 : /Users/santiagovilanova/Desktop/INDOMITES/FORMS_SPECTRUM4/pngs/166.png
[notice ] 23:26:37 : /Users/santiagovilanova/Desktop/INDOMITES/FORMS_SPECTRUM4/pngs/166.png
[notice ] 23:26:40 : /Users/santiagovilanova/Desktop/INDOMITES/FORMS_SPECTRUM4/pngs/167.png
[notice ] 23:26:42 : /Users/santiagovilanova/Desktop/INDOMITES/FORMS_SPECTRUM4/pngs/167.png
[notice ] 23:26:44 : /Users/santiagovilanova/Desktop/INDOMITES/FORMS_SPECTRUM4/pngs/168.png
[notice ] 23:26:46 : /Users/santiagovilanova/Desktop/INDOMITES/FORMS_SPECTRUM4/pngs/169.png
[notice ] 23:26:48 : /Users/santiagovilanova/Desktop/INDOMITES/FORMS_SPECTRUM4/pngs/169.png
[notice ] 23:26:50 : /Users/santiagovilanova/Desktop/INDOMITES/FORMS_SPECTRUM4/pngs/170.png
[notice ] 23:26:52 : /Users/santiagovilanova/Desktop/INDOMITES/FORMS_SPECTRUM4/pngs/170.png
[notice ] 23:26:54 : /Users/santiagovilanova/Desktop/INDOMITES/FORMS_SPECTRUM4/pngs/170.png
[notice ] 23:26:57 : /Users/santiagovilanova/Desktop/INDOMITES/FORMS_SPECTRUM4/pngs/171.png
[notice ] 23:26:59 : /Users/santiagovilanova/Desktop/INDOMITES/FORMS_SPECTRUM4/pngs/171.png
[notice ] 23:27:01 : /Users/santiagovilanova/Desktop/INDOMITES/FORMS_SPECTRUM4/pngs/172.png
[notice ] 23:27:03 : /Users/santiagovilanova/Desktop/INDOMITES/FORMS_SPECTRUM4/pngs/172.png
[notice ] 23:27:05 : /Users/santiagovilanova/Desktop/INDOMITES/FORMS_SPECTRUM4/pngs/173.png
[notice ] 23:27:07 : /Users/santiagovilanova/Desktop/INDOMITES/FORMS_SPECTRUM4/pngs/173.png
[notice ] 23:27:09 : /Users/santiagovilanova/Desktop/INDOMITES/FORMS_SPECTRUM4/pngs/173.png
[notice ] 23:27:12 : /Users/santiagovilanova/Desktop/INDOMITES/FORMS_SPECTRUM4/pngs/173.png
[notice ] 23:27:14 : /Users/santiagovilanova/Desktop/INDOMITES/FORMS_SPECTRUM4/pngs/174.png
[notice ] 23:27:16 : /Users/santiagovilanova/Desktop/INDOMITES/FORMS_SPECTRUM4/pngs/174.png
[notice ] 23:27:18 : /Users/santiagovilanova/Desktop/INDOMITES/FORMS_SPECTRUM4/pngs/175.png
[notice ] 23:27:20 : /Users/santiagovilanova/Desktop/INDOMITES/FORMS_SPECTRUM4/pngs/175.png
[notice ] 23:27:22 : /Users/santiagovilanova/Desktop/INDOMITES/FORMS_SPECTRUM4/pngs/176.png
[notice ] 23:27:24 : /Users/santiagovilanova/Desktop/INDOMITES/FORMS_SPECTRUM4/pngs/177.png
[notice ] 23:27:26 : /Users/santiagovilanova/Desktop/INDOMITES/FORMS_SPECTRUM4/pngs/177.png
[notice ] 23:27:29 : /Users/santiagovilanova/Desktop/INDOMITES/FORMS_SPECTRUM4/pngs/178.png
[notice ] 23:27:31 : /Users/santiagovilanova/Desktop/INDOMITES/FORMS_SPECTRUM4/pngs/178.png
[notice ] 23:27:33 : /Users/santiagovilanova/Desktop/INDOMITES/FORMS_SPECTRUM4/pngs/179.png
[notice ] 23:27:35 : /Users/santiagovilanova/Desktop/INDOMITES/FORMS_SPECTRUM4/pngs/179.png
[notice ] 23:27:37 : /Users/santiagovilanova/Desktop/INDOMITES/FORMS_SPECTRUM4/pngs/180.png
[notice ] 23:27:39 : /Users/santiagovilanova/Desktop/INDOMITES/FORMS_SPECTRUM4/pngs/180.png
[notice ] 23:27:41 : /Users/santiagovilanova/Desktop/INDOMITES/FORMS_SPECTRUM4/pngs/181.png
[notice ] 23:27:44 : /Users/santiagovilanova/Desktop/INDOMITES/FORMS_SPECTRUM4/pngs/181.png
[notice ] 23:27:46 : /Users/santiagovilanova/Desktop/INDOMITES/FORMS_SPECTRUM4/pngs/181.png
