

--------------------------------------- 2022-02-10-13-20-02-375
[notice ] 13:20:04 : Portada 2
[ error ] ofImage: loadImage(): couldn't load image from """"
[ error ] ofxThreadedImageLoader: couldn't load file: ""
[notice ] 13:20:28 : 
[notice ] 13:20:47 : 
[notice ] 13:21:07 : /Users/playmodesstudio/Dropbox/PLAYMODES_STUDIO/2021/FORMS/P5/FORMS_SPECTRUM2/pngs/2.png
[notice ] 13:21:26 : /Users/playmodesstudio/Dropbox/PLAYMODES_STUDIO/2021/FORMS/P5/FORMS_SPECTRUM2/pngs/3.png
[notice ] 13:21:43 : /Users/playmodesstudio/Dropbox/PLAYMODES_STUDIO/2021/FORMS/P5/FORMS_SPECTRUM2/pngs/3.png
[notice ] 13:21:45 : /Users/playmodesstudio/Dropbox/PLAYMODES_STUDIO/2021/FORMS/P5/FORMS_SPECTRUM2/pngs/4.png
[notice ] 13:21:47 : /Users/playmodesstudio/Dropbox/PLAYMODES_STUDIO/2021/FORMS/P5/FORMS_SPECTRUM2/pngs/5.png
[notice ] 13:21:49 : /Users/playmodesstudio/Dropbox/PLAYMODES_STUDIO/2021/FORMS/P5/FORMS_SPECTRUM2/pngs/6.png
[notice ] 13:21:51 : /Users/playmodesstudio/Dropbox/PLAYMODES_STUDIO/2021/FORMS/P5/FORMS_SPECTRUM2/pngs/6.png
[notice ] 13:21:53 : /Users/playmodesstudio/Dropbox/PLAYMODES_STUDIO/2021/FORMS/P5/FORMS_SPECTRUM2/pngs/6.png
[notice ] 13:21:55 : /Users/playmodesstudio/Dropbox/PLAYMODES_STUDIO/2021/FORMS/P5/FORMS_SPECTRUM2/pngs/7.png
[notice ] 13:21:57 : /Users/playmodesstudio/Dropbox/PLAYMODES_STUDIO/2021/FORMS/P5/FORMS_SPECTRUM2/pngs/7.png
[notice ] 13:21:59 : /Users/playmodesstudio/Dropbox/PLAYMODES_STUDIO/2021/FORMS/P5/FORMS_SPECTRUM2/pngs/8.png
[notice ] 13:22:01 : /Users/playmodesstudio/Dropbox/PLAYMODES_STUDIO/2021/FORMS/P5/FORMS_SPECTRUM2/pngs/8.png
[notice ] 13:22:03 : /Users/playmodesstudio/Dropbox/PLAYMODES_STUDIO/2021/FORMS/P5/FORMS_SPECTRUM2/pngs/8.png
[notice ] 13:22:06 : /Users/playmodesstudio/Dropbox/PLAYMODES_STUDIO/2021/FORMS/P5/FORMS_SPECTRUM2/pngs/9.png
[notice ] 13:22:10 : /Users/playmodesstudio/Dropbox/PLAYMODES_STUDIO/2021/FORMS/P5/FORMS_SPECTRUM2/pngs/9.png
[notice ] 13:22:14 : /Users/playmodesstudio/Dropbox/PLAYMODES_STUDIO/2021/FORMS/P5/FORMS_SPECTRUM2/pngs/10.png
[notice ] 13:22:18 : /Users/playmodesstudio/Dropbox/PLAYMODES_STUDIO/2021/FORMS/P5/FORMS_SPECTRUM2/pngs/11.png
[notice ] 13:22:22 : /Users/playmodesstudio/Dropbox/PLAYMODES_STUDIO/2021/FORMS/P5/FORMS_SPECTRUM2/pngs/12.png
[notice ] 13:22:26 : /Users/playmodesstudio/Dropbox/PLAYMODES_STUDIO/2021/FORMS/P5/FORMS_SPECTRUM2/pngs/13.png
[notice ] 13:22:30 : /Users/playmodesstudio/Dropbox/PLAYMODES_STUDIO/2021/FORMS/P5/FORMS_SPECTRUM2/pngs/14.png
[notice ] 13:22:34 : /Users/playmodesstudio/Dropbox/PLAYMODES_STUDIO/2021/FORMS/P5/FORMS_SPECTRUM2/pngs/14.png
[notice ] 13:22:38 : /Users/playmodesstudio/Dropbox/PLAYMODES_STUDIO/2021/FORMS/P5/FORMS_SPECTRUM2/pngs/15.png
[notice ] 13:22:42 : /Users/playmodesstudio/Dropbox/PLAYMODES_STUDIO/2021/FORMS/P5/FORMS_SPECTRUM2/pngs/16.png
[notice ] 13:22:46 : /Users/playmodesstudio/Dropbox/PLAYMODES_STUDIO/2021/FORMS/P5/FORMS_SPECTRUM2/pngs/17.png
[notice ] 13:22:50 : /Users/playmodesstudio/Dropbox/PLAYMODES_STUDIO/2021/FORMS/P5/FORMS_SPECTRUM2/pngs/18.png
[notice ] 13:22:55 : /Users/playmodesstudio/Dropbox/PLAYMODES_STUDIO/2021/FORMS/P5/FORMS_SPECTRUM2/pngs/18.png
[notice ] 13:22:59 : /Users/playmodesstudio/Dropbox/PLAYMODES_STUDIO/2021/FORMS/P5/FORMS_SPECTRUM2/pngs/18.png
[notice ] 13:23:03 : /Users/playmodesstudio/Dropbox/PLAYMODES_STUDIO/2021/FORMS/P5/FORMS_SPECTRUM2/pngs/19.png
[notice ] 13:23:07 : /Users/playmodesstudio/Dropbox/PLAYMODES_STUDIO/2021/FORMS/P5/FORMS_SPECTRUM2/pngs/19.png
[notice ] 13:23:11 : /Users/playmodesstudio/Dropbox/PLAYMODES_STUDIO/2021/FORMS/P5/FORMS_SPECTRUM2/pngs/20.png
[notice ] 13:23:15 : /Users/playmodesstudio/Dropbox/PLAYMODES_STUDIO/2021/FORMS/P5/FORMS_SPECTRUM2/pngs/20.png
[notice ] 13:23:20 : /Users/playmodesstudio/Dropbox/PLAYMODES_STUDIO/2021/FORMS/P5/FORMS_SPECTRUM2/pngs/20.png
[notice ] 13:23:26 : /Users/playmodesstudio/Dropbox/PLAYMODES_STUDIO/2021/FORMS/P5/FORMS_SPECTRUM2/pngs/21.png
[notice ] 13:23:31 : /Users/playmodesstudio/Dropbox/PLAYMODES_STUDIO/2021/FORMS/P5/FORMS_SPECTRUM2/pngs/21.png
[notice ] 13:23:36 : /Users/playmodesstudio/Dropbox/PLAYMODES_STUDIO/2021/FORMS/P5/FORMS_SPECTRUM2/pngs/21.png
[notice ] 13:23:40 : /Users/playmodesstudio/Dropbox/PLAYMODES_STUDIO/2021/FORMS/P5/FORMS_SPECTRUM2/pngs/22.png
[notice ] 13:23:44 : /Users/playmodesstudio/Dropbox/PLAYMODES_STUDIO/2021/FORMS/P5/FORMS_SPECTRUM2/pngs/22.png
[notice ] 13:23:48 : /Users/playmodesstudio/Dropbox/PLAYMODES_STUDIO/2021/FORMS/P5/FORMS_SPECTRUM2/pngs/22.png
[notice ] 13:23:52 : /Users/playmodesstudio/Dropbox/PLAYMODES_STUDIO/2021/FORMS/P5/FORMS_SPECTRUM2/pngs/23.png
[notice ] 13:23:54 : /Users/playmodesstudio/Dropbox/PLAYMODES_STUDIO/2021/FORMS/P5/FORMS_SPECTRUM2/pngs/23.png
[notice ] 13:23:56 : /Users/playmodesstudio/Dropbox/PLAYMODES_STUDIO/2021/FORMS/P5/FORMS_SPECTRUM2/pngs/24.png
[notice ] 13:23:59 : /Users/playmodesstudio/Dropbox/PLAYMODES_STUDIO/2021/FORMS/P5/FORMS_SPECTRUM2/pngs/24.png
[notice ] 13:24:00 : /Users/playmodesstudio/Dropbox/PLAYMODES_STUDIO/2021/FORMS/P5/FORMS_SPECTRUM2/pngs/25.png
[notice ] 13:24:02 : /Users/playmodesstudio/Dropbox/PLAYMODES_STUDIO/2021/FORMS/P5/FORMS_SPECTRUM2/pngs/25.png
[notice ] 13:24:04 : /Users/playmodesstudio/Dropbox/PLAYMODES_STUDIO/2021/FORMS/P5/FORMS_SPECTRUM2/pngs/25.png
[notice ] 13:24:06 : /Users/playmodesstudio/Dropbox/PLAYMODES_STUDIO/2021/FORMS/P5/FORMS_SPECTRUM2/pngs/26.png
[notice ] 13:24:08 : /Users/playmodesstudio/Dropbox/PLAYMODES_STUDIO/2021/FORMS/P5/FORMS_SPECTRUM2/pngs/26.png
[notice ] 13:24:10 : /Users/playmodesstudio/Dropbox/PLAYMODES_STUDIO/2021/FORMS/P5/FORMS_SPECTRUM2/pngs/27.png
[notice ] 13:24:12 : /Users/playmodesstudio/Dropbox/PLAYMODES_STUDIO/2021/FORMS/P5/FORMS_SPECTRUM2/pngs/27.png
[notice ] 13:24:14 : /Users/playmodesstudio/Dropbox/PLAYMODES_STUDIO/2021/FORMS/P5/FORMS_SPECTRUM2/pngs/28.png
[notice ] 13:24:16 : /Users/playmodesstudio/Dropbox/PLAYMODES_STUDIO/2021/FORMS/P5/FORMS_SPECTRUM2/pngs/28.png
[notice ] 13:24:18 : /Users/playmodesstudio/Dropbox/PLAYMODES_STUDIO/2021/FORMS/P5/FORMS_SPECTRUM2/pngs/29.png
[notice ] 13:24:20 : /Users/playmodesstudio/Dropbox/PLAYMODES_STUDIO/2021/FORMS/P5/FORMS_SPECTRUM2/pngs/30.png
[notice ] 13:24:22 : /Users/playmodesstudio/Dropbox/PLAYMODES_STUDIO/2021/FORMS/P5/FORMS_SPECTRUM2/pngs/30.png
[notice ] 13:24:25 : /Users/playmodesstudio/Dropbox/PLAYMODES_STUDIO/2021/FORMS/P5/FORMS_SPECTRUM2/pngs/31.png
[notice ] 13:24:27 : /Users/playmodesstudio/Dropbox/PLAYMODES_STUDIO/2021/FORMS/P5/FORMS_SPECTRUM2/pngs/31.png
[notice ] 13:24:28 : /Users/playmodesstudio/Dropbox/PLAYMODES_STUDIO/2021/FORMS/P5/FORMS_SPECTRUM2/pngs/32.png
[notice ] 13:24:31 : /Users/playmodesstudio/Dropbox/PLAYMODES_STUDIO/2021/FORMS/P5/FORMS_SPECTRUM2/pngs/33.png
[notice ] 13:24:33 : /Users/playmodesstudio/Dropbox/PLAYMODES_STUDIO/2021/FORMS/P5/FORMS_SPECTRUM2/pngs/33.png
[notice ] 13:24:35 : /Users/playmodesstudio/Dropbox/PLAYMODES_STUDIO/2021/FORMS/P5/FORMS_SPECTRUM2/pngs/33.png
[notice ] 13:24:37 : /Users/playmodesstudio/Dropbox/PLAYMODES_STUDIO/2021/FORMS/P5/FORMS_SPECTRUM2/pngs/34.png
[notice ] 13:24:39 : /Users/playmodesstudio/Dropbox/PLAYMODES_STUDIO/2021/FORMS/P5/FORMS_SPECTRUM2/pngs/35.png
[notice ] 13:24:41 : /Users/playmodesstudio/Dropbox/PLAYMODES_STUDIO/2021/FORMS/P5/FORMS_SPECTRUM2/pngs/35.png
[notice ] 13:24:43 : /Users/playmodesstudio/Dropbox/PLAYMODES_STUDIO/2021/FORMS/P5/FORMS_SPECTRUM2/pngs/36.png
[notice ] 13:24:46 : /Users/playmodesstudio/Dropbox/PLAYMODES_STUDIO/2021/FORMS/P5/FORMS_SPECTRUM2/pngs/36.png
[notice ] 13:24:48 : /Users/playmodesstudio/Dropbox/PLAYMODES_STUDIO/2021/FORMS/P5/FORMS_SPECTRUM2/pngs/37.png
[notice ] 13:24:51 : /Users/playmodesstudio/Dropbox/PLAYMODES_STUDIO/2021/FORMS/P5/FORMS_SPECTRUM2/pngs/37.png
[notice ] 13:24:54 : /Users/playmodesstudio/Dropbox/PLAYMODES_STUDIO/2021/FORMS/P5/FORMS_SPECTRUM2/pngs/37.png
[notice ] 13:24:56 : /Users/playmodesstudio/Dropbox/PLAYMODES_STUDIO/2021/FORMS/P5/FORMS_SPECTRUM2/pngs/38.png
[notice ] 13:24:59 : /Users/playmodesstudio/Dropbox/PLAYMODES_STUDIO/2021/FORMS/P5/FORMS_SPECTRUM2/pngs/38.png
[notice ] 13:25:02 : /Users/playmodesstudio/Dropbox/PLAYMODES_STUDIO/2021/FORMS/P5/FORMS_SPECTRUM2/pngs/38.png
[notice ] 13:25:04 : /Users/playmodesstudio/Dropbox/PLAYMODES_STUDIO/2021/FORMS/P5/FORMS_SPECTRUM2/pngs/39.png
[notice ] 13:25:07 : /Users/playmodesstudio/Dropbox/PLAYMODES_STUDIO/2021/FORMS/P5/FORMS_SPECTRUM2/pngs/39.png
[notice ] 13:25:09 : /Users/playmodesstudio/Dropbox/PLAYMODES_STUDIO/2021/FORMS/P5/FORMS_SPECTRUM2/pngs/39.png
[notice ] 13:25:12 : /Users/playmodesstudio/Dropbox/PLAYMODES_STUDIO/2021/FORMS/P5/FORMS_SPECTRUM2/pngs/39.png
[notice ] 13:25:15 : /Users/playmodesstudio/Dropbox/PLAYMODES_STUDIO/2021/FORMS/P5/FORMS_SPECTRUM2/pngs/40.png
[notice ] 13:25:17 : /Users/playmodesstudio/Dropbox/PLAYMODES_STUDIO/2021/FORMS/P5/FORMS_SPECTRUM2/pngs/40.png
[notice ] 13:25:20 : /Users/playmodesstudio/Dropbox/PLAYMODES_STUDIO/2021/FORMS/P5/FORMS_SPECTRUM2/pngs/41.png
[notice ] 13:25:22 : /Users/playmodesstudio/Dropbox/PLAYMODES_STUDIO/2021/FORMS/P5/FORMS_SPECTRUM2/pngs/41.png
[notice ] 13:25:25 : /Users/playmodesstudio/Dropbox/PLAYMODES_STUDIO/2021/FORMS/P5/FORMS_SPECTRUM2/pngs/41.png
[notice ] 13:25:28 : /Users/playmodesstudio/Dropbox/PLAYMODES_STUDIO/2021/FORMS/P5/FORMS_SPECTRUM2/pngs/42.png
[notice ] 13:25:30 : /Users/playmodesstudio/Dropbox/PLAYMODES_STUDIO/2021/FORMS/P5/FORMS_SPECTRUM2/pngs/42.png
[notice ] 13:25:33 : /Users/playmodesstudio/Dropbox/PLAYMODES_STUDIO/2021/FORMS/P5/FORMS_SPECTRUM2/pngs/42.png
[notice ] 13:25:35 : /Users/playmodesstudio/Dropbox/PLAYMODES_STUDIO/2021/FORMS/P5/FORMS_SPECTRUM2/pngs/42.png
[notice ] 13:25:38 : /Users/playmodesstudio/Dropbox/PLAYMODES_STUDIO/2021/FORMS/P5/FORMS_SPECTRUM2/pngs/43.png
[notice ] 13:25:43 : /Users/playmodesstudio/Dropbox/PLAYMODES_STUDIO/2021/FORMS/P5/FORMS_SPECTRUM2/pngs/43.png
[notice ] 13:25:46 : /Users/playmodesstudio/Dropbox/PLAYMODES_STUDIO/2021/FORMS/P5/FORMS_SPECTRUM2/pngs/43.png
[notice ] 13:25:48 : /Users/playmodesstudio/Dropbox/PLAYMODES_STUDIO/2021/FORMS/P5/FORMS_SPECTRUM2/pngs/44.png
[notice ] 13:25:51 : /Users/playmodesstudio/Dropbox/PLAYMODES_STUDIO/2021/FORMS/P5/FORMS_SPECTRUM2/pngs/44.png
[notice ] 13:25:54 : /Users/playmodesstudio/Dropbox/PLAYMODES_STUDIO/2021/FORMS/P5/FORMS_SPECTRUM2/pngs/44.png
[notice ] 13:25:56 : /Users/playmodesstudio/Dropbox/PLAYMODES_STUDIO/2021/FORMS/P5/FORMS_SPECTRUM2/pngs/44.png
[notice ] 13:25:59 : /Users/playmodesstudio/Dropbox/PLAYMODES_STUDIO/2021/FORMS/P5/FORMS_SPECTRUM2/pngs/45.png
[notice ] 13:26:02 : /Users/playmodesstudio/Dropbox/PLAYMODES_STUDIO/2021/FORMS/P5/FORMS_SPECTRUM2/pngs/45.png
[notice ] 13:26:04 : /Users/playmodesstudio/Dropbox/PLAYMODES_STUDIO/2021/FORMS/P5/FORMS_SPECTRUM2/pngs/45.png
[notice ] 13:26:07 : /Users/playmodesstudio/Dropbox/PLAYMODES_STUDIO/2021/FORMS/P5/FORMS_SPECTRUM2/pngs/46.png
[notice ] 13:26:09 : /Users/playmodesstudio/Dropbox/PLAYMODES_STUDIO/2021/FORMS/P5/FORMS_SPECTRUM2/pngs/46.png
[notice ] 13:26:12 : /Users/playmodesstudio/Dropbox/PLAYMODES_STUDIO/2021/FORMS/P5/FORMS_SPECTRUM2/pngs/46.png
[notice ] 13:26:15 : /Users/playmodesstudio/Dropbox/PLAYMODES_STUDIO/2021/FORMS/P5/FORMS_SPECTRUM2/pngs/46.png
[notice ] 13:26:17 : /Users/playmodesstudio/Dropbox/PLAYMODES_STUDIO/2021/FORMS/P5/FORMS_SPECTRUM2/pngs/46.png
[notice ] 13:26:20 : /Users/playmodesstudio/Dropbox/PLAYMODES_STUDIO/2021/FORMS/P5/FORMS_SPECTRUM2/pngs/47.png
[notice ] 13:26:22 : /Users/playmodesstudio/Dropbox/PLAYMODES_STUDIO/2021/FORMS/P5/FORMS_SPECTRUM2/pngs/47.png
[notice ] 13:26:25 : /Users/playmodesstudio/Dropbox/PLAYMODES_STUDIO/2021/FORMS/P5/FORMS_SPECTRUM2/pngs/47.png
[notice ] 13:26:28 : /Users/playmodesstudio/Dropbox/PLAYMODES_STUDIO/2021/FORMS/P5/FORMS_SPECTRUM2/pngs/48.png
[notice ] 13:26:30 : /Users/playmodesstudio/Dropbox/PLAYMODES_STUDIO/2021/FORMS/P5/FORMS_SPECTRUM2/pngs/48.png
[notice ] 13:26:33 : /Users/playmodesstudio/Dropbox/PLAYMODES_STUDIO/2021/FORMS/P5/FORMS_SPECTRUM2/pngs/48.png
[notice ] 13:26:36 : /Users/playmodesstudio/Dropbox/PLAYMODES_STUDIO/2021/FORMS/P5/FORMS_SPECTRUM2/pngs/49.png
[notice ] 13:26:38 : /Users/playmodesstudio/Dropbox/PLAYMODES_STUDIO/2021/FORMS/P5/FORMS_SPECTRUM2/pngs/49.png
[notice ] 13:26:41 : /Users/playmodesstudio/Dropbox/PLAYMODES_STUDIO/2021/FORMS/P5/FORMS_SPECTRUM2/pngs/49.png
[notice ] 13:26:43 : /Users/playmodesstudio/Dropbox/PLAYMODES_STUDIO/2021/FORMS/P5/FORMS_SPECTRUM2/pngs/50.png
[notice ] 13:26:46 : /Users/playmodesstudio/Dropbox/PLAYMODES_STUDIO/2021/FORMS/P5/FORMS_SPECTRUM2/pngs/50.png
[notice ] 13:26:49 : /Users/playmodesstudio/Dropbox/PLAYMODES_STUDIO/2021/FORMS/P5/FORMS_SPECTRUM2/pngs/50.png
[notice ] 13:26:51 : /Users/playmodesstudio/Dropbox/PLAYMODES_STUDIO/2021/FORMS/P5/FORMS_SPECTRUM2/pngs/50.png
[notice ] 13:26:54 : /Users/playmodesstudio/Dropbox/PLAYMODES_STUDIO/2021/FORMS/P5/FORMS_SPECTRUM2/pngs/51.png
[notice ] 13:27:00 : /Users/playmodesstudio/Dropbox/PLAYMODES_STUDIO/2021/FORMS/P5/FORMS_SPECTRUM2/pngs/51.png
[notice ] 13:27:12 : /Users/playmodesstudio/Dropbox/PLAYMODES_STUDIO/2021/FORMS/P5/FORMS_SPECTRUM2/pngs/51.png
[notice ] 13:27:24 : /Users/playmodesstudio/Dropbox/PLAYMODES_STUDIO/2021/FORMS/P5/FORMS_SPECTRUM2/pngs/53.png
[notice ] 13:27:36 : /Users/playmodesstudio/Dropbox/PLAYMODES_STUDIO/2021/FORMS/P5/FORMS_SPECTRUM2/pngs/54.png
[notice ] 13:27:48 : /Users/playmodesstudio/Dropbox/PLAYMODES_STUDIO/2021/FORMS/P5/FORMS_SPECTRUM2/pngs/55.png
[notice ] 13:28:00 : /Users/playmodesstudio/Dropbox/PLAYMODES_STUDIO/2021/FORMS/P5/FORMS_SPECTRUM2/pngs/56.png
[notice ] 13:28:12 : /Users/playmodesstudio/Dropbox/PLAYMODES_STUDIO/2021/FORMS/P5/FORMS_SPECTRUM2/pngs/56.png
[notice ] 13:28:24 : /Users/playmodesstudio/Dropbox/PLAYMODES_STUDIO/2021/FORMS/P5/FORMS_SPECTRUM2/pngs/58.png
[notice ] 13:28:36 : /Users/playmodesstudio/Dropbox/PLAYMODES_STUDIO/2021/FORMS/P5/FORMS_SPECTRUM2/pngs/59.png
[notice ] 13:28:48 : /Users/playmodesstudio/Dropbox/PLAYMODES_STUDIO/2021/FORMS/P5/FORMS_SPECTRUM2/pngs/60.png
[notice ] 13:29:00 : /Users/playmodesstudio/Dropbox/PLAYMODES_STUDIO/2021/FORMS/P5/FORMS_SPECTRUM2/pngs/60.png
[notice ] 13:29:12 : /Users/playmodesstudio/Dropbox/PLAYMODES_STUDIO/2021/FORMS/P5/FORMS_SPECTRUM2/pngs/62.png
[notice ] 13:29:24 : /Users/playmodesstudio/Dropbox/PLAYMODES_STUDIO/2021/FORMS/P5/FORMS_SPECTRUM2/pngs/63.png
[notice ] 13:29:36 : /Users/playmodesstudio/Dropbox/PLAYMODES_STUDIO/2021/FORMS/P5/FORMS_SPECTRUM2/pngs/63.png
[notice ] 13:29:48 : /Users/playmodesstudio/Dropbox/PLAYMODES_STUDIO/2021/FORMS/P5/FORMS_SPECTRUM2/pngs/64.png
[notice ] 13:30:00 : /Users/playmodesstudio/Dropbox/PLAYMODES_STUDIO/2021/FORMS/P5/FORMS_SPECTRUM2/pngs/66.png
[notice ] 13:30:12 : /Users/playmodesstudio/Dropbox/PLAYMODES_STUDIO/2021/FORMS/P5/FORMS_SPECTRUM2/pngs/67.png
[notice ] 13:30:24 : /Users/playmodesstudio/Dropbox/PLAYMODES_STUDIO/2021/FORMS/P5/FORMS_SPECTRUM2/pngs/68.png
[notice ] 13:30:36 : /Users/playmodesstudio/Dropbox/PLAYMODES_STUDIO/2021/FORMS/P5/FORMS_SPECTRUM2/pngs/68.png
[notice ] 13:30:48 : /Users/playmodesstudio/Dropbox/PLAYMODES_STUDIO/2021/FORMS/P5/FORMS_SPECTRUM2/pngs/70.png
[notice ] 13:31:09 : /Users/playmodesstudio/Dropbox/PLAYMODES_STUDIO/2021/FORMS/P5/FORMS_SPECTRUM2/pngs/71.png
[notice ] 13:31:33 : /Users/playmodesstudio/Dropbox/PLAYMODES_STUDIO/2021/FORMS/P5/FORMS_SPECTRUM2/pngs/72.png
[notice ] 13:31:57 : /Users/playmodesstudio/Dropbox/PLAYMODES_STUDIO/2021/FORMS/P5/FORMS_SPECTRUM2/pngs/74.png
[notice ] 13:32:21 : /Users/playmodesstudio/Dropbox/PLAYMODES_STUDIO/2021/FORMS/P5/FORMS_SPECTRUM2/pngs/77.png
[notice ] 13:32:42 : /Users/playmodesstudio/Dropbox/PLAYMODES_STUDIO/2021/FORMS/P5/FORMS_SPECTRUM2/pngs/79.png
[notice ] 13:32:47 : /Users/playmodesstudio/Dropbox/PLAYMODES_STUDIO/2021/FORMS/P5/FORMS_SPECTRUM2/pngs/80.png
[notice ] 13:32:50 : /Users/playmodesstudio/Dropbox/PLAYMODES_STUDIO/2021/FORMS/P5/FORMS_SPECTRUM2/pngs/81.png
[notice ] 13:32:54 : /Users/playmodesstudio/Dropbox/PLAYMODES_STUDIO/2021/FORMS/P5/FORMS_SPECTRUM2/pngs/81.png
[notice ] 13:33:00 : /Users/playmodesstudio/Dropbox/PLAYMODES_STUDIO/2021/FORMS/P5/FORMS_SPECTRUM2/pngs/82.png
[notice ] 13:33:06 : /Users/playmodesstudio/Dropbox/PLAYMODES_STUDIO/2021/FORMS/P5/FORMS_SPECTRUM2/pngs/82.png
[notice ] 13:33:12 : /Users/playmodesstudio/Dropbox/PLAYMODES_STUDIO/2021/FORMS/P5/FORMS_SPECTRUM2/pngs/82.png
[notice ] 13:33:18 : /Users/playmodesstudio/Dropbox/PLAYMODES_STUDIO/2021/FORMS/P5/FORMS_SPECTRUM2/pngs/83.png
[notice ] 13:33:24 : /Users/playmodesstudio/Dropbox/PLAYMODES_STUDIO/2021/FORMS/P5/FORMS_SPECTRUM2/pngs/83.png
[notice ] 13:33:30 : /Users/playmodesstudio/Dropbox/PLAYMODES_STUDIO/2021/FORMS/P5/FORMS_SPECTRUM2/pngs/84.png
[notice ] 13:33:36 : /Users/playmodesstudio/Dropbox/PLAYMODES_STUDIO/2021/FORMS/P5/FORMS_SPECTRUM2/pngs/84.png
[notice ] 13:33:42 : /Users/playmodesstudio/Dropbox/PLAYMODES_STUDIO/2021/FORMS/P5/FORMS_SPECTRUM2/pngs/85.png
[notice ] 13:33:48 : /Users/playmodesstudio/Dropbox/PLAYMODES_STUDIO/2021/FORMS/P5/FORMS_SPECTRUM2/pngs/85.png
[notice ] 13:33:54 : /Users/playmodesstudio/Dropbox/PLAYMODES_STUDIO/2021/FORMS/P5/FORMS_SPECTRUM2/pngs/86.png
[notice ] 13:34:00 : /Users/playmodesstudio/Dropbox/PLAYMODES_STUDIO/2021/FORMS/P5/FORMS_SPECTRUM2/pngs/86.png
[notice ] 13:34:06 : /Users/playmodesstudio/Dropbox/PLAYMODES_STUDIO/2021/FORMS/P5/FORMS_SPECTRUM2/pngs/87.png
[notice ] 13:34:12 : /Users/playmodesstudio/Dropbox/PLAYMODES_STUDIO/2021/FORMS/P5/FORMS_SPECTRUM2/pngs/87.png
[notice ] 13:34:18 : /Users/playmodesstudio/Dropbox/PLAYMODES_STUDIO/2021/FORMS/P5/FORMS_SPECTRUM2/pngs/88.png
[notice ] 13:34:24 : /Users/playmodesstudio/Dropbox/PLAYMODES_STUDIO/2021/FORMS/P5/FORMS_SPECTRUM2/pngs/88.png
[notice ] 13:34:30 : /Users/playmodesstudio/Dropbox/PLAYMODES_STUDIO/2021/FORMS/P5/FORMS_SPECTRUM2/pngs/89.png
[notice ] 13:34:36 : /Users/playmodesstudio/Dropbox/PLAYMODES_STUDIO/2021/FORMS/P5/FORMS_SPECTRUM2/pngs/89.png
[notice ] 13:34:42 : /Users/playmodesstudio/Dropbox/PLAYMODES_STUDIO/2021/FORMS/P5/FORMS_SPECTRUM2/pngs/90.png
[notice ] 13:34:48 : /Users/playmodesstudio/Dropbox/PLAYMODES_STUDIO/2021/FORMS/P5/FORMS_SPECTRUM2/pngs/90.png
[notice ] 13:34:54 : /Users/playmodesstudio/Dropbox/PLAYMODES_STUDIO/2021/FORMS/P5/FORMS_SPECTRUM2/pngs/91.png
[notice ] 13:35:00 : /Users/playmodesstudio/Dropbox/PLAYMODES_STUDIO/2021/FORMS/P5/FORMS_SPECTRUM2/pngs/91.png
[notice ] 13:35:06 : /Users/playmodesstudio/Dropbox/PLAYMODES_STUDIO/2021/FORMS/P5/FORMS_SPECTRUM2/pngs/91.png
[notice ] 13:35:12 : /Users/playmodesstudio/Dropbox/PLAYMODES_STUDIO/2021/FORMS/P5/FORMS_SPECTRUM2/pngs/92.png
[notice ] 13:35:18 : /Users/playmodesstudio/Dropbox/PLAYMODES_STUDIO/2021/FORMS/P5/FORMS_SPECTRUM2/pngs/92.png
[notice ] 13:35:24 : /Users/playmodesstudio/Dropbox/PLAYMODES_STUDIO/2021/FORMS/P5/FORMS_SPECTRUM2/pngs/92.png
[notice ] 13:35:30 : /Users/playmodesstudio/Dropbox/PLAYMODES_STUDIO/2021/FORMS/P5/FORMS_SPECTRUM2/pngs/93.png
[notice ] 13:35:36 : /Users/playmodesstudio/Dropbox/PLAYMODES_STUDIO/2021/FORMS/P5/FORMS_SPECTRUM2/pngs/93.png
[notice ] 13:35:42 : /Users/playmodesstudio/Dropbox/PLAYMODES_STUDIO/2021/FORMS/P5/FORMS_SPECTRUM2/pngs/94.png
[notice ] 13:35:48 : /Users/playmodesstudio/Dropbox/PLAYMODES_STUDIO/2021/FORMS/P5/FORMS_SPECTRUM2/pngs/94.png
[notice ] 13:35:54 : /Users/playmodesstudio/Dropbox/PLAYMODES_STUDIO/2021/FORMS/P5/FORMS_SPECTRUM2/pngs/95.png
[notice ] 13:36:00 : /Users/playmodesstudio/Dropbox/PLAYMODES_STUDIO/2021/FORMS/P5/FORMS_SPECTRUM2/pngs/95.png
[notice ] 13:36:06 : /Users/playmodesstudio/Dropbox/PLAYMODES_STUDIO/2021/FORMS/P5/FORMS_SPECTRUM2/pngs/95.png
[notice ] 13:36:12 : /Users/playmodesstudio/Dropbox/PLAYMODES_STUDIO/2021/FORMS/P5/FORMS_SPECTRUM2/pngs/96.png
[notice ] 13:36:18 : /Users/playmodesstudio/Dropbox/PLAYMODES_STUDIO/2021/FORMS/P5/FORMS_SPECTRUM2/pngs/96.png
[notice ] 13:36:24 : /Users/playmodesstudio/Dropbox/PLAYMODES_STUDIO/2021/FORMS/P5/FORMS_SPECTRUM2/pngs/96.png
[notice ] 13:36:30 : /Users/playmodesstudio/Dropbox/PLAYMODES_STUDIO/2021/FORMS/P5/FORMS_SPECTRUM2/pngs/97.png
[notice ] 13:36:36 : /Users/playmodesstudio/Dropbox/PLAYMODES_STUDIO/2021/FORMS/P5/FORMS_SPECTRUM2/pngs/97.png
[notice ] 13:36:42 : /Users/playmodesstudio/Dropbox/PLAYMODES_STUDIO/2021/FORMS/P5/FORMS_SPECTRUM2/pngs/97.png
[notice ] 13:36:48 : /Users/playmodesstudio/Dropbox/PLAYMODES_STUDIO/2021/FORMS/P5/FORMS_SPECTRUM2/pngs/98.png
[notice ] 13:36:54 : /Users/playmodesstudio/Dropbox/PLAYMODES_STUDIO/2021/FORMS/P5/FORMS_SPECTRUM2/pngs/98.png
[notice ] 13:37:00 : /Users/playmodesstudio/Dropbox/PLAYMODES_STUDIO/2021/FORMS/P5/FORMS_SPECTRUM2/pngs/99.png
[notice ] 13:37:06 : /Users/playmodesstudio/Dropbox/PLAYMODES_STUDIO/2021/FORMS/P5/FORMS_SPECTRUM2/pngs/99.png
[notice ] 13:37:12 : /Users/playmodesstudio/Dropbox/PLAYMODES_STUDIO/2021/FORMS/P5/FORMS_SPECTRUM2/pngs/100.png
[notice ] 13:37:18 : /Users/playmodesstudio/Dropbox/PLAYMODES_STUDIO/2021/FORMS/P5/FORMS_SPECTRUM2/pngs/100.png
[notice ] 13:37:24 : /Users/playmodesstudio/Dropbox/PLAYMODES_STUDIO/2021/FORMS/P5/FORMS_SPECTRUM2/pngs/100.png
[notice ] 13:37:30 : /Users/playmodesstudio/Dropbox/PLAYMODES_STUDIO/2021/FORMS/P5/FORMS_SPECTRUM2/pngs/101.png
[notice ] 13:37:36 : /Users/playmodesstudio/Dropbox/PLAYMODES_STUDIO/2021/FORMS/P5/FORMS_SPECTRUM2/pngs/101.png
[notice ] 13:37:42 : /Users/playmodesstudio/Dropbox/PLAYMODES_STUDIO/2021/FORMS/P5/FORMS_SPECTRUM2/pngs/102.png
[notice ] 13:37:48 : /Users/playmodesstudio/Dropbox/PLAYMODES_STUDIO/2021/FORMS/P5/FORMS_SPECTRUM2/pngs/102.png
[notice ] 13:37:54 : /Users/playmodesstudio/Dropbox/PLAYMODES_STUDIO/2021/FORMS/P5/FORMS_SPECTRUM2/pngs/103.png
[notice ] 13:38:00 : /Users/playmodesstudio/Dropbox/PLAYMODES_STUDIO/2021/FORMS/P5/FORMS_SPECTRUM2/pngs/103.png
[notice ] 13:38:06 : /Users/playmodesstudio/Dropbox/PLAYMODES_STUDIO/2021/FORMS/P5/FORMS_SPECTRUM2/pngs/103.png
[notice ] 13:38:12 : /Users/playmodesstudio/Dropbox/PLAYMODES_STUDIO/2021/FORMS/P5/FORMS_SPECTRUM2/pngs/104.png
[notice ] 13:38:18 : /Users/playmodesstudio/Dropbox/PLAYMODES_STUDIO/2021/FORMS/P5/FORMS_SPECTRUM2/pngs/104.png
[notice ] 13:38:24 : /Users/playmodesstudio/Dropbox/PLAYMODES_STUDIO/2021/FORMS/P5/FORMS_SPECTRUM2/pngs/104.png
[notice ] 13:38:30 : /Users/playmodesstudio/Dropbox/PLAYMODES_STUDIO/2021/FORMS/P5/FORMS_SPECTRUM2/pngs/105.png
[notice ] 13:38:36 : /Users/playmodesstudio/Dropbox/PLAYMODES_STUDIO/2021/FORMS/P5/FORMS_SPECTRUM2/pngs/105.png
[notice ] 13:38:42 : /Users/playmodesstudio/Dropbox/PLAYMODES_STUDIO/2021/FORMS/P5/FORMS_SPECTRUM2/pngs/106.png
[notice ] 13:38:48 : /Users/playmodesstudio/Dropbox/PLAYMODES_STUDIO/2021/FORMS/P5/FORMS_SPECTRUM2/pngs/106.png
[notice ] 13:38:54 : /Users/playmodesstudio/Dropbox/PLAYMODES_STUDIO/2021/FORMS/P5/FORMS_SPECTRUM2/pngs/107.png
[notice ] 13:39:00 : /Users/playmodesstudio/Dropbox/PLAYMODES_STUDIO/2021/FORMS/P5/FORMS_SPECTRUM2/pngs/107.png
[notice ] 13:39:06 : /Users/playmodesstudio/Dropbox/PLAYMODES_STUDIO/2021/FORMS/P5/FORMS_SPECTRUM2/pngs/108.png
[notice ] 13:39:12 : /Users/playmodesstudio/Dropbox/PLAYMODES_STUDIO/2021/FORMS/P5/FORMS_SPECTRUM2/pngs/108.png
[notice ] 13:39:18 : /Users/playmodesstudio/Dropbox/PLAYMODES_STUDIO/2021/FORMS/P5/FORMS_SPECTRUM2/pngs/109.png
[notice ] 13:39:24 : /Users/playmodesstudio/Dropbox/PLAYMODES_STUDIO/2021/FORMS/P5/FORMS_SPECTRUM2/pngs/109.png
[notice ] 13:39:30 : /Users/playmodesstudio/Dropbox/PLAYMODES_STUDIO/2021/FORMS/P5/FORMS_SPECTRUM2/pngs/110.png
[notice ] 13:39:36 : /Users/playmodesstudio/Dropbox/PLAYMODES_STUDIO/2021/FORMS/P5/FORMS_SPECTRUM2/pngs/110.png
[notice ] 13:39:42 : /Users/playmodesstudio/Dropbox/PLAYMODES_STUDIO/2021/FORMS/P5/FORMS_SPECTRUM2/pngs/110.png
[notice ] 13:39:48 : /Users/playmodesstudio/Dropbox/PLAYMODES_STUDIO/2021/FORMS/P5/FORMS_SPECTRUM2/pngs/111.png
[notice ] 13:39:54 : /Users/playmodesstudio/Dropbox/PLAYMODES_STUDIO/2021/FORMS/P5/FORMS_SPECTRUM2/pngs/111.png
[notice ] 13:40:00 : /Users/playmodesstudio/Dropbox/PLAYMODES_STUDIO/2021/FORMS/P5/FORMS_SPECTRUM2/pngs/111.png
[notice ] 13:40:06 : /Users/playmodesstudio/Dropbox/PLAYMODES_STUDIO/2021/FORMS/P5/FORMS_SPECTRUM2/pngs/112.png
[notice ] 13:40:12 : /Users/playmodesstudio/Dropbox/PLAYMODES_STUDIO/2021/FORMS/P5/FORMS_SPECTRUM2/pngs/112.png
[notice ] 13:40:18 : /Users/playmodesstudio/Dropbox/PLAYMODES_STUDIO/2021/FORMS/P5/FORMS_SPECTRUM2/pngs/112.png
[notice ] 13:40:24 : /Users/playmodesstudio/Dropbox/PLAYMODES_STUDIO/2021/FORMS/P5/FORMS_SPECTRUM2/pngs/113.png
[notice ] 13:40:30 : /Users/playmodesstudio/Dropbox/PLAYMODES_STUDIO/2021/FORMS/P5/FORMS_SPECTRUM2/pngs/113.png
[notice ] 13:40:36 : /Users/playmodesstudio/Dropbox/PLAYMODES_STUDIO/2021/FORMS/P5/FORMS_SPECTRUM2/pngs/114.png
[notice ] 13:40:42 : /Users/playmodesstudio/Dropbox/PLAYMODES_STUDIO/2021/FORMS/P5/FORMS_SPECTRUM2/pngs/114.png
[notice ] 13:40:48 : /Users/playmodesstudio/Dropbox/PLAYMODES_STUDIO/2021/FORMS/P5/FORMS_SPECTRUM2/pngs/115.png
[notice ] 13:40:54 : /Users/playmodesstudio/Dropbox/PLAYMODES_STUDIO/2021/FORMS/P5/FORMS_SPECTRUM2/pngs/115.png
[notice ] 13:41:00 : /Users/playmodesstudio/Dropbox/PLAYMODES_STUDIO/2021/FORMS/P5/FORMS_SPECTRUM2/pngs/116.png
[notice ] 13:41:06 : /Users/playmodesstudio/Dropbox/PLAYMODES_STUDIO/2021/FORMS/P5/FORMS_SPECTRUM2/pngs/116.png
[notice ] 13:41:12 : /Users/playmodesstudio/Dropbox/PLAYMODES_STUDIO/2021/FORMS/P5/FORMS_SPECTRUM2/pngs/117.png
[notice ] 13:41:18 : /Users/playmodesstudio/Dropbox/PLAYMODES_STUDIO/2021/FORMS/P5/FORMS_SPECTRUM2/pngs/117.png
[notice ] 13:41:24 : /Users/playmodesstudio/Dropbox/PLAYMODES_STUDIO/2021/FORMS/P5/FORMS_SPECTRUM2/pngs/118.png
[notice ] 13:41:30 : /Users/playmodesstudio/Dropbox/PLAYMODES_STUDIO/2021/FORMS/P5/FORMS_SPECTRUM2/pngs/118.png
[notice ] 13:41:36 : /Users/playmodesstudio/Dropbox/PLAYMODES_STUDIO/2021/FORMS/P5/FORMS_SPECTRUM2/pngs/119.png
[notice ] 13:41:42 : /Users/playmodesstudio/Dropbox/PLAYMODES_STUDIO/2021/FORMS/P5/FORMS_SPECTRUM2/pngs/119.png
[notice ] 13:41:48 : /Users/playmodesstudio/Dropbox/PLAYMODES_STUDIO/2021/FORMS/P5/FORMS_SPECTRUM2/pngs/120.png
[notice ] 13:41:54 : /Users/playmodesstudio/Dropbox/PLAYMODES_STUDIO/2021/FORMS/P5/FORMS_SPECTRUM2/pngs/120.png
[notice ] 13:42:00 : /Users/playmodesstudio/Dropbox/PLAYMODES_STUDIO/2021/FORMS/P5/FORMS_SPECTRUM2/pngs/120.png
[notice ] 13:42:06 : /Users/playmodesstudio/Dropbox/PLAYMODES_STUDIO/2021/FORMS/P5/FORMS_SPECTRUM2/pngs/120.png
[notice ] 13:42:12 : /Users/playmodesstudio/Dropbox/PLAYMODES_STUDIO/2021/FORMS/P5/FORMS_SPECTRUM2/pngs/120.png
[notice ] 13:42:18 : /Users/playmodesstudio/Dropbox/PLAYMODES_STUDIO/2021/FORMS/P5/FORMS_SPECTRUM2/pngs/120.png
[notice ] 13:42:24 : /Users/playmodesstudio/Dropbox/PLAYMODES_STUDIO/2021/FORMS/P5/FORMS_SPECTRUM2/pngs/120.png
[notice ] 13:42:30 : /Users/playmodesstudio/Dropbox/PLAYMODES_STUDIO/2021/FORMS/P5/FORMS_SPECTRUM2/pngs/120.png
[notice ] 13:42:36 : /Users/playmodesstudio/Dropbox/PLAYMODES_STUDIO/2021/FORMS/P5/FORMS_SPECTRUM2/pngs/120.png
[notice ] 13:42:42 : /Users/playmodesstudio/Dropbox/PLAYMODES_STUDIO/2021/FORMS/P5/FORMS_SPECTRUM2/pngs/120.png
[notice ] 13:42:48 : /Users/playmodesstudio/Dropbox/PLAYMODES_STUDIO/2021/FORMS/P5/FORMS_SPECTRUM2/pngs/120.png
[notice ] 13:42:54 : /Users/playmodesstudio/Dropbox/PLAYMODES_STUDIO/2021/FORMS/P5/FORMS_SPECTRUM2/pngs/120.png
[notice ] 13:43:00 : /Users/playmodesstudio/Dropbox/PLAYMODES_STUDIO/2021/FORMS/P5/FORMS_SPECTRUM2/pngs/120.png
[notice ] 13:43:06 : /Users/playmodesstudio/Dropbox/PLAYMODES_STUDIO/2021/FORMS/P5/FORMS_SPECTRUM2/pngs/120.png
[notice ] 13:43:12 : /Users/playmodesstudio/Dropbox/PLAYMODES_STUDIO/2021/FORMS/P5/FORMS_SPECTRUM2/pngs/120.png
[notice ] 13:43:18 : /Users/playmodesstudio/Dropbox/PLAYMODES_STUDIO/2021/FORMS/P5/FORMS_SPECTRUM2/pngs/120.png
[notice ] 13:43:44 : /Users/playmodesstudio/Dropbox/PLAYMODES_STUDIO/2021/FORMS/P5/FORMS_SPECTRUM2/pngs/120.png
[notice ] 13:43:55 : /Users/playmodesstudio/Dropbox/PLAYMODES_STUDIO/2021/FORMS/P5/FORMS_SPECTRUM2/pngs/120.png
[notice ] 13:44:06 : /Users/playmodesstudio/Dropbox/PLAYMODES_STUDIO/2021/FORMS/P5/FORMS_SPECTRUM2/pngs/122.png
[notice ] 13:44:12 : /Users/playmodesstudio/Dropbox/PLAYMODES_STUDIO/2021/FORMS/P5/FORMS_SPECTRUM2/pngs/122.png
[notice ] 13:44:18 : /Users/playmodesstudio/Dropbox/PLAYMODES_STUDIO/2021/FORMS/P5/FORMS_SPECTRUM2/pngs/123.png
[notice ] 13:44:24 : /Users/playmodesstudio/Dropbox/PLAYMODES_STUDIO/2021/FORMS/P5/FORMS_SPECTRUM2/pngs/123.png
[notice ] 13:44:30 : /Users/playmodesstudio/Dropbox/PLAYMODES_STUDIO/2021/FORMS/P5/FORMS_SPECTRUM2/pngs/124.png
[notice ] 13:44:38 : /Users/playmodesstudio/Dropbox/PLAYMODES_STUDIO/2021/FORMS/P5/FORMS_SPECTRUM2/pngs/124.png
[notice ] 13:45:00 : /Users/playmodesstudio/Dropbox/PLAYMODES_STUDIO/2021/FORMS/P5/FORMS_SPECTRUM2/pngs/125.png
[notice ] 13:50:04 : /Users/playmodesstudio/Dropbox/PLAYMODES_STUDIO/2021/FORMS/P5/FORMS_SPECTRUM2/pngs/125.png
[notice ] 13:54:35 : /Users/playmodesstudio/Dropbox/PLAYMODES_STUDIO/2021/FORMS/P5/FORMS_SPECTRUM2/pngs/127.png
[notice ] 13:59:07 : /Users/playmodesstudio/Dropbox/PLAYMODES_STUDIO/2021/FORMS/P5/FORMS_SPECTRUM2/pngs/127.png
[notice ] 14:03:39 : /Users/playmodesstudio/Dropbox/PLAYMODES_STUDIO/2021/FORMS/P5/FORMS_SPECTRUM2/pngs/128.png
[notice ] 14:08:11 : /Users/playmodesstudio/Dropbox/PLAYMODES_STUDIO/2021/FORMS/P5/FORMS_SPECTRUM2/pngs/130.png
[notice ] 14:08:57 : /Users/playmodesstudio/Dropbox/PLAYMODES_STUDIO/2021/FORMS/P5/FORMS_SPECTRUM2/pngs/131.png
[notice ] 14:13:28 : /Users/playmodesstudio/Dropbox/PLAYMODES_STUDIO/2021/FORMS/P5/FORMS_SPECTRUM2/pngs/131.png
[notice ] 14:17:58 : /Users/playmodesstudio/Dropbox/PLAYMODES_STUDIO/2021/FORMS/P5/FORMS_SPECTRUM2/pngs/132.png
[notice ] 14:18:45 : /Users/playmodesstudio/Dropbox/PLAYMODES_STUDIO/2021/FORMS/P5/FORMS_SPECTRUM2/pngs/133.png
[notice ] 14:19:31 : /Users/playmodesstudio/Dropbox/PLAYMODES_STUDIO/2021/FORMS/P5/FORMS_SPECTRUM2/pngs/134.png
[notice ] 14:20:18 : /Users/playmodesstudio/Dropbox/PLAYMODES_STUDIO/2021/FORMS/P5/FORMS_SPECTRUM2/pngs/135.png
[notice ] 14:21:04 : /Users/playmodesstudio/Dropbox/PLAYMODES_STUDIO/2021/FORMS/P5/FORMS_SPECTRUM2/pngs/136.png
[notice ] 14:21:50 : /Users/playmodesstudio/Dropbox/PLAYMODES_STUDIO/2021/FORMS/P5/FORMS_SPECTRUM2/pngs/137.png
[notice ] 14:22:37 : /Users/playmodesstudio/Dropbox/PLAYMODES_STUDIO/2021/FORMS/P5/FORMS_SPECTRUM2/pngs/138.png
[notice ] 14:23:23 : /Users/playmodesstudio/Dropbox/PLAYMODES_STUDIO/2021/FORMS/P5/FORMS_SPECTRUM2/pngs/138.png
[notice ] 14:24:10 : /Users/playmodesstudio/Dropbox/PLAYMODES_STUDIO/2021/FORMS/P5/FORMS_SPECTRUM2/pngs/139.png
[notice ] 14:24:57 : /Users/playmodesstudio/Dropbox/PLAYMODES_STUDIO/2021/FORMS/P5/FORMS_SPECTRUM2/pngs/140.png
[notice ] 14:25:44 : /Users/playmodesstudio/Dropbox/PLAYMODES_STUDIO/2021/FORMS/P5/FORMS_SPECTRUM2/pngs/140.png
[notice ] 14:30:12 : /Users/playmodesstudio/Dropbox/PLAYMODES_STUDIO/2021/FORMS/P5/FORMS_SPECTRUM2/pngs/141.png
[notice ] 14:34:43 : /Users/playmodesstudio/Dropbox/PLAYMODES_STUDIO/2021/FORMS/P5/FORMS_SPECTRUM2/pngs/141.png
[notice ] 14:39:15 : /Users/playmodesstudio/Dropbox/PLAYMODES_STUDIO/2021/FORMS/P5/FORMS_SPECTRUM2/pngs/142.png
[notice ] 14:43:47 : /Users/playmodesstudio/Dropbox/PLAYMODES_STUDIO/2021/FORMS/P5/FORMS_SPECTRUM2/pngs/143.png
[notice ] 14:48:18 : /Users/playmodesstudio/Dropbox/PLAYMODES_STUDIO/2021/FORMS/P5/FORMS_SPECTRUM2/pngs/144.png
[notice ] 14:52:50 : /Users/playmodesstudio/Dropbox/PLAYMODES_STUDIO/2021/FORMS/P5/FORMS_SPECTRUM2/pngs/145.png
[notice ] 14:53:37 : /Users/playmodesstudio/Dropbox/PLAYMODES_STUDIO/2021/FORMS/P5/FORMS_SPECTRUM2/pngs/146.png
[notice ] 14:58:07 : /Users/playmodesstudio/Dropbox/PLAYMODES_STUDIO/2021/FORMS/P5/FORMS_SPECTRUM2/pngs/146.png
[notice ] 14:58:54 : /Users/playmodesstudio/Dropbox/PLAYMODES_STUDIO/2021/FORMS/P5/FORMS_SPECTRUM2/pngs/147.png
[notice ] 14:59:41 : /Users/playmodesstudio/Dropbox/PLAYMODES_STUDIO/2021/FORMS/P5/FORMS_SPECTRUM2/pngs/148.png
[notice ] 15:00:28 : /Users/playmodesstudio/Dropbox/PLAYMODES_STUDIO/2021/FORMS/P5/FORMS_SPECTRUM2/pngs/149.png
[notice ] 15:01:15 : /Users/playmodesstudio/Dropbox/PLAYMODES_STUDIO/2021/FORMS/P5/FORMS_SPECTRUM2/pngs/150.png
[notice ] 15:02:02 : /Users/playmodesstudio/Dropbox/PLAYMODES_STUDIO/2021/FORMS/P5/FORMS_SPECTRUM2/pngs/151.png
[notice ] 15:02:49 : /Users/playmodesstudio/Dropbox/PLAYMODES_STUDIO/2021/FORMS/P5/FORMS_SPECTRUM2/pngs/151.png
[notice ] 15:03:36 : /Users/playmodesstudio/Dropbox/PLAYMODES_STUDIO/2021/FORMS/P5/FORMS_SPECTRUM2/pngs/152.png
[notice ] 15:04:22 : /Users/playmodesstudio/Dropbox/PLAYMODES_STUDIO/2021/FORMS/P5/FORMS_SPECTRUM2/pngs/153.png
[notice ] 15:05:09 : /Users/playmodesstudio/Dropbox/PLAYMODES_STUDIO/2021/FORMS/P5/FORMS_SPECTRUM2/pngs/153.png
[notice ] 15:05:55 : /Users/playmodesstudio/Dropbox/PLAYMODES_STUDIO/2021/FORMS/P5/FORMS_SPECTRUM2/pngs/154.png
[notice ] 15:10:15 : /Users/playmodesstudio/Dropbox/PLAYMODES_STUDIO/2021/FORMS/P5/FORMS_SPECTRUM2/pngs/154.png
[notice ] 15:14:47 : /Users/playmodesstudio/Dropbox/PLAYMODES_STUDIO/2021/FORMS/P5/FORMS_SPECTRUM2/pngs/155.png
[notice ] 15:19:18 : /Users/playmodesstudio/Dropbox/PLAYMODES_STUDIO/2021/FORMS/P5/FORMS_SPECTRUM2/pngs/156.png
[notice ] 15:23:50 : /Users/playmodesstudio/Dropbox/PLAYMODES_STUDIO/2021/FORMS/P5/FORMS_SPECTRUM2/pngs/157.png
[notice ] 15:28:21 : /Users/playmodesstudio/Dropbox/PLAYMODES_STUDIO/2021/FORMS/P5/FORMS_SPECTRUM2/pngs/158.png
[notice ] 15:32:53 : /Users/playmodesstudio/Dropbox/PLAYMODES_STUDIO/2021/FORMS/P5/FORMS_SPECTRUM2/pngs/159.png
[notice ] 15:37:55 : /Users/playmodesstudio/Dropbox/PLAYMODES_STUDIO/2021/FORMS/P5/FORMS_SPECTRUM2/pngs/161.png
[notice ] 15:56:21 : /Users/playmodesstudio/Dropbox/PLAYMODES_STUDIO/2021/FORMS/P5/FORMS_SPECTRUM2/pngs/161.png
[notice ] 18:56:43 : /Users/playmodesstudio/Dropbox/PLAYMODES_STUDIO/2021/FORMS/P5/FORMS_SPECTRUM2/pngs/162.png
