

--------------------------------------- 2022-04-10-17-49-46-525
[ error ] ofAppGLFWWindow: 65544: Cocoa: Failed to find service port for display
[notice ] 17:50:20 : Portada 2
[notice ] 17:50:30 : 
[notice ] 17:50:40 : /Volumes/GoogleDrive/Unitats compartides/PLAYMODES_STUDIO/PROJECTES/ATEMPORALS/FORMS/P5/FORMS_SPECTRUM3/pngs/2.png
[notice ] 17:50:51 : /Volumes/GoogleDrive/Unitats compartides/PLAYMODES_STUDIO/PROJECTES/ATEMPORALS/FORMS/P5/FORMS_SPECTRUM3/pngs/3.png
[notice ] 17:51:01 : /Volumes/GoogleDrive/Unitats compartides/PLAYMODES_STUDIO/PROJECTES/ATEMPORALS/FORMS/P5/FORMS_SPECTRUM3/pngs/4.png
[notice ] 17:51:12 : /Volumes/GoogleDrive/Unitats compartides/PLAYMODES_STUDIO/PROJECTES/ATEMPORALS/FORMS/P5/FORMS_SPECTRUM3/pngs/5.png
[notice ] 17:51:22 : /Volumes/GoogleDrive/Unitats compartides/PLAYMODES_STUDIO/PROJECTES/ATEMPORALS/FORMS/P5/FORMS_SPECTRUM3/pngs/6.png
[notice ] 17:51:33 : /Volumes/GoogleDrive/Unitats compartides/PLAYMODES_STUDIO/PROJECTES/ATEMPORALS/FORMS/P5/FORMS_SPECTRUM3/pngs/7.png
[notice ] 17:51:43 : /Volumes/GoogleDrive/Unitats compartides/PLAYMODES_STUDIO/PROJECTES/ATEMPORALS/FORMS/P5/FORMS_SPECTRUM3/pngs/8.png
[notice ] 17:51:54 : /Volumes/GoogleDrive/Unitats compartides/PLAYMODES_STUDIO/PROJECTES/ATEMPORALS/FORMS/P5/FORMS_SPECTRUM3/pngs/9.png
[notice ] 17:52:04 : /Volumes/GoogleDrive/Unitats compartides/PLAYMODES_STUDIO/PROJECTES/ATEMPORALS/FORMS/P5/FORMS_SPECTRUM3/pngs/10.png
[notice ] 17:52:14 : /Volumes/GoogleDrive/Unitats compartides/PLAYMODES_STUDIO/PROJECTES/ATEMPORALS/FORMS/P5/FORMS_SPECTRUM3/pngs/11.png
[notice ] 17:52:25 : /Volumes/GoogleDrive/Unitats compartides/PLAYMODES_STUDIO/PROJECTES/ATEMPORALS/FORMS/P5/FORMS_SPECTRUM3/pngs/12.png
[notice ] 17:52:35 : /Volumes/GoogleDrive/Unitats compartides/PLAYMODES_STUDIO/PROJECTES/ATEMPORALS/FORMS/P5/FORMS_SPECTRUM3/pngs/13.png
[notice ] 17:52:46 : /Volumes/GoogleDrive/Unitats compartides/PLAYMODES_STUDIO/PROJECTES/ATEMPORALS/FORMS/P5/FORMS_SPECTRUM3/pngs/14.png
[notice ] 17:52:56 : /Volumes/GoogleDrive/Unitats compartides/PLAYMODES_STUDIO/PROJECTES/ATEMPORALS/FORMS/P5/FORMS_SPECTRUM3/pngs/15.png
[notice ] 17:53:07 : /Volumes/GoogleDrive/Unitats compartides/PLAYMODES_STUDIO/PROJECTES/ATEMPORALS/FORMS/P5/FORMS_SPECTRUM3/pngs/16.png
[notice ] 17:53:18 : /Volumes/GoogleDrive/Unitats compartides/PLAYMODES_STUDIO/PROJECTES/ATEMPORALS/FORMS/P5/FORMS_SPECTRUM3/pngs/17.png
[notice ] 17:53:27 : /Volumes/GoogleDrive/Unitats compartides/PLAYMODES_STUDIO/PROJECTES/ATEMPORALS/FORMS/P5/FORMS_SPECTRUM3/pngs/18.png
[notice ] 17:53:38 : /Volumes/GoogleDrive/Unitats compartides/PLAYMODES_STUDIO/PROJECTES/ATEMPORALS/FORMS/P5/FORMS_SPECTRUM3/pngs/19.png
[notice ] 17:53:48 : /Volumes/GoogleDrive/Unitats compartides/PLAYMODES_STUDIO/PROJECTES/ATEMPORALS/FORMS/P5/FORMS_SPECTRUM3/pngs/20.png
[notice ] 17:53:59 : /Volumes/GoogleDrive/Unitats compartides/PLAYMODES_STUDIO/PROJECTES/ATEMPORALS/FORMS/P5/FORMS_SPECTRUM3/pngs/21.png
[notice ] 17:54:09 : /Volumes/GoogleDrive/Unitats compartides/PLAYMODES_STUDIO/PROJECTES/ATEMPORALS/FORMS/P5/FORMS_SPECTRUM3/pngs/22.png
[notice ] 17:54:20 : /Volumes/GoogleDrive/Unitats compartides/PLAYMODES_STUDIO/PROJECTES/ATEMPORALS/FORMS/P5/FORMS_SPECTRUM3/pngs/23.png
[notice ] 17:54:30 : /Volumes/GoogleDrive/Unitats compartides/PLAYMODES_STUDIO/PROJECTES/ATEMPORALS/FORMS/P5/FORMS_SPECTRUM3/pngs/24.png
[notice ] 17:54:40 : /Volumes/GoogleDrive/Unitats compartides/PLAYMODES_STUDIO/PROJECTES/ATEMPORALS/FORMS/P5/FORMS_SPECTRUM3/pngs/25.png
[notice ] 17:54:51 : /Volumes/GoogleDrive/Unitats compartides/PLAYMODES_STUDIO/PROJECTES/ATEMPORALS/FORMS/P5/FORMS_SPECTRUM3/pngs/26.png
[notice ] 17:55:01 : /Volumes/GoogleDrive/Unitats compartides/PLAYMODES_STUDIO/PROJECTES/ATEMPORALS/FORMS/P5/FORMS_SPECTRUM3/pngs/27.png
[ error ] ofAppGLFWWindow: 65544: Cocoa: Failed to find service port for display
[notice ] 17:55:12 : /Volumes/GoogleDrive/Unitats compartides/PLAYMODES_STUDIO/PROJECTES/ATEMPORALS/FORMS/P5/FORMS_SPECTRUM3/pngs/28.png
[ error ] ofAppGLFWWindow: 65544: Cocoa: Failed to find service port for display
[notice ] 17:55:22 : /Volumes/GoogleDrive/Unitats compartides/PLAYMODES_STUDIO/PROJECTES/ATEMPORALS/FORMS/P5/FORMS_SPECTRUM3/pngs/29.png
[notice ] 17:55:33 : /Volumes/GoogleDrive/Unitats compartides/PLAYMODES_STUDIO/PROJECTES/ATEMPORALS/FORMS/P5/FORMS_SPECTRUM3/pngs/30.png
[notice ] 17:55:43 : /Volumes/GoogleDrive/Unitats compartides/PLAYMODES_STUDIO/PROJECTES/ATEMPORALS/FORMS/P5/FORMS_SPECTRUM3/pngs/31.png
[notice ] 17:55:54 : /Volumes/GoogleDrive/Unitats compartides/PLAYMODES_STUDIO/PROJECTES/ATEMPORALS/FORMS/P5/FORMS_SPECTRUM3/pngs/32.png
[notice ] 17:56:04 : /Volumes/GoogleDrive/Unitats compartides/PLAYMODES_STUDIO/PROJECTES/ATEMPORALS/FORMS/P5/FORMS_SPECTRUM3/pngs/33.png
[notice ] 17:56:14 : /Volumes/GoogleDrive/Unitats compartides/PLAYMODES_STUDIO/PROJECTES/ATEMPORALS/FORMS/P5/FORMS_SPECTRUM3/pngs/34.png
[notice ] 17:56:24 : /Volumes/GoogleDrive/Unitats compartides/PLAYMODES_STUDIO/PROJECTES/ATEMPORALS/FORMS/P5/FORMS_SPECTRUM3/pngs/35.png
[notice ] 17:56:33 : /Volumes/GoogleDrive/Unitats compartides/PLAYMODES_STUDIO/PROJECTES/ATEMPORALS/FORMS/P5/FORMS_SPECTRUM3/pngs/36.png
[notice ] 17:56:40 : /Volumes/GoogleDrive/Unitats compartides/PLAYMODES_STUDIO/PROJECTES/ATEMPORALS/FORMS/P5/FORMS_SPECTRUM3/pngs/37.png
[notice ] 17:56:44 : /Volumes/GoogleDrive/Unitats compartides/PLAYMODES_STUDIO/PROJECTES/ATEMPORALS/FORMS/P5/FORMS_SPECTRUM3/pngs/38.png
[notice ] 17:56:49 : /Volumes/GoogleDrive/Unitats compartides/PLAYMODES_STUDIO/PROJECTES/ATEMPORALS/FORMS/P5/FORMS_SPECTRUM3/pngs/38.png
[notice ] 17:56:53 : /Volumes/GoogleDrive/Unitats compartides/PLAYMODES_STUDIO/PROJECTES/ATEMPORALS/FORMS/P5/FORMS_SPECTRUM3/pngs/39.png
[notice ] 17:56:57 : /Volumes/GoogleDrive/Unitats compartides/PLAYMODES_STUDIO/PROJECTES/ATEMPORALS/FORMS/P5/FORMS_SPECTRUM3/pngs/40.png
[notice ] 17:57:01 : /Volumes/GoogleDrive/Unitats compartides/PLAYMODES_STUDIO/PROJECTES/ATEMPORALS/FORMS/P5/FORMS_SPECTRUM3/pngs/41.png
[notice ] 17:57:06 : /Volumes/GoogleDrive/Unitats compartides/PLAYMODES_STUDIO/PROJECTES/ATEMPORALS/FORMS/P5/FORMS_SPECTRUM3/pngs/42.png
[notice ] 17:57:10 : /Volumes/GoogleDrive/Unitats compartides/PLAYMODES_STUDIO/PROJECTES/ATEMPORALS/FORMS/P5/FORMS_SPECTRUM3/pngs/43.png
[notice ] 17:57:14 : /Volumes/GoogleDrive/Unitats compartides/PLAYMODES_STUDIO/PROJECTES/ATEMPORALS/FORMS/P5/FORMS_SPECTRUM3/pngs/44.png
[notice ] 17:57:19 : /Volumes/GoogleDrive/Unitats compartides/PLAYMODES_STUDIO/PROJECTES/ATEMPORALS/FORMS/P5/FORMS_SPECTRUM3/pngs/45.png
[notice ] 17:57:23 : /Volumes/GoogleDrive/Unitats compartides/PLAYMODES_STUDIO/PROJECTES/ATEMPORALS/FORMS/P5/FORMS_SPECTRUM3/pngs/46.png
[notice ] 17:57:27 : /Volumes/GoogleDrive/Unitats compartides/PLAYMODES_STUDIO/PROJECTES/ATEMPORALS/FORMS/P5/FORMS_SPECTRUM3/pngs/47.png
[notice ] 17:57:31 : /Volumes/GoogleDrive/Unitats compartides/PLAYMODES_STUDIO/PROJECTES/ATEMPORALS/FORMS/P5/FORMS_SPECTRUM3/pngs/48.png
[notice ] 17:57:36 : /Volumes/GoogleDrive/Unitats compartides/PLAYMODES_STUDIO/PROJECTES/ATEMPORALS/FORMS/P5/FORMS_SPECTRUM3/pngs/49.png
[notice ] 17:57:40 : /Volumes/GoogleDrive/Unitats compartides/PLAYMODES_STUDIO/PROJECTES/ATEMPORALS/FORMS/P5/FORMS_SPECTRUM3/pngs/50.png
[notice ] 17:57:44 : /Volumes/GoogleDrive/Unitats compartides/PLAYMODES_STUDIO/PROJECTES/ATEMPORALS/FORMS/P5/FORMS_SPECTRUM3/pngs/51.png
[notice ] 17:57:49 : /Volumes/GoogleDrive/Unitats compartides/PLAYMODES_STUDIO/PROJECTES/ATEMPORALS/FORMS/P5/FORMS_SPECTRUM3/pngs/52.png
[notice ] 17:57:53 : /Volumes/GoogleDrive/Unitats compartides/PLAYMODES_STUDIO/PROJECTES/ATEMPORALS/FORMS/P5/FORMS_SPECTRUM3/pngs/53.png
[notice ] 17:57:57 : /Volumes/GoogleDrive/Unitats compartides/PLAYMODES_STUDIO/PROJECTES/ATEMPORALS/FORMS/P5/FORMS_SPECTRUM3/pngs/54.png
[notice ] 17:58:01 : /Volumes/GoogleDrive/Unitats compartides/PLAYMODES_STUDIO/PROJECTES/ATEMPORALS/FORMS/P5/FORMS_SPECTRUM3/pngs/55.png
[notice ] 17:58:06 : /Volumes/GoogleDrive/Unitats compartides/PLAYMODES_STUDIO/PROJECTES/ATEMPORALS/FORMS/P5/FORMS_SPECTRUM3/pngs/57.png
[notice ] 17:58:10 : /Volumes/GoogleDrive/Unitats compartides/PLAYMODES_STUDIO/PROJECTES/ATEMPORALS/FORMS/P5/FORMS_SPECTRUM3/pngs/58.png
[notice ] 17:58:14 : /Volumes/GoogleDrive/Unitats compartides/PLAYMODES_STUDIO/PROJECTES/ATEMPORALS/FORMS/P5/FORMS_SPECTRUM3/pngs/59.png
[notice ] 17:58:19 : /Volumes/GoogleDrive/Unitats compartides/PLAYMODES_STUDIO/PROJECTES/ATEMPORALS/FORMS/P5/FORMS_SPECTRUM3/pngs/60.png
[notice ] 17:58:23 : /Volumes/GoogleDrive/Unitats compartides/PLAYMODES_STUDIO/PROJECTES/ATEMPORALS/FORMS/P5/FORMS_SPECTRUM3/pngs/61.png
[notice ] 17:58:27 : /Volumes/GoogleDrive/Unitats compartides/PLAYMODES_STUDIO/PROJECTES/ATEMPORALS/FORMS/P5/FORMS_SPECTRUM3/pngs/62.png
[notice ] 17:58:31 : /Volumes/GoogleDrive/Unitats compartides/PLAYMODES_STUDIO/PROJECTES/ATEMPORALS/FORMS/P5/FORMS_SPECTRUM3/pngs/63.png
[notice ] 17:58:36 : /Volumes/GoogleDrive/Unitats compartides/PLAYMODES_STUDIO/PROJECTES/ATEMPORALS/FORMS/P5/FORMS_SPECTRUM3/pngs/64.png
[notice ] 17:58:40 : /Volumes/GoogleDrive/Unitats compartides/PLAYMODES_STUDIO/PROJECTES/ATEMPORALS/FORMS/P5/FORMS_SPECTRUM3/pngs/65.png
[notice ] 17:58:44 : /Volumes/GoogleDrive/Unitats compartides/PLAYMODES_STUDIO/PROJECTES/ATEMPORALS/FORMS/P5/FORMS_SPECTRUM3/pngs/66.png
[notice ] 17:58:49 : /Volumes/GoogleDrive/Unitats compartides/PLAYMODES_STUDIO/PROJECTES/ATEMPORALS/FORMS/P5/FORMS_SPECTRUM3/pngs/66.png
[notice ] 17:58:53 : /Volumes/GoogleDrive/Unitats compartides/PLAYMODES_STUDIO/PROJECTES/ATEMPORALS/FORMS/P5/FORMS_SPECTRUM3/pngs/67.png
[notice ] 17:58:57 : /Volumes/GoogleDrive/Unitats compartides/PLAYMODES_STUDIO/PROJECTES/ATEMPORALS/FORMS/P5/FORMS_SPECTRUM3/pngs/68.png
[notice ] 17:59:01 : /Volumes/GoogleDrive/Unitats compartides/PLAYMODES_STUDIO/PROJECTES/ATEMPORALS/FORMS/P5/FORMS_SPECTRUM3/pngs/69.png
[notice ] 17:59:06 : /Volumes/GoogleDrive/Unitats compartides/PLAYMODES_STUDIO/PROJECTES/ATEMPORALS/FORMS/P5/FORMS_SPECTRUM3/pngs/70.png
[notice ] 17:59:10 : /Volumes/GoogleDrive/Unitats compartides/PLAYMODES_STUDIO/PROJECTES/ATEMPORALS/FORMS/P5/FORMS_SPECTRUM3/pngs/71.png
[notice ] 17:59:14 : /Volumes/GoogleDrive/Unitats compartides/PLAYMODES_STUDIO/PROJECTES/ATEMPORALS/FORMS/P5/FORMS_SPECTRUM3/pngs/72.png
[notice ] 17:59:19 : /Volumes/GoogleDrive/Unitats compartides/PLAYMODES_STUDIO/PROJECTES/ATEMPORALS/FORMS/P5/FORMS_SPECTRUM3/pngs/73.png
[notice ] 17:59:23 : /Volumes/GoogleDrive/Unitats compartides/PLAYMODES_STUDIO/PROJECTES/ATEMPORALS/FORMS/P5/FORMS_SPECTRUM3/pngs/74.png
[notice ] 17:59:27 : /Volumes/GoogleDrive/Unitats compartides/PLAYMODES_STUDIO/PROJECTES/ATEMPORALS/FORMS/P5/FORMS_SPECTRUM3/pngs/75.png
[notice ] 17:59:31 : /Volumes/GoogleDrive/Unitats compartides/PLAYMODES_STUDIO/PROJECTES/ATEMPORALS/FORMS/P5/FORMS_SPECTRUM3/pngs/76.png
[notice ] 17:59:36 : /Volumes/GoogleDrive/Unitats compartides/PLAYMODES_STUDIO/PROJECTES/ATEMPORALS/FORMS/P5/FORMS_SPECTRUM3/pngs/77.png
[notice ] 17:59:40 : /Volumes/GoogleDrive/Unitats compartides/PLAYMODES_STUDIO/PROJECTES/ATEMPORALS/FORMS/P5/FORMS_SPECTRUM3/pngs/78.png
[notice ] 17:59:44 : /Volumes/GoogleDrive/Unitats compartides/PLAYMODES_STUDIO/PROJECTES/ATEMPORALS/FORMS/P5/FORMS_SPECTRUM3/pngs/79.png
[notice ] 17:59:49 : /Volumes/GoogleDrive/Unitats compartides/PLAYMODES_STUDIO/PROJECTES/ATEMPORALS/FORMS/P5/FORMS_SPECTRUM3/pngs/80.png
[notice ] 17:59:53 : /Volumes/GoogleDrive/Unitats compartides/PLAYMODES_STUDIO/PROJECTES/ATEMPORALS/FORMS/P5/FORMS_SPECTRUM3/pngs/81.png
[notice ] 17:59:57 : /Volumes/GoogleDrive/Unitats compartides/PLAYMODES_STUDIO/PROJECTES/ATEMPORALS/FORMS/P5/FORMS_SPECTRUM3/pngs/82.png
[notice ] 18:00:01 : /Volumes/GoogleDrive/Unitats compartides/PLAYMODES_STUDIO/PROJECTES/ATEMPORALS/FORMS/P5/FORMS_SPECTRUM3/pngs/83.png
[notice ] 18:00:06 : /Volumes/GoogleDrive/Unitats compartides/PLAYMODES_STUDIO/PROJECTES/ATEMPORALS/FORMS/P5/FORMS_SPECTRUM3/pngs/84.png
[notice ] 18:00:10 : /Volumes/GoogleDrive/Unitats compartides/PLAYMODES_STUDIO/PROJECTES/ATEMPORALS/FORMS/P5/FORMS_SPECTRUM3/pngs/85.png
[notice ] 18:00:14 : /Volumes/GoogleDrive/Unitats compartides/PLAYMODES_STUDIO/PROJECTES/ATEMPORALS/FORMS/P5/FORMS_SPECTRUM3/pngs/86.png
[notice ] 18:00:19 : /Volumes/GoogleDrive/Unitats compartides/PLAYMODES_STUDIO/PROJECTES/ATEMPORALS/FORMS/P5/FORMS_SPECTRUM3/pngs/87.png
[notice ] 18:00:23 : /Volumes/GoogleDrive/Unitats compartides/PLAYMODES_STUDIO/PROJECTES/ATEMPORALS/FORMS/P5/FORMS_SPECTRUM3/pngs/88.png
[notice ] 18:00:27 : /Volumes/GoogleDrive/Unitats compartides/PLAYMODES_STUDIO/PROJECTES/ATEMPORALS/FORMS/P5/FORMS_SPECTRUM3/pngs/89.png
[notice ] 18:00:31 : /Volumes/GoogleDrive/Unitats compartides/PLAYMODES_STUDIO/PROJECTES/ATEMPORALS/FORMS/P5/FORMS_SPECTRUM3/pngs/90.png
[notice ] 18:00:36 : /Volumes/GoogleDrive/Unitats compartides/PLAYMODES_STUDIO/PROJECTES/ATEMPORALS/FORMS/P5/FORMS_SPECTRUM3/pngs/91.png
[notice ] 18:00:40 : /Volumes/GoogleDrive/Unitats compartides/PLAYMODES_STUDIO/PROJECTES/ATEMPORALS/FORMS/P5/FORMS_SPECTRUM3/pngs/92.png
[notice ] 18:00:44 : /Volumes/GoogleDrive/Unitats compartides/PLAYMODES_STUDIO/PROJECTES/ATEMPORALS/FORMS/P5/FORMS_SPECTRUM3/pngs/93.png
[notice ] 18:00:49 : /Volumes/GoogleDrive/Unitats compartides/PLAYMODES_STUDIO/PROJECTES/ATEMPORALS/FORMS/P5/FORMS_SPECTRUM3/pngs/93.png
[notice ] 18:00:53 : /Volumes/GoogleDrive/Unitats compartides/PLAYMODES_STUDIO/PROJECTES/ATEMPORALS/FORMS/P5/FORMS_SPECTRUM3/pngs/94.png
[notice ] 18:00:57 : /Volumes/GoogleDrive/Unitats compartides/PLAYMODES_STUDIO/PROJECTES/ATEMPORALS/FORMS/P5/FORMS_SPECTRUM3/pngs/95.png
[notice ] 18:01:01 : /Volumes/GoogleDrive/Unitats compartides/PLAYMODES_STUDIO/PROJECTES/ATEMPORALS/FORMS/P5/FORMS_SPECTRUM3/pngs/96.png
[notice ] 18:01:06 : /Volumes/GoogleDrive/Unitats compartides/PLAYMODES_STUDIO/PROJECTES/ATEMPORALS/FORMS/P5/FORMS_SPECTRUM3/pngs/97.png
[notice ] 18:01:10 : /Volumes/GoogleDrive/Unitats compartides/PLAYMODES_STUDIO/PROJECTES/ATEMPORALS/FORMS/P5/FORMS_SPECTRUM3/pngs/98.png
[notice ] 18:01:14 : /Volumes/GoogleDrive/Unitats compartides/PLAYMODES_STUDIO/PROJECTES/ATEMPORALS/FORMS/P5/FORMS_SPECTRUM3/pngs/99.png
[notice ] 18:01:19 : /Volumes/GoogleDrive/Unitats compartides/PLAYMODES_STUDIO/PROJECTES/ATEMPORALS/FORMS/P5/FORMS_SPECTRUM3/pngs/100.png
[notice ] 18:01:23 : /Volumes/GoogleDrive/Unitats compartides/PLAYMODES_STUDIO/PROJECTES/ATEMPORALS/FORMS/P5/FORMS_SPECTRUM3/pngs/101.png
[notice ] 18:01:27 : /Volumes/GoogleDrive/Unitats compartides/PLAYMODES_STUDIO/PROJECTES/ATEMPORALS/FORMS/P5/FORMS_SPECTRUM3/pngs/102.png
[notice ] 18:01:31 : /Volumes/GoogleDrive/Unitats compartides/PLAYMODES_STUDIO/PROJECTES/ATEMPORALS/FORMS/P5/FORMS_SPECTRUM3/pngs/103.png
[notice ] 18:01:36 : /Volumes/GoogleDrive/Unitats compartides/PLAYMODES_STUDIO/PROJECTES/ATEMPORALS/FORMS/P5/FORMS_SPECTRUM3/pngs/104.png
[notice ] 18:01:40 : /Volumes/GoogleDrive/Unitats compartides/PLAYMODES_STUDIO/PROJECTES/ATEMPORALS/FORMS/P5/FORMS_SPECTRUM3/pngs/105.png
[notice ] 18:01:44 : /Volumes/GoogleDrive/Unitats compartides/PLAYMODES_STUDIO/PROJECTES/ATEMPORALS/FORMS/P5/FORMS_SPECTRUM3/pngs/106.png
[notice ] 18:01:49 : /Volumes/GoogleDrive/Unitats compartides/PLAYMODES_STUDIO/PROJECTES/ATEMPORALS/FORMS/P5/FORMS_SPECTRUM3/pngs/107.png
[notice ] 18:01:53 : /Volumes/GoogleDrive/Unitats compartides/PLAYMODES_STUDIO/PROJECTES/ATEMPORALS/FORMS/P5/FORMS_SPECTRUM3/pngs/108.png
[notice ] 18:01:57 : /Volumes/GoogleDrive/Unitats compartides/PLAYMODES_STUDIO/PROJECTES/ATEMPORALS/FORMS/P5/FORMS_SPECTRUM3/pngs/109.png
[notice ] 18:02:01 : /Volumes/GoogleDrive/Unitats compartides/PLAYMODES_STUDIO/PROJECTES/ATEMPORALS/FORMS/P5/FORMS_SPECTRUM3/pngs/110.png
[notice ] 18:02:06 : /Volumes/GoogleDrive/Unitats compartides/PLAYMODES_STUDIO/PROJECTES/ATEMPORALS/FORMS/P5/FORMS_SPECTRUM3/pngs/111.png
[notice ] 18:02:10 : /Volumes/GoogleDrive/Unitats compartides/PLAYMODES_STUDIO/PROJECTES/ATEMPORALS/FORMS/P5/FORMS_SPECTRUM3/pngs/112.png
[notice ] 18:02:14 : /Volumes/GoogleDrive/Unitats compartides/PLAYMODES_STUDIO/PROJECTES/ATEMPORALS/FORMS/P5/FORMS_SPECTRUM3/pngs/113.png
[notice ] 18:02:19 : /Volumes/GoogleDrive/Unitats compartides/PLAYMODES_STUDIO/PROJECTES/ATEMPORALS/FORMS/P5/FORMS_SPECTRUM3/pngs/114.png
[notice ] 18:02:23 : /Volumes/GoogleDrive/Unitats compartides/PLAYMODES_STUDIO/PROJECTES/ATEMPORALS/FORMS/P5/FORMS_SPECTRUM3/pngs/115.png
[notice ] 18:02:27 : /Volumes/GoogleDrive/Unitats compartides/PLAYMODES_STUDIO/PROJECTES/ATEMPORALS/FORMS/P5/FORMS_SPECTRUM3/pngs/116.png
[notice ] 18:02:31 : /Volumes/GoogleDrive/Unitats compartides/PLAYMODES_STUDIO/PROJECTES/ATEMPORALS/FORMS/P5/FORMS_SPECTRUM3/pngs/117.png
[notice ] 18:02:36 : /Volumes/GoogleDrive/Unitats compartides/PLAYMODES_STUDIO/PROJECTES/ATEMPORALS/FORMS/P5/FORMS_SPECTRUM3/pngs/118.png
[notice ] 18:02:40 : /Volumes/GoogleDrive/Unitats compartides/PLAYMODES_STUDIO/PROJECTES/ATEMPORALS/FORMS/P5/FORMS_SPECTRUM3/pngs/119.png
[notice ] 18:02:44 : /Volumes/GoogleDrive/Unitats compartides/PLAYMODES_STUDIO/PROJECTES/ATEMPORALS/FORMS/P5/FORMS_SPECTRUM3/pngs/120.png
[notice ] 18:02:49 : /Volumes/GoogleDrive/Unitats compartides/PLAYMODES_STUDIO/PROJECTES/ATEMPORALS/FORMS/P5/FORMS_SPECTRUM3/pngs/121.png
[notice ] 18:02:53 : /Volumes/GoogleDrive/Unitats compartides/PLAYMODES_STUDIO/PROJECTES/ATEMPORALS/FORMS/P5/FORMS_SPECTRUM3/pngs/122.png
[notice ] 18:02:56 : /Volumes/GoogleDrive/Unitats compartides/PLAYMODES_STUDIO/PROJECTES/ATEMPORALS/FORMS/P5/FORMS_SPECTRUM3/pngs/123.png
[notice ] 18:02:59 : /Volumes/GoogleDrive/Unitats compartides/PLAYMODES_STUDIO/PROJECTES/ATEMPORALS/FORMS/P5/FORMS_SPECTRUM3/pngs/124.png
[notice ] 18:03:01 : /Volumes/GoogleDrive/Unitats compartides/PLAYMODES_STUDIO/PROJECTES/ATEMPORALS/FORMS/P5/FORMS_SPECTRUM3/pngs/125.png
[notice ] 18:03:03 : /Volumes/GoogleDrive/Unitats compartides/PLAYMODES_STUDIO/PROJECTES/ATEMPORALS/FORMS/P5/FORMS_SPECTRUM3/pngs/126.png
[notice ] 18:03:05 : /Volumes/GoogleDrive/Unitats compartides/PLAYMODES_STUDIO/PROJECTES/ATEMPORALS/FORMS/P5/FORMS_SPECTRUM3/pngs/127.png
[notice ] 18:03:07 : /Volumes/GoogleDrive/Unitats compartides/PLAYMODES_STUDIO/PROJECTES/ATEMPORALS/FORMS/P5/FORMS_SPECTRUM3/pngs/128.png
[notice ] 18:03:09 : /Volumes/GoogleDrive/Unitats compartides/PLAYMODES_STUDIO/PROJECTES/ATEMPORALS/FORMS/P5/FORMS_SPECTRUM3/pngs/129.png
[notice ] 18:03:11 : /Volumes/GoogleDrive/Unitats compartides/PLAYMODES_STUDIO/PROJECTES/ATEMPORALS/FORMS/P5/FORMS_SPECTRUM3/pngs/129.png
[notice ] 18:03:14 : /Volumes/GoogleDrive/Unitats compartides/PLAYMODES_STUDIO/PROJECTES/ATEMPORALS/FORMS/P5/FORMS_SPECTRUM3/pngs/130.png
[notice ] 18:03:16 : /Volumes/GoogleDrive/Unitats compartides/PLAYMODES_STUDIO/PROJECTES/ATEMPORALS/FORMS/P5/FORMS_SPECTRUM3/pngs/130.png
[notice ] 18:03:18 : /Volumes/GoogleDrive/Unitats compartides/PLAYMODES_STUDIO/PROJECTES/ATEMPORALS/FORMS/P5/FORMS_SPECTRUM3/pngs/131.png
[notice ] 18:03:20 : /Volumes/GoogleDrive/Unitats compartides/PLAYMODES_STUDIO/PROJECTES/ATEMPORALS/FORMS/P5/FORMS_SPECTRUM3/pngs/132.png
[notice ] 18:03:22 : /Volumes/GoogleDrive/Unitats compartides/PLAYMODES_STUDIO/PROJECTES/ATEMPORALS/FORMS/P5/FORMS_SPECTRUM3/pngs/132.png
[notice ] 18:03:24 : /Volumes/GoogleDrive/Unitats compartides/PLAYMODES_STUDIO/PROJECTES/ATEMPORALS/FORMS/P5/FORMS_SPECTRUM3/pngs/133.png
[notice ] 18:03:26 : /Volumes/GoogleDrive/Unitats compartides/PLAYMODES_STUDIO/PROJECTES/ATEMPORALS/FORMS/P5/FORMS_SPECTRUM3/pngs/133.png
[notice ] 18:03:29 : /Volumes/GoogleDrive/Unitats compartides/PLAYMODES_STUDIO/PROJECTES/ATEMPORALS/FORMS/P5/FORMS_SPECTRUM3/pngs/134.png
[notice ] 18:03:31 : /Volumes/GoogleDrive/Unitats compartides/PLAYMODES_STUDIO/PROJECTES/ATEMPORALS/FORMS/P5/FORMS_SPECTRUM3/pngs/135.png
[notice ] 18:03:33 : /Volumes/GoogleDrive/Unitats compartides/PLAYMODES_STUDIO/PROJECTES/ATEMPORALS/FORMS/P5/FORMS_SPECTRUM3/pngs/135.png
[notice ] 18:03:35 : /Volumes/GoogleDrive/Unitats compartides/PLAYMODES_STUDIO/PROJECTES/ATEMPORALS/FORMS/P5/FORMS_SPECTRUM3/pngs/136.png
[notice ] 18:03:37 : /Volumes/GoogleDrive/Unitats compartides/PLAYMODES_STUDIO/PROJECTES/ATEMPORALS/FORMS/P5/FORMS_SPECTRUM3/pngs/137.png
[notice ] 18:03:44 : /Volumes/GoogleDrive/Unitats compartides/PLAYMODES_STUDIO/PROJECTES/ATEMPORALS/FORMS/P5/FORMS_SPECTRUM3/pngs/137.png
[notice ] 18:04:01 : /Volumes/GoogleDrive/Unitats compartides/PLAYMODES_STUDIO/PROJECTES/ATEMPORALS/FORMS/P5/FORMS_SPECTRUM3/pngs/137.png
[notice ] 18:04:19 : /Volumes/GoogleDrive/Unitats compartides/PLAYMODES_STUDIO/PROJECTES/ATEMPORALS/FORMS/P5/FORMS_SPECTRUM3/pngs/139.png
[notice ] 18:04:36 : /Volumes/GoogleDrive/Unitats compartides/PLAYMODES_STUDIO/PROJECTES/ATEMPORALS/FORMS/P5/FORMS_SPECTRUM3/pngs/140.png
[notice ] 18:04:53 : /Volumes/GoogleDrive/Unitats compartides/PLAYMODES_STUDIO/PROJECTES/ATEMPORALS/FORMS/P5/FORMS_SPECTRUM3/pngs/141.png
[notice ] 18:05:10 : /Volumes/GoogleDrive/Unitats compartides/PLAYMODES_STUDIO/PROJECTES/ATEMPORALS/FORMS/P5/FORMS_SPECTRUM3/pngs/142.png
[notice ] 18:05:27 : /Volumes/GoogleDrive/Unitats compartides/PLAYMODES_STUDIO/PROJECTES/ATEMPORALS/FORMS/P5/FORMS_SPECTRUM3/pngs/143.png
[notice ] 18:05:44 : /Volumes/GoogleDrive/Unitats compartides/PLAYMODES_STUDIO/PROJECTES/ATEMPORALS/FORMS/P5/FORMS_SPECTRUM3/pngs/144.png
[notice ] 18:06:01 : /Volumes/GoogleDrive/Unitats compartides/PLAYMODES_STUDIO/PROJECTES/ATEMPORALS/FORMS/P5/FORMS_SPECTRUM3/pngs/145.png
[notice ] 18:06:19 : /Volumes/GoogleDrive/Unitats compartides/PLAYMODES_STUDIO/PROJECTES/ATEMPORALS/FORMS/P5/FORMS_SPECTRUM3/pngs/146.png
[notice ] 18:06:36 : /Volumes/GoogleDrive/Unitats compartides/PLAYMODES_STUDIO/PROJECTES/ATEMPORALS/FORMS/P5/FORMS_SPECTRUM3/pngs/147.png
[notice ] 18:06:53 : /Volumes/GoogleDrive/Unitats compartides/PLAYMODES_STUDIO/PROJECTES/ATEMPORALS/FORMS/P5/FORMS_SPECTRUM3/pngs/148.png
[notice ] 18:07:10 : /Volumes/GoogleDrive/Unitats compartides/PLAYMODES_STUDIO/PROJECTES/ATEMPORALS/FORMS/P5/FORMS_SPECTRUM3/pngs/149.png
[notice ] 18:07:27 : /Volumes/GoogleDrive/Unitats compartides/PLAYMODES_STUDIO/PROJECTES/ATEMPORALS/FORMS/P5/FORMS_SPECTRUM3/pngs/150.png
[notice ] 18:07:44 : /Volumes/GoogleDrive/Unitats compartides/PLAYMODES_STUDIO/PROJECTES/ATEMPORALS/FORMS/P5/FORMS_SPECTRUM3/pngs/151.png
[notice ] 18:08:01 : /Volumes/GoogleDrive/Unitats compartides/PLAYMODES_STUDIO/PROJECTES/ATEMPORALS/FORMS/P5/FORMS_SPECTRUM3/pngs/152.png
[notice ] 18:08:19 : /Volumes/GoogleDrive/Unitats compartides/PLAYMODES_STUDIO/PROJECTES/ATEMPORALS/FORMS/P5/FORMS_SPECTRUM3/pngs/153.png
[notice ] 18:08:36 : /Volumes/GoogleDrive/Unitats compartides/PLAYMODES_STUDIO/PROJECTES/ATEMPORALS/FORMS/P5/FORMS_SPECTRUM3/pngs/154.png
[notice ] 18:08:53 : /Volumes/GoogleDrive/Unitats compartides/PLAYMODES_STUDIO/PROJECTES/ATEMPORALS/FORMS/P5/FORMS_SPECTRUM3/pngs/154.png
[notice ] 18:09:10 : /Volumes/GoogleDrive/Unitats compartides/PLAYMODES_STUDIO/PROJECTES/ATEMPORALS/FORMS/P5/FORMS_SPECTRUM4/pngs/1.png
[notice ] 18:09:27 : /Volumes/GoogleDrive/Unitats compartides/PLAYMODES_STUDIO/PROJECTES/ATEMPORALS/FORMS/P5/FORMS_SPECTRUM4/pngs/3.png
[notice ] 18:09:44 : /Volumes/GoogleDrive/Unitats compartides/PLAYMODES_STUDIO/PROJECTES/ATEMPORALS/FORMS/P5/FORMS_SPECTRUM4/pngs/4.png
[notice ] 18:10:01 : /Volumes/GoogleDrive/Unitats compartides/PLAYMODES_STUDIO/PROJECTES/ATEMPORALS/FORMS/P5/FORMS_SPECTRUM4/pngs/5.png
[notice ] 18:10:19 : /Volumes/GoogleDrive/Unitats compartides/PLAYMODES_STUDIO/PROJECTES/ATEMPORALS/FORMS/P5/FORMS_SPECTRUM4/pngs/6.png
[notice ] 18:10:36 : /Volumes/GoogleDrive/Unitats compartides/PLAYMODES_STUDIO/PROJECTES/ATEMPORALS/FORMS/P5/FORMS_SPECTRUM4/pngs/7.png
[notice ] 18:10:53 : /Volumes/GoogleDrive/Unitats compartides/PLAYMODES_STUDIO/PROJECTES/ATEMPORALS/FORMS/P5/FORMS_SPECTRUM4/pngs/7.png
[notice ] 18:11:10 : /Volumes/GoogleDrive/Unitats compartides/PLAYMODES_STUDIO/PROJECTES/ATEMPORALS/FORMS/P5/FORMS_SPECTRUM4/pngs/2.png
[notice ] 18:11:27 : /Volumes/GoogleDrive/Unitats compartides/PLAYMODES_STUDIO/PROJECTES/ATEMPORALS/FORMS/P5/FORMS_SPECTRUM4/pngs/3.png
[notice ] 18:11:41 : /Volumes/GoogleDrive/Unitats compartides/PLAYMODES_STUDIO/PROJECTES/ATEMPORALS/FORMS/P5/FORMS_SPECTRUM4/pngs/4.png
[notice ] 18:11:50 : /Volumes/GoogleDrive/Unitats compartides/PLAYMODES_STUDIO/PROJECTES/ATEMPORALS/FORMS/P5/FORMS_SPECTRUM4/pngs/5.png
[ error ] ofAppGLFWWindow: 65544: Cocoa: Failed to find service port for display
[notice ] 18:11:59 : /Volumes/GoogleDrive/Unitats compartides/PLAYMODES_STUDIO/PROJECTES/ATEMPORALS/FORMS/P5/FORMS_SPECTRUM4/pngs/5.png
[ error ] ofAppGLFWWindow: 65544: Cocoa: Failed to find service port for display
[notice ] 18:12:07 : /Volumes/GoogleDrive/Unitats compartides/PLAYMODES_STUDIO/PROJECTES/ATEMPORALS/FORMS/P5/FORMS_SPECTRUM4/pngs/6.png
[notice ] 18:12:16 : /Volumes/GoogleDrive/Unitats compartides/PLAYMODES_STUDIO/PROJECTES/ATEMPORALS/FORMS/P5/FORMS_SPECTRUM4/pngs/7.png
[notice ] 18:12:25 : /Volumes/GoogleDrive/Unitats compartides/PLAYMODES_STUDIO/PROJECTES/ATEMPORALS/FORMS/P5/FORMS_SPECTRUM4/pngs/8.png
[notice ] 18:12:34 : /Volumes/GoogleDrive/Unitats compartides/PLAYMODES_STUDIO/PROJECTES/ATEMPORALS/FORMS/P5/FORMS_SPECTRUM4/pngs/9.png
[notice ] 18:12:42 : /Volumes/GoogleDrive/Unitats compartides/PLAYMODES_STUDIO/PROJECTES/ATEMPORALS/FORMS/P5/FORMS_SPECTRUM4/pngs/10.png
[notice ] 18:12:51 : /Volumes/GoogleDrive/Unitats compartides/PLAYMODES_STUDIO/PROJECTES/ATEMPORALS/FORMS/P5/FORMS_SPECTRUM4/pngs/11.png
[notice ] 18:12:59 : /Volumes/GoogleDrive/Unitats compartides/PLAYMODES_STUDIO/PROJECTES/ATEMPORALS/FORMS/P5/FORMS_SPECTRUM4/pngs/12.png
[notice ] 18:13:08 : /Volumes/GoogleDrive/Unitats compartides/PLAYMODES_STUDIO/PROJECTES/ATEMPORALS/FORMS/P5/FORMS_SPECTRUM4/pngs/13.png
[notice ] 18:13:16 : /Volumes/GoogleDrive/Unitats compartides/PLAYMODES_STUDIO/PROJECTES/ATEMPORALS/FORMS/P5/FORMS_SPECTRUM4/pngs/14.png
[notice ] 18:13:44 : /Volumes/GoogleDrive/Unitats compartides/PLAYMODES_STUDIO/PROJECTES/ATEMPORALS/FORMS/P5/FORMS_SPECTRUM4/pngs/15.png
[notice ] 18:13:49 : /Volumes/GoogleDrive/Unitats compartides/PLAYMODES_STUDIO/PROJECTES/ATEMPORALS/FORMS/P5/FORMS_SPECTRUM4/pngs/16.png
[notice ] 18:13:53 : /Volumes/GoogleDrive/Unitats compartides/PLAYMODES_STUDIO/PROJECTES/ATEMPORALS/FORMS/P5/FORMS_SPECTRUM4/pngs/19.png
[notice ] 18:13:59 : /Volumes/GoogleDrive/Unitats compartides/PLAYMODES_STUDIO/PROJECTES/ATEMPORALS/FORMS/P5/FORMS_SPECTRUM4/pngs/19.png
[notice ] 18:14:05 : /Volumes/GoogleDrive/Unitats compartides/PLAYMODES_STUDIO/PROJECTES/ATEMPORALS/FORMS/P5/FORMS_SPECTRUM4/pngs/20.png
[notice ] 18:18:50 : /Volumes/GoogleDrive/Unitats compartides/PLAYMODES_STUDIO/PROJECTES/ATEMPORALS/FORMS/P5/FORMS_SPECTRUM4/pngs/20.png
[notice ] 18:26:36 : /Volumes/GoogleDrive/Unitats compartides/PLAYMODES_STUDIO/PROJECTES/ATEMPORALS/FORMS/P5/FORMS_SPECTRUM4/pngs/22.png
[notice ] 18:26:45 : /Volumes/GoogleDrive/Unitats compartides/PLAYMODES_STUDIO/PROJECTES/ATEMPORALS/FORMS/P5/FORMS_SPECTRUM4/pngs/26.png
[notice ] 18:26:53 : /Volumes/GoogleDrive/Unitats compartides/PLAYMODES_STUDIO/PROJECTES/ATEMPORALS/FORMS/P5/FORMS_SPECTRUM4/pngs/29.png
[notice ] 18:27:02 : /Volumes/GoogleDrive/Unitats compartides/PLAYMODES_STUDIO/PROJECTES/ATEMPORALS/FORMS/P5/FORMS_SPECTRUM4/pngs/30.png
[notice ] 18:27:10 : /Volumes/GoogleDrive/Unitats compartides/PLAYMODES_STUDIO/PROJECTES/ATEMPORALS/FORMS/P5/FORMS_SPECTRUM4/pngs/32.png
[notice ] 18:27:19 : /Volumes/GoogleDrive/Unitats compartides/PLAYMODES_STUDIO/PROJECTES/ATEMPORALS/FORMS/P5/FORMS_SPECTRUM4/pngs/34.png
[notice ] 18:27:28 : /Volumes/GoogleDrive/Unitats compartides/PLAYMODES_STUDIO/PROJECTES/ATEMPORALS/FORMS/P5/FORMS_SPECTRUM4/pngs/36.png
[notice ] 18:27:36 : /Volumes/GoogleDrive/Unitats compartides/PLAYMODES_STUDIO/PROJECTES/ATEMPORALS/FORMS/P5/FORMS_SPECTRUM4/pngs/37.png
[notice ] 18:27:45 : /Volumes/GoogleDrive/Unitats compartides/PLAYMODES_STUDIO/PROJECTES/ATEMPORALS/FORMS/P5/FORMS_SPECTRUM4/pngs/39.png
[notice ] 18:27:53 : /Volumes/GoogleDrive/Unitats compartides/PLAYMODES_STUDIO/PROJECTES/ATEMPORALS/FORMS/P5/FORMS_SPECTRUM4/pngs/41.png
[notice ] 18:28:02 : /Volumes/GoogleDrive/Unitats compartides/PLAYMODES_STUDIO/PROJECTES/ATEMPORALS/FORMS/P5/FORMS_SPECTRUM4/pngs/43.png
[notice ] 18:28:10 : /Volumes/GoogleDrive/Unitats compartides/PLAYMODES_STUDIO/PROJECTES/ATEMPORALS/FORMS/P5/FORMS_SPECTRUM4/pngs/45.png
[notice ] 18:28:19 : /Volumes/GoogleDrive/Unitats compartides/PLAYMODES_STUDIO/PROJECTES/ATEMPORALS/FORMS/P5/FORMS_SPECTRUM4/pngs/46.png
[notice ] 18:28:28 : /Volumes/GoogleDrive/Unitats compartides/PLAYMODES_STUDIO/PROJECTES/ATEMPORALS/FORMS/P5/FORMS_SPECTRUM4/pngs/48.png
[notice ] 18:28:36 : /Volumes/GoogleDrive/Unitats compartides/PLAYMODES_STUDIO/PROJECTES/ATEMPORALS/FORMS/P5/FORMS_SPECTRUM4/pngs/50.png
[notice ] 18:28:45 : /Volumes/GoogleDrive/Unitats compartides/PLAYMODES_STUDIO/PROJECTES/ATEMPORALS/FORMS/P5/FORMS_SPECTRUM4/pngs/52.png
[notice ] 18:28:53 : /Volumes/GoogleDrive/Unitats compartides/PLAYMODES_STUDIO/PROJECTES/ATEMPORALS/FORMS/P5/FORMS_SPECTRUM4/pngs/54.png
[notice ] 18:29:02 : /Volumes/GoogleDrive/Unitats compartides/PLAYMODES_STUDIO/PROJECTES/ATEMPORALS/FORMS/P5/FORMS_SPECTRUM4/pngs/56.png
[notice ] 18:29:10 : /Volumes/GoogleDrive/Unitats compartides/PLAYMODES_STUDIO/PROJECTES/ATEMPORALS/FORMS/P5/FORMS_SPECTRUM4/pngs/58.png
[notice ] 18:29:19 : /Volumes/GoogleDrive/Unitats compartides/PLAYMODES_STUDIO/PROJECTES/ATEMPORALS/FORMS/P5/FORMS_SPECTRUM4/pngs/60.png
[notice ] 18:29:28 : /Volumes/GoogleDrive/Unitats compartides/PLAYMODES_STUDIO/PROJECTES/ATEMPORALS/FORMS/P5/FORMS_SPECTRUM4/pngs/62.png
[notice ] 18:29:36 : /Volumes/GoogleDrive/Unitats compartides/PLAYMODES_STUDIO/PROJECTES/ATEMPORALS/FORMS/P5/FORMS_SPECTRUM4/pngs/64.png
[notice ] 18:29:45 : /Volumes/GoogleDrive/Unitats compartides/PLAYMODES_STUDIO/PROJECTES/ATEMPORALS/FORMS/P5/FORMS_SPECTRUM4/pngs/66.png
[notice ] 18:29:53 : /Volumes/GoogleDrive/Unitats compartides/PLAYMODES_STUDIO/PROJECTES/ATEMPORALS/FORMS/P5/FORMS_SPECTRUM4/pngs/68.png
[notice ] 18:30:02 : /Volumes/GoogleDrive/Unitats compartides/PLAYMODES_STUDIO/PROJECTES/ATEMPORALS/FORMS/P5/FORMS_SPECTRUM4/pngs/69.png
[notice ] 18:30:11 : /Volumes/GoogleDrive/Unitats compartides/PLAYMODES_STUDIO/PROJECTES/ATEMPORALS/FORMS/P5/FORMS_SPECTRUM4/pngs/70.png
[notice ] 18:30:20 : /Volumes/GoogleDrive/Unitats compartides/PLAYMODES_STUDIO/PROJECTES/ATEMPORALS/FORMS/P5/FORMS_SPECTRUM4/pngs/71.png
[notice ] 18:30:28 : /Volumes/GoogleDrive/Unitats compartides/PLAYMODES_STUDIO/PROJECTES/ATEMPORALS/FORMS/P5/FORMS_SPECTRUM4/pngs/71.png
[notice ] 18:30:36 : /Volumes/GoogleDrive/Unitats compartides/PLAYMODES_STUDIO/PROJECTES/ATEMPORALS/FORMS/P5/FORMS_SPECTRUM4/pngs/71.png
[notice ] 18:30:45 : /Volumes/GoogleDrive/Unitats compartides/PLAYMODES_STUDIO/PROJECTES/ATEMPORALS/FORMS/P5/FORMS_SPECTRUM4/pngs/71.png
[notice ] 18:30:53 : /Volumes/GoogleDrive/Unitats compartides/PLAYMODES_STUDIO/PROJECTES/ATEMPORALS/FORMS/P5/FORMS_SPECTRUM4/pngs/72.png
[notice ] 18:31:02 : /Volumes/GoogleDrive/Unitats compartides/PLAYMODES_STUDIO/PROJECTES/ATEMPORALS/FORMS/P5/FORMS_SPECTRUM4/pngs/73.png
[notice ] 18:31:10 : /Volumes/GoogleDrive/Unitats compartides/PLAYMODES_STUDIO/PROJECTES/ATEMPORALS/FORMS/P5/FORMS_SPECTRUM4/pngs/74.png
[notice ] 18:31:19 : /Volumes/GoogleDrive/Unitats compartides/PLAYMODES_STUDIO/PROJECTES/ATEMPORALS/FORMS/P5/FORMS_SPECTRUM4/pngs/75.png
[notice ] 18:31:28 : /Volumes/GoogleDrive/Unitats compartides/PLAYMODES_STUDIO/PROJECTES/ATEMPORALS/FORMS/P5/FORMS_SPECTRUM4/pngs/76.png
[notice ] 18:31:36 : /Volumes/GoogleDrive/Unitats compartides/PLAYMODES_STUDIO/PROJECTES/ATEMPORALS/FORMS/P5/FORMS_SPECTRUM4/pngs/77.png
[notice ] 18:31:45 : /Volumes/GoogleDrive/Unitats compartides/PLAYMODES_STUDIO/PROJECTES/ATEMPORALS/FORMS/P5/FORMS_SPECTRUM4/pngs/78.png
[notice ] 18:31:53 : /Volumes/GoogleDrive/Unitats compartides/PLAYMODES_STUDIO/PROJECTES/ATEMPORALS/FORMS/P5/FORMS_SPECTRUM4/pngs/79.png
[notice ] 18:32:02 : /Volumes/GoogleDrive/Unitats compartides/PLAYMODES_STUDIO/PROJECTES/ATEMPORALS/FORMS/P5/FORMS_SPECTRUM4/pngs/80.png
[notice ] 18:32:10 : /Volumes/GoogleDrive/Unitats compartides/PLAYMODES_STUDIO/PROJECTES/ATEMPORALS/FORMS/P5/FORMS_SPECTRUM4/pngs/81.png
[notice ] 18:32:19 : /Volumes/GoogleDrive/Unitats compartides/PLAYMODES_STUDIO/PROJECTES/ATEMPORALS/FORMS/P5/FORMS_SPECTRUM4/pngs/82.png
[notice ] 18:32:28 : /Volumes/GoogleDrive/Unitats compartides/PLAYMODES_STUDIO/PROJECTES/ATEMPORALS/FORMS/P5/FORMS_SPECTRUM4/pngs/83.png
[notice ] 18:32:36 : /Volumes/GoogleDrive/Unitats compartides/PLAYMODES_STUDIO/PROJECTES/ATEMPORALS/FORMS/P5/FORMS_SPECTRUM4/pngs/84.png
[notice ] 18:32:45 : /Volumes/GoogleDrive/Unitats compartides/PLAYMODES_STUDIO/PROJECTES/ATEMPORALS/FORMS/P5/FORMS_SPECTRUM4/pngs/85.png
[notice ] 18:32:53 : /Volumes/GoogleDrive/Unitats compartides/PLAYMODES_STUDIO/PROJECTES/ATEMPORALS/FORMS/P5/FORMS_SPECTRUM4/pngs/86.png
[notice ] 18:33:02 : /Volumes/GoogleDrive/Unitats compartides/PLAYMODES_STUDIO/PROJECTES/ATEMPORALS/FORMS/P5/FORMS_SPECTRUM4/pngs/87.png
[notice ] 18:33:10 : /Volumes/GoogleDrive/Unitats compartides/PLAYMODES_STUDIO/PROJECTES/ATEMPORALS/FORMS/P5/FORMS_SPECTRUM4/pngs/88.png
[notice ] 18:33:19 : /Volumes/GoogleDrive/Unitats compartides/PLAYMODES_STUDIO/PROJECTES/ATEMPORALS/FORMS/P5/FORMS_SPECTRUM4/pngs/89.png
[notice ] 18:33:28 : /Volumes/GoogleDrive/Unitats compartides/PLAYMODES_STUDIO/PROJECTES/ATEMPORALS/FORMS/P5/FORMS_SPECTRUM4/pngs/90.png
[notice ] 18:33:39 : /Volumes/GoogleDrive/Unitats compartides/PLAYMODES_STUDIO/PROJECTES/ATEMPORALS/FORMS/P5/FORMS_SPECTRUM4/pngs/91.png
[notice ] 18:33:49 : /Volumes/GoogleDrive/Unitats compartides/PLAYMODES_STUDIO/PROJECTES/ATEMPORALS/FORMS/P5/FORMS_SPECTRUM4/pngs/93.png
[notice ] 18:34:00 : /Volumes/GoogleDrive/Unitats compartides/PLAYMODES_STUDIO/PROJECTES/ATEMPORALS/FORMS/P5/FORMS_SPECTRUM4/pngs/94.png
[notice ] 18:34:10 : /Volumes/GoogleDrive/Unitats compartides/PLAYMODES_STUDIO/PROJECTES/ATEMPORALS/FORMS/P5/FORMS_SPECTRUM4/pngs/96.png
[notice ] 18:34:20 : /Volumes/GoogleDrive/Unitats compartides/PLAYMODES_STUDIO/PROJECTES/ATEMPORALS/FORMS/P5/FORMS_SPECTRUM4/pngs/97.png
[notice ] 18:34:31 : /Volumes/GoogleDrive/Unitats compartides/PLAYMODES_STUDIO/PROJECTES/ATEMPORALS/FORMS/P5/FORMS_SPECTRUM4/pngs/98.png
[notice ] 18:34:41 : /Volumes/GoogleDrive/Unitats compartides/PLAYMODES_STUDIO/PROJECTES/ATEMPORALS/FORMS/P5/FORMS_SPECTRUM4/pngs/101.png
[notice ] 18:34:52 : /Volumes/GoogleDrive/Unitats compartides/PLAYMODES_STUDIO/PROJECTES/ATEMPORALS/FORMS/P5/FORMS_SPECTRUM4/pngs/102.png
[notice ] 18:35:02 : /Volumes/GoogleDrive/Unitats compartides/PLAYMODES_STUDIO/PROJECTES/ATEMPORALS/FORMS/P5/FORMS_SPECTRUM4/pngs/103.png
[notice ] 18:35:13 : /Volumes/GoogleDrive/Unitats compartides/PLAYMODES_STUDIO/PROJECTES/ATEMPORALS/FORMS/P5/FORMS_SPECTRUM4/pngs/104.png
[notice ] 18:35:23 : /Volumes/GoogleDrive/Unitats compartides/PLAYMODES_STUDIO/PROJECTES/ATEMPORALS/FORMS/P5/FORMS_SPECTRUM4/pngs/105.png
[notice ] 18:35:33 : /Volumes/GoogleDrive/Unitats compartides/PLAYMODES_STUDIO/PROJECTES/ATEMPORALS/FORMS/P5/FORMS_SPECTRUM4/pngs/106.png
[notice ] 18:35:44 : /Volumes/GoogleDrive/Unitats compartides/PLAYMODES_STUDIO/PROJECTES/ATEMPORALS/FORMS/P5/FORMS_SPECTRUM4/pngs/108.png
[notice ] 18:35:54 : /Volumes/GoogleDrive/Unitats compartides/PLAYMODES_STUDIO/PROJECTES/ATEMPORALS/FORMS/P5/FORMS_SPECTRUM4/pngs/109.png
[notice ] 18:36:05 : /Volumes/GoogleDrive/Unitats compartides/PLAYMODES_STUDIO/PROJECTES/ATEMPORALS/FORMS/P5/FORMS_SPECTRUM4/pngs/110.png
[notice ] 18:36:15 : /Volumes/GoogleDrive/Unitats compartides/PLAYMODES_STUDIO/PROJECTES/ATEMPORALS/FORMS/P5/FORMS_SPECTRUM4/pngs/111.png
[notice ] 18:36:26 : /Volumes/GoogleDrive/Unitats compartides/PLAYMODES_STUDIO/PROJECTES/ATEMPORALS/FORMS/P5/FORMS_SPECTRUM4/pngs/112.png
[notice ] 18:36:36 : /Volumes/GoogleDrive/Unitats compartides/PLAYMODES_STUDIO/PROJECTES/ATEMPORALS/FORMS/P5/FORMS_SPECTRUM4/pngs/113.png
[notice ] 18:36:46 : /Volumes/GoogleDrive/Unitats compartides/PLAYMODES_STUDIO/PROJECTES/ATEMPORALS/FORMS/P5/FORMS_SPECTRUM4/pngs/114.png
[notice ] 18:36:57 : /Volumes/GoogleDrive/Unitats compartides/PLAYMODES_STUDIO/PROJECTES/ATEMPORALS/FORMS/P5/FORMS_SPECTRUM4/pngs/115.png
[notice ] 18:37:07 : /Volumes/GoogleDrive/Unitats compartides/PLAYMODES_STUDIO/PROJECTES/ATEMPORALS/FORMS/P5/FORMS_SPECTRUM4/pngs/116.png
[notice ] 18:37:18 : /Volumes/GoogleDrive/Unitats compartides/PLAYMODES_STUDIO/PROJECTES/ATEMPORALS/FORMS/P5/FORMS_SPECTRUM4/pngs/117.png
[notice ] 18:37:28 : /Volumes/GoogleDrive/Unitats compartides/PLAYMODES_STUDIO/PROJECTES/ATEMPORALS/FORMS/P5/FORMS_SPECTRUM4/pngs/118.png
[notice ] 18:37:39 : /Volumes/GoogleDrive/Unitats compartides/PLAYMODES_STUDIO/PROJECTES/ATEMPORALS/FORMS/P5/FORMS_SPECTRUM4/pngs/119.png
[notice ] 18:37:49 : /Volumes/GoogleDrive/Unitats compartides/PLAYMODES_STUDIO/PROJECTES/ATEMPORALS/FORMS/P5/FORMS_SPECTRUM4/pngs/120.png
[notice ] 18:37:59 : /Volumes/GoogleDrive/Unitats compartides/PLAYMODES_STUDIO/PROJECTES/ATEMPORALS/FORMS/P5/FORMS_SPECTRUM4/pngs/121.png
[notice ] 18:38:10 : /Volumes/GoogleDrive/Unitats compartides/PLAYMODES_STUDIO/PROJECTES/ATEMPORALS/FORMS/P5/FORMS_SPECTRUM4/pngs/122.png
[ error ] ofAppGLFWWindow: 65544: Cocoa: Failed to find service port for display
[notice ] 18:38:20 : /Volumes/GoogleDrive/Unitats compartides/PLAYMODES_STUDIO/PROJECTES/ATEMPORALS/FORMS/P5/FORMS_SPECTRUM4/pngs/123.png
[notice ] 18:38:31 : /Volumes/GoogleDrive/Unitats compartides/PLAYMODES_STUDIO/PROJECTES/ATEMPORALS/FORMS/P5/FORMS_SPECTRUM4/pngs/124.png
[notice ] 18:38:41 : /Volumes/GoogleDrive/Unitats compartides/PLAYMODES_STUDIO/PROJECTES/ATEMPORALS/FORMS/P5/FORMS_SPECTRUM4/pngs/125.png
[notice ] 18:38:52 : /Volumes/GoogleDrive/Unitats compartides/PLAYMODES_STUDIO/PROJECTES/ATEMPORALS/FORMS/P5/FORMS_SPECTRUM4/pngs/126.png
[ error ] ofAppGLFWWindow: 65544: Cocoa: Failed to find service port for display
[notice ] 18:39:02 : /Volumes/GoogleDrive/Unitats compartides/PLAYMODES_STUDIO/PROJECTES/ATEMPORALS/FORMS/P5/FORMS_SPECTRUM4/pngs/127.png
