

--------------------------------------- 2022-06-11-00-06-14-328
[notice ] 03:19:17 : /Volumes/GoogleDrive-108524251851240764138/Unitats compartides/PLAYMODES_STUDIO/PROJECTES/ATEMPORALS/FORMS/LAST_SET/INDOMITES/FORMS_SPECTRUM6_TABS/pngs/749.png
[notice ] 08:09:34 : /Volumes/GoogleDrive-108524251851240764138/Unitats compartides/PLAYMODES_STUDIO/PROJECTES/ATEMPORALS/FORMS/LAST_SET/INDOMITES/FORMS_SPECTRUM6_TABS/pngs/750.png
[notice ] 11:36:16 : /Volumes/GoogleDrive-108524251851240764138/Unitats compartides/PLAYMODES_STUDIO/PROJECTES/ATEMPORALS/FORMS/LAST_SET/INDOMITES/FORMS_SPECTRUM6_TABS/pngs/751.png
[notice ] 16:30:23 : /Volumes/GoogleDrive-108524251851240764138/Unitats compartides/PLAYMODES_STUDIO/PROJECTES/ATEMPORALS/FORMS/LAST_SET/INDOMITES/FORMS_SPECTRUM6_TABS/pngs/752.png
[notice ] 21:27:22 : /Volumes/GoogleDrive-108524251851240764138/Unitats compartides/PLAYMODES_STUDIO/PROJECTES/ATEMPORALS/FORMS/LAST_SET/INDOMITES/FORMS_SPECTRUM6_TABS/pngs/753.png
[notice ] 23:28:56 : /Volumes/GoogleDrive-108524251851240764138/Unitats compartides/PLAYMODES_STUDIO/PROJECTES/ATEMPORALS/FORMS/LAST_SET/INDOMITES/FORMS_SPECTRUM6_TABS/pngs/754.png


--------------------------------------- 2022-06-11-23-31-02-157
[ error ] ofAppGLFWWindow: 65544: Cocoa: Failed to find service port for display
[notice ] 23:33:28 : Portada 2
[notice ] 23:33:52 : 
[notice ] 23:34:03 : /Volumes/GoogleDrive-108524251851240764138/Unitats compartides/PLAYMODES_STUDIO/PROJECTES/ATEMPORALS/FORMS/LAST_SET/INDOMITES/FORMS_SPECTRUM6_TABS/pngs/2.png
[notice ] 23:34:13 : /Volumes/GoogleDrive-108524251851240764138/Unitats compartides/PLAYMODES_STUDIO/PROJECTES/ATEMPORALS/FORMS/LAST_SET/INDOMITES/FORMS_SPECTRUM6_TABS/pngs/2.png
[notice ] 23:34:23 : /Volumes/GoogleDrive-108524251851240764138/Unitats compartides/PLAYMODES_STUDIO/PROJECTES/ATEMPORALS/FORMS/LAST_SET/INDOMITES/FORMS_SPECTRUM6_TABS/pngs/4.png
[notice ] 23:34:33 : /Volumes/GoogleDrive-108524251851240764138/Unitats compartides/PLAYMODES_STUDIO/PROJECTES/ATEMPORALS/FORMS/LAST_SET/INDOMITES/FORMS_SPECTRUM6_TABS/pngs/4.png
[notice ] 23:34:43 : /Volumes/GoogleDrive-108524251851240764138/Unitats compartides/PLAYMODES_STUDIO/PROJECTES/ATEMPORALS/FORMS/LAST_SET/INDOMITES/FORMS_SPECTRUM6_TABS/pngs/6.png
[notice ] 23:34:53 : /Volumes/GoogleDrive-108524251851240764138/Unitats compartides/PLAYMODES_STUDIO/PROJECTES/ATEMPORALS/FORMS/LAST_SET/INDOMITES/FORMS_SPECTRUM6_TABS/pngs/6.png


--------------------------------------- 2022-06-11-23-37-20-685
[ error ] ofAppGLFWWindow: 65544: Cocoa: Failed to find service port for display
[notice ] 23:38:06 : Portada 2
[notice ] 23:38:26 : 
[notice ] 23:38:35 : /Volumes/GoogleDrive-108524251851240764138/Unitats compartides/PLAYMODES_STUDIO/PROJECTES/ATEMPORALS/FORMS/LAST_SET/INDOMITES/FORMS_SPECTRUM6_TABS/pngs/1.png
[notice ] 23:38:46 : /Volumes/GoogleDrive-108524251851240764138/Unitats compartides/PLAYMODES_STUDIO/PROJECTES/ATEMPORALS/FORMS/LAST_SET/INDOMITES/FORMS_SPECTRUM6_TABS/pngs/1.png
[notice ] 23:38:58 : /Volumes/GoogleDrive-108524251851240764138/Unitats compartides/PLAYMODES_STUDIO/PROJECTES/ATEMPORALS/FORMS/LAST_SET/INDOMITES/FORMS_SPECTRUM6_TABS/pngs/3.png
[notice ] 23:39:10 : /Volumes/GoogleDrive-108524251851240764138/Unitats compartides/PLAYMODES_STUDIO/PROJECTES/ATEMPORALS/FORMS/LAST_SET/INDOMITES/FORMS_SPECTRUM6_TABS/pngs/3.png
[notice ] 23:39:22 : /Volumes/GoogleDrive-108524251851240764138/Unitats compartides/PLAYMODES_STUDIO/PROJECTES/ATEMPORALS/FORMS/LAST_SET/INDOMITES/FORMS_SPECTRUM6_TABS/pngs/5.png
[notice ] 23:39:34 : /Volumes/GoogleDrive-108524251851240764138/Unitats compartides/PLAYMODES_STUDIO/PROJECTES/ATEMPORALS/FORMS/LAST_SET/INDOMITES/FORMS_SPECTRUM6_TABS/pngs/5.png
[notice ] 23:39:46 : /Volumes/GoogleDrive-108524251851240764138/Unitats compartides/PLAYMODES_STUDIO/PROJECTES/ATEMPORALS/FORMS/LAST_SET/INDOMITES/FORMS_SPECTRUM6_TABS/pngs/6.png
[notice ] 23:39:58 : /Volumes/GoogleDrive-108524251851240764138/Unitats compartides/PLAYMODES_STUDIO/PROJECTES/ATEMPORALS/FORMS/LAST_SET/INDOMITES/FORMS_SPECTRUM6_TABS/pngs/8.png


--------------------------------------- 2022-06-11-23-40-32-274
[ error ] ofAppGLFWWindow: 65544: Cocoa: Failed to find service port for display
[notice ] 23:40:35 : Portada 2
[ error ] ofImage: loadImage(): couldn't load image from """"
[ error ] ofxThreadedImageLoader: couldn't load file: ""
[notice ] 23:40:47 : 
[notice ] 23:40:59 : 
[notice ] 23:41:10 : /Volumes/GoogleDrive-108524251851240764138/Unitats compartides/PLAYMODES_STUDIO/PROJECTES/ATEMPORALS/FORMS/LAST_SET/INDOMITES/FORMS_SPECTRUM6_TABS/pngs/13.png
[notice ] 23:41:20 : /Volumes/GoogleDrive-108524251851240764138/Unitats compartides/PLAYMODES_STUDIO/PROJECTES/ATEMPORALS/FORMS/LAST_SET/INDOMITES/FORMS_SPECTRUM6_TABS/pngs/14.png
[notice ] 23:41:30 : /Volumes/GoogleDrive-108524251851240764138/Unitats compartides/PLAYMODES_STUDIO/PROJECTES/ATEMPORALS/FORMS/LAST_SET/INDOMITES/FORMS_SPECTRUM6_TABS/pngs/14.png
[notice ] 23:41:40 : /Volumes/GoogleDrive-108524251851240764138/Unitats compartides/PLAYMODES_STUDIO/PROJECTES/ATEMPORALS/FORMS/LAST_SET/INDOMITES/FORMS_SPECTRUM6_TABS/pngs/15.png
[notice ] 23:41:50 : /Volumes/GoogleDrive-108524251851240764138/Unitats compartides/PLAYMODES_STUDIO/PROJECTES/ATEMPORALS/FORMS/LAST_SET/INDOMITES/FORMS_SPECTRUM6_TABS/pngs/15.png
[notice ] 23:42:00 : /Volumes/GoogleDrive-108524251851240764138/Unitats compartides/PLAYMODES_STUDIO/PROJECTES/ATEMPORALS/FORMS/LAST_SET/INDOMITES/FORMS_SPECTRUM6_TABS/pngs/16.png
[notice ] 23:42:10 : /Volumes/GoogleDrive-108524251851240764138/Unitats compartides/PLAYMODES_STUDIO/PROJECTES/ATEMPORALS/FORMS/LAST_SET/INDOMITES/FORMS_SPECTRUM6_TABS/pngs/16.png
[notice ] 23:42:20 : /Volumes/GoogleDrive-108524251851240764138/Unitats compartides/PLAYMODES_STUDIO/PROJECTES/ATEMPORALS/FORMS/LAST_SET/INDOMITES/FORMS_SPECTRUM6_TABS/pngs/16.png
[notice ] 23:42:30 : /Volumes/GoogleDrive-108524251851240764138/Unitats compartides/PLAYMODES_STUDIO/PROJECTES/ATEMPORALS/FORMS/LAST_SET/INDOMITES/FORMS_SPECTRUM6_TABS/pngs/17.png
[notice ] 23:42:41 : /Volumes/GoogleDrive-108524251851240764138/Unitats compartides/PLAYMODES_STUDIO/PROJECTES/ATEMPORALS/FORMS/LAST_SET/INDOMITES/FORMS_SPECTRUM6_TABS/pngs/17.png
[notice ] 23:42:51 : /Volumes/GoogleDrive-108524251851240764138/Unitats compartides/PLAYMODES_STUDIO/PROJECTES/ATEMPORALS/FORMS/LAST_SET/INDOMITES/FORMS_SPECTRUM6_TABS/pngs/18.png
[notice ] 23:43:01 : /Volumes/GoogleDrive-108524251851240764138/Unitats compartides/PLAYMODES_STUDIO/PROJECTES/ATEMPORALS/FORMS/LAST_SET/INDOMITES/FORMS_SPECTRUM6_TABS/pngs/19.png
[notice ] 23:43:11 : /Volumes/GoogleDrive-108524251851240764138/Unitats compartides/PLAYMODES_STUDIO/PROJECTES/ATEMPORALS/FORMS/LAST_SET/INDOMITES/FORMS_SPECTRUM6_TABS/pngs/20.png
[notice ] 23:43:21 : /Volumes/GoogleDrive-108524251851240764138/Unitats compartides/PLAYMODES_STUDIO/PROJECTES/ATEMPORALS/FORMS/LAST_SET/INDOMITES/FORMS_SPECTRUM6_TABS/pngs/20.png
[notice ] 23:43:31 : /Volumes/GoogleDrive-108524251851240764138/Unitats compartides/PLAYMODES_STUDIO/PROJECTES/ATEMPORALS/FORMS/LAST_SET/INDOMITES/FORMS_SPECTRUM6_TABS/pngs/21.png
[notice ] 23:43:41 : /Volumes/GoogleDrive-108524251851240764138/Unitats compartides/PLAYMODES_STUDIO/PROJECTES/ATEMPORALS/FORMS/LAST_SET/INDOMITES/FORMS_SPECTRUM6_TABS/pngs/21.png
[notice ] 23:43:51 : /Volumes/GoogleDrive-108524251851240764138/Unitats compartides/PLAYMODES_STUDIO/PROJECTES/ATEMPORALS/FORMS/LAST_SET/INDOMITES/FORMS_SPECTRUM6_TABS/pngs/21.png
[notice ] 23:44:01 : /Volumes/GoogleDrive-108524251851240764138/Unitats compartides/PLAYMODES_STUDIO/PROJECTES/ATEMPORALS/FORMS/LAST_SET/INDOMITES/FORMS_SPECTRUM6_TABS/pngs/21.png
[notice ] 23:44:11 : /Volumes/GoogleDrive-108524251851240764138/Unitats compartides/PLAYMODES_STUDIO/PROJECTES/ATEMPORALS/FORMS/LAST_SET/INDOMITES/FORMS_SPECTRUM6_TABS/pngs/21.png
[notice ] 23:44:22 : /Volumes/GoogleDrive-108524251851240764138/Unitats compartides/PLAYMODES_STUDIO/PROJECTES/ATEMPORALS/FORMS/LAST_SET/INDOMITES/FORMS_SPECTRUM6_TABS/pngs/21.png
[notice ] 23:44:32 : /Volumes/GoogleDrive-108524251851240764138/Unitats compartides/PLAYMODES_STUDIO/PROJECTES/ATEMPORALS/FORMS/LAST_SET/INDOMITES/FORMS_SPECTRUM6_TABS/pngs/21.png
[notice ] 23:44:42 : /Volumes/GoogleDrive-108524251851240764138/Unitats compartides/PLAYMODES_STUDIO/PROJECTES/ATEMPORALS/FORMS/LAST_SET/INDOMITES/FORMS_SPECTRUM6_TABS/pngs/21.png
[notice ] 23:44:52 : /Volumes/GoogleDrive-108524251851240764138/Unitats compartides/PLAYMODES_STUDIO/PROJECTES/ATEMPORALS/FORMS/LAST_SET/INDOMITES/FORMS_SPECTRUM6_TABS/pngs/21.png
[notice ] 23:45:02 : /Volumes/GoogleDrive-108524251851240764138/Unitats compartides/PLAYMODES_STUDIO/PROJECTES/ATEMPORALS/FORMS/LAST_SET/INDOMITES/FORMS_SPECTRUM6_TABS/pngs/21.png
[notice ] 23:45:12 : /Volumes/GoogleDrive-108524251851240764138/Unitats compartides/PLAYMODES_STUDIO/PROJECTES/ATEMPORALS/FORMS/LAST_SET/INDOMITES/FORMS_SPECTRUM6_TABS/pngs/21.png
[notice ] 23:45:22 : /Volumes/GoogleDrive-108524251851240764138/Unitats compartides/PLAYMODES_STUDIO/PROJECTES/ATEMPORALS/FORMS/LAST_SET/INDOMITES/FORMS_SPECTRUM6_TABS/pngs/1.png
[notice ] 23:45:32 : /Volumes/GoogleDrive-108524251851240764138/Unitats compartides/PLAYMODES_STUDIO/PROJECTES/ATEMPORALS/FORMS/LAST_SET/INDOMITES/FORMS_SPECTRUM6_TABS/pngs/1.png
[notice ] 23:45:42 : /Volumes/GoogleDrive-108524251851240764138/Unitats compartides/PLAYMODES_STUDIO/PROJECTES/ATEMPORALS/FORMS/LAST_SET/INDOMITES/FORMS_SPECTRUM6_TABS/pngs/2.png
[ error ] ofAppGLFWWindow: 65544: Cocoa: Failed to find service port for display
[notice ] 23:45:53 : /Volumes/GoogleDrive-108524251851240764138/Unitats compartides/PLAYMODES_STUDIO/PROJECTES/ATEMPORALS/FORMS/LAST_SET/INDOMITES/FORMS_SPECTRUM6_TABS/pngs/3.png
[notice ] 23:46:03 : /Volumes/GoogleDrive-108524251851240764138/Unitats compartides/PLAYMODES_STUDIO/PROJECTES/ATEMPORALS/FORMS/LAST_SET/INDOMITES/FORMS_SPECTRUM6_TABS/pngs/4.png
[notice ] 23:46:13 : /Volumes/GoogleDrive-108524251851240764138/Unitats compartides/PLAYMODES_STUDIO/PROJECTES/ATEMPORALS/FORMS/LAST_SET/INDOMITES/FORMS_SPECTRUM6_TABS/pngs/5.png
[notice ] 23:46:23 : /Volumes/GoogleDrive-108524251851240764138/Unitats compartides/PLAYMODES_STUDIO/PROJECTES/ATEMPORALS/FORMS/LAST_SET/INDOMITES/FORMS_SPECTRUM6_TABS/pngs/6.png
[notice ] 23:46:33 : /Volumes/GoogleDrive-108524251851240764138/Unitats compartides/PLAYMODES_STUDIO/PROJECTES/ATEMPORALS/FORMS/LAST_SET/INDOMITES/FORMS_SPECTRUM6_TABS/pngs/7.png
[ error ] ofAppGLFWWindow: 65544: Cocoa: Failed to find service port for display
[notice ] 23:46:43 : /Volumes/GoogleDrive-108524251851240764138/Unitats compartides/PLAYMODES_STUDIO/PROJECTES/ATEMPORALS/FORMS/LAST_SET/INDOMITES/FORMS_SPECTRUM6_TABS/pngs/8.png
[notice ] 23:46:53 : /Volumes/GoogleDrive-108524251851240764138/Unitats compartides/PLAYMODES_STUDIO/PROJECTES/ATEMPORALS/FORMS/LAST_SET/INDOMITES/FORMS_SPECTRUM6_TABS/pngs/9.png
[ error ] ofAppGLFWWindow: 65544: Cocoa: Failed to find service port for display
[notice ] 23:47:03 : /Volumes/GoogleDrive-108524251851240764138/Unitats compartides/PLAYMODES_STUDIO/PROJECTES/ATEMPORALS/FORMS/LAST_SET/INDOMITES/FORMS_SPECTRUM6_TABS/pngs/10.png
[notice ] 23:47:13 : /Volumes/GoogleDrive-108524251851240764138/Unitats compartides/PLAYMODES_STUDIO/PROJECTES/ATEMPORALS/FORMS/LAST_SET/INDOMITES/FORMS_SPECTRUM6_TABS/pngs/11.png
[notice ] 23:47:23 : /Volumes/GoogleDrive-108524251851240764138/Unitats compartides/PLAYMODES_STUDIO/PROJECTES/ATEMPORALS/FORMS/LAST_SET/INDOMITES/FORMS_SPECTRUM6_TABS/pngs/12.png
[notice ] 23:47:34 : /Volumes/GoogleDrive-108524251851240764138/Unitats compartides/PLAYMODES_STUDIO/PROJECTES/ATEMPORALS/FORMS/LAST_SET/INDOMITES/FORMS_SPECTRUM6_TABS/pngs/13.png
[notice ] 23:47:44 : /Volumes/GoogleDrive-108524251851240764138/Unitats compartides/PLAYMODES_STUDIO/PROJECTES/ATEMPORALS/FORMS/LAST_SET/INDOMITES/FORMS_SPECTRUM6_TABS/pngs/14.png
[notice ] 23:47:54 : /Volumes/GoogleDrive-108524251851240764138/Unitats compartides/PLAYMODES_STUDIO/PROJECTES/ATEMPORALS/FORMS/LAST_SET/INDOMITES/FORMS_SPECTRUM6_TABS/pngs/15.png
[notice ] 23:48:04 : /Volumes/GoogleDrive-108524251851240764138/Unitats compartides/PLAYMODES_STUDIO/PROJECTES/ATEMPORALS/FORMS/LAST_SET/INDOMITES/FORMS_SPECTRUM6_TABS/pngs/15.png
[notice ] 23:48:14 : /Volumes/GoogleDrive-108524251851240764138/Unitats compartides/PLAYMODES_STUDIO/PROJECTES/ATEMPORALS/FORMS/LAST_SET/INDOMITES/FORMS_SPECTRUM6_TABS/pngs/16.png
[notice ] 23:48:24 : /Volumes/GoogleDrive-108524251851240764138/Unitats compartides/PLAYMODES_STUDIO/PROJECTES/ATEMPORALS/FORMS/LAST_SET/INDOMITES/FORMS_SPECTRUM6_TABS/pngs/17.png
[notice ] 23:48:34 : /Volumes/GoogleDrive-108524251851240764138/Unitats compartides/PLAYMODES_STUDIO/PROJECTES/ATEMPORALS/FORMS/LAST_SET/INDOMITES/FORMS_SPECTRUM6_TABS/pngs/18.png
[notice ] 23:48:44 : /Volumes/GoogleDrive-108524251851240764138/Unitats compartides/PLAYMODES_STUDIO/PROJECTES/ATEMPORALS/FORMS/LAST_SET/INDOMITES/FORMS_SPECTRUM6_TABS/pngs/19.png
[notice ] 23:48:54 : /Volumes/GoogleDrive-108524251851240764138/Unitats compartides/PLAYMODES_STUDIO/PROJECTES/ATEMPORALS/FORMS/LAST_SET/INDOMITES/FORMS_SPECTRUM6_TABS/pngs/20.png
[notice ] 23:49:05 : /Volumes/GoogleDrive-108524251851240764138/Unitats compartides/PLAYMODES_STUDIO/PROJECTES/ATEMPORALS/FORMS/LAST_SET/INDOMITES/FORMS_SPECTRUM6_TABS/pngs/21.png
[notice ] 23:49:15 : /Volumes/GoogleDrive-108524251851240764138/Unitats compartides/PLAYMODES_STUDIO/PROJECTES/ATEMPORALS/FORMS/LAST_SET/INDOMITES/FORMS_SPECTRUM6_TABS/pngs/22.png
[notice ] 23:49:25 : /Volumes/GoogleDrive-108524251851240764138/Unitats compartides/PLAYMODES_STUDIO/PROJECTES/ATEMPORALS/FORMS/LAST_SET/INDOMITES/FORMS_SPECTRUM6_TABS/pngs/23.png
[notice ] 23:49:35 : /Volumes/GoogleDrive-108524251851240764138/Unitats compartides/PLAYMODES_STUDIO/PROJECTES/ATEMPORALS/FORMS/LAST_SET/INDOMITES/FORMS_SPECTRUM6_TABS/pngs/24.png
[notice ] 23:49:45 : /Volumes/GoogleDrive-108524251851240764138/Unitats compartides/PLAYMODES_STUDIO/PROJECTES/ATEMPORALS/FORMS/LAST_SET/INDOMITES/FORMS_SPECTRUM6_TABS/pngs/25.png
[ error ] ofAppGLFWWindow: 65544: Cocoa: Failed to find service port for display
