

--------------------------------------- 2022-04-12-00-22-31-288
[ error ] ofAppGLFWWindow: 65544: Cocoa: Failed to find service port for display
[notice ] 00:22:37 : Portada 2
[ error ] ofImage: loadImage(): couldn't load image from """"
[ error ] ofxThreadedImageLoader: couldn't load file: ""
[notice ] 00:22:59 : 
[ error ] ofImage: loadImage(): couldn't load image from """"
[ error ] ofxThreadedImageLoader: couldn't load file: ""
[notice ] 00:23:13 : 
[notice ] 00:23:33 : 
[notice ] 00:23:54 : /Volumes/GoogleDrive/Unitats compartides/PLAYMODES_STUDIO/PROJECTES/ATEMPORALS/FORMS/P5/FORMS_SPECTRUM4/pngs/4.png
[notice ] 00:24:09 : /Volumes/GoogleDrive/Unitats compartides/PLAYMODES_STUDIO/PROJECTES/ATEMPORALS/FORMS/P5/FORMS_SPECTRUM4/pngs/5.png
[notice ] 00:24:12 : /Volumes/GoogleDrive/Unitats compartides/PLAYMODES_STUDIO/PROJECTES/ATEMPORALS/FORMS/P5/FORMS_SPECTRUM4/pngs/6.png
[notice ] 00:24:14 : /Volumes/GoogleDrive/Unitats compartides/PLAYMODES_STUDIO/PROJECTES/ATEMPORALS/FORMS/P5/FORMS_SPECTRUM4/pngs/12.png
[notice ] 00:24:17 : /Volumes/GoogleDrive/Unitats compartides/PLAYMODES_STUDIO/PROJECTES/ATEMPORALS/FORMS/P5/FORMS_SPECTRUM4/pngs/13.png
[notice ] 00:24:20 : /Volumes/GoogleDrive/Unitats compartides/PLAYMODES_STUDIO/PROJECTES/ATEMPORALS/FORMS/P5/FORMS_SPECTRUM4/pngs/14.png
[notice ] 00:24:22 : /Volumes/GoogleDrive/Unitats compartides/PLAYMODES_STUDIO/PROJECTES/ATEMPORALS/FORMS/P5/FORMS_SPECTRUM4/pngs/15.png
[notice ] 00:24:31 : /Volumes/GoogleDrive/Unitats compartides/PLAYMODES_STUDIO/PROJECTES/ATEMPORALS/FORMS/P5/FORMS_SPECTRUM4/pngs/16.png
[ error ] ofAppGLFWWindow: 65544: Cocoa: Failed to find service port for display
[notice ] 00:24:52 : /Volumes/GoogleDrive/Unitats compartides/PLAYMODES_STUDIO/PROJECTES/ATEMPORALS/FORMS/P5/FORMS_SPECTRUM4/pngs/17.png
[ error ] ofAppGLFWWindow: 65544: Cocoa: Failed to find service port for display
[notice ] 00:25:13 : /Volumes/GoogleDrive/Unitats compartides/PLAYMODES_STUDIO/PROJECTES/ATEMPORALS/FORMS/P5/FORMS_SPECTRUM4/pngs/18.png
[notice ] 00:25:33 : /Volumes/GoogleDrive/Unitats compartides/PLAYMODES_STUDIO/PROJECTES/ATEMPORALS/FORMS/P5/FORMS_SPECTRUM4/pngs/19.png
[notice ] 00:25:54 : /Volumes/GoogleDrive/Unitats compartides/PLAYMODES_STUDIO/PROJECTES/ATEMPORALS/FORMS/P5/FORMS_SPECTRUM4/pngs/20.png
[notice ] 00:26:15 : /Volumes/GoogleDrive/Unitats compartides/PLAYMODES_STUDIO/PROJECTES/ATEMPORALS/FORMS/P5/FORMS_SPECTRUM4/pngs/21.png
[ error ] ofAppGLFWWindow: 65544: Cocoa: Failed to find service port for display
[notice ] 00:26:36 : /Volumes/GoogleDrive/Unitats compartides/PLAYMODES_STUDIO/PROJECTES/ATEMPORALS/FORMS/P5/FORMS_SPECTRUM4/pngs/22.png
[notice ] 00:26:57 : /Volumes/GoogleDrive/Unitats compartides/PLAYMODES_STUDIO/PROJECTES/ATEMPORALS/FORMS/P5/FORMS_SPECTRUM4/pngs/24.png
[ error ] ofAppGLFWWindow: 65544: Cocoa: Failed to find service port for display
[notice ] 00:27:18 : /Volumes/GoogleDrive/Unitats compartides/PLAYMODES_STUDIO/PROJECTES/ATEMPORALS/FORMS/P5/FORMS_SPECTRUM4/pngs/25.png
[notice ] 00:27:39 : /Volumes/GoogleDrive/Unitats compartides/PLAYMODES_STUDIO/PROJECTES/ATEMPORALS/FORMS/P5/FORMS_SPECTRUM4/pngs/26.png
[notice ] 00:28:00 : /Volumes/GoogleDrive/Unitats compartides/PLAYMODES_STUDIO/PROJECTES/ATEMPORALS/FORMS/P5/FORMS_SPECTRUM4/pngs/27.png
[notice ] 00:28:21 : /Volumes/GoogleDrive/Unitats compartides/PLAYMODES_STUDIO/PROJECTES/ATEMPORALS/FORMS/P5/FORMS_SPECTRUM4/pngs/28.png
[notice ] 00:28:42 : /Volumes/GoogleDrive/Unitats compartides/PLAYMODES_STUDIO/PROJECTES/ATEMPORALS/FORMS/P5/FORMS_SPECTRUM4/pngs/29.png
[notice ] 00:29:03 : /Volumes/GoogleDrive/Unitats compartides/PLAYMODES_STUDIO/PROJECTES/ATEMPORALS/FORMS/P5/FORMS_SPECTRUM4/pngs/30.png
[notice ] 00:29:24 : /Volumes/GoogleDrive/Unitats compartides/PLAYMODES_STUDIO/PROJECTES/ATEMPORALS/FORMS/P5/FORMS_SPECTRUM4/pngs/31.png
[notice ] 00:29:45 : /Volumes/GoogleDrive/Unitats compartides/PLAYMODES_STUDIO/PROJECTES/ATEMPORALS/FORMS/P5/FORMS_SPECTRUM4/pngs/32.png
[notice ] 00:30:06 : /Volumes/GoogleDrive/Unitats compartides/PLAYMODES_STUDIO/PROJECTES/ATEMPORALS/FORMS/P5/FORMS_SPECTRUM4/pngs/33.png
[notice ] 00:30:26 : /Volumes/GoogleDrive/Unitats compartides/PLAYMODES_STUDIO/PROJECTES/ATEMPORALS/FORMS/P5/FORMS_SPECTRUM4/pngs/34.png
[notice ] 00:30:47 : /Volumes/GoogleDrive/Unitats compartides/PLAYMODES_STUDIO/PROJECTES/ATEMPORALS/FORMS/P5/FORMS_SPECTRUM4/pngs/35.png
[notice ] 00:31:08 : /Volumes/GoogleDrive/Unitats compartides/PLAYMODES_STUDIO/PROJECTES/ATEMPORALS/FORMS/P5/FORMS_SPECTRUM4/pngs/36.png
[notice ] 00:31:29 : /Volumes/GoogleDrive/Unitats compartides/PLAYMODES_STUDIO/PROJECTES/ATEMPORALS/FORMS/P5/FORMS_SPECTRUM4/pngs/37.png
[notice ] 00:31:50 : /Volumes/GoogleDrive/Unitats compartides/PLAYMODES_STUDIO/PROJECTES/ATEMPORALS/FORMS/P5/FORMS_SPECTRUM4/pngs/41.png
[notice ] 00:32:11 : /Volumes/GoogleDrive/Unitats compartides/PLAYMODES_STUDIO/PROJECTES/ATEMPORALS/FORMS/P5/FORMS_SPECTRUM4/pngs/42.png
[ error ] ofAppGLFWWindow: 65544: Cocoa: Failed to find service port for display
[ error ] ofAppGLFWWindow: 65544: Cocoa: Failed to find service port for display
[ error ] ofAppGLFWWindow: 65544: Cocoa: Failed to find service port for display
[ error ] ofAppGLFWWindow: 65544: Cocoa: Failed to find service port for display
[ error ] ofAppGLFWWindow: 65544: Cocoa: Failed to find service port for display
[ error ] ofAppGLFWWindow: 65544: Cocoa: Failed to find service port for display
[notice ] 00:32:32 : /Volumes/GoogleDrive/Unitats compartides/PLAYMODES_STUDIO/PROJECTES/ATEMPORALS/FORMS/P5/FORMS_SPECTRUM4/pngs/43.png
[ error ] ofAppGLFWWindow: 65544: Cocoa: Failed to find service port for display
[ error ] ofAppGLFWWindow: 65544: Cocoa: Failed to find service port for display
[notice ] 00:32:52 : /Volumes/GoogleDrive/Unitats compartides/PLAYMODES_STUDIO/PROJECTES/ATEMPORALS/FORMS/P5/FORMS_SPECTRUM4/pngs/44.png
[notice ] 00:33:13 : /Volumes/GoogleDrive/Unitats compartides/PLAYMODES_STUDIO/PROJECTES/ATEMPORALS/FORMS/P5/FORMS_SPECTRUM4/pngs/45.png
[notice ] 00:33:34 : /Volumes/GoogleDrive/Unitats compartides/PLAYMODES_STUDIO/PROJECTES/ATEMPORALS/FORMS/P5/FORMS_SPECTRUM4/pngs/46.png
[notice ] 00:33:55 : /Volumes/GoogleDrive/Unitats compartides/PLAYMODES_STUDIO/PROJECTES/ATEMPORALS/FORMS/P5/FORMS_SPECTRUM4/pngs/47.png
[notice ] 00:34:16 : /Volumes/GoogleDrive/Unitats compartides/PLAYMODES_STUDIO/PROJECTES/ATEMPORALS/FORMS/P5/FORMS_SPECTRUM4/pngs/48.png
[notice ] 00:34:37 : /Volumes/GoogleDrive/Unitats compartides/PLAYMODES_STUDIO/PROJECTES/ATEMPORALS/FORMS/P5/FORMS_SPECTRUM4/pngs/49.png
[notice ] 00:34:58 : /Volumes/GoogleDrive/Unitats compartides/PLAYMODES_STUDIO/PROJECTES/ATEMPORALS/FORMS/P5/FORMS_SPECTRUM4/pngs/50.png
[notice ] 00:35:19 : /Volumes/GoogleDrive/Unitats compartides/PLAYMODES_STUDIO/PROJECTES/ATEMPORALS/FORMS/P5/FORMS_SPECTRUM4/pngs/51.png
[notice ] 00:35:39 : /Volumes/GoogleDrive/Unitats compartides/PLAYMODES_STUDIO/PROJECTES/ATEMPORALS/FORMS/P5/FORMS_SPECTRUM4/pngs/52.png
[notice ] 00:36:00 : /Volumes/GoogleDrive/Unitats compartides/PLAYMODES_STUDIO/PROJECTES/ATEMPORALS/FORMS/P5/FORMS_SPECTRUM4/pngs/54.png
[notice ] 00:36:21 : /Volumes/GoogleDrive/Unitats compartides/PLAYMODES_STUDIO/PROJECTES/ATEMPORALS/FORMS/P5/FORMS_SPECTRUM4/pngs/55.png
[notice ] 00:36:42 : /Volumes/GoogleDrive/Unitats compartides/PLAYMODES_STUDIO/PROJECTES/ATEMPORALS/FORMS/P5/FORMS_SPECTRUM4/pngs/56.png
[notice ] 00:37:03 : /Volumes/GoogleDrive/Unitats compartides/PLAYMODES_STUDIO/PROJECTES/ATEMPORALS/FORMS/P5/FORMS_SPECTRUM4/pngs/63.png
[notice ] 00:37:24 : /Volumes/GoogleDrive/Unitats compartides/PLAYMODES_STUDIO/PROJECTES/ATEMPORALS/FORMS/P5/FORMS_SPECTRUM4/pngs/64.png
[notice ] 00:37:45 : /Volumes/GoogleDrive/Unitats compartides/PLAYMODES_STUDIO/PROJECTES/ATEMPORALS/FORMS/P5/FORMS_SPECTRUM4/pngs/66.png
[notice ] 00:38:06 : /Volumes/GoogleDrive/Unitats compartides/PLAYMODES_STUDIO/PROJECTES/ATEMPORALS/FORMS/P5/FORMS_SPECTRUM4/pngs/73.png
[notice ] 00:38:26 : /Volumes/GoogleDrive/Unitats compartides/PLAYMODES_STUDIO/PROJECTES/ATEMPORALS/FORMS/P5/FORMS_SPECTRUM4/pngs/73.png
[notice ] 00:38:41 : /Volumes/GoogleDrive/Unitats compartides/PLAYMODES_STUDIO/PROJECTES/ATEMPORALS/FORMS/P5/FORMS_SPECTRUM4/pngs/73.png
[notice ] 00:38:44 : /Volumes/GoogleDrive/Unitats compartides/PLAYMODES_STUDIO/PROJECTES/ATEMPORALS/FORMS/P5/FORMS_SPECTRUM4/pngs/76.png
[notice ] 00:38:46 : /Volumes/GoogleDrive/Unitats compartides/PLAYMODES_STUDIO/PROJECTES/ATEMPORALS/FORMS/P5/FORMS_SPECTRUM4/pngs/78.png
[notice ] 00:38:49 : /Volumes/GoogleDrive/Unitats compartides/PLAYMODES_STUDIO/PROJECTES/ATEMPORALS/FORMS/P5/FORMS_SPECTRUM4/pngs/78.png
[notice ] 00:38:52 : /Volumes/GoogleDrive/Unitats compartides/PLAYMODES_STUDIO/PROJECTES/ATEMPORALS/FORMS/P5/FORMS_SPECTRUM4/pngs/78.png
[notice ] 00:38:54 : /Volumes/GoogleDrive/Unitats compartides/PLAYMODES_STUDIO/PROJECTES/ATEMPORALS/FORMS/P5/FORMS_SPECTRUM4/pngs/78.png
[notice ] 00:38:57 : /Volumes/GoogleDrive/Unitats compartides/PLAYMODES_STUDIO/PROJECTES/ATEMPORALS/FORMS/P5/FORMS_SPECTRUM4/pngs/78.png
[notice ] 00:38:59 : /Volumes/GoogleDrive/Unitats compartides/PLAYMODES_STUDIO/PROJECTES/ATEMPORALS/FORMS/P5/FORMS_SPECTRUM4/pngs/78.png
[notice ] 00:39:02 : /Volumes/GoogleDrive/Unitats compartides/PLAYMODES_STUDIO/PROJECTES/ATEMPORALS/FORMS/P5/FORMS_SPECTRUM4/pngs/78.png
[notice ] 00:39:05 : /Volumes/GoogleDrive/Unitats compartides/PLAYMODES_STUDIO/PROJECTES/ATEMPORALS/FORMS/P5/FORMS_SPECTRUM4/pngs/78.png
[notice ] 00:39:07 : /Volumes/GoogleDrive/Unitats compartides/PLAYMODES_STUDIO/PROJECTES/ATEMPORALS/FORMS/P5/FORMS_SPECTRUM4/pngs/79.png
[notice ] 00:39:10 : /Volumes/GoogleDrive/Unitats compartides/PLAYMODES_STUDIO/PROJECTES/ATEMPORALS/FORMS/P5/FORMS_SPECTRUM4/pngs/80.png
[notice ] 00:39:12 : /Volumes/GoogleDrive/Unitats compartides/PLAYMODES_STUDIO/PROJECTES/ATEMPORALS/FORMS/P5/FORMS_SPECTRUM4/pngs/81.png
[notice ] 00:39:15 : /Volumes/GoogleDrive/Unitats compartides/PLAYMODES_STUDIO/PROJECTES/ATEMPORALS/FORMS/P5/FORMS_SPECTRUM4/pngs/82.png
[ error ] ofAppGLFWWindow: 65544: Cocoa: Failed to find service port for display
[notice ] 00:39:18 : /Volumes/GoogleDrive/Unitats compartides/PLAYMODES_STUDIO/PROJECTES/ATEMPORALS/FORMS/P5/FORMS_SPECTRUM4/pngs/83.png
[notice ] 00:39:20 : /Volumes/GoogleDrive/Unitats compartides/PLAYMODES_STUDIO/PROJECTES/ATEMPORALS/FORMS/P5/FORMS_SPECTRUM4/pngs/84.png
[notice ] 00:39:23 : /Volumes/GoogleDrive/Unitats compartides/PLAYMODES_STUDIO/PROJECTES/ATEMPORALS/FORMS/P5/FORMS_SPECTRUM4/pngs/85.png
[notice ] 00:39:26 : /Volumes/GoogleDrive/Unitats compartides/PLAYMODES_STUDIO/PROJECTES/ATEMPORALS/FORMS/P5/FORMS_SPECTRUM4/pngs/86.png
[ error ] ofAppGLFWWindow: 65544: Cocoa: Failed to find service port for display
[notice ] 00:39:28 : /Volumes/GoogleDrive/Unitats compartides/PLAYMODES_STUDIO/PROJECTES/ATEMPORALS/FORMS/P5/FORMS_SPECTRUM4/pngs/87.png
[notice ] 00:39:31 : /Volumes/GoogleDrive/Unitats compartides/PLAYMODES_STUDIO/PROJECTES/ATEMPORALS/FORMS/P5/FORMS_SPECTRUM4/pngs/88.png
[notice ] 00:39:33 : /Volumes/GoogleDrive/Unitats compartides/PLAYMODES_STUDIO/PROJECTES/ATEMPORALS/FORMS/P5/FORMS_SPECTRUM4/pngs/89.png
[notice ] 00:39:36 : /Volumes/GoogleDrive/Unitats compartides/PLAYMODES_STUDIO/PROJECTES/ATEMPORALS/FORMS/P5/FORMS_SPECTRUM4/pngs/90.png
[notice ] 00:39:39 : /Volumes/GoogleDrive/Unitats compartides/PLAYMODES_STUDIO/PROJECTES/ATEMPORALS/FORMS/P5/FORMS_SPECTRUM4/pngs/91.png
[notice ] 00:39:41 : /Volumes/GoogleDrive/Unitats compartides/PLAYMODES_STUDIO/PROJECTES/ATEMPORALS/FORMS/P5/FORMS_SPECTRUM4/pngs/92.png
[notice ] 00:39:44 : /Volumes/GoogleDrive/Unitats compartides/PLAYMODES_STUDIO/PROJECTES/ATEMPORALS/FORMS/P5/FORMS_SPECTRUM4/pngs/92.png
[notice ] 00:39:46 : /Volumes/GoogleDrive/Unitats compartides/PLAYMODES_STUDIO/PROJECTES/ATEMPORALS/FORMS/P5/FORMS_SPECTRUM4/pngs/93.png
[notice ] 00:39:49 : /Volumes/GoogleDrive/Unitats compartides/PLAYMODES_STUDIO/PROJECTES/ATEMPORALS/FORMS/P5/FORMS_SPECTRUM4/pngs/94.png
[notice ] 00:39:52 : /Volumes/GoogleDrive/Unitats compartides/PLAYMODES_STUDIO/PROJECTES/ATEMPORALS/FORMS/P5/FORMS_SPECTRUM4/pngs/94.png
[notice ] 00:39:54 : /Volumes/GoogleDrive/Unitats compartides/PLAYMODES_STUDIO/PROJECTES/ATEMPORALS/FORMS/P5/FORMS_SPECTRUM4/pngs/95.png
[notice ] 00:39:57 : /Volumes/GoogleDrive/Unitats compartides/PLAYMODES_STUDIO/PROJECTES/ATEMPORALS/FORMS/P5/FORMS_SPECTRUM4/pngs/96.png
[notice ] 00:39:59 : /Volumes/GoogleDrive/Unitats compartides/PLAYMODES_STUDIO/PROJECTES/ATEMPORALS/FORMS/P5/FORMS_SPECTRUM4/pngs/97.png
[notice ] 00:40:02 : /Volumes/GoogleDrive/Unitats compartides/PLAYMODES_STUDIO/PROJECTES/ATEMPORALS/FORMS/P5/FORMS_SPECTRUM4/pngs/98.png
[notice ] 00:40:05 : /Volumes/GoogleDrive/Unitats compartides/PLAYMODES_STUDIO/PROJECTES/ATEMPORALS/FORMS/P5/FORMS_SPECTRUM4/pngs/99.png
[notice ] 00:40:07 : /Volumes/GoogleDrive/Unitats compartides/PLAYMODES_STUDIO/PROJECTES/ATEMPORALS/FORMS/P5/FORMS_SPECTRUM4/pngs/100.png
[notice ] 00:40:10 : /Volumes/GoogleDrive/Unitats compartides/PLAYMODES_STUDIO/PROJECTES/ATEMPORALS/FORMS/P5/FORMS_SPECTRUM4/pngs/101.png
[notice ] 00:40:12 : /Volumes/GoogleDrive/Unitats compartides/PLAYMODES_STUDIO/PROJECTES/ATEMPORALS/FORMS/P5/FORMS_SPECTRUM4/pngs/102.png
[notice ] 00:40:15 : /Volumes/GoogleDrive/Unitats compartides/PLAYMODES_STUDIO/PROJECTES/ATEMPORALS/FORMS/P5/FORMS_SPECTRUM4/pngs/103.png
[notice ] 00:40:18 : /Volumes/GoogleDrive/Unitats compartides/PLAYMODES_STUDIO/PROJECTES/ATEMPORALS/FORMS/P5/FORMS_SPECTRUM4/pngs/104.png
[notice ] 00:40:20 : /Volumes/GoogleDrive/Unitats compartides/PLAYMODES_STUDIO/PROJECTES/ATEMPORALS/FORMS/P5/FORMS_SPECTRUM4/pngs/105.png
[notice ] 00:40:23 : /Volumes/GoogleDrive/Unitats compartides/PLAYMODES_STUDIO/PROJECTES/ATEMPORALS/FORMS/P5/FORMS_SPECTRUM4/pngs/106.png
[notice ] 00:40:26 : /Volumes/GoogleDrive/Unitats compartides/PLAYMODES_STUDIO/PROJECTES/ATEMPORALS/FORMS/P5/FORMS_SPECTRUM4/pngs/107.png
[notice ] 00:40:28 : /Volumes/GoogleDrive/Unitats compartides/PLAYMODES_STUDIO/PROJECTES/ATEMPORALS/FORMS/P5/FORMS_SPECTRUM4/pngs/108.png
[notice ] 00:40:31 : /Volumes/GoogleDrive/Unitats compartides/PLAYMODES_STUDIO/PROJECTES/ATEMPORALS/FORMS/P5/FORMS_SPECTRUM4/pngs/109.png
[notice ] 00:40:33 : /Volumes/GoogleDrive/Unitats compartides/PLAYMODES_STUDIO/PROJECTES/ATEMPORALS/FORMS/P5/FORMS_SPECTRUM4/pngs/112.png
[notice ] 00:40:36 : /Volumes/GoogleDrive/Unitats compartides/PLAYMODES_STUDIO/PROJECTES/ATEMPORALS/FORMS/P5/FORMS_SPECTRUM4/pngs/113.png
[notice ] 00:40:39 : /Volumes/GoogleDrive/Unitats compartides/PLAYMODES_STUDIO/PROJECTES/ATEMPORALS/FORMS/P5/FORMS_SPECTRUM4/pngs/114.png
[notice ] 00:40:41 : /Volumes/GoogleDrive/Unitats compartides/PLAYMODES_STUDIO/PROJECTES/ATEMPORALS/FORMS/P5/FORMS_SPECTRUM4/pngs/115.png
[notice ] 00:40:44 : /Volumes/GoogleDrive/Unitats compartides/PLAYMODES_STUDIO/PROJECTES/ATEMPORALS/FORMS/P5/FORMS_SPECTRUM4/pngs/116.png
[notice ] 00:40:46 : /Volumes/GoogleDrive/Unitats compartides/PLAYMODES_STUDIO/PROJECTES/ATEMPORALS/FORMS/P5/FORMS_SPECTRUM4/pngs/117.png
[notice ] 00:40:49 : /Volumes/GoogleDrive/Unitats compartides/PLAYMODES_STUDIO/PROJECTES/ATEMPORALS/FORMS/P5/FORMS_SPECTRUM4/pngs/118.png
[notice ] 00:40:52 : /Volumes/GoogleDrive/Unitats compartides/PLAYMODES_STUDIO/PROJECTES/ATEMPORALS/FORMS/P5/FORMS_SPECTRUM4/pngs/119.png
[notice ] 00:40:54 : /Volumes/GoogleDrive/Unitats compartides/PLAYMODES_STUDIO/PROJECTES/ATEMPORALS/FORMS/P5/FORMS_SPECTRUM4/pngs/120.png
[notice ] 00:40:57 : /Volumes/GoogleDrive/Unitats compartides/PLAYMODES_STUDIO/PROJECTES/ATEMPORALS/FORMS/P5/FORMS_SPECTRUM4/pngs/121.png
[notice ] 00:40:59 : /Volumes/GoogleDrive/Unitats compartides/PLAYMODES_STUDIO/PROJECTES/ATEMPORALS/FORMS/P5/FORMS_SPECTRUM4/pngs/122.png
[notice ] 00:41:02 : /Volumes/GoogleDrive/Unitats compartides/PLAYMODES_STUDIO/PROJECTES/ATEMPORALS/FORMS/P5/FORMS_SPECTRUM4/pngs/123.png
[notice ] 00:41:05 : /Volumes/GoogleDrive/Unitats compartides/PLAYMODES_STUDIO/PROJECTES/ATEMPORALS/FORMS/P5/FORMS_SPECTRUM4/pngs/124.png
[notice ] 00:41:07 : /Volumes/GoogleDrive/Unitats compartides/PLAYMODES_STUDIO/PROJECTES/ATEMPORALS/FORMS/P5/FORMS_SPECTRUM4/pngs/125.png
[notice ] 00:41:10 : /Volumes/GoogleDrive/Unitats compartides/PLAYMODES_STUDIO/PROJECTES/ATEMPORALS/FORMS/P5/FORMS_SPECTRUM4/pngs/126.png
[notice ] 00:41:12 : /Volumes/GoogleDrive/Unitats compartides/PLAYMODES_STUDIO/PROJECTES/ATEMPORALS/FORMS/P5/FORMS_SPECTRUM4/pngs/127.png
[notice ] 00:41:15 : /Volumes/GoogleDrive/Unitats compartides/PLAYMODES_STUDIO/PROJECTES/ATEMPORALS/FORMS/P5/FORMS_SPECTRUM4/pngs/128.png
[notice ] 00:41:18 : /Volumes/GoogleDrive/Unitats compartides/PLAYMODES_STUDIO/PROJECTES/ATEMPORALS/FORMS/P5/FORMS_SPECTRUM4/pngs/129.png
[notice ] 00:41:20 : /Volumes/GoogleDrive/Unitats compartides/PLAYMODES_STUDIO/PROJECTES/ATEMPORALS/FORMS/P5/FORMS_SPECTRUM4/pngs/130.png
[notice ] 00:41:23 : /Volumes/GoogleDrive/Unitats compartides/PLAYMODES_STUDIO/PROJECTES/ATEMPORALS/FORMS/P5/FORMS_SPECTRUM4/pngs/131.png
[notice ] 00:41:26 : /Volumes/GoogleDrive/Unitats compartides/PLAYMODES_STUDIO/PROJECTES/ATEMPORALS/FORMS/P5/FORMS_SPECTRUM4/pngs/132.png
[notice ] 00:41:28 : /Volumes/GoogleDrive/Unitats compartides/PLAYMODES_STUDIO/PROJECTES/ATEMPORALS/FORMS/P5/FORMS_SPECTRUM4/pngs/133.png
[notice ] 00:41:31 : /Volumes/GoogleDrive/Unitats compartides/PLAYMODES_STUDIO/PROJECTES/ATEMPORALS/FORMS/P5/FORMS_SPECTRUM4/pngs/134.png
[notice ] 00:41:33 : /Volumes/GoogleDrive/Unitats compartides/PLAYMODES_STUDIO/PROJECTES/ATEMPORALS/FORMS/P5/FORMS_SPECTRUM4/pngs/135.png
[notice ] 00:41:36 : /Volumes/GoogleDrive/Unitats compartides/PLAYMODES_STUDIO/PROJECTES/ATEMPORALS/FORMS/P5/FORMS_SPECTRUM4/pngs/136.png
[notice ] 00:41:39 : /Volumes/GoogleDrive/Unitats compartides/PLAYMODES_STUDIO/PROJECTES/ATEMPORALS/FORMS/P5/FORMS_SPECTRUM4/pngs/137.png
[notice ] 00:41:41 : /Volumes/GoogleDrive/Unitats compartides/PLAYMODES_STUDIO/PROJECTES/ATEMPORALS/FORMS/P5/FORMS_SPECTRUM4/pngs/138.png
[notice ] 00:41:44 : /Volumes/GoogleDrive/Unitats compartides/PLAYMODES_STUDIO/PROJECTES/ATEMPORALS/FORMS/P5/FORMS_SPECTRUM4/pngs/139.png
[notice ] 00:41:46 : /Volumes/GoogleDrive/Unitats compartides/PLAYMODES_STUDIO/PROJECTES/ATEMPORALS/FORMS/P5/FORMS_SPECTRUM4/pngs/140.png
[notice ] 00:41:49 : /Volumes/GoogleDrive/Unitats compartides/PLAYMODES_STUDIO/PROJECTES/ATEMPORALS/FORMS/P5/FORMS_SPECTRUM4/pngs/141.png
[notice ] 00:41:52 : /Volumes/GoogleDrive/Unitats compartides/PLAYMODES_STUDIO/PROJECTES/ATEMPORALS/FORMS/P5/FORMS_SPECTRUM4/pngs/142.png
[notice ] 00:41:54 : /Volumes/GoogleDrive/Unitats compartides/PLAYMODES_STUDIO/PROJECTES/ATEMPORALS/FORMS/P5/FORMS_SPECTRUM4/pngs/143.png
[notice ] 00:41:57 : /Volumes/GoogleDrive/Unitats compartides/PLAYMODES_STUDIO/PROJECTES/ATEMPORALS/FORMS/P5/FORMS_SPECTRUM4/pngs/144.png
[notice ] 00:41:59 : /Volumes/GoogleDrive/Unitats compartides/PLAYMODES_STUDIO/PROJECTES/ATEMPORALS/FORMS/P5/FORMS_SPECTRUM4/pngs/145.png
[notice ] 00:42:02 : /Volumes/GoogleDrive/Unitats compartides/PLAYMODES_STUDIO/PROJECTES/ATEMPORALS/FORMS/P5/FORMS_SPECTRUM4/pngs/146.png
[notice ] 00:42:05 : /Volumes/GoogleDrive/Unitats compartides/PLAYMODES_STUDIO/PROJECTES/ATEMPORALS/FORMS/P5/FORMS_SPECTRUM4/pngs/147.png
[notice ] 00:42:07 : /Volumes/GoogleDrive/Unitats compartides/PLAYMODES_STUDIO/PROJECTES/ATEMPORALS/FORMS/P5/FORMS_SPECTRUM4/pngs/148.png
[notice ] 00:42:10 : /Volumes/GoogleDrive/Unitats compartides/PLAYMODES_STUDIO/PROJECTES/ATEMPORALS/FORMS/P5/FORMS_SPECTRUM4/pngs/149.png
[notice ] 00:42:12 : /Volumes/GoogleDrive/Unitats compartides/PLAYMODES_STUDIO/PROJECTES/ATEMPORALS/FORMS/P5/FORMS_SPECTRUM4/pngs/150.png
[notice ] 00:42:15 : /Volumes/GoogleDrive/Unitats compartides/PLAYMODES_STUDIO/PROJECTES/ATEMPORALS/FORMS/P5/FORMS_SPECTRUM4/pngs/151.png
[notice ] 00:42:18 : /Volumes/GoogleDrive/Unitats compartides/PLAYMODES_STUDIO/PROJECTES/ATEMPORALS/FORMS/P5/FORMS_SPECTRUM4/pngs/152.png
[notice ] 00:42:20 : /Volumes/GoogleDrive/Unitats compartides/PLAYMODES_STUDIO/PROJECTES/ATEMPORALS/FORMS/P5/FORMS_SPECTRUM4/pngs/153.png
[notice ] 00:42:23 : /Volumes/GoogleDrive/Unitats compartides/PLAYMODES_STUDIO/PROJECTES/ATEMPORALS/FORMS/P5/FORMS_SPECTRUM4/pngs/154.png
[notice ] 00:42:26 : /Volumes/GoogleDrive/Unitats compartides/PLAYMODES_STUDIO/PROJECTES/ATEMPORALS/FORMS/P5/FORMS_SPECTRUM4/pngs/155.png
[notice ] 00:42:28 : /Volumes/GoogleDrive/Unitats compartides/PLAYMODES_STUDIO/PROJECTES/ATEMPORALS/FORMS/P5/FORMS_SPECTRUM4/pngs/156.png
[notice ] 00:42:31 : /Volumes/GoogleDrive/Unitats compartides/PLAYMODES_STUDIO/PROJECTES/ATEMPORALS/FORMS/P5/FORMS_SPECTRUM4/pngs/157.png
[notice ] 00:42:33 : /Volumes/GoogleDrive/Unitats compartides/PLAYMODES_STUDIO/PROJECTES/ATEMPORALS/FORMS/P5/FORMS_SPECTRUM4/pngs/158.png
[notice ] 00:42:36 : /Volumes/GoogleDrive/Unitats compartides/PLAYMODES_STUDIO/PROJECTES/ATEMPORALS/FORMS/P5/FORMS_SPECTRUM4/pngs/159.png
[notice ] 00:42:39 : /Volumes/GoogleDrive/Unitats compartides/PLAYMODES_STUDIO/PROJECTES/ATEMPORALS/FORMS/P5/FORMS_SPECTRUM4/pngs/160.png
[notice ] 00:42:41 : /Volumes/GoogleDrive/Unitats compartides/PLAYMODES_STUDIO/PROJECTES/ATEMPORALS/FORMS/P5/FORMS_SPECTRUM4/pngs/161.png
[notice ] 00:42:44 : /Volumes/GoogleDrive/Unitats compartides/PLAYMODES_STUDIO/PROJECTES/ATEMPORALS/FORMS/P5/FORMS_SPECTRUM4/pngs/162.png
[notice ] 00:42:46 : /Volumes/GoogleDrive/Unitats compartides/PLAYMODES_STUDIO/PROJECTES/ATEMPORALS/FORMS/P5/FORMS_SPECTRUM4/pngs/163.png
[notice ] 00:42:49 : /Volumes/GoogleDrive/Unitats compartides/PLAYMODES_STUDIO/PROJECTES/ATEMPORALS/FORMS/P5/FORMS_SPECTRUM4/pngs/164.png
[notice ] 00:42:52 : /Volumes/GoogleDrive/Unitats compartides/PLAYMODES_STUDIO/PROJECTES/ATEMPORALS/FORMS/P5/FORMS_SPECTRUM4/pngs/165.png
[notice ] 00:42:54 : /Volumes/GoogleDrive/Unitats compartides/PLAYMODES_STUDIO/PROJECTES/ATEMPORALS/FORMS/P5/FORMS_SPECTRUM4/pngs/166.png
[notice ] 00:42:57 : /Volumes/GoogleDrive/Unitats compartides/PLAYMODES_STUDIO/PROJECTES/ATEMPORALS/FORMS/P5/FORMS_SPECTRUM4/pngs/167.png
[notice ] 00:42:59 : /Volumes/GoogleDrive/Unitats compartides/PLAYMODES_STUDIO/PROJECTES/ATEMPORALS/FORMS/P5/FORMS_SPECTRUM4/pngs/168.png
[notice ] 00:43:02 : /Volumes/GoogleDrive/Unitats compartides/PLAYMODES_STUDIO/PROJECTES/ATEMPORALS/FORMS/P5/FORMS_SPECTRUM4/pngs/169.png
[notice ] 00:43:05 : /Volumes/GoogleDrive/Unitats compartides/PLAYMODES_STUDIO/PROJECTES/ATEMPORALS/FORMS/P5/FORMS_SPECTRUM4/pngs/170.png
[notice ] 00:43:07 : /Volumes/GoogleDrive/Unitats compartides/PLAYMODES_STUDIO/PROJECTES/ATEMPORALS/FORMS/P5/FORMS_SPECTRUM4/pngs/171.png
[notice ] 00:43:10 : /Volumes/GoogleDrive/Unitats compartides/PLAYMODES_STUDIO/PROJECTES/ATEMPORALS/FORMS/P5/FORMS_SPECTRUM4/pngs/172.png
[notice ] 00:43:12 : /Volumes/GoogleDrive/Unitats compartides/PLAYMODES_STUDIO/PROJECTES/ATEMPORALS/FORMS/P5/FORMS_SPECTRUM4/pngs/173.png
[notice ] 00:43:15 : /Volumes/GoogleDrive/Unitats compartides/PLAYMODES_STUDIO/PROJECTES/ATEMPORALS/FORMS/P5/FORMS_SPECTRUM4/pngs/174.png
[notice ] 00:43:18 : /Volumes/GoogleDrive/Unitats compartides/PLAYMODES_STUDIO/PROJECTES/ATEMPORALS/FORMS/P5/FORMS_SPECTRUM4/pngs/175.png
[notice ] 00:43:20 : /Volumes/GoogleDrive/Unitats compartides/PLAYMODES_STUDIO/PROJECTES/ATEMPORALS/FORMS/P5/FORMS_SPECTRUM4/pngs/176.png
[notice ] 00:43:23 : /Volumes/GoogleDrive/Unitats compartides/PLAYMODES_STUDIO/PROJECTES/ATEMPORALS/FORMS/P5/FORMS_SPECTRUM4/pngs/177.png
[notice ] 00:43:26 : /Volumes/GoogleDrive/Unitats compartides/PLAYMODES_STUDIO/PROJECTES/ATEMPORALS/FORMS/P5/FORMS_SPECTRUM4/pngs/178.png
[notice ] 00:43:28 : /Volumes/GoogleDrive/Unitats compartides/PLAYMODES_STUDIO/PROJECTES/ATEMPORALS/FORMS/P5/FORMS_SPECTRUM4/pngs/179.png
[notice ] 00:43:31 : /Volumes/GoogleDrive/Unitats compartides/PLAYMODES_STUDIO/PROJECTES/ATEMPORALS/FORMS/P5/FORMS_SPECTRUM4/pngs/180.png
[notice ] 00:43:33 : /Volumes/GoogleDrive/Unitats compartides/PLAYMODES_STUDIO/PROJECTES/ATEMPORALS/FORMS/P5/FORMS_SPECTRUM4/pngs/181.png
[notice ] 00:43:36 : /Volumes/GoogleDrive/Unitats compartides/PLAYMODES_STUDIO/PROJECTES/ATEMPORALS/FORMS/P5/FORMS_SPECTRUM4/pngs/182.png
[notice ] 00:43:39 : /Volumes/GoogleDrive/Unitats compartides/PLAYMODES_STUDIO/PROJECTES/ATEMPORALS/FORMS/P5/FORMS_SPECTRUM4/pngs/183.png
[notice ] 00:43:41 : /Volumes/GoogleDrive/Unitats compartides/PLAYMODES_STUDIO/PROJECTES/ATEMPORALS/FORMS/P5/FORMS_SPECTRUM4/pngs/184.png
[notice ] 00:43:44 : /Volumes/GoogleDrive/Unitats compartides/PLAYMODES_STUDIO/PROJECTES/ATEMPORALS/FORMS/P5/FORMS_SPECTRUM4/pngs/185.png
[notice ] 00:43:46 : /Volumes/GoogleDrive/Unitats compartides/PLAYMODES_STUDIO/PROJECTES/ATEMPORALS/FORMS/P5/FORMS_SPECTRUM4/pngs/186.png
[notice ] 00:43:49 : /Volumes/GoogleDrive/Unitats compartides/PLAYMODES_STUDIO/PROJECTES/ATEMPORALS/FORMS/P5/FORMS_SPECTRUM4/pngs/187.png
[notice ] 00:43:52 : /Volumes/GoogleDrive/Unitats compartides/PLAYMODES_STUDIO/PROJECTES/ATEMPORALS/FORMS/P5/FORMS_SPECTRUM4/pngs/188.png
[notice ] 00:43:54 : /Volumes/GoogleDrive/Unitats compartides/PLAYMODES_STUDIO/PROJECTES/ATEMPORALS/FORMS/P5/FORMS_SPECTRUM4/pngs/189.png
[notice ] 00:43:57 : /Volumes/GoogleDrive/Unitats compartides/PLAYMODES_STUDIO/PROJECTES/ATEMPORALS/FORMS/P5/FORMS_SPECTRUM4/pngs/190.png
[notice ] 00:43:59 : /Volumes/GoogleDrive/Unitats compartides/PLAYMODES_STUDIO/PROJECTES/ATEMPORALS/FORMS/P5/FORMS_SPECTRUM4/pngs/191.png
[notice ] 00:44:02 : /Volumes/GoogleDrive/Unitats compartides/PLAYMODES_STUDIO/PROJECTES/ATEMPORALS/FORMS/P5/FORMS_SPECTRUM4/pngs/192.png
[notice ] 00:44:05 : /Volumes/GoogleDrive/Unitats compartides/PLAYMODES_STUDIO/PROJECTES/ATEMPORALS/FORMS/P5/FORMS_SPECTRUM4/pngs/193.png
[notice ] 00:44:07 : /Volumes/GoogleDrive/Unitats compartides/PLAYMODES_STUDIO/PROJECTES/ATEMPORALS/FORMS/P5/FORMS_SPECTRUM4/pngs/194.png
[notice ] 00:44:10 : /Volumes/GoogleDrive/Unitats compartides/PLAYMODES_STUDIO/PROJECTES/ATEMPORALS/FORMS/P5/FORMS_SPECTRUM4/pngs/195.png
[notice ] 00:44:12 : /Volumes/GoogleDrive/Unitats compartides/PLAYMODES_STUDIO/PROJECTES/ATEMPORALS/FORMS/P5/FORMS_SPECTRUM4/pngs/196.png
[notice ] 00:44:15 : /Volumes/GoogleDrive/Unitats compartides/PLAYMODES_STUDIO/PROJECTES/ATEMPORALS/FORMS/P5/FORMS_SPECTRUM4/pngs/197.png
[notice ] 00:44:18 : /Volumes/GoogleDrive/Unitats compartides/PLAYMODES_STUDIO/PROJECTES/ATEMPORALS/FORMS/P5/FORMS_SPECTRUM4/pngs/198.png
[notice ] 00:44:21 : /Volumes/GoogleDrive/Unitats compartides/PLAYMODES_STUDIO/PROJECTES/ATEMPORALS/FORMS/P5/FORMS_SPECTRUM4/pngs/199.png
[notice ] 00:44:24 : /Volumes/GoogleDrive/Unitats compartides/PLAYMODES_STUDIO/PROJECTES/ATEMPORALS/FORMS/P5/FORMS_SPECTRUM4/pngs/200.png
[notice ] 00:44:26 : /Volumes/GoogleDrive/Unitats compartides/PLAYMODES_STUDIO/PROJECTES/ATEMPORALS/FORMS/P5/FORMS_SPECTRUM4/pngs/201.png
[notice ] 00:44:29 : /Volumes/GoogleDrive/Unitats compartides/PLAYMODES_STUDIO/PROJECTES/ATEMPORALS/FORMS/P5/FORMS_SPECTRUM4/pngs/202.png
[notice ] 00:44:31 : /Volumes/GoogleDrive/Unitats compartides/PLAYMODES_STUDIO/PROJECTES/ATEMPORALS/FORMS/P5/FORMS_SPECTRUM4/pngs/203.png
[notice ] 00:44:34 : /Volumes/GoogleDrive/Unitats compartides/PLAYMODES_STUDIO/PROJECTES/ATEMPORALS/FORMS/P5/FORMS_SPECTRUM4/pngs/204.png
[notice ] 00:44:37 : /Volumes/GoogleDrive/Unitats compartides/PLAYMODES_STUDIO/PROJECTES/ATEMPORALS/FORMS/P5/FORMS_SPECTRUM4/pngs/205.png
[notice ] 00:44:39 : /Volumes/GoogleDrive/Unitats compartides/PLAYMODES_STUDIO/PROJECTES/ATEMPORALS/FORMS/P5/FORMS_SPECTRUM4/pngs/206.png
[notice ] 00:44:42 : /Volumes/GoogleDrive/Unitats compartides/PLAYMODES_STUDIO/PROJECTES/ATEMPORALS/FORMS/P5/FORMS_SPECTRUM4/pngs/207.png
[notice ] 00:44:45 : /Volumes/GoogleDrive/Unitats compartides/PLAYMODES_STUDIO/PROJECTES/ATEMPORALS/FORMS/P5/FORMS_SPECTRUM4/pngs/208.png
[notice ] 00:44:47 : /Volumes/GoogleDrive/Unitats compartides/PLAYMODES_STUDIO/PROJECTES/ATEMPORALS/FORMS/P5/FORMS_SPECTRUM4/pngs/209.png
[notice ] 00:44:50 : /Volumes/GoogleDrive/Unitats compartides/PLAYMODES_STUDIO/PROJECTES/ATEMPORALS/FORMS/P5/FORMS_SPECTRUM4/pngs/210.png
[notice ] 00:44:52 : /Volumes/GoogleDrive/Unitats compartides/PLAYMODES_STUDIO/PROJECTES/ATEMPORALS/FORMS/P5/FORMS_SPECTRUM4/pngs/211.png
[notice ] 00:44:55 : /Volumes/GoogleDrive/Unitats compartides/PLAYMODES_STUDIO/PROJECTES/ATEMPORALS/FORMS/P5/FORMS_SPECTRUM4/pngs/212.png
[notice ] 00:44:58 : /Volumes/GoogleDrive/Unitats compartides/PLAYMODES_STUDIO/PROJECTES/ATEMPORALS/FORMS/P5/FORMS_SPECTRUM4/pngs/213.png
[notice ] 00:45:00 : /Volumes/GoogleDrive/Unitats compartides/PLAYMODES_STUDIO/PROJECTES/ATEMPORALS/FORMS/P5/FORMS_SPECTRUM4/pngs/214.png
[notice ] 00:45:03 : /Volumes/GoogleDrive/Unitats compartides/PLAYMODES_STUDIO/PROJECTES/ATEMPORALS/FORMS/P5/FORMS_SPECTRUM4/pngs/215.png
[notice ] 00:45:06 : /Volumes/GoogleDrive/Unitats compartides/PLAYMODES_STUDIO/PROJECTES/ATEMPORALS/FORMS/P5/FORMS_SPECTRUM4/pngs/216.png
[notice ] 00:45:08 : /Volumes/GoogleDrive/Unitats compartides/PLAYMODES_STUDIO/PROJECTES/ATEMPORALS/FORMS/P5/FORMS_SPECTRUM4/pngs/217.png
[notice ] 00:45:11 : /Volumes/GoogleDrive/Unitats compartides/PLAYMODES_STUDIO/PROJECTES/ATEMPORALS/FORMS/P5/FORMS_SPECTRUM4/pngs/218.png
[notice ] 00:45:14 : /Volumes/GoogleDrive/Unitats compartides/PLAYMODES_STUDIO/PROJECTES/ATEMPORALS/FORMS/P5/FORMS_SPECTRUM4/pngs/219.png
[notice ] 00:45:16 : /Volumes/GoogleDrive/Unitats compartides/PLAYMODES_STUDIO/PROJECTES/ATEMPORALS/FORMS/P5/FORMS_SPECTRUM4/pngs/220.png
[notice ] 00:45:19 : /Volumes/GoogleDrive/Unitats compartides/PLAYMODES_STUDIO/PROJECTES/ATEMPORALS/FORMS/P5/FORMS_SPECTRUM4/pngs/221.png
[notice ] 00:45:21 : /Volumes/GoogleDrive/Unitats compartides/PLAYMODES_STUDIO/PROJECTES/ATEMPORALS/FORMS/P5/FORMS_SPECTRUM4/pngs/222.png
[notice ] 00:45:24 : /Volumes/GoogleDrive/Unitats compartides/PLAYMODES_STUDIO/PROJECTES/ATEMPORALS/FORMS/P5/FORMS_SPECTRUM4/pngs/223.png
[notice ] 00:45:27 : /Volumes/GoogleDrive/Unitats compartides/PLAYMODES_STUDIO/PROJECTES/ATEMPORALS/FORMS/P5/FORMS_SPECTRUM4/pngs/224.png
[notice ] 00:45:29 : /Volumes/GoogleDrive/Unitats compartides/PLAYMODES_STUDIO/PROJECTES/ATEMPORALS/FORMS/P5/FORMS_SPECTRUM4/pngs/225.png
[notice ] 00:45:32 : /Volumes/GoogleDrive/Unitats compartides/PLAYMODES_STUDIO/PROJECTES/ATEMPORALS/FORMS/P5/FORMS_SPECTRUM4/pngs/226.png
[notice ] 00:45:35 : /Volumes/GoogleDrive/Unitats compartides/PLAYMODES_STUDIO/PROJECTES/ATEMPORALS/FORMS/P5/FORMS_SPECTRUM4/pngs/227.png
[notice ] 00:45:37 : /Volumes/GoogleDrive/Unitats compartides/PLAYMODES_STUDIO/PROJECTES/ATEMPORALS/FORMS/P5/FORMS_SPECTRUM4/pngs/228.png
[notice ] 00:45:40 : /Volumes/GoogleDrive/Unitats compartides/PLAYMODES_STUDIO/PROJECTES/ATEMPORALS/FORMS/P5/FORMS_SPECTRUM4/pngs/229.png
[notice ] 00:45:42 : /Volumes/GoogleDrive/Unitats compartides/PLAYMODES_STUDIO/PROJECTES/ATEMPORALS/FORMS/P5/FORMS_SPECTRUM4/pngs/230.png
[notice ] 00:45:45 : /Volumes/GoogleDrive/Unitats compartides/PLAYMODES_STUDIO/PROJECTES/ATEMPORALS/FORMS/P5/FORMS_SPECTRUM4/pngs/231.png
[notice ] 00:45:48 : /Volumes/GoogleDrive/Unitats compartides/PLAYMODES_STUDIO/PROJECTES/ATEMPORALS/FORMS/P5/FORMS_SPECTRUM4/pngs/232.png
[notice ] 00:45:50 : /Volumes/GoogleDrive/Unitats compartides/PLAYMODES_STUDIO/PROJECTES/ATEMPORALS/FORMS/P5/FORMS_SPECTRUM4/pngs/233.png
[notice ] 00:45:53 : /Volumes/GoogleDrive/Unitats compartides/PLAYMODES_STUDIO/PROJECTES/ATEMPORALS/FORMS/P5/FORMS_SPECTRUM4/pngs/234.png
[notice ] 00:45:55 : /Volumes/GoogleDrive/Unitats compartides/PLAYMODES_STUDIO/PROJECTES/ATEMPORALS/FORMS/P5/FORMS_SPECTRUM4/pngs/235.png
[notice ] 00:45:58 : /Volumes/GoogleDrive/Unitats compartides/PLAYMODES_STUDIO/PROJECTES/ATEMPORALS/FORMS/P5/FORMS_SPECTRUM4/pngs/236.png
[notice ] 00:46:01 : /Volumes/GoogleDrive/Unitats compartides/PLAYMODES_STUDIO/PROJECTES/ATEMPORALS/FORMS/P5/FORMS_SPECTRUM4/pngs/237.png
[notice ] 00:46:03 : /Volumes/GoogleDrive/Unitats compartides/PLAYMODES_STUDIO/PROJECTES/ATEMPORALS/FORMS/P5/FORMS_SPECTRUM4/pngs/238.png
[notice ] 00:46:06 : /Volumes/GoogleDrive/Unitats compartides/PLAYMODES_STUDIO/PROJECTES/ATEMPORALS/FORMS/P5/FORMS_SPECTRUM4/pngs/239.png
[notice ] 00:46:09 : /Volumes/GoogleDrive/Unitats compartides/PLAYMODES_STUDIO/PROJECTES/ATEMPORALS/FORMS/P5/FORMS_SPECTRUM4/pngs/240.png
[notice ] 00:46:11 : /Volumes/GoogleDrive/Unitats compartides/PLAYMODES_STUDIO/PROJECTES/ATEMPORALS/FORMS/P5/FORMS_SPECTRUM4/pngs/241.png
[notice ] 00:46:14 : /Volumes/GoogleDrive/Unitats compartides/PLAYMODES_STUDIO/PROJECTES/ATEMPORALS/FORMS/P5/FORMS_SPECTRUM4/pngs/242.png
[notice ] 00:46:17 : /Volumes/GoogleDrive/Unitats compartides/PLAYMODES_STUDIO/PROJECTES/ATEMPORALS/FORMS/P5/FORMS_SPECTRUM4/pngs/243.png
[notice ] 00:46:19 : /Volumes/GoogleDrive/Unitats compartides/PLAYMODES_STUDIO/PROJECTES/ATEMPORALS/FORMS/P5/FORMS_SPECTRUM4/pngs/244.png
[notice ] 00:46:22 : /Volumes/GoogleDrive/Unitats compartides/PLAYMODES_STUDIO/PROJECTES/ATEMPORALS/FORMS/P5/FORMS_SPECTRUM4/pngs/245.png
[notice ] 00:46:25 : /Volumes/GoogleDrive/Unitats compartides/PLAYMODES_STUDIO/PROJECTES/ATEMPORALS/FORMS/P5/FORMS_SPECTRUM4/pngs/246.png
[notice ] 00:46:27 : /Volumes/GoogleDrive/Unitats compartides/PLAYMODES_STUDIO/PROJECTES/ATEMPORALS/FORMS/P5/FORMS_SPECTRUM4/pngs/247.png
[notice ] 00:46:30 : /Volumes/GoogleDrive/Unitats compartides/PLAYMODES_STUDIO/PROJECTES/ATEMPORALS/FORMS/P5/FORMS_SPECTRUM4/pngs/248.png
[notice ] 00:46:33 : /Volumes/GoogleDrive/Unitats compartides/PLAYMODES_STUDIO/PROJECTES/ATEMPORALS/FORMS/P5/FORMS_SPECTRUM4/pngs/249.png
[notice ] 00:46:35 : /Volumes/GoogleDrive/Unitats compartides/PLAYMODES_STUDIO/PROJECTES/ATEMPORALS/FORMS/P5/FORMS_SPECTRUM4/pngs/250.png
[notice ] 00:46:38 : /Volumes/GoogleDrive/Unitats compartides/PLAYMODES_STUDIO/PROJECTES/ATEMPORALS/FORMS/P5/FORMS_SPECTRUM4/pngs/251.png
[notice ] 00:46:40 : /Volumes/GoogleDrive/Unitats compartides/PLAYMODES_STUDIO/PROJECTES/ATEMPORALS/FORMS/P5/FORMS_SPECTRUM4/pngs/252.png
[notice ] 00:46:43 : /Volumes/GoogleDrive/Unitats compartides/PLAYMODES_STUDIO/PROJECTES/ATEMPORALS/FORMS/P5/FORMS_SPECTRUM4/pngs/253.png
[notice ] 00:46:46 : /Volumes/GoogleDrive/Unitats compartides/PLAYMODES_STUDIO/PROJECTES/ATEMPORALS/FORMS/P5/FORMS_SPECTRUM4/pngs/254.png
[notice ] 00:46:48 : /Volumes/GoogleDrive/Unitats compartides/PLAYMODES_STUDIO/PROJECTES/ATEMPORALS/FORMS/P5/FORMS_SPECTRUM4/pngs/255.png
[notice ] 00:46:51 : /Volumes/GoogleDrive/Unitats compartides/PLAYMODES_STUDIO/PROJECTES/ATEMPORALS/FORMS/P5/FORMS_SPECTRUM4/pngs/256.png
[notice ] 00:46:53 : /Volumes/GoogleDrive/Unitats compartides/PLAYMODES_STUDIO/PROJECTES/ATEMPORALS/FORMS/P5/FORMS_SPECTRUM4/pngs/257.png
[notice ] 00:46:56 : /Volumes/GoogleDrive/Unitats compartides/PLAYMODES_STUDIO/PROJECTES/ATEMPORALS/FORMS/P5/FORMS_SPECTRUM4/pngs/258.png
[notice ] 00:46:59 : /Volumes/GoogleDrive/Unitats compartides/PLAYMODES_STUDIO/PROJECTES/ATEMPORALS/FORMS/P5/FORMS_SPECTRUM4/pngs/259.png
[notice ] 00:47:01 : /Volumes/GoogleDrive/Unitats compartides/PLAYMODES_STUDIO/PROJECTES/ATEMPORALS/FORMS/P5/FORMS_SPECTRUM4/pngs/260.png
[notice ] 00:47:04 : /Volumes/GoogleDrive/Unitats compartides/PLAYMODES_STUDIO/PROJECTES/ATEMPORALS/FORMS/P5/FORMS_SPECTRUM4/pngs/261.png
[notice ] 00:47:06 : /Volumes/GoogleDrive/Unitats compartides/PLAYMODES_STUDIO/PROJECTES/ATEMPORALS/FORMS/P5/FORMS_SPECTRUM4/pngs/262.png
[notice ] 00:47:09 : /Volumes/GoogleDrive/Unitats compartides/PLAYMODES_STUDIO/PROJECTES/ATEMPORALS/FORMS/P5/FORMS_SPECTRUM4/pngs/263.png
[notice ] 00:47:12 : /Volumes/GoogleDrive/Unitats compartides/PLAYMODES_STUDIO/PROJECTES/ATEMPORALS/FORMS/P5/FORMS_SPECTRUM4/pngs/264.png
[notice ] 00:47:14 : /Volumes/GoogleDrive/Unitats compartides/PLAYMODES_STUDIO/PROJECTES/ATEMPORALS/FORMS/P5/FORMS_SPECTRUM4/pngs/265.png
[notice ] 00:47:17 : /Volumes/GoogleDrive/Unitats compartides/PLAYMODES_STUDIO/PROJECTES/ATEMPORALS/FORMS/P5/FORMS_SPECTRUM4/pngs/266.png
[notice ] 00:47:19 : /Volumes/GoogleDrive/Unitats compartides/PLAYMODES_STUDIO/PROJECTES/ATEMPORALS/FORMS/P5/FORMS_SPECTRUM4/pngs/267.png
[notice ] 00:47:22 : /Volumes/GoogleDrive/Unitats compartides/PLAYMODES_STUDIO/PROJECTES/ATEMPORALS/FORMS/P5/FORMS_SPECTRUM4/pngs/268.png
[notice ] 00:47:25 : /Volumes/GoogleDrive/Unitats compartides/PLAYMODES_STUDIO/PROJECTES/ATEMPORALS/FORMS/P5/FORMS_SPECTRUM4/pngs/269.png
[notice ] 00:47:27 : /Volumes/GoogleDrive/Unitats compartides/PLAYMODES_STUDIO/PROJECTES/ATEMPORALS/FORMS/P5/FORMS_SPECTRUM4/pngs/270.png
[notice ] 00:47:30 : /Volumes/GoogleDrive/Unitats compartides/PLAYMODES_STUDIO/PROJECTES/ATEMPORALS/FORMS/P5/FORMS_SPECTRUM4/pngs/271.png
[notice ] 00:47:33 : /Volumes/GoogleDrive/Unitats compartides/PLAYMODES_STUDIO/PROJECTES/ATEMPORALS/FORMS/P5/FORMS_SPECTRUM4/pngs/272.png
[notice ] 00:47:35 : /Volumes/GoogleDrive/Unitats compartides/PLAYMODES_STUDIO/PROJECTES/ATEMPORALS/FORMS/P5/FORMS_SPECTRUM4/pngs/273.png
[notice ] 00:47:38 : /Volumes/GoogleDrive/Unitats compartides/PLAYMODES_STUDIO/PROJECTES/ATEMPORALS/FORMS/P5/FORMS_SPECTRUM4/pngs/274.png
[notice ] 00:47:40 : /Volumes/GoogleDrive/Unitats compartides/PLAYMODES_STUDIO/PROJECTES/ATEMPORALS/FORMS/P5/FORMS_SPECTRUM4/pngs/275.png
[notice ] 00:47:43 : /Volumes/GoogleDrive/Unitats compartides/PLAYMODES_STUDIO/PROJECTES/ATEMPORALS/FORMS/P5/FORMS_SPECTRUM4/pngs/276.png
[notice ] 00:47:46 : /Volumes/GoogleDrive/Unitats compartides/PLAYMODES_STUDIO/PROJECTES/ATEMPORALS/FORMS/P5/FORMS_SPECTRUM4/pngs/277.png
[notice ] 00:47:48 : /Volumes/GoogleDrive/Unitats compartides/PLAYMODES_STUDIO/PROJECTES/ATEMPORALS/FORMS/P5/FORMS_SPECTRUM4/pngs/278.png
[notice ] 00:47:51 : /Volumes/GoogleDrive/Unitats compartides/PLAYMODES_STUDIO/PROJECTES/ATEMPORALS/FORMS/P5/FORMS_SPECTRUM4/pngs/279.png
[notice ] 00:47:53 : /Volumes/GoogleDrive/Unitats compartides/PLAYMODES_STUDIO/PROJECTES/ATEMPORALS/FORMS/P5/FORMS_SPECTRUM4/pngs/280.png
[notice ] 00:47:56 : /Volumes/GoogleDrive/Unitats compartides/PLAYMODES_STUDIO/PROJECTES/ATEMPORALS/FORMS/P5/FORMS_SPECTRUM4/pngs/281.png
[notice ] 00:47:59 : /Volumes/GoogleDrive/Unitats compartides/PLAYMODES_STUDIO/PROJECTES/ATEMPORALS/FORMS/P5/FORMS_SPECTRUM4/pngs/282.png
[notice ] 00:48:01 : /Volumes/GoogleDrive/Unitats compartides/PLAYMODES_STUDIO/PROJECTES/ATEMPORALS/FORMS/P5/FORMS_SPECTRUM4/pngs/283.png
[notice ] 00:48:04 : /Volumes/GoogleDrive/Unitats compartides/PLAYMODES_STUDIO/PROJECTES/ATEMPORALS/FORMS/P5/FORMS_SPECTRUM4/pngs/284.png
[notice ] 00:48:06 : /Volumes/GoogleDrive/Unitats compartides/PLAYMODES_STUDIO/PROJECTES/ATEMPORALS/FORMS/P5/FORMS_SPECTRUM4/pngs/285.png
[notice ] 00:48:09 : /Volumes/GoogleDrive/Unitats compartides/PLAYMODES_STUDIO/PROJECTES/ATEMPORALS/FORMS/P5/FORMS_SPECTRUM4/pngs/286.png
[notice ] 00:48:12 : /Volumes/GoogleDrive/Unitats compartides/PLAYMODES_STUDIO/PROJECTES/ATEMPORALS/FORMS/P5/FORMS_SPECTRUM4/pngs/287.png
[notice ] 00:48:14 : /Volumes/GoogleDrive/Unitats compartides/PLAYMODES_STUDIO/PROJECTES/ATEMPORALS/FORMS/P5/FORMS_SPECTRUM4/pngs/288.png
[notice ] 00:48:17 : /Volumes/GoogleDrive/Unitats compartides/PLAYMODES_STUDIO/PROJECTES/ATEMPORALS/FORMS/P5/FORMS_SPECTRUM4/pngs/289.png
[notice ] 00:48:19 : /Volumes/GoogleDrive/Unitats compartides/PLAYMODES_STUDIO/PROJECTES/ATEMPORALS/FORMS/P5/FORMS_SPECTRUM4/pngs/290.png
[notice ] 00:48:22 : /Volumes/GoogleDrive/Unitats compartides/PLAYMODES_STUDIO/PROJECTES/ATEMPORALS/FORMS/P5/FORMS_SPECTRUM4/pngs/291.png
[notice ] 00:48:25 : /Volumes/GoogleDrive/Unitats compartides/PLAYMODES_STUDIO/PROJECTES/ATEMPORALS/FORMS/P5/FORMS_SPECTRUM4/pngs/292.png
[notice ] 00:48:27 : /Volumes/GoogleDrive/Unitats compartides/PLAYMODES_STUDIO/PROJECTES/ATEMPORALS/FORMS/P5/FORMS_SPECTRUM4/pngs/293.png
[notice ] 00:48:30 : /Volumes/GoogleDrive/Unitats compartides/PLAYMODES_STUDIO/PROJECTES/ATEMPORALS/FORMS/P5/FORMS_SPECTRUM4/pngs/294.png
[notice ] 00:48:33 : /Volumes/GoogleDrive/Unitats compartides/PLAYMODES_STUDIO/PROJECTES/ATEMPORALS/FORMS/P5/FORMS_SPECTRUM4/pngs/295.png
[notice ] 00:48:35 : /Volumes/GoogleDrive/Unitats compartides/PLAYMODES_STUDIO/PROJECTES/ATEMPORALS/FORMS/P5/FORMS_SPECTRUM4/pngs/296.png
[notice ] 00:48:38 : /Volumes/GoogleDrive/Unitats compartides/PLAYMODES_STUDIO/PROJECTES/ATEMPORALS/FORMS/P5/FORMS_SPECTRUM4/pngs/297.png
[notice ] 00:48:40 : /Volumes/GoogleDrive/Unitats compartides/PLAYMODES_STUDIO/PROJECTES/ATEMPORALS/FORMS/P5/FORMS_SPECTRUM4/pngs/298.png
[notice ] 00:48:43 : /Volumes/GoogleDrive/Unitats compartides/PLAYMODES_STUDIO/PROJECTES/ATEMPORALS/FORMS/P5/FORMS_SPECTRUM4/pngs/299.png
[notice ] 00:48:46 : /Volumes/GoogleDrive/Unitats compartides/PLAYMODES_STUDIO/PROJECTES/ATEMPORALS/FORMS/P5/FORMS_SPECTRUM4/pngs/300.png
[notice ] 00:48:48 : /Volumes/GoogleDrive/Unitats compartides/PLAYMODES_STUDIO/PROJECTES/ATEMPORALS/FORMS/P5/FORMS_SPECTRUM4/pngs/301.png
[notice ] 00:48:52 : /Volumes/GoogleDrive/Unitats compartides/PLAYMODES_STUDIO/PROJECTES/ATEMPORALS/FORMS/P5/FORMS_SPECTRUM4/pngs/302.png
[notice ] 00:48:57 : /Volumes/GoogleDrive/Unitats compartides/PLAYMODES_STUDIO/PROJECTES/ATEMPORALS/FORMS/P5/FORMS_SPECTRUM4/pngs/303.png
[notice ] 00:49:02 : /Volumes/GoogleDrive/Unitats compartides/PLAYMODES_STUDIO/PROJECTES/ATEMPORALS/FORMS/P5/FORMS_SPECTRUM4/pngs/304.png
[notice ] 00:49:07 : /Volumes/GoogleDrive/Unitats compartides/PLAYMODES_STUDIO/PROJECTES/ATEMPORALS/FORMS/P5/FORMS_SPECTRUM4/pngs/305.png
[notice ] 00:49:13 : /Volumes/GoogleDrive/Unitats compartides/PLAYMODES_STUDIO/PROJECTES/ATEMPORALS/FORMS/P5/FORMS_SPECTRUM4/pngs/306.png
[notice ] 00:49:18 : /Volumes/GoogleDrive/Unitats compartides/PLAYMODES_STUDIO/PROJECTES/ATEMPORALS/FORMS/P5/FORMS_SPECTRUM4/pngs/307.png
[notice ] 00:49:23 : /Volumes/GoogleDrive/Unitats compartides/PLAYMODES_STUDIO/PROJECTES/ATEMPORALS/FORMS/P5/FORMS_SPECTRUM4/pngs/308.png
[notice ] 00:49:28 : /Volumes/GoogleDrive/Unitats compartides/PLAYMODES_STUDIO/PROJECTES/ATEMPORALS/FORMS/P5/FORMS_SPECTRUM4/pngs/309.png
[notice ] 00:49:33 : /Volumes/GoogleDrive/Unitats compartides/PLAYMODES_STUDIO/PROJECTES/ATEMPORALS/FORMS/P5/FORMS_SPECTRUM4/pngs/310.png
[notice ] 00:49:39 : /Volumes/GoogleDrive/Unitats compartides/PLAYMODES_STUDIO/PROJECTES/ATEMPORALS/FORMS/P5/FORMS_SPECTRUM4/pngs/311.png
[notice ] 00:49:44 : /Volumes/GoogleDrive/Unitats compartides/PLAYMODES_STUDIO/PROJECTES/ATEMPORALS/FORMS/P5/FORMS_SPECTRUM4/pngs/312.png
[notice ] 00:49:49 : /Volumes/GoogleDrive/Unitats compartides/PLAYMODES_STUDIO/PROJECTES/ATEMPORALS/FORMS/P5/FORMS_SPECTRUM4/pngs/313.png
[notice ] 00:49:54 : /Volumes/GoogleDrive/Unitats compartides/PLAYMODES_STUDIO/PROJECTES/ATEMPORALS/FORMS/P5/FORMS_SPECTRUM4/pngs/314.png
[notice ] 00:49:59 : /Volumes/GoogleDrive/Unitats compartides/PLAYMODES_STUDIO/PROJECTES/ATEMPORALS/FORMS/P5/FORMS_SPECTRUM4/pngs/315.png
[notice ] 00:50:05 : /Volumes/GoogleDrive/Unitats compartides/PLAYMODES_STUDIO/PROJECTES/ATEMPORALS/FORMS/P5/FORMS_SPECTRUM4/pngs/316.png
[notice ] 00:50:10 : /Volumes/GoogleDrive/Unitats compartides/PLAYMODES_STUDIO/PROJECTES/ATEMPORALS/FORMS/P5/FORMS_SPECTRUM4/pngs/317.png
[notice ] 00:50:15 : /Volumes/GoogleDrive/Unitats compartides/PLAYMODES_STUDIO/PROJECTES/ATEMPORALS/FORMS/P5/FORMS_SPECTRUM4/pngs/318.png
[notice ] 00:50:20 : /Volumes/GoogleDrive/Unitats compartides/PLAYMODES_STUDIO/PROJECTES/ATEMPORALS/FORMS/P5/FORMS_SPECTRUM4/pngs/319.png
[notice ] 00:50:26 : /Volumes/GoogleDrive/Unitats compartides/PLAYMODES_STUDIO/PROJECTES/ATEMPORALS/FORMS/P5/FORMS_SPECTRUM4/pngs/320.png
[notice ] 00:50:31 : /Volumes/GoogleDrive/Unitats compartides/PLAYMODES_STUDIO/PROJECTES/ATEMPORALS/FORMS/P5/FORMS_SPECTRUM4/pngs/321.png
[notice ] 00:50:36 : /Volumes/GoogleDrive/Unitats compartides/PLAYMODES_STUDIO/PROJECTES/ATEMPORALS/FORMS/P5/FORMS_SPECTRUM4/pngs/322.png
[notice ] 00:50:41 : /Volumes/GoogleDrive/Unitats compartides/PLAYMODES_STUDIO/PROJECTES/ATEMPORALS/FORMS/P5/FORMS_SPECTRUM4/pngs/323.png
[notice ] 00:50:46 : /Volumes/GoogleDrive/Unitats compartides/PLAYMODES_STUDIO/PROJECTES/ATEMPORALS/FORMS/P5/FORMS_SPECTRUM4/pngs/324.png
[notice ] 00:50:52 : /Volumes/GoogleDrive/Unitats compartides/PLAYMODES_STUDIO/PROJECTES/ATEMPORALS/FORMS/P5/FORMS_SPECTRUM4/pngs/324.png
[notice ] 00:50:57 : /Volumes/GoogleDrive/Unitats compartides/PLAYMODES_STUDIO/PROJECTES/ATEMPORALS/FORMS/P5/FORMS_SPECTRUM4/pngs/325.png
[notice ] 00:51:02 : /Volumes/GoogleDrive/Unitats compartides/PLAYMODES_STUDIO/PROJECTES/ATEMPORALS/FORMS/P5/FORMS_SPECTRUM4/pngs/325.png
[notice ] 00:51:07 : /Volumes/GoogleDrive/Unitats compartides/PLAYMODES_STUDIO/PROJECTES/ATEMPORALS/FORMS/P5/FORMS_SPECTRUM4/pngs/326.png
[notice ] 00:51:13 : /Volumes/GoogleDrive/Unitats compartides/PLAYMODES_STUDIO/PROJECTES/ATEMPORALS/FORMS/P5/FORMS_SPECTRUM4/pngs/326.png
[notice ] 00:51:18 : /Volumes/GoogleDrive/Unitats compartides/PLAYMODES_STUDIO/PROJECTES/ATEMPORALS/FORMS/P5/FORMS_SPECTRUM4/pngs/327.png
[notice ] 00:51:23 : /Volumes/GoogleDrive/Unitats compartides/PLAYMODES_STUDIO/PROJECTES/ATEMPORALS/FORMS/P5/FORMS_SPECTRUM4/pngs/327.png
[notice ] 00:51:28 : /Volumes/GoogleDrive/Unitats compartides/PLAYMODES_STUDIO/PROJECTES/ATEMPORALS/FORMS/P5/FORMS_SPECTRUM4/pngs/329.png
[notice ] 00:51:33 : /Volumes/GoogleDrive/Unitats compartides/PLAYMODES_STUDIO/PROJECTES/ATEMPORALS/FORMS/P5/FORMS_SPECTRUM4/pngs/330.png
[notice ] 00:51:39 : /Volumes/GoogleDrive/Unitats compartides/PLAYMODES_STUDIO/PROJECTES/ATEMPORALS/FORMS/P5/FORMS_SPECTRUM4/pngs/331.png
[notice ] 00:51:44 : /Volumes/GoogleDrive/Unitats compartides/PLAYMODES_STUDIO/PROJECTES/ATEMPORALS/FORMS/P5/FORMS_SPECTRUM4/pngs/332.png
[notice ] 00:51:49 : /Volumes/GoogleDrive/Unitats compartides/PLAYMODES_STUDIO/PROJECTES/ATEMPORALS/FORMS/P5/FORMS_SPECTRUM4/pngs/333.png
[notice ] 00:51:54 : /Volumes/GoogleDrive/Unitats compartides/PLAYMODES_STUDIO/PROJECTES/ATEMPORALS/FORMS/P5/FORMS_SPECTRUM4/pngs/334.png
[notice ] 00:51:59 : /Volumes/GoogleDrive/Unitats compartides/PLAYMODES_STUDIO/PROJECTES/ATEMPORALS/FORMS/P5/FORMS_SPECTRUM4/pngs/335.png
[notice ] 00:52:05 : /Volumes/GoogleDrive/Unitats compartides/PLAYMODES_STUDIO/PROJECTES/ATEMPORALS/FORMS/P5/FORMS_SPECTRUM4/pngs/336.png
[notice ] 00:52:10 : /Volumes/GoogleDrive/Unitats compartides/PLAYMODES_STUDIO/PROJECTES/ATEMPORALS/FORMS/P5/FORMS_SPECTRUM4/pngs/337.png
[notice ] 00:52:20 : /Volumes/GoogleDrive/Unitats compartides/PLAYMODES_STUDIO/PROJECTES/ATEMPORALS/FORMS/P5/FORMS_SPECTRUM4/pngs/338.png
[notice ] 00:52:41 : /Volumes/GoogleDrive/Unitats compartides/PLAYMODES_STUDIO/PROJECTES/ATEMPORALS/FORMS/P5/FORMS_SPECTRUM4/pngs/339.png
[notice ] 00:52:57 : /Volumes/GoogleDrive/Unitats compartides/PLAYMODES_STUDIO/PROJECTES/ATEMPORALS/FORMS/P5/FORMS_SPECTRUM4/pngs/340.png
[notice ] 00:53:02 : /Volumes/GoogleDrive/Unitats compartides/PLAYMODES_STUDIO/PROJECTES/ATEMPORALS/FORMS/P5/FORMS_SPECTRUM4/pngs/341.png
[notice ] 00:53:07 : /Volumes/GoogleDrive/Unitats compartides/PLAYMODES_STUDIO/PROJECTES/ATEMPORALS/FORMS/P5/FORMS_SPECTRUM4/pngs/342.png
[notice ] 00:53:22 : /Volumes/GoogleDrive/Unitats compartides/PLAYMODES_STUDIO/PROJECTES/ATEMPORALS/FORMS/P5/FORMS_SPECTRUM4/pngs/343.png
[notice ] 01:00:41 : /Volumes/GoogleDrive/Unitats compartides/PLAYMODES_STUDIO/PROJECTES/ATEMPORALS/FORMS/P5/FORMS_SPECTRUM4/pngs/344.png
[notice ] 01:21:51 : /Volumes/GoogleDrive/Unitats compartides/PLAYMODES_STUDIO/PROJECTES/ATEMPORALS/FORMS/P5/FORMS_SPECTRUM4/pngs/345.png
[notice ] 01:21:56 : /Volumes/GoogleDrive/Unitats compartides/PLAYMODES_STUDIO/PROJECTES/ATEMPORALS/FORMS/P5/FORMS_SPECTRUM4/pngs/346.png
