

--------------------------------------- 2022-06-13-00-00-00-463
[notice ] 00:00:06 : /Volumes/GoogleDrive-108524251851240764138/Unitats compartides/PLAYMODES_STUDIO/PROJECTES/ATEMPORALS/FORMS/LAST_SET/INDOMITES/FORMS_SPECTRUM6_TABS/pngs/8.png
[notice ] 00:00:18 : /Volumes/GoogleDrive-108524251851240764138/Unitats compartides/PLAYMODES_STUDIO/PROJECTES/ATEMPORALS/FORMS/LAST_SET/INDOMITES/FORMS_SPECTRUM6_TABS/pngs/9.png
[ error ] ofAppGLFWWindow: 65544: Cocoa: Failed to find service port for display
[notice ] 00:00:30 : /Volumes/GoogleDrive-108524251851240764138/Unitats compartides/PLAYMODES_STUDIO/PROJECTES/ATEMPORALS/FORMS/LAST_SET/INDOMITES/FORMS_SPECTRUM6_TABS/pngs/10.png
[ error ] ofAppGLFWWindow: 65544: Cocoa: Failed to find service port for display
[notice ] 00:00:42 : /Volumes/GoogleDrive-108524251851240764138/Unitats compartides/PLAYMODES_STUDIO/PROJECTES/ATEMPORALS/FORMS/LAST_SET/INDOMITES/FORMS_SPECTRUM6_TABS/pngs/11.png
[notice ] 00:00:54 : /Volumes/GoogleDrive-108524251851240764138/Unitats compartides/PLAYMODES_STUDIO/PROJECTES/ATEMPORALS/FORMS/LAST_SET/INDOMITES/FORMS_SPECTRUM6_TABS/pngs/12.png
[notice ] 00:01:06 : /Volumes/GoogleDrive-108524251851240764138/Unitats compartides/PLAYMODES_STUDIO/PROJECTES/ATEMPORALS/FORMS/LAST_SET/INDOMITES/FORMS_SPECTRUM6_TABS/pngs/13.png
[ error ] ofAppGLFWWindow: 65544: Cocoa: Failed to find service port for display
[ error ] ofAppGLFWWindow: 65544: Cocoa: Failed to find service port for display
[notice ] 00:01:18 : /Volumes/GoogleDrive-108524251851240764138/Unitats compartides/PLAYMODES_STUDIO/PROJECTES/ATEMPORALS/FORMS/LAST_SET/INDOMITES/FORMS_SPECTRUM6_TABS/pngs/14.png
[ error ] ofAppGLFWWindow: 65544: Cocoa: Failed to find service port for display
[notice ] 00:01:29 : /Volumes/GoogleDrive-108524251851240764138/Unitats compartides/PLAYMODES_STUDIO/PROJECTES/ATEMPORALS/FORMS/LAST_SET/INDOMITES/FORMS_SPECTRUM6_TABS/pngs/15.png
[notice ] 00:01:36 : /Volumes/GoogleDrive-108524251851240764138/Unitats compartides/PLAYMODES_STUDIO/PROJECTES/ATEMPORALS/FORMS/LAST_SET/INDOMITES/FORMS_SPECTRUM6_TABS/pngs/16.png
[notice ] 00:01:42 : /Volumes/GoogleDrive-108524251851240764138/Unitats compartides/PLAYMODES_STUDIO/PROJECTES/ATEMPORALS/FORMS/LAST_SET/INDOMITES/FORMS_SPECTRUM6_TABS/pngs/17.png
[notice ] 00:01:48 : /Volumes/GoogleDrive-108524251851240764138/Unitats compartides/PLAYMODES_STUDIO/PROJECTES/ATEMPORALS/FORMS/LAST_SET/INDOMITES/FORMS_SPECTRUM6_TABS/pngs/18.png
[notice ] 00:01:54 : /Volumes/GoogleDrive-108524251851240764138/Unitats compartides/PLAYMODES_STUDIO/PROJECTES/ATEMPORALS/FORMS/LAST_SET/INDOMITES/FORMS_SPECTRUM6_TABS/pngs/19.png
[notice ] 00:02:00 : /Volumes/GoogleDrive-108524251851240764138/Unitats compartides/PLAYMODES_STUDIO/PROJECTES/ATEMPORALS/FORMS/LAST_SET/INDOMITES/FORMS_SPECTRUM6_TABS/pngs/20.png
[notice ] 00:02:06 : /Volumes/GoogleDrive-108524251851240764138/Unitats compartides/PLAYMODES_STUDIO/PROJECTES/ATEMPORALS/FORMS/LAST_SET/INDOMITES/FORMS_SPECTRUM6_TABS/pngs/21.png
[notice ] 00:02:12 : /Volumes/GoogleDrive-108524251851240764138/Unitats compartides/PLAYMODES_STUDIO/PROJECTES/ATEMPORALS/FORMS/LAST_SET/INDOMITES/FORMS_SPECTRUM6_TABS/pngs/22.png
[notice ] 00:02:18 : /Volumes/GoogleDrive-108524251851240764138/Unitats compartides/PLAYMODES_STUDIO/PROJECTES/ATEMPORALS/FORMS/LAST_SET/INDOMITES/FORMS_SPECTRUM6_TABS/pngs/23.png
[notice ] 00:02:24 : /Volumes/GoogleDrive-108524251851240764138/Unitats compartides/PLAYMODES_STUDIO/PROJECTES/ATEMPORALS/FORMS/LAST_SET/INDOMITES/FORMS_SPECTRUM6_TABS/pngs/24.png
[notice ] 00:02:30 : /Volumes/GoogleDrive-108524251851240764138/Unitats compartides/PLAYMODES_STUDIO/PROJECTES/ATEMPORALS/FORMS/LAST_SET/INDOMITES/FORMS_SPECTRUM6_TABS/pngs/25.png
[notice ] 00:02:36 : /Volumes/GoogleDrive-108524251851240764138/Unitats compartides/PLAYMODES_STUDIO/PROJECTES/ATEMPORALS/FORMS/LAST_SET/INDOMITES/FORMS_SPECTRUM6_TABS/pngs/26.png
[notice ] 00:02:42 : /Volumes/GoogleDrive-108524251851240764138/Unitats compartides/PLAYMODES_STUDIO/PROJECTES/ATEMPORALS/FORMS/LAST_SET/INDOMITES/FORMS_SPECTRUM6_TABS/pngs/27.png
[notice ] 00:02:48 : /Volumes/GoogleDrive-108524251851240764138/Unitats compartides/PLAYMODES_STUDIO/PROJECTES/ATEMPORALS/FORMS/LAST_SET/INDOMITES/FORMS_SPECTRUM6_TABS/pngs/28.png
[notice ] 00:02:54 : /Volumes/GoogleDrive-108524251851240764138/Unitats compartides/PLAYMODES_STUDIO/PROJECTES/ATEMPORALS/FORMS/LAST_SET/INDOMITES/FORMS_SPECTRUM6_TABS/pngs/29.png
[notice ] 00:03:00 : /Volumes/GoogleDrive-108524251851240764138/Unitats compartides/PLAYMODES_STUDIO/PROJECTES/ATEMPORALS/FORMS/LAST_SET/INDOMITES/FORMS_SPECTRUM6_TABS/pngs/30.png
[notice ] 00:03:06 : /Volumes/GoogleDrive-108524251851240764138/Unitats compartides/PLAYMODES_STUDIO/PROJECTES/ATEMPORALS/FORMS/LAST_SET/INDOMITES/FORMS_SPECTRUM6_TABS/pngs/31.png
[notice ] 00:03:12 : /Volumes/GoogleDrive-108524251851240764138/Unitats compartides/PLAYMODES_STUDIO/PROJECTES/ATEMPORALS/FORMS/LAST_SET/INDOMITES/FORMS_SPECTRUM6_TABS/pngs/32.png
[notice ] 00:03:18 : /Volumes/GoogleDrive-108524251851240764138/Unitats compartides/PLAYMODES_STUDIO/PROJECTES/ATEMPORALS/FORMS/LAST_SET/INDOMITES/FORMS_SPECTRUM6_TABS/pngs/33.png
[notice ] 00:03:24 : /Volumes/GoogleDrive-108524251851240764138/Unitats compartides/PLAYMODES_STUDIO/PROJECTES/ATEMPORALS/FORMS/LAST_SET/INDOMITES/FORMS_SPECTRUM6_TABS/pngs/34.png
[notice ] 00:03:30 : /Volumes/GoogleDrive-108524251851240764138/Unitats compartides/PLAYMODES_STUDIO/PROJECTES/ATEMPORALS/FORMS/LAST_SET/INDOMITES/FORMS_SPECTRUM6_TABS/pngs/35.png
[notice ] 00:03:36 : /Volumes/GoogleDrive-108524251851240764138/Unitats compartides/PLAYMODES_STUDIO/PROJECTES/ATEMPORALS/FORMS/LAST_SET/INDOMITES/FORMS_SPECTRUM6_TABS/pngs/36.png
[notice ] 00:03:42 : /Volumes/GoogleDrive-108524251851240764138/Unitats compartides/PLAYMODES_STUDIO/PROJECTES/ATEMPORALS/FORMS/LAST_SET/INDOMITES/FORMS_SPECTRUM6_TABS/pngs/37.png
[notice ] 00:03:48 : /Volumes/GoogleDrive-108524251851240764138/Unitats compartides/PLAYMODES_STUDIO/PROJECTES/ATEMPORALS/FORMS/LAST_SET/INDOMITES/FORMS_SPECTRUM6_TABS/pngs/38.png
[notice ] 00:03:54 : /Volumes/GoogleDrive-108524251851240764138/Unitats compartides/PLAYMODES_STUDIO/PROJECTES/ATEMPORALS/FORMS/LAST_SET/INDOMITES/FORMS_SPECTRUM6_TABS/pngs/39.png
[notice ] 00:04:00 : /Volumes/GoogleDrive-108524251851240764138/Unitats compartides/PLAYMODES_STUDIO/PROJECTES/ATEMPORALS/FORMS/LAST_SET/INDOMITES/FORMS_SPECTRUM6_TABS/pngs/40.png
[notice ] 00:04:06 : /Volumes/GoogleDrive-108524251851240764138/Unitats compartides/PLAYMODES_STUDIO/PROJECTES/ATEMPORALS/FORMS/LAST_SET/INDOMITES/FORMS_SPECTRUM6_TABS/pngs/41.png
[notice ] 00:04:12 : /Volumes/GoogleDrive-108524251851240764138/Unitats compartides/PLAYMODES_STUDIO/PROJECTES/ATEMPORALS/FORMS/LAST_SET/INDOMITES/FORMS_SPECTRUM6_TABS/pngs/42.png
[ error ] ofAppGLFWWindow: 65544: Cocoa: Failed to find service port for display
[notice ] 00:04:18 : /Volumes/GoogleDrive-108524251851240764138/Unitats compartides/PLAYMODES_STUDIO/PROJECTES/ATEMPORALS/FORMS/LAST_SET/INDOMITES/FORMS_SPECTRUM6_TABS/pngs/43.png
[notice ] 00:04:24 : /Volumes/GoogleDrive-108524251851240764138/Unitats compartides/PLAYMODES_STUDIO/PROJECTES/ATEMPORALS/FORMS/LAST_SET/INDOMITES/FORMS_SPECTRUM6_TABS/pngs/44.png
[notice ] 00:04:30 : /Volumes/GoogleDrive-108524251851240764138/Unitats compartides/PLAYMODES_STUDIO/PROJECTES/ATEMPORALS/FORMS/LAST_SET/INDOMITES/FORMS_SPECTRUM6_TABS/pngs/45.png
[notice ] 00:04:36 : /Volumes/GoogleDrive-108524251851240764138/Unitats compartides/PLAYMODES_STUDIO/PROJECTES/ATEMPORALS/FORMS/LAST_SET/INDOMITES/FORMS_SPECTRUM6_TABS/pngs/46.png
[notice ] 00:04:42 : /Volumes/GoogleDrive-108524251851240764138/Unitats compartides/PLAYMODES_STUDIO/PROJECTES/ATEMPORALS/FORMS/LAST_SET/INDOMITES/FORMS_SPECTRUM6_TABS/pngs/47.png
[notice ] 00:04:48 : /Volumes/GoogleDrive-108524251851240764138/Unitats compartides/PLAYMODES_STUDIO/PROJECTES/ATEMPORALS/FORMS/LAST_SET/INDOMITES/FORMS_SPECTRUM6_TABS/pngs/48.png
[notice ] 00:04:54 : /Volumes/GoogleDrive-108524251851240764138/Unitats compartides/PLAYMODES_STUDIO/PROJECTES/ATEMPORALS/FORMS/LAST_SET/INDOMITES/FORMS_SPECTRUM6_TABS/pngs/49.png
[ error ] ofAppGLFWWindow: 65544: Cocoa: Failed to find service port for display
[notice ] 00:05:00 : /Volumes/GoogleDrive-108524251851240764138/Unitats compartides/PLAYMODES_STUDIO/PROJECTES/ATEMPORALS/FORMS/LAST_SET/INDOMITES/FORMS_SPECTRUM6_TABS/pngs/50.png
[notice ] 00:05:06 : /Volumes/GoogleDrive-108524251851240764138/Unitats compartides/PLAYMODES_STUDIO/PROJECTES/ATEMPORALS/FORMS/LAST_SET/INDOMITES/FORMS_SPECTRUM6_TABS/pngs/51.png
[notice ] 00:05:12 : /Volumes/GoogleDrive-108524251851240764138/Unitats compartides/PLAYMODES_STUDIO/PROJECTES/ATEMPORALS/FORMS/LAST_SET/INDOMITES/FORMS_SPECTRUM6_TABS/pngs/52.png
[notice ] 00:05:18 : /Volumes/GoogleDrive-108524251851240764138/Unitats compartides/PLAYMODES_STUDIO/PROJECTES/ATEMPORALS/FORMS/LAST_SET/INDOMITES/FORMS_SPECTRUM6_TABS/pngs/53.png
[notice ] 00:05:24 : /Volumes/GoogleDrive-108524251851240764138/Unitats compartides/PLAYMODES_STUDIO/PROJECTES/ATEMPORALS/FORMS/LAST_SET/INDOMITES/FORMS_SPECTRUM6_TABS/pngs/54.png
[ error ] ofAppGLFWWindow: 65544: Cocoa: Failed to find service port for display
[notice ] 00:05:30 : /Volumes/GoogleDrive-108524251851240764138/Unitats compartides/PLAYMODES_STUDIO/PROJECTES/ATEMPORALS/FORMS/LAST_SET/INDOMITES/FORMS_SPECTRUM6_TABS/pngs/55.png
[notice ] 00:05:36 : /Volumes/GoogleDrive-108524251851240764138/Unitats compartides/PLAYMODES_STUDIO/PROJECTES/ATEMPORALS/FORMS/LAST_SET/INDOMITES/FORMS_SPECTRUM6_TABS/pngs/56.png
[notice ] 00:05:42 : /Volumes/GoogleDrive-108524251851240764138/Unitats compartides/PLAYMODES_STUDIO/PROJECTES/ATEMPORALS/FORMS/LAST_SET/INDOMITES/FORMS_SPECTRUM6_TABS/pngs/57.png
[notice ] 00:05:48 : /Volumes/GoogleDrive-108524251851240764138/Unitats compartides/PLAYMODES_STUDIO/PROJECTES/ATEMPORALS/FORMS/LAST_SET/INDOMITES/FORMS_SPECTRUM6_TABS/pngs/58.png
[notice ] 00:05:54 : /Volumes/GoogleDrive-108524251851240764138/Unitats compartides/PLAYMODES_STUDIO/PROJECTES/ATEMPORALS/FORMS/LAST_SET/INDOMITES/FORMS_SPECTRUM6_TABS/pngs/59.png
[notice ] 00:06:00 : /Volumes/GoogleDrive-108524251851240764138/Unitats compartides/PLAYMODES_STUDIO/PROJECTES/ATEMPORALS/FORMS/LAST_SET/INDOMITES/FORMS_SPECTRUM6_TABS/pngs/60.png
[ error ] ofAppGLFWWindow: 65544: Cocoa: Failed to find service port for display
[notice ] 00:06:06 : /Volumes/GoogleDrive-108524251851240764138/Unitats compartides/PLAYMODES_STUDIO/PROJECTES/ATEMPORALS/FORMS/LAST_SET/INDOMITES/FORMS_SPECTRUM6_TABS/pngs/61.png
[ error ] ofAppGLFWWindow: 65544: Cocoa: Failed to find service port for display
[notice ] 00:06:12 : /Volumes/GoogleDrive-108524251851240764138/Unitats compartides/PLAYMODES_STUDIO/PROJECTES/ATEMPORALS/FORMS/LAST_SET/INDOMITES/FORMS_SPECTRUM6_TABS/pngs/62.png
[notice ] 00:06:18 : /Volumes/GoogleDrive-108524251851240764138/Unitats compartides/PLAYMODES_STUDIO/PROJECTES/ATEMPORALS/FORMS/LAST_SET/INDOMITES/FORMS_SPECTRUM6_TABS/pngs/63.png
[notice ] 00:06:24 : /Volumes/GoogleDrive-108524251851240764138/Unitats compartides/PLAYMODES_STUDIO/PROJECTES/ATEMPORALS/FORMS/LAST_SET/INDOMITES/FORMS_SPECTRUM6_TABS/pngs/64.png
[notice ] 00:06:30 : /Volumes/GoogleDrive-108524251851240764138/Unitats compartides/PLAYMODES_STUDIO/PROJECTES/ATEMPORALS/FORMS/LAST_SET/INDOMITES/FORMS_SPECTRUM6_TABS/pngs/65.png
[notice ] 00:06:36 : /Volumes/GoogleDrive-108524251851240764138/Unitats compartides/PLAYMODES_STUDIO/PROJECTES/ATEMPORALS/FORMS/LAST_SET/INDOMITES/FORMS_SPECTRUM6_TABS/pngs/66.png
[notice ] 00:06:42 : /Volumes/GoogleDrive-108524251851240764138/Unitats compartides/PLAYMODES_STUDIO/PROJECTES/ATEMPORALS/FORMS/LAST_SET/INDOMITES/FORMS_SPECTRUM6_TABS/pngs/67.png
[notice ] 00:06:48 : /Volumes/GoogleDrive-108524251851240764138/Unitats compartides/PLAYMODES_STUDIO/PROJECTES/ATEMPORALS/FORMS/LAST_SET/INDOMITES/FORMS_SPECTRUM6_TABS/pngs/68.png
[notice ] 00:06:54 : /Volumes/GoogleDrive-108524251851240764138/Unitats compartides/PLAYMODES_STUDIO/PROJECTES/ATEMPORALS/FORMS/LAST_SET/INDOMITES/FORMS_SPECTRUM6_TABS/pngs/69.png
[notice ] 00:07:00 : /Volumes/GoogleDrive-108524251851240764138/Unitats compartides/PLAYMODES_STUDIO/PROJECTES/ATEMPORALS/FORMS/LAST_SET/INDOMITES/FORMS_SPECTRUM6_TABS/pngs/70.png
[notice ] 00:07:06 : /Volumes/GoogleDrive-108524251851240764138/Unitats compartides/PLAYMODES_STUDIO/PROJECTES/ATEMPORALS/FORMS/LAST_SET/INDOMITES/FORMS_SPECTRUM6_TABS/pngs/71.png
[notice ] 00:07:12 : /Volumes/GoogleDrive-108524251851240764138/Unitats compartides/PLAYMODES_STUDIO/PROJECTES/ATEMPORALS/FORMS/LAST_SET/INDOMITES/FORMS_SPECTRUM6_TABS/pngs/72.png
[notice ] 00:07:18 : /Volumes/GoogleDrive-108524251851240764138/Unitats compartides/PLAYMODES_STUDIO/PROJECTES/ATEMPORALS/FORMS/LAST_SET/INDOMITES/FORMS_SPECTRUM6_TABS/pngs/73.png
[notice ] 00:07:24 : /Volumes/GoogleDrive-108524251851240764138/Unitats compartides/PLAYMODES_STUDIO/PROJECTES/ATEMPORALS/FORMS/LAST_SET/INDOMITES/FORMS_SPECTRUM6_TABS/pngs/74.png
[notice ] 00:07:30 : /Volumes/GoogleDrive-108524251851240764138/Unitats compartides/PLAYMODES_STUDIO/PROJECTES/ATEMPORALS/FORMS/LAST_SET/INDOMITES/FORMS_SPECTRUM6_TABS/pngs/75.png
[notice ] 00:07:36 : /Volumes/GoogleDrive-108524251851240764138/Unitats compartides/PLAYMODES_STUDIO/PROJECTES/ATEMPORALS/FORMS/LAST_SET/INDOMITES/FORMS_SPECTRUM6_TABS/pngs/76.png
[notice ] 00:07:42 : /Volumes/GoogleDrive-108524251851240764138/Unitats compartides/PLAYMODES_STUDIO/PROJECTES/ATEMPORALS/FORMS/LAST_SET/INDOMITES/FORMS_SPECTRUM6_TABS/pngs/77.png
[notice ] 00:07:48 : /Volumes/GoogleDrive-108524251851240764138/Unitats compartides/PLAYMODES_STUDIO/PROJECTES/ATEMPORALS/FORMS/LAST_SET/INDOMITES/FORMS_SPECTRUM6_TABS/pngs/78.png
[notice ] 00:07:54 : /Volumes/GoogleDrive-108524251851240764138/Unitats compartides/PLAYMODES_STUDIO/PROJECTES/ATEMPORALS/FORMS/LAST_SET/INDOMITES/FORMS_SPECTRUM6_TABS/pngs/79.png
[notice ] 00:08:00 : /Volumes/GoogleDrive-108524251851240764138/Unitats compartides/PLAYMODES_STUDIO/PROJECTES/ATEMPORALS/FORMS/LAST_SET/INDOMITES/FORMS_SPECTRUM6_TABS/pngs/80.png
[notice ] 00:08:06 : /Volumes/GoogleDrive-108524251851240764138/Unitats compartides/PLAYMODES_STUDIO/PROJECTES/ATEMPORALS/FORMS/LAST_SET/INDOMITES/FORMS_SPECTRUM6_TABS/pngs/81.png
[notice ] 00:08:12 : /Volumes/GoogleDrive-108524251851240764138/Unitats compartides/PLAYMODES_STUDIO/PROJECTES/ATEMPORALS/FORMS/LAST_SET/INDOMITES/FORMS_SPECTRUM6_TABS/pngs/82.png
[notice ] 00:08:18 : /Volumes/GoogleDrive-108524251851240764138/Unitats compartides/PLAYMODES_STUDIO/PROJECTES/ATEMPORALS/FORMS/LAST_SET/INDOMITES/FORMS_SPECTRUM6_TABS/pngs/83.png
[ error ] ofAppGLFWWindow: 65544: Cocoa: Failed to find service port for display
[notice ] 00:08:24 : /Volumes/GoogleDrive-108524251851240764138/Unitats compartides/PLAYMODES_STUDIO/PROJECTES/ATEMPORALS/FORMS/LAST_SET/INDOMITES/FORMS_SPECTRUM6_TABS/pngs/84.png
[notice ] 08:54:50 : /Volumes/GoogleDrive-108524251851240764138/Unitats compartides/PLAYMODES_STUDIO/PROJECTES/ATEMPORALS/FORMS/LAST_SET/INDOMITES/FORMS_SPECTRUM6_TABS/pngs/85.png
[notice ] 08:54:56 : /Volumes/GoogleDrive-108524251851240764138/Unitats compartides/PLAYMODES_STUDIO/PROJECTES/ATEMPORALS/FORMS/LAST_SET/INDOMITES/FORMS_SPECTRUM6_TABS/pngs/86.png
[notice ] 08:55:02 : /Volumes/GoogleDrive-108524251851240764138/Unitats compartides/PLAYMODES_STUDIO/PROJECTES/ATEMPORALS/FORMS/LAST_SET/INDOMITES/FORMS_SPECTRUM6_TABS/pngs/87.png
[notice ] 08:55:08 : /Volumes/GoogleDrive-108524251851240764138/Unitats compartides/PLAYMODES_STUDIO/PROJECTES/ATEMPORALS/FORMS/LAST_SET/INDOMITES/FORMS_SPECTRUM6_TABS/pngs/88.png
[notice ] 08:55:14 : /Volumes/GoogleDrive-108524251851240764138/Unitats compartides/PLAYMODES_STUDIO/PROJECTES/ATEMPORALS/FORMS/LAST_SET/INDOMITES/FORMS_SPECTRUM6_TABS/pngs/89.png
[notice ] 08:55:20 : /Volumes/GoogleDrive-108524251851240764138/Unitats compartides/PLAYMODES_STUDIO/PROJECTES/ATEMPORALS/FORMS/LAST_SET/INDOMITES/FORMS_SPECTRUM6_TABS/pngs/90.png
[notice ] 08:55:26 : /Volumes/GoogleDrive-108524251851240764138/Unitats compartides/PLAYMODES_STUDIO/PROJECTES/ATEMPORALS/FORMS/LAST_SET/INDOMITES/FORMS_SPECTRUM6_TABS/pngs/91.png
[notice ] 08:55:32 : /Volumes/GoogleDrive-108524251851240764138/Unitats compartides/PLAYMODES_STUDIO/PROJECTES/ATEMPORALS/FORMS/LAST_SET/INDOMITES/FORMS_SPECTRUM6_TABS/pngs/92.png
[notice ] 08:55:38 : /Volumes/GoogleDrive-108524251851240764138/Unitats compartides/PLAYMODES_STUDIO/PROJECTES/ATEMPORALS/FORMS/LAST_SET/INDOMITES/FORMS_SPECTRUM6_TABS/pngs/93.png
[notice ] 08:55:44 : /Volumes/GoogleDrive-108524251851240764138/Unitats compartides/PLAYMODES_STUDIO/PROJECTES/ATEMPORALS/FORMS/LAST_SET/INDOMITES/FORMS_SPECTRUM6_TABS/pngs/94.png
[notice ] 08:55:50 : /Volumes/GoogleDrive-108524251851240764138/Unitats compartides/PLAYMODES_STUDIO/PROJECTES/ATEMPORALS/FORMS/LAST_SET/INDOMITES/FORMS_SPECTRUM6_TABS/pngs/95.png
[notice ] 08:55:56 : /Volumes/GoogleDrive-108524251851240764138/Unitats compartides/PLAYMODES_STUDIO/PROJECTES/ATEMPORALS/FORMS/LAST_SET/INDOMITES/FORMS_SPECTRUM6_TABS/pngs/96.png
[notice ] 08:56:02 : /Volumes/GoogleDrive-108524251851240764138/Unitats compartides/PLAYMODES_STUDIO/PROJECTES/ATEMPORALS/FORMS/LAST_SET/INDOMITES/FORMS_SPECTRUM6_TABS/pngs/97.png
[notice ] 08:56:08 : /Volumes/GoogleDrive-108524251851240764138/Unitats compartides/PLAYMODES_STUDIO/PROJECTES/ATEMPORALS/FORMS/LAST_SET/INDOMITES/FORMS_SPECTRUM6_TABS/pngs/98.png
[notice ] 08:56:14 : /Volumes/GoogleDrive-108524251851240764138/Unitats compartides/PLAYMODES_STUDIO/PROJECTES/ATEMPORALS/FORMS/LAST_SET/INDOMITES/FORMS_SPECTRUM6_TABS/pngs/99.png
[notice ] 08:56:20 : /Volumes/GoogleDrive-108524251851240764138/Unitats compartides/PLAYMODES_STUDIO/PROJECTES/ATEMPORALS/FORMS/LAST_SET/INDOMITES/FORMS_SPECTRUM6_TABS/pngs/100.png
[notice ] 08:56:26 : /Volumes/GoogleDrive-108524251851240764138/Unitats compartides/PLAYMODES_STUDIO/PROJECTES/ATEMPORALS/FORMS/LAST_SET/INDOMITES/FORMS_SPECTRUM6_TABS/pngs/101.png
[notice ] 08:56:32 : /Volumes/GoogleDrive-108524251851240764138/Unitats compartides/PLAYMODES_STUDIO/PROJECTES/ATEMPORALS/FORMS/LAST_SET/INDOMITES/FORMS_SPECTRUM6_TABS/pngs/102.png
[notice ] 08:56:38 : /Volumes/GoogleDrive-108524251851240764138/Unitats compartides/PLAYMODES_STUDIO/PROJECTES/ATEMPORALS/FORMS/LAST_SET/INDOMITES/FORMS_SPECTRUM6_TABS/pngs/103.png
[notice ] 08:56:44 : /Volumes/GoogleDrive-108524251851240764138/Unitats compartides/PLAYMODES_STUDIO/PROJECTES/ATEMPORALS/FORMS/LAST_SET/INDOMITES/FORMS_SPECTRUM6_TABS/pngs/104.png
[notice ] 08:56:50 : /Volumes/GoogleDrive-108524251851240764138/Unitats compartides/PLAYMODES_STUDIO/PROJECTES/ATEMPORALS/FORMS/LAST_SET/INDOMITES/FORMS_SPECTRUM6_TABS/pngs/105.png
[notice ] 08:56:56 : /Volumes/GoogleDrive-108524251851240764138/Unitats compartides/PLAYMODES_STUDIO/PROJECTES/ATEMPORALS/FORMS/LAST_SET/INDOMITES/FORMS_SPECTRUM6_TABS/pngs/106.png
[notice ] 08:57:02 : /Volumes/GoogleDrive-108524251851240764138/Unitats compartides/PLAYMODES_STUDIO/PROJECTES/ATEMPORALS/FORMS/LAST_SET/INDOMITES/FORMS_SPECTRUM6_TABS/pngs/107.png
[notice ] 09:12:16 : /Volumes/GoogleDrive-108524251851240764138/Unitats compartides/PLAYMODES_STUDIO/PROJECTES/ATEMPORALS/FORMS/LAST_SET/INDOMITES/FORMS_SPECTRUM6_TABS/pngs/108.png
[notice ] 10:02:28 : /Volumes/GoogleDrive-108524251851240764138/Unitats compartides/PLAYMODES_STUDIO/PROJECTES/ATEMPORALS/FORMS/LAST_SET/INDOMITES/FORMS_SPECTRUM6_TABS/pngs/109.png
[notice ] 11:07:04 : /Volumes/GoogleDrive-108524251851240764138/Unitats compartides/PLAYMODES_STUDIO/PROJECTES/ATEMPORALS/FORMS/LAST_SET/INDOMITES/FORMS_SPECTRUM6_TABS/pngs/110.png
[notice ] 11:55:10 : /Volumes/GoogleDrive-108524251851240764138/Unitats compartides/PLAYMODES_STUDIO/PROJECTES/ATEMPORALS/FORMS/LAST_SET/INDOMITES/FORMS_SPECTRUM6_TABS/pngs/111.png
[notice ] 12:43:15 : /Volumes/GoogleDrive-108524251851240764138/Unitats compartides/PLAYMODES_STUDIO/PROJECTES/ATEMPORALS/FORMS/LAST_SET/INDOMITES/FORMS_SPECTRUM6_TABS/pngs/112.png
[notice ] 13:30:23 : /Volumes/GoogleDrive-108524251851240764138/Unitats compartides/PLAYMODES_STUDIO/PROJECTES/ATEMPORALS/FORMS/LAST_SET/INDOMITES/FORMS_SPECTRUM6_TABS/pngs/113.png
[notice ] 14:21:33 : /Volumes/GoogleDrive-108524251851240764138/Unitats compartides/PLAYMODES_STUDIO/PROJECTES/ATEMPORALS/FORMS/LAST_SET/INDOMITES/FORMS_SPECTRUM6_TABS/pngs/114.png
[notice ] 15:13:10 : /Volumes/GoogleDrive-108524251851240764138/Unitats compartides/PLAYMODES_STUDIO/PROJECTES/ATEMPORALS/FORMS/LAST_SET/INDOMITES/FORMS_SPECTRUM6_TABS/pngs/114.png
[notice ] 15:47:44 : /Volumes/GoogleDrive-108524251851240764138/Unitats compartides/PLAYMODES_STUDIO/PROJECTES/ATEMPORALS/FORMS/LAST_SET/INDOMITES/FORMS_SPECTRUM6_TABS/pngs/115.png
[notice ] 15:47:50 : /Volumes/GoogleDrive-108524251851240764138/Unitats compartides/PLAYMODES_STUDIO/PROJECTES/ATEMPORALS/FORMS/LAST_SET/INDOMITES/FORMS_SPECTRUM6_TABS/pngs/116.png
[notice ] 15:47:56 : /Volumes/GoogleDrive-108524251851240764138/Unitats compartides/PLAYMODES_STUDIO/PROJECTES/ATEMPORALS/FORMS/LAST_SET/INDOMITES/FORMS_SPECTRUM6_TABS/pngs/117.png


--------------------------------------- 2022-06-13-15-48-16-144
[ error ] ofAppGLFWWindow: 65544: Cocoa: Failed to find service port for display
[notice ] 15:48:20 : Portada 2
[notice ] 15:48:26 : 
[notice ] 15:48:32 : /Volumes/GoogleDrive-108524251851240764138/Unitats compartides/PLAYMODES_STUDIO/PROJECTES/ATEMPORALS/FORMS/LAST_SET/INDOMITES/FORMS_SPECTRUM6_TABS/pngs/121.png
[notice ] 15:48:38 : /Volumes/GoogleDrive-108524251851240764138/Unitats compartides/PLAYMODES_STUDIO/PROJECTES/ATEMPORALS/FORMS/LAST_SET/INDOMITES/FORMS_SPECTRUM6_TABS/pngs/121.png
[notice ] 15:49:23 : /Volumes/GoogleDrive-108524251851240764138/Unitats compartides/PLAYMODES_STUDIO/PROJECTES/ATEMPORALS/FORMS/LAST_SET/INDOMITES/FORMS_SPECTRUM6_TABS/pngs/121.png
[notice ] 15:49:48 : /Volumes/GoogleDrive-108524251851240764138/Unitats compartides/PLAYMODES_STUDIO/PROJECTES/ATEMPORALS/FORMS/LAST_SET/INDOMITES/FORMS_SPECTRUM6_TABS/pngs/123.png
[ error ] ofAppGLFWWindow: 65544: Cocoa: Failed to find service port for display
[ error ] ofAppGLFWWindow: 65544: Cocoa: Failed to find service port for display
[notice ] 15:50:08 : /Volumes/GoogleDrive-108524251851240764138/Unitats compartides/PLAYMODES_STUDIO/PROJECTES/ATEMPORALS/FORMS/LAST_SET/INDOMITES/FORMS_SPECTRUM6_TABS/pngs/124.png
[notice ] 15:50:17 : /Volumes/GoogleDrive-108524251851240764138/Unitats compartides/PLAYMODES_STUDIO/PROJECTES/ATEMPORALS/FORMS/LAST_SET/INDOMITES/FORMS_SPECTRUM6_TABS/pngs/125.png
[notice ] 15:50:26 : /Volumes/GoogleDrive-108524251851240764138/Unitats compartides/PLAYMODES_STUDIO/PROJECTES/ATEMPORALS/FORMS/LAST_SET/INDOMITES/FORMS_SPECTRUM6_TABS/pngs/125.png
[notice ] 15:50:38 : /Volumes/GoogleDrive-108524251851240764138/Unitats compartides/PLAYMODES_STUDIO/PROJECTES/ATEMPORALS/FORMS/LAST_SET/INDOMITES/FORMS_SPECTRUM6_TABS/pngs/126.png
[notice ] 15:50:48 : /Volumes/GoogleDrive-108524251851240764138/Unitats compartides/PLAYMODES_STUDIO/PROJECTES/ATEMPORALS/FORMS/LAST_SET/INDOMITES/FORMS_SPECTRUM6_TABS/pngs/126.png
[notice ] 15:50:55 : /Volumes/GoogleDrive-108524251851240764138/Unitats compartides/PLAYMODES_STUDIO/PROJECTES/ATEMPORALS/FORMS/LAST_SET/INDOMITES/FORMS_SPECTRUM6_TABS/pngs/126.png
[notice ] 15:51:01 : /Volumes/GoogleDrive-108524251851240764138/Unitats compartides/PLAYMODES_STUDIO/PROJECTES/ATEMPORALS/FORMS/LAST_SET/INDOMITES/FORMS_SPECTRUM6_TABS/pngs/127.png


--------------------------------------- 2022-06-13-15-51-11-783
[ error ] ofAppGLFWWindow: 65544: Cocoa: Failed to find service port for display
[notice ] 15:51:13 : Portada 2
[ error ] ofImage: loadImage(): couldn't load image from """"
[ error ] ofxThreadedImageLoader: couldn't load file: ""
[notice ] 15:51:19 : 
[notice ] 15:51:25 : 
[ error ] ofAppGLFWWindow: 65544: Cocoa: Failed to find service port for display
[notice ] 15:51:31 : /Volumes/GoogleDrive-108524251851240764138/Unitats compartides/PLAYMODES_STUDIO/PROJECTES/ATEMPORALS/FORMS/LAST_SET/INDOMITES/FORMS_SPECTRUM6_TABS/pngs/130.png
[notice ] 15:51:37 : /Volumes/GoogleDrive-108524251851240764138/Unitats compartides/PLAYMODES_STUDIO/PROJECTES/ATEMPORALS/FORMS/LAST_SET/INDOMITES/FORMS_SPECTRUM6_TABS/pngs/131.png
[notice ] 15:51:43 : /Volumes/GoogleDrive-108524251851240764138/Unitats compartides/PLAYMODES_STUDIO/PROJECTES/ATEMPORALS/FORMS/LAST_SET/INDOMITES/FORMS_SPECTRUM6_TABS/pngs/132.png
[notice ] 15:51:49 : /Volumes/GoogleDrive-108524251851240764138/Unitats compartides/PLAYMODES_STUDIO/PROJECTES/ATEMPORALS/FORMS/LAST_SET/INDOMITES/FORMS_SPECTRUM6_TABS/pngs/133.png
[notice ] 15:51:55 : /Volumes/GoogleDrive-108524251851240764138/Unitats compartides/PLAYMODES_STUDIO/PROJECTES/ATEMPORALS/FORMS/LAST_SET/INDOMITES/FORMS_SPECTRUM6_TABS/pngs/134.png
[notice ] 15:52:01 : /Volumes/GoogleDrive-108524251851240764138/Unitats compartides/PLAYMODES_STUDIO/PROJECTES/ATEMPORALS/FORMS/LAST_SET/INDOMITES/FORMS_SPECTRUM6_TABS/pngs/135.png
[notice ] 15:52:07 : /Volumes/GoogleDrive-108524251851240764138/Unitats compartides/PLAYMODES_STUDIO/PROJECTES/ATEMPORALS/FORMS/LAST_SET/INDOMITES/FORMS_SPECTRUM6_TABS/pngs/136.png
[notice ] 15:52:13 : /Volumes/GoogleDrive-108524251851240764138/Unitats compartides/PLAYMODES_STUDIO/PROJECTES/ATEMPORALS/FORMS/LAST_SET/INDOMITES/FORMS_SPECTRUM6_TABS/pngs/137.png
[notice ] 15:52:19 : /Volumes/GoogleDrive-108524251851240764138/Unitats compartides/PLAYMODES_STUDIO/PROJECTES/ATEMPORALS/FORMS/LAST_SET/INDOMITES/FORMS_SPECTRUM6_TABS/pngs/138.png
[notice ] 15:52:25 : /Volumes/GoogleDrive-108524251851240764138/Unitats compartides/PLAYMODES_STUDIO/PROJECTES/ATEMPORALS/FORMS/LAST_SET/INDOMITES/FORMS_SPECTRUM6_TABS/pngs/139.png
[notice ] 15:52:31 : /Volumes/GoogleDrive-108524251851240764138/Unitats compartides/PLAYMODES_STUDIO/PROJECTES/ATEMPORALS/FORMS/LAST_SET/INDOMITES/FORMS_SPECTRUM6_TABS/pngs/140.png
[notice ] 15:52:37 : /Volumes/GoogleDrive-108524251851240764138/Unitats compartides/PLAYMODES_STUDIO/PROJECTES/ATEMPORALS/FORMS/LAST_SET/INDOMITES/FORMS_SPECTRUM6_TABS/pngs/141.png
[notice ] 15:52:43 : /Volumes/GoogleDrive-108524251851240764138/Unitats compartides/PLAYMODES_STUDIO/PROJECTES/ATEMPORALS/FORMS/LAST_SET/INDOMITES/FORMS_SPECTRUM6_TABS/pngs/142.png
[notice ] 15:52:49 : /Volumes/GoogleDrive-108524251851240764138/Unitats compartides/PLAYMODES_STUDIO/PROJECTES/ATEMPORALS/FORMS/LAST_SET/INDOMITES/FORMS_SPECTRUM6_TABS/pngs/143.png
[notice ] 15:52:55 : /Volumes/GoogleDrive-108524251851240764138/Unitats compartides/PLAYMODES_STUDIO/PROJECTES/ATEMPORALS/FORMS/LAST_SET/INDOMITES/FORMS_SPECTRUM6_TABS/pngs/144.png
[notice ] 15:53:01 : /Volumes/GoogleDrive-108524251851240764138/Unitats compartides/PLAYMODES_STUDIO/PROJECTES/ATEMPORALS/FORMS/LAST_SET/INDOMITES/FORMS_SPECTRUM6_TABS/pngs/145.png
[notice ] 15:53:07 : /Volumes/GoogleDrive-108524251851240764138/Unitats compartides/PLAYMODES_STUDIO/PROJECTES/ATEMPORALS/FORMS/LAST_SET/INDOMITES/FORMS_SPECTRUM6_TABS/pngs/146.png
[notice ] 15:53:13 : /Volumes/GoogleDrive-108524251851240764138/Unitats compartides/PLAYMODES_STUDIO/PROJECTES/ATEMPORALS/FORMS/LAST_SET/INDOMITES/FORMS_SPECTRUM6_TABS/pngs/147.png
[notice ] 15:53:19 : /Volumes/GoogleDrive-108524251851240764138/Unitats compartides/PLAYMODES_STUDIO/PROJECTES/ATEMPORALS/FORMS/LAST_SET/INDOMITES/FORMS_SPECTRUM6_TABS/pngs/148.png
[notice ] 15:53:25 : /Volumes/GoogleDrive-108524251851240764138/Unitats compartides/PLAYMODES_STUDIO/PROJECTES/ATEMPORALS/FORMS/LAST_SET/INDOMITES/FORMS_SPECTRUM6_TABS/pngs/149.png
[ error ] ofAppGLFWWindow: 65544: Cocoa: Failed to find service port for display
[notice ] 15:53:31 : /Volumes/GoogleDrive-108524251851240764138/Unitats compartides/PLAYMODES_STUDIO/PROJECTES/ATEMPORALS/FORMS/LAST_SET/INDOMITES/FORMS_SPECTRUM6_TABS/pngs/150.png


--------------------------------------- 2022-06-13-22-53-55-156
[ error ] ofAppGLFWWindow: 65544: Cocoa: Failed to find service port for display
[ error ] ofAppGLFWWindow: 65544: Cocoa: Failed to find service port for display
[ error ] ofAppGLFWWindow: 65544: Cocoa: Failed to find service port for display
[notice ] 22:55:14 : Portada 2
[notice ] 22:55:37 : 
[notice ] 22:55:47 : /Volumes/GoogleDrive-108524251851240764138/Unitats compartides/PLAYMODES_STUDIO/PROJECTES/ATEMPORALS/FORMS/LAST_SET/INDOMITES/FORMS_SPECTRUM6_TABS/pngs/154.png
[notice ] 22:55:57 : /Volumes/GoogleDrive-108524251851240764138/Unitats compartides/PLAYMODES_STUDIO/PROJECTES/ATEMPORALS/FORMS/LAST_SET/INDOMITES/FORMS_SPECTRUM6_TABS/pngs/154.png
[notice ] 22:56:08 : /Volumes/GoogleDrive-108524251851240764138/Unitats compartides/PLAYMODES_STUDIO/PROJECTES/ATEMPORALS/FORMS/LAST_SET/INDOMITES/FORMS_SPECTRUM6_TABS/pngs/155.png
[notice ] 22:56:18 : /Volumes/GoogleDrive-108524251851240764138/Unitats compartides/PLAYMODES_STUDIO/PROJECTES/ATEMPORALS/FORMS/LAST_SET/INDOMITES/FORMS_SPECTRUM6_TABS/pngs/156.png
[notice ] 22:56:28 : /Volumes/GoogleDrive-108524251851240764138/Unitats compartides/PLAYMODES_STUDIO/PROJECTES/ATEMPORALS/FORMS/LAST_SET/INDOMITES/FORMS_SPECTRUM6_TABS/pngs/157.png
[notice ] 22:56:38 : /Volumes/GoogleDrive-108524251851240764138/Unitats compartides/PLAYMODES_STUDIO/PROJECTES/ATEMPORALS/FORMS/LAST_SET/INDOMITES/FORMS_SPECTRUM6_TABS/pngs/158.png
[notice ] 22:56:48 : /Volumes/GoogleDrive-108524251851240764138/Unitats compartides/PLAYMODES_STUDIO/PROJECTES/ATEMPORALS/FORMS/LAST_SET/INDOMITES/FORMS_SPECTRUM6_TABS/pngs/159.png
[notice ] 22:56:58 : /Volumes/GoogleDrive-108524251851240764138/Unitats compartides/PLAYMODES_STUDIO/PROJECTES/ATEMPORALS/FORMS/LAST_SET/INDOMITES/FORMS_SPECTRUM6_TABS/pngs/160.png
[notice ] 22:57:08 : /Volumes/GoogleDrive-108524251851240764138/Unitats compartides/PLAYMODES_STUDIO/PROJECTES/ATEMPORALS/FORMS/LAST_SET/INDOMITES/FORMS_SPECTRUM6_TABS/pngs/161.png
[notice ] 22:57:18 : /Volumes/GoogleDrive-108524251851240764138/Unitats compartides/PLAYMODES_STUDIO/PROJECTES/ATEMPORALS/FORMS/LAST_SET/INDOMITES/FORMS_SPECTRUM6_TABS/pngs/162.png
[notice ] 22:57:28 : /Volumes/GoogleDrive-108524251851240764138/Unitats compartides/PLAYMODES_STUDIO/PROJECTES/ATEMPORALS/FORMS/LAST_SET/INDOMITES/FORMS_SPECTRUM6_TABS/pngs/163.png
[notice ] 22:57:39 : /Volumes/GoogleDrive-108524251851240764138/Unitats compartides/PLAYMODES_STUDIO/PROJECTES/ATEMPORALS/FORMS/LAST_SET/INDOMITES/FORMS_SPECTRUM6_TABS/pngs/164.png
[notice ] 22:57:49 : /Volumes/GoogleDrive-108524251851240764138/Unitats compartides/PLAYMODES_STUDIO/PROJECTES/ATEMPORALS/FORMS/LAST_SET/INDOMITES/FORMS_SPECTRUM6_TABS/pngs/165.png
[notice ] 22:57:59 : /Volumes/GoogleDrive-108524251851240764138/Unitats compartides/PLAYMODES_STUDIO/PROJECTES/ATEMPORALS/FORMS/LAST_SET/INDOMITES/FORMS_SPECTRUM6_TABS/pngs/166.png
[notice ] 22:58:09 : /Volumes/GoogleDrive-108524251851240764138/Unitats compartides/PLAYMODES_STUDIO/PROJECTES/ATEMPORALS/FORMS/LAST_SET/INDOMITES/FORMS_SPECTRUM6_TABS/pngs/167.png
[notice ] 22:58:19 : /Volumes/GoogleDrive-108524251851240764138/Unitats compartides/PLAYMODES_STUDIO/PROJECTES/ATEMPORALS/FORMS/LAST_SET/INDOMITES/FORMS_SPECTRUM6_TABS/pngs/168.png
[notice ] 22:58:29 : /Volumes/GoogleDrive-108524251851240764138/Unitats compartides/PLAYMODES_STUDIO/PROJECTES/ATEMPORALS/FORMS/LAST_SET/INDOMITES/FORMS_SPECTRUM6_TABS/pngs/169.png
[notice ] 22:58:39 : /Volumes/GoogleDrive-108524251851240764138/Unitats compartides/PLAYMODES_STUDIO/PROJECTES/ATEMPORALS/FORMS/LAST_SET/INDOMITES/FORMS_SPECTRUM6_TABS/pngs/169.png
[notice ] 22:58:51 : /Volumes/GoogleDrive-108524251851240764138/Unitats compartides/PLAYMODES_STUDIO/PROJECTES/ATEMPORALS/FORMS/LAST_SET/INDOMITES/FORMS_SPECTRUM6_TABS/pngs/3.png
[notice ] 22:59:03 : /Volumes/GoogleDrive-108524251851240764138/Unitats compartides/PLAYMODES_STUDIO/PROJECTES/ATEMPORALS/FORMS/LAST_SET/INDOMITES/FORMS_SPECTRUM6_TABS/pngs/4.png
[notice ] 22:59:15 : /Volumes/GoogleDrive-108524251851240764138/Unitats compartides/PLAYMODES_STUDIO/PROJECTES/ATEMPORALS/FORMS/LAST_SET/INDOMITES/FORMS_SPECTRUM6_TABS/pngs/5.png
[notice ] 22:59:27 : /Volumes/GoogleDrive-108524251851240764138/Unitats compartides/PLAYMODES_STUDIO/PROJECTES/ATEMPORALS/FORMS/LAST_SET/INDOMITES/FORMS_SPECTRUM6_TABS/pngs/6.png
[notice ] 22:59:39 : /Volumes/GoogleDrive-108524251851240764138/Unitats compartides/PLAYMODES_STUDIO/PROJECTES/ATEMPORALS/FORMS/LAST_SET/INDOMITES/FORMS_SPECTRUM6_TABS/pngs/7.png
[notice ] 22:59:51 : /Volumes/GoogleDrive-108524251851240764138/Unitats compartides/PLAYMODES_STUDIO/PROJECTES/ATEMPORALS/FORMS/LAST_SET/INDOMITES/FORMS_SPECTRUM6_TABS/pngs/8.png
[notice ] 23:00:03 : /Volumes/GoogleDrive-108524251851240764138/Unitats compartides/PLAYMODES_STUDIO/PROJECTES/ATEMPORALS/FORMS/LAST_SET/INDOMITES/FORMS_SPECTRUM6_TABS/pngs/9.png
[notice ] 23:00:15 : /Volumes/GoogleDrive-108524251851240764138/Unitats compartides/PLAYMODES_STUDIO/PROJECTES/ATEMPORALS/FORMS/LAST_SET/INDOMITES/FORMS_SPECTRUM6_TABS/pngs/10.png
[notice ] 23:00:27 : /Volumes/GoogleDrive-108524251851240764138/Unitats compartides/PLAYMODES_STUDIO/PROJECTES/ATEMPORALS/FORMS/LAST_SET/INDOMITES/FORMS_SPECTRUM6_TABS/pngs/11.png
[notice ] 23:00:39 : /Volumes/GoogleDrive-108524251851240764138/Unitats compartides/PLAYMODES_STUDIO/PROJECTES/ATEMPORALS/FORMS/LAST_SET/INDOMITES/FORMS_SPECTRUM6_TABS/pngs/12.png
[notice ] 23:00:51 : /Volumes/GoogleDrive-108524251851240764138/Unitats compartides/PLAYMODES_STUDIO/PROJECTES/ATEMPORALS/FORMS/LAST_SET/INDOMITES/FORMS_SPECTRUM6_TABS/pngs/13.png
[notice ] 23:01:03 : /Volumes/GoogleDrive-108524251851240764138/Unitats compartides/PLAYMODES_STUDIO/PROJECTES/ATEMPORALS/FORMS/LAST_SET/INDOMITES/FORMS_SPECTRUM6_TABS/pngs/14.png
[notice ] 23:01:15 : /Volumes/GoogleDrive-108524251851240764138/Unitats compartides/PLAYMODES_STUDIO/PROJECTES/ATEMPORALS/FORMS/LAST_SET/INDOMITES/FORMS_SPECTRUM6_TABS/pngs/15.png
[notice ] 23:01:27 : /Volumes/GoogleDrive-108524251851240764138/Unitats compartides/PLAYMODES_STUDIO/PROJECTES/ATEMPORALS/FORMS/LAST_SET/INDOMITES/FORMS_SPECTRUM6_TABS/pngs/16.png
[notice ] 23:01:39 : /Volumes/GoogleDrive-108524251851240764138/Unitats compartides/PLAYMODES_STUDIO/PROJECTES/ATEMPORALS/FORMS/LAST_SET/INDOMITES/FORMS_SPECTRUM6_TABS/pngs/17.png
[notice ] 23:01:51 : /Volumes/GoogleDrive-108524251851240764138/Unitats compartides/PLAYMODES_STUDIO/PROJECTES/ATEMPORALS/FORMS/LAST_SET/INDOMITES/FORMS_SPECTRUM6_TABS/pngs/18.png
[notice ] 23:02:03 : /Volumes/GoogleDrive-108524251851240764138/Unitats compartides/PLAYMODES_STUDIO/PROJECTES/ATEMPORALS/FORMS/LAST_SET/INDOMITES/FORMS_SPECTRUM6_TABS/pngs/19.png
[notice ] 23:02:15 : /Volumes/GoogleDrive-108524251851240764138/Unitats compartides/PLAYMODES_STUDIO/PROJECTES/ATEMPORALS/FORMS/LAST_SET/INDOMITES/FORMS_SPECTRUM6_TABS/pngs/20.png
[notice ] 23:02:27 : /Volumes/GoogleDrive-108524251851240764138/Unitats compartides/PLAYMODES_STUDIO/PROJECTES/ATEMPORALS/FORMS/LAST_SET/INDOMITES/FORMS_SPECTRUM6_TABS/pngs/21.png
[notice ] 23:02:39 : /Volumes/GoogleDrive-108524251851240764138/Unitats compartides/PLAYMODES_STUDIO/PROJECTES/ATEMPORALS/FORMS/LAST_SET/INDOMITES/FORMS_SPECTRUM6_TABS/pngs/22.png
[notice ] 23:02:51 : /Volumes/GoogleDrive-108524251851240764138/Unitats compartides/PLAYMODES_STUDIO/PROJECTES/ATEMPORALS/FORMS/LAST_SET/INDOMITES/FORMS_SPECTRUM6_TABS/pngs/1.png
[notice ] 23:03:03 : /Volumes/GoogleDrive-108524251851240764138/Unitats compartides/PLAYMODES_STUDIO/PROJECTES/ATEMPORALS/FORMS/LAST_SET/INDOMITES/FORMS_SPECTRUM6_TABS/pngs/3.png
[notice ] 23:03:15 : /Volumes/GoogleDrive-108524251851240764138/Unitats compartides/PLAYMODES_STUDIO/PROJECTES/ATEMPORALS/FORMS/LAST_SET/INDOMITES/FORMS_SPECTRUM6_TABS/pngs/4.png
[notice ] 23:03:27 : /Volumes/GoogleDrive-108524251851240764138/Unitats compartides/PLAYMODES_STUDIO/PROJECTES/ATEMPORALS/FORMS/LAST_SET/INDOMITES/FORMS_SPECTRUM6_TABS/pngs/5.png
[notice ] 23:03:39 : /Volumes/GoogleDrive-108524251851240764138/Unitats compartides/PLAYMODES_STUDIO/PROJECTES/ATEMPORALS/FORMS/LAST_SET/INDOMITES/FORMS_SPECTRUM6_TABS/pngs/6.png
[notice ] 23:03:51 : /Volumes/GoogleDrive-108524251851240764138/Unitats compartides/PLAYMODES_STUDIO/PROJECTES/ATEMPORALS/FORMS/LAST_SET/INDOMITES/FORMS_SPECTRUM6_TABS/pngs/7.png
[notice ] 23:04:03 : /Volumes/GoogleDrive-108524251851240764138/Unitats compartides/PLAYMODES_STUDIO/PROJECTES/ATEMPORALS/FORMS/LAST_SET/INDOMITES/FORMS_SPECTRUM6_TABS/pngs/8.png
[notice ] 23:04:15 : /Volumes/GoogleDrive-108524251851240764138/Unitats compartides/PLAYMODES_STUDIO/PROJECTES/ATEMPORALS/FORMS/LAST_SET/INDOMITES/FORMS_SPECTRUM6_TABS/pngs/9.png
[notice ] 23:04:27 : /Volumes/GoogleDrive-108524251851240764138/Unitats compartides/PLAYMODES_STUDIO/PROJECTES/ATEMPORALS/FORMS/LAST_SET/INDOMITES/FORMS_SPECTRUM6_TABS/pngs/10.png
[notice ] 23:04:39 : /Volumes/GoogleDrive-108524251851240764138/Unitats compartides/PLAYMODES_STUDIO/PROJECTES/ATEMPORALS/FORMS/LAST_SET/INDOMITES/FORMS_SPECTRUM6_TABS/pngs/11.png
[notice ] 23:04:51 : /Volumes/GoogleDrive-108524251851240764138/Unitats compartides/PLAYMODES_STUDIO/PROJECTES/ATEMPORALS/FORMS/LAST_SET/INDOMITES/FORMS_SPECTRUM6_TABS/pngs/12.png
[notice ] 23:05:03 : /Volumes/GoogleDrive-108524251851240764138/Unitats compartides/PLAYMODES_STUDIO/PROJECTES/ATEMPORALS/FORMS/LAST_SET/INDOMITES/FORMS_SPECTRUM6_TABS/pngs/13.png
[notice ] 23:05:15 : /Volumes/GoogleDrive-108524251851240764138/Unitats compartides/PLAYMODES_STUDIO/PROJECTES/ATEMPORALS/FORMS/LAST_SET/INDOMITES/FORMS_SPECTRUM6_TABS/pngs/14.png
[notice ] 23:05:27 : /Volumes/GoogleDrive-108524251851240764138/Unitats compartides/PLAYMODES_STUDIO/PROJECTES/ATEMPORALS/FORMS/LAST_SET/INDOMITES/FORMS_SPECTRUM6_TABS/pngs/15.png
[notice ] 23:05:39 : /Volumes/GoogleDrive-108524251851240764138/Unitats compartides/PLAYMODES_STUDIO/PROJECTES/ATEMPORALS/FORMS/LAST_SET/INDOMITES/FORMS_SPECTRUM6_TABS/pngs/16.png
[notice ] 23:05:51 : /Volumes/GoogleDrive-108524251851240764138/Unitats compartides/PLAYMODES_STUDIO/PROJECTES/ATEMPORALS/FORMS/LAST_SET/INDOMITES/FORMS_SPECTRUM6_TABS/pngs/17.png
[notice ] 23:06:03 : /Volumes/GoogleDrive-108524251851240764138/Unitats compartides/PLAYMODES_STUDIO/PROJECTES/ATEMPORALS/FORMS/LAST_SET/INDOMITES/FORMS_SPECTRUM6_TABS/pngs/18.png
[notice ] 23:06:15 : /Volumes/GoogleDrive-108524251851240764138/Unitats compartides/PLAYMODES_STUDIO/PROJECTES/ATEMPORALS/FORMS/LAST_SET/INDOMITES/FORMS_SPECTRUM6_TABS/pngs/19.png
[notice ] 23:06:27 : /Volumes/GoogleDrive-108524251851240764138/Unitats compartides/PLAYMODES_STUDIO/PROJECTES/ATEMPORALS/FORMS/LAST_SET/INDOMITES/FORMS_SPECTRUM6_TABS/pngs/20.png
[notice ] 23:06:39 : /Volumes/GoogleDrive-108524251851240764138/Unitats compartides/PLAYMODES_STUDIO/PROJECTES/ATEMPORALS/FORMS/LAST_SET/INDOMITES/FORMS_SPECTRUM6_TABS/pngs/21.png
[notice ] 23:06:51 : /Volumes/GoogleDrive-108524251851240764138/Unitats compartides/PLAYMODES_STUDIO/PROJECTES/ATEMPORALS/FORMS/LAST_SET/INDOMITES/FORMS_SPECTRUM6_TABS/pngs/22.png
[notice ] 23:07:03 : /Volumes/GoogleDrive-108524251851240764138/Unitats compartides/PLAYMODES_STUDIO/PROJECTES/ATEMPORALS/FORMS/LAST_SET/INDOMITES/FORMS_SPECTRUM6_TABS/pngs/23.png
[notice ] 23:07:15 : /Volumes/GoogleDrive-108524251851240764138/Unitats compartides/PLAYMODES_STUDIO/PROJECTES/ATEMPORALS/FORMS/LAST_SET/INDOMITES/FORMS_SPECTRUM6_TABS/pngs/24.png
[notice ] 23:07:27 : /Volumes/GoogleDrive-108524251851240764138/Unitats compartides/PLAYMODES_STUDIO/PROJECTES/ATEMPORALS/FORMS/LAST_SET/INDOMITES/FORMS_SPECTRUM6_TABS/pngs/25.png
[notice ] 23:07:39 : /Volumes/GoogleDrive-108524251851240764138/Unitats compartides/PLAYMODES_STUDIO/PROJECTES/ATEMPORALS/FORMS/LAST_SET/INDOMITES/FORMS_SPECTRUM6_TABS/pngs/26.png
[notice ] 23:07:51 : /Volumes/GoogleDrive-108524251851240764138/Unitats compartides/PLAYMODES_STUDIO/PROJECTES/ATEMPORALS/FORMS/LAST_SET/INDOMITES/FORMS_SPECTRUM6_TABS/pngs/27.png
[notice ] 23:08:03 : /Volumes/GoogleDrive-108524251851240764138/Unitats compartides/PLAYMODES_STUDIO/PROJECTES/ATEMPORALS/FORMS/LAST_SET/INDOMITES/FORMS_SPECTRUM6_TABS/pngs/28.png
[notice ] 23:08:15 : /Volumes/GoogleDrive-108524251851240764138/Unitats compartides/PLAYMODES_STUDIO/PROJECTES/ATEMPORALS/FORMS/LAST_SET/INDOMITES/FORMS_SPECTRUM6_TABS/pngs/29.png
[notice ] 23:08:27 : /Volumes/GoogleDrive-108524251851240764138/Unitats compartides/PLAYMODES_STUDIO/PROJECTES/ATEMPORALS/FORMS/LAST_SET/INDOMITES/FORMS_SPECTRUM6_TABS/pngs/30.png
[notice ] 23:08:39 : /Volumes/GoogleDrive-108524251851240764138/Unitats compartides/PLAYMODES_STUDIO/PROJECTES/ATEMPORALS/FORMS/LAST_SET/INDOMITES/FORMS_SPECTRUM6_TABS/pngs/31.png
[notice ] 23:08:51 : /Volumes/GoogleDrive-108524251851240764138/Unitats compartides/PLAYMODES_STUDIO/PROJECTES/ATEMPORALS/FORMS/LAST_SET/INDOMITES/FORMS_SPECTRUM6_TABS/pngs/32.png
[notice ] 23:09:03 : /Volumes/GoogleDrive-108524251851240764138/Unitats compartides/PLAYMODES_STUDIO/PROJECTES/ATEMPORALS/FORMS/LAST_SET/INDOMITES/FORMS_SPECTRUM6_TABS/pngs/33.png
[notice ] 23:09:15 : /Volumes/GoogleDrive-108524251851240764138/Unitats compartides/PLAYMODES_STUDIO/PROJECTES/ATEMPORALS/FORMS/LAST_SET/INDOMITES/FORMS_SPECTRUM6_TABS/pngs/34.png
[notice ] 23:09:27 : /Volumes/GoogleDrive-108524251851240764138/Unitats compartides/PLAYMODES_STUDIO/PROJECTES/ATEMPORALS/FORMS/LAST_SET/INDOMITES/FORMS_SPECTRUM6_TABS/pngs/35.png
[notice ] 23:09:39 : /Volumes/GoogleDrive-108524251851240764138/Unitats compartides/PLAYMODES_STUDIO/PROJECTES/ATEMPORALS/FORMS/LAST_SET/INDOMITES/FORMS_SPECTRUM6_TABS/pngs/36.png
[notice ] 23:09:51 : /Volumes/GoogleDrive-108524251851240764138/Unitats compartides/PLAYMODES_STUDIO/PROJECTES/ATEMPORALS/FORMS/LAST_SET/INDOMITES/FORMS_SPECTRUM6_TABS/pngs/37.png
[notice ] 23:10:03 : /Volumes/GoogleDrive-108524251851240764138/Unitats compartides/PLAYMODES_STUDIO/PROJECTES/ATEMPORALS/FORMS/LAST_SET/INDOMITES/FORMS_SPECTRUM6_TABS/pngs/38.png
[notice ] 23:10:15 : /Volumes/GoogleDrive-108524251851240764138/Unitats compartides/PLAYMODES_STUDIO/PROJECTES/ATEMPORALS/FORMS/LAST_SET/INDOMITES/FORMS_SPECTRUM6_TABS/pngs/39.png
[notice ] 23:10:27 : /Volumes/GoogleDrive-108524251851240764138/Unitats compartides/PLAYMODES_STUDIO/PROJECTES/ATEMPORALS/FORMS/LAST_SET/INDOMITES/FORMS_SPECTRUM6_TABS/pngs/40.png
[notice ] 23:10:39 : /Volumes/GoogleDrive-108524251851240764138/Unitats compartides/PLAYMODES_STUDIO/PROJECTES/ATEMPORALS/FORMS/LAST_SET/INDOMITES/FORMS_SPECTRUM6_TABS/pngs/41.png
[notice ] 23:10:51 : /Volumes/GoogleDrive-108524251851240764138/Unitats compartides/PLAYMODES_STUDIO/PROJECTES/ATEMPORALS/FORMS/LAST_SET/INDOMITES/FORMS_SPECTRUM6_TABS/pngs/42.png
[notice ] 23:11:03 : /Volumes/GoogleDrive-108524251851240764138/Unitats compartides/PLAYMODES_STUDIO/PROJECTES/ATEMPORALS/FORMS/LAST_SET/INDOMITES/FORMS_SPECTRUM6_TABS/pngs/43.png
[notice ] 23:11:15 : /Volumes/GoogleDrive-108524251851240764138/Unitats compartides/PLAYMODES_STUDIO/PROJECTES/ATEMPORALS/FORMS/LAST_SET/INDOMITES/FORMS_SPECTRUM6_TABS/pngs/44.png
[notice ] 23:11:27 : /Volumes/GoogleDrive-108524251851240764138/Unitats compartides/PLAYMODES_STUDIO/PROJECTES/ATEMPORALS/FORMS/LAST_SET/INDOMITES/FORMS_SPECTRUM6_TABS/pngs/45.png
[notice ] 23:11:39 : /Volumes/GoogleDrive-108524251851240764138/Unitats compartides/PLAYMODES_STUDIO/PROJECTES/ATEMPORALS/FORMS/LAST_SET/INDOMITES/FORMS_SPECTRUM6_TABS/pngs/46.png
[notice ] 23:11:51 : /Volumes/GoogleDrive-108524251851240764138/Unitats compartides/PLAYMODES_STUDIO/PROJECTES/ATEMPORALS/FORMS/LAST_SET/INDOMITES/FORMS_SPECTRUM6_TABS/pngs/47.png
[notice ] 23:12:03 : /Volumes/GoogleDrive-108524251851240764138/Unitats compartides/PLAYMODES_STUDIO/PROJECTES/ATEMPORALS/FORMS/LAST_SET/INDOMITES/FORMS_SPECTRUM6_TABS/pngs/48.png
[notice ] 23:12:15 : /Volumes/GoogleDrive-108524251851240764138/Unitats compartides/PLAYMODES_STUDIO/PROJECTES/ATEMPORALS/FORMS/LAST_SET/INDOMITES/FORMS_SPECTRUM6_TABS/pngs/49.png
[notice ] 23:12:27 : /Volumes/GoogleDrive-108524251851240764138/Unitats compartides/PLAYMODES_STUDIO/PROJECTES/ATEMPORALS/FORMS/LAST_SET/INDOMITES/FORMS_SPECTRUM6_TABS/pngs/50.png
[notice ] 23:12:38 : /Volumes/GoogleDrive-108524251851240764138/Unitats compartides/PLAYMODES_STUDIO/PROJECTES/ATEMPORALS/FORMS/LAST_SET/INDOMITES/FORMS_SPECTRUM6_TABS/pngs/51.png
[notice ] 23:12:47 : /Volumes/GoogleDrive-108524251851240764138/Unitats compartides/PLAYMODES_STUDIO/PROJECTES/ATEMPORALS/FORMS/LAST_SET/INDOMITES/FORMS_SPECTRUM6_TABS/pngs/52.png
[notice ] 23:12:56 : /Volumes/GoogleDrive-108524251851240764138/Unitats compartides/PLAYMODES_STUDIO/PROJECTES/ATEMPORALS/FORMS/LAST_SET/INDOMITES/FORMS_SPECTRUM6_TABS/pngs/53.png
[notice ] 23:13:04 : /Volumes/GoogleDrive-108524251851240764138/Unitats compartides/PLAYMODES_STUDIO/PROJECTES/ATEMPORALS/FORMS/LAST_SET/INDOMITES/FORMS_SPECTRUM6_TABS/pngs/54.png
[notice ] 23:13:13 : /Volumes/GoogleDrive-108524251851240764138/Unitats compartides/PLAYMODES_STUDIO/PROJECTES/ATEMPORALS/FORMS/LAST_SET/INDOMITES/FORMS_SPECTRUM6_TABS/pngs/55.png
[notice ] 23:13:22 : /Volumes/GoogleDrive-108524251851240764138/Unitats compartides/PLAYMODES_STUDIO/PROJECTES/ATEMPORALS/FORMS/LAST_SET/INDOMITES/FORMS_SPECTRUM6_TABS/pngs/56.png
[notice ] 23:13:31 : /Volumes/GoogleDrive-108524251851240764138/Unitats compartides/PLAYMODES_STUDIO/PROJECTES/ATEMPORALS/FORMS/LAST_SET/INDOMITES/FORMS_SPECTRUM6_TABS/pngs/57.png
[notice ] 23:13:39 : /Volumes/GoogleDrive-108524251851240764138/Unitats compartides/PLAYMODES_STUDIO/PROJECTES/ATEMPORALS/FORMS/LAST_SET/INDOMITES/FORMS_SPECTRUM6_TABS/pngs/58.png
[notice ] 23:13:48 : /Volumes/GoogleDrive-108524251851240764138/Unitats compartides/PLAYMODES_STUDIO/PROJECTES/ATEMPORALS/FORMS/LAST_SET/INDOMITES/FORMS_SPECTRUM6_TABS/pngs/59.png
[notice ] 23:13:57 : /Volumes/GoogleDrive-108524251851240764138/Unitats compartides/PLAYMODES_STUDIO/PROJECTES/ATEMPORALS/FORMS/LAST_SET/INDOMITES/FORMS_SPECTRUM6_TABS/pngs/60.png
[notice ] 23:14:05 : /Volumes/GoogleDrive-108524251851240764138/Unitats compartides/PLAYMODES_STUDIO/PROJECTES/ATEMPORALS/FORMS/LAST_SET/INDOMITES/FORMS_SPECTRUM6_TABS/pngs/61.png
[notice ] 23:14:14 : /Volumes/GoogleDrive-108524251851240764138/Unitats compartides/PLAYMODES_STUDIO/PROJECTES/ATEMPORALS/FORMS/LAST_SET/INDOMITES/FORMS_SPECTRUM6_TABS/pngs/62.png
[notice ] 23:14:23 : /Volumes/GoogleDrive-108524251851240764138/Unitats compartides/PLAYMODES_STUDIO/PROJECTES/ATEMPORALS/FORMS/LAST_SET/INDOMITES/FORMS_SPECTRUM6_TABS/pngs/63.png
[notice ] 23:14:32 : /Volumes/GoogleDrive-108524251851240764138/Unitats compartides/PLAYMODES_STUDIO/PROJECTES/ATEMPORALS/FORMS/LAST_SET/INDOMITES/FORMS_SPECTRUM6_TABS/pngs/64.png
[notice ] 23:14:40 : /Volumes/GoogleDrive-108524251851240764138/Unitats compartides/PLAYMODES_STUDIO/PROJECTES/ATEMPORALS/FORMS/LAST_SET/INDOMITES/FORMS_SPECTRUM6_TABS/pngs/65.png
[notice ] 23:14:49 : /Volumes/GoogleDrive-108524251851240764138/Unitats compartides/PLAYMODES_STUDIO/PROJECTES/ATEMPORALS/FORMS/LAST_SET/INDOMITES/FORMS_SPECTRUM6_TABS/pngs/66.png
[notice ] 23:14:58 : /Volumes/GoogleDrive-108524251851240764138/Unitats compartides/PLAYMODES_STUDIO/PROJECTES/ATEMPORALS/FORMS/LAST_SET/INDOMITES/FORMS_SPECTRUM6_TABS/pngs/67.png
[notice ] 23:15:07 : /Volumes/GoogleDrive-108524251851240764138/Unitats compartides/PLAYMODES_STUDIO/PROJECTES/ATEMPORALS/FORMS/LAST_SET/INDOMITES/FORMS_SPECTRUM6_TABS/pngs/68.png
[notice ] 23:15:15 : /Volumes/GoogleDrive-108524251851240764138/Unitats compartides/PLAYMODES_STUDIO/PROJECTES/ATEMPORALS/FORMS/LAST_SET/INDOMITES/FORMS_SPECTRUM6_TABS/pngs/69.png
[notice ] 23:15:24 : /Volumes/GoogleDrive-108524251851240764138/Unitats compartides/PLAYMODES_STUDIO/PROJECTES/ATEMPORALS/FORMS/LAST_SET/INDOMITES/FORMS_SPECTRUM6_TABS/pngs/70.png
[notice ] 23:15:33 : /Volumes/GoogleDrive-108524251851240764138/Unitats compartides/PLAYMODES_STUDIO/PROJECTES/ATEMPORALS/FORMS/LAST_SET/INDOMITES/FORMS_SPECTRUM6_TABS/pngs/71.png
[notice ] 23:15:41 : /Volumes/GoogleDrive-108524251851240764138/Unitats compartides/PLAYMODES_STUDIO/PROJECTES/ATEMPORALS/FORMS/LAST_SET/INDOMITES/FORMS_SPECTRUM6_TABS/pngs/72.png
[notice ] 23:15:50 : /Volumes/GoogleDrive-108524251851240764138/Unitats compartides/PLAYMODES_STUDIO/PROJECTES/ATEMPORALS/FORMS/LAST_SET/INDOMITES/FORMS_SPECTRUM6_TABS/pngs/72.png
[notice ] 23:15:59 : /Volumes/GoogleDrive-108524251851240764138/Unitats compartides/PLAYMODES_STUDIO/PROJECTES/ATEMPORALS/FORMS/LAST_SET/INDOMITES/FORMS_SPECTRUM6_TABS/pngs/3.png
[notice ] 23:16:08 : /Volumes/GoogleDrive-108524251851240764138/Unitats compartides/PLAYMODES_STUDIO/PROJECTES/ATEMPORALS/FORMS/LAST_SET/INDOMITES/FORMS_SPECTRUM6_TABS/pngs/4.png
[notice ] 23:16:16 : /Volumes/GoogleDrive-108524251851240764138/Unitats compartides/PLAYMODES_STUDIO/PROJECTES/ATEMPORALS/FORMS/LAST_SET/INDOMITES/FORMS_SPECTRUM6_TABS/pngs/5.png
[notice ] 23:16:25 : /Volumes/GoogleDrive-108524251851240764138/Unitats compartides/PLAYMODES_STUDIO/PROJECTES/ATEMPORALS/FORMS/LAST_SET/INDOMITES/FORMS_SPECTRUM6_TABS/pngs/6.png
[notice ] 23:16:34 : /Volumes/GoogleDrive-108524251851240764138/Unitats compartides/PLAYMODES_STUDIO/PROJECTES/ATEMPORALS/FORMS/LAST_SET/INDOMITES/FORMS_SPECTRUM6_TABS/pngs/7.png
[notice ] 23:16:43 : /Volumes/GoogleDrive-108524251851240764138/Unitats compartides/PLAYMODES_STUDIO/PROJECTES/ATEMPORALS/FORMS/LAST_SET/INDOMITES/FORMS_SPECTRUM6_TABS/pngs/1.png
[notice ] 23:16:51 : /Volumes/GoogleDrive-108524251851240764138/Unitats compartides/PLAYMODES_STUDIO/PROJECTES/ATEMPORALS/FORMS/LAST_SET/INDOMITES/FORMS_SPECTRUM6_TABS/pngs/2.png
[notice ] 23:17:00 : /Volumes/GoogleDrive-108524251851240764138/Unitats compartides/PLAYMODES_STUDIO/PROJECTES/ATEMPORALS/FORMS/LAST_SET/INDOMITES/FORMS_SPECTRUM6_TABS/pngs/3.png
[notice ] 23:17:09 : /Volumes/GoogleDrive-108524251851240764138/Unitats compartides/PLAYMODES_STUDIO/PROJECTES/ATEMPORALS/FORMS/LAST_SET/INDOMITES/FORMS_SPECTRUM6_TABS/pngs/4.png
[notice ] 23:17:17 : /Volumes/GoogleDrive-108524251851240764138/Unitats compartides/PLAYMODES_STUDIO/PROJECTES/ATEMPORALS/FORMS/LAST_SET/INDOMITES/FORMS_SPECTRUM6_TABS/pngs/5.png
[notice ] 23:17:26 : /Volumes/GoogleDrive-108524251851240764138/Unitats compartides/PLAYMODES_STUDIO/PROJECTES/ATEMPORALS/FORMS/LAST_SET/INDOMITES/FORMS_SPECTRUM6_TABS/pngs/6.png
[notice ] 23:17:35 : /Volumes/GoogleDrive-108524251851240764138/Unitats compartides/PLAYMODES_STUDIO/PROJECTES/ATEMPORALS/FORMS/LAST_SET/INDOMITES/FORMS_SPECTRUM6_TABS/pngs/7.png
[notice ] 23:17:44 : /Volumes/GoogleDrive-108524251851240764138/Unitats compartides/PLAYMODES_STUDIO/PROJECTES/ATEMPORALS/FORMS/LAST_SET/INDOMITES/FORMS_SPECTRUM6_TABS/pngs/8.png
[notice ] 23:17:52 : /Volumes/GoogleDrive-108524251851240764138/Unitats compartides/PLAYMODES_STUDIO/PROJECTES/ATEMPORALS/FORMS/LAST_SET/INDOMITES/FORMS_SPECTRUM6_TABS/pngs/9.png
[notice ] 23:18:01 : /Volumes/GoogleDrive-108524251851240764138/Unitats compartides/PLAYMODES_STUDIO/PROJECTES/ATEMPORALS/FORMS/LAST_SET/INDOMITES/FORMS_SPECTRUM6_TABS/pngs/10.png
[notice ] 23:18:10 : /Volumes/GoogleDrive-108524251851240764138/Unitats compartides/PLAYMODES_STUDIO/PROJECTES/ATEMPORALS/FORMS/LAST_SET/INDOMITES/FORMS_SPECTRUM6_TABS/pngs/11.png
[notice ] 23:18:19 : /Volumes/GoogleDrive-108524251851240764138/Unitats compartides/PLAYMODES_STUDIO/PROJECTES/ATEMPORALS/FORMS/LAST_SET/INDOMITES/FORMS_SPECTRUM6_TABS/pngs/12.png
[notice ] 23:18:27 : /Volumes/GoogleDrive-108524251851240764138/Unitats compartides/PLAYMODES_STUDIO/PROJECTES/ATEMPORALS/FORMS/LAST_SET/INDOMITES/FORMS_SPECTRUM6_TABS/pngs/12.png
[notice ] 23:18:36 : /Volumes/GoogleDrive-108524251851240764138/Unitats compartides/PLAYMODES_STUDIO/PROJECTES/ATEMPORALS/FORMS/LAST_SET/INDOMITES/FORMS_SPECTRUM6_TABS/pngs/3.png
[notice ] 23:18:45 : /Volumes/GoogleDrive-108524251851240764138/Unitats compartides/PLAYMODES_STUDIO/PROJECTES/ATEMPORALS/FORMS/LAST_SET/INDOMITES/FORMS_SPECTRUM6_TABS/pngs/4.png
[notice ] 23:18:53 : /Volumes/GoogleDrive-108524251851240764138/Unitats compartides/PLAYMODES_STUDIO/PROJECTES/ATEMPORALS/FORMS/LAST_SET/INDOMITES/FORMS_SPECTRUM6_TABS/pngs/5.png
[notice ] 23:19:02 : /Volumes/GoogleDrive-108524251851240764138/Unitats compartides/PLAYMODES_STUDIO/PROJECTES/ATEMPORALS/FORMS/LAST_SET/INDOMITES/FORMS_SPECTRUM6_TABS/pngs/6.png
[notice ] 23:19:11 : /Volumes/GoogleDrive-108524251851240764138/Unitats compartides/PLAYMODES_STUDIO/PROJECTES/ATEMPORALS/FORMS/LAST_SET/INDOMITES/FORMS_SPECTRUM6_TABS/pngs/1.png
[notice ] 23:19:20 : /Volumes/GoogleDrive-108524251851240764138/Unitats compartides/PLAYMODES_STUDIO/PROJECTES/ATEMPORALS/FORMS/LAST_SET/INDOMITES/FORMS_SPECTRUM6_TABS/pngs/3.png
[notice ] 23:19:28 : /Volumes/GoogleDrive-108524251851240764138/Unitats compartides/PLAYMODES_STUDIO/PROJECTES/ATEMPORALS/FORMS/LAST_SET/INDOMITES/FORMS_SPECTRUM6_TABS/pngs/4.png
[notice ] 23:19:37 : /Volumes/GoogleDrive-108524251851240764138/Unitats compartides/PLAYMODES_STUDIO/PROJECTES/ATEMPORALS/FORMS/LAST_SET/INDOMITES/FORMS_SPECTRUM6_TABS/pngs/5.png
[notice ] 23:19:46 : /Volumes/GoogleDrive-108524251851240764138/Unitats compartides/PLAYMODES_STUDIO/PROJECTES/ATEMPORALS/FORMS/LAST_SET/INDOMITES/FORMS_SPECTRUM6_TABS/pngs/5.png
[notice ] 23:19:55 : /Volumes/GoogleDrive-108524251851240764138/Unitats compartides/PLAYMODES_STUDIO/PROJECTES/ATEMPORALS/FORMS/LAST_SET/INDOMITES/FORMS_SPECTRUM6_TABS/pngs/3.png
[notice ] 23:20:03 : /Volumes/GoogleDrive-108524251851240764138/Unitats compartides/PLAYMODES_STUDIO/PROJECTES/ATEMPORALS/FORMS/LAST_SET/INDOMITES/FORMS_SPECTRUM6_TABS/pngs/5.png
[notice ] 23:20:12 : /Volumes/GoogleDrive-108524251851240764138/Unitats compartides/PLAYMODES_STUDIO/PROJECTES/ATEMPORALS/FORMS/LAST_SET/INDOMITES/FORMS_SPECTRUM6_TABS/pngs/6.png
[notice ] 23:20:21 : /Volumes/GoogleDrive-108524251851240764138/Unitats compartides/PLAYMODES_STUDIO/PROJECTES/ATEMPORALS/FORMS/LAST_SET/INDOMITES/FORMS_SPECTRUM6_TABS/pngs/7.png
[notice ] 23:20:29 : /Volumes/GoogleDrive-108524251851240764138/Unitats compartides/PLAYMODES_STUDIO/PROJECTES/ATEMPORALS/FORMS/LAST_SET/INDOMITES/FORMS_SPECTRUM6_TABS/pngs/8.png
[notice ] 23:20:38 : /Volumes/GoogleDrive-108524251851240764138/Unitats compartides/PLAYMODES_STUDIO/PROJECTES/ATEMPORALS/FORMS/LAST_SET/INDOMITES/FORMS_SPECTRUM6_TABS/pngs/9.png
[notice ] 23:20:47 : /Volumes/GoogleDrive-108524251851240764138/Unitats compartides/PLAYMODES_STUDIO/PROJECTES/ATEMPORALS/FORMS/LAST_SET/INDOMITES/FORMS_SPECTRUM6_TABS/pngs/10.png
[notice ] 23:20:56 : /Volumes/GoogleDrive-108524251851240764138/Unitats compartides/PLAYMODES_STUDIO/PROJECTES/ATEMPORALS/FORMS/LAST_SET/INDOMITES/FORMS_SPECTRUM6_TABS/pngs/1.png
[notice ] 23:21:04 : /Volumes/GoogleDrive-108524251851240764138/Unitats compartides/PLAYMODES_STUDIO/PROJECTES/ATEMPORALS/FORMS/LAST_SET/INDOMITES/FORMS_SPECTRUM6_TABS/pngs/3.png
[notice ] 23:21:13 : /Volumes/GoogleDrive-108524251851240764138/Unitats compartides/PLAYMODES_STUDIO/PROJECTES/ATEMPORALS/FORMS/LAST_SET/INDOMITES/FORMS_SPECTRUM6_TABS/pngs/4.png
[notice ] 23:21:22 : /Volumes/GoogleDrive-108524251851240764138/Unitats compartides/PLAYMODES_STUDIO/PROJECTES/ATEMPORALS/FORMS/LAST_SET/INDOMITES/FORMS_SPECTRUM6_TABS/pngs/5.png
[notice ] 23:21:31 : /Volumes/GoogleDrive-108524251851240764138/Unitats compartides/PLAYMODES_STUDIO/PROJECTES/ATEMPORALS/FORMS/LAST_SET/INDOMITES/FORMS_SPECTRUM6_TABS/pngs/6.png
[notice ] 23:21:39 : /Volumes/GoogleDrive-108524251851240764138/Unitats compartides/PLAYMODES_STUDIO/PROJECTES/ATEMPORALS/FORMS/LAST_SET/INDOMITES/FORMS_SPECTRUM6_TABS/pngs/7.png
[notice ] 23:21:48 : /Volumes/GoogleDrive-108524251851240764138/Unitats compartides/PLAYMODES_STUDIO/PROJECTES/ATEMPORALS/FORMS/LAST_SET/INDOMITES/FORMS_SPECTRUM6_TABS/pngs/8.png
[notice ] 23:21:57 : /Volumes/GoogleDrive-108524251851240764138/Unitats compartides/PLAYMODES_STUDIO/PROJECTES/ATEMPORALS/FORMS/LAST_SET/INDOMITES/FORMS_SPECTRUM6_TABS/pngs/9.png
[notice ] 23:22:05 : /Volumes/GoogleDrive-108524251851240764138/Unitats compartides/PLAYMODES_STUDIO/PROJECTES/ATEMPORALS/FORMS/LAST_SET/INDOMITES/FORMS_SPECTRUM6_TABS/pngs/10.png
[notice ] 23:22:15 : /Volumes/GoogleDrive-108524251851240764138/Unitats compartides/PLAYMODES_STUDIO/PROJECTES/ATEMPORALS/FORMS/LAST_SET/INDOMITES/FORMS_SPECTRUM6_TABS/pngs/11.png
[notice ] 23:22:25 : /Volumes/GoogleDrive-108524251851240764138/Unitats compartides/PLAYMODES_STUDIO/PROJECTES/ATEMPORALS/FORMS/LAST_SET/INDOMITES/FORMS_SPECTRUM6_TABS/pngs/12.png
[notice ] 23:22:35 : /Volumes/GoogleDrive-108524251851240764138/Unitats compartides/PLAYMODES_STUDIO/PROJECTES/ATEMPORALS/FORMS/LAST_SET/INDOMITES/FORMS_SPECTRUM6_TABS/pngs/13.png
[notice ] 23:22:45 : /Volumes/GoogleDrive-108524251851240764138/Unitats compartides/PLAYMODES_STUDIO/PROJECTES/ATEMPORALS/FORMS/LAST_SET/INDOMITES/FORMS_SPECTRUM6_TABS/pngs/14.png
[notice ] 23:22:55 : /Volumes/GoogleDrive-108524251851240764138/Unitats compartides/PLAYMODES_STUDIO/PROJECTES/ATEMPORALS/FORMS/LAST_SET/INDOMITES/FORMS_SPECTRUM6_TABS/pngs/15.png
[notice ] 23:23:05 : /Volumes/GoogleDrive-108524251851240764138/Unitats compartides/PLAYMODES_STUDIO/PROJECTES/ATEMPORALS/FORMS/LAST_SET/INDOMITES/FORMS_SPECTRUM6_TABS/pngs/16.png
[notice ] 23:23:15 : /Volumes/GoogleDrive-108524251851240764138/Unitats compartides/PLAYMODES_STUDIO/PROJECTES/ATEMPORALS/FORMS/LAST_SET/INDOMITES/FORMS_SPECTRUM6_TABS/pngs/17.png
[notice ] 23:23:25 : /Volumes/GoogleDrive-108524251851240764138/Unitats compartides/PLAYMODES_STUDIO/PROJECTES/ATEMPORALS/FORMS/LAST_SET/INDOMITES/FORMS_SPECTRUM6_TABS/pngs/18.png
[notice ] 23:23:35 : /Volumes/GoogleDrive-108524251851240764138/Unitats compartides/PLAYMODES_STUDIO/PROJECTES/ATEMPORALS/FORMS/LAST_SET/INDOMITES/FORMS_SPECTRUM6_TABS/pngs/19.png
[notice ] 23:23:45 : /Volumes/GoogleDrive-108524251851240764138/Unitats compartides/PLAYMODES_STUDIO/PROJECTES/ATEMPORALS/FORMS/LAST_SET/INDOMITES/FORMS_SPECTRUM6_TABS/pngs/20.png
[notice ] 23:23:56 : /Volumes/GoogleDrive-108524251851240764138/Unitats compartides/PLAYMODES_STUDIO/PROJECTES/ATEMPORALS/FORMS/LAST_SET/INDOMITES/FORMS_SPECTRUM6_TABS/pngs/21.png
[notice ] 23:24:06 : /Volumes/GoogleDrive-108524251851240764138/Unitats compartides/PLAYMODES_STUDIO/PROJECTES/ATEMPORALS/FORMS/LAST_SET/INDOMITES/FORMS_SPECTRUM6_TABS/pngs/22.png
[notice ] 23:24:16 : /Volumes/GoogleDrive-108524251851240764138/Unitats compartides/PLAYMODES_STUDIO/PROJECTES/ATEMPORALS/FORMS/LAST_SET/INDOMITES/FORMS_SPECTRUM6_TABS/pngs/23.png
[notice ] 23:24:26 : /Volumes/GoogleDrive-108524251851240764138/Unitats compartides/PLAYMODES_STUDIO/PROJECTES/ATEMPORALS/FORMS/LAST_SET/INDOMITES/FORMS_SPECTRUM6_TABS/pngs/24.png
[notice ] 23:24:36 : /Volumes/GoogleDrive-108524251851240764138/Unitats compartides/PLAYMODES_STUDIO/PROJECTES/ATEMPORALS/FORMS/LAST_SET/INDOMITES/FORMS_SPECTRUM6_TABS/pngs/25.png
[notice ] 23:24:46 : /Volumes/GoogleDrive-108524251851240764138/Unitats compartides/PLAYMODES_STUDIO/PROJECTES/ATEMPORALS/FORMS/LAST_SET/INDOMITES/FORMS_SPECTRUM6_TABS/pngs/26.png
[notice ] 23:24:56 : /Volumes/GoogleDrive-108524251851240764138/Unitats compartides/PLAYMODES_STUDIO/PROJECTES/ATEMPORALS/FORMS/LAST_SET/INDOMITES/FORMS_SPECTRUM6_TABS/pngs/27.png
[notice ] 23:25:06 : /Volumes/GoogleDrive-108524251851240764138/Unitats compartides/PLAYMODES_STUDIO/PROJECTES/ATEMPORALS/FORMS/LAST_SET/INDOMITES/FORMS_SPECTRUM6_TABS/pngs/28.png
[notice ] 23:25:16 : /Volumes/GoogleDrive-108524251851240764138/Unitats compartides/PLAYMODES_STUDIO/PROJECTES/ATEMPORALS/FORMS/LAST_SET/INDOMITES/FORMS_SPECTRUM6_TABS/pngs/29.png
[notice ] 23:25:26 : /Volumes/GoogleDrive-108524251851240764138/Unitats compartides/PLAYMODES_STUDIO/PROJECTES/ATEMPORALS/FORMS/LAST_SET/INDOMITES/FORMS_SPECTRUM6_TABS/pngs/30.png
[notice ] 23:25:37 : /Volumes/GoogleDrive-108524251851240764138/Unitats compartides/PLAYMODES_STUDIO/PROJECTES/ATEMPORALS/FORMS/LAST_SET/INDOMITES/FORMS_SPECTRUM6_TABS/pngs/31.png
[notice ] 23:25:47 : /Volumes/GoogleDrive-108524251851240764138/Unitats compartides/PLAYMODES_STUDIO/PROJECTES/ATEMPORALS/FORMS/LAST_SET/INDOMITES/FORMS_SPECTRUM6_TABS/pngs/32.png
[notice ] 23:25:57 : /Volumes/GoogleDrive-108524251851240764138/Unitats compartides/PLAYMODES_STUDIO/PROJECTES/ATEMPORALS/FORMS/LAST_SET/INDOMITES/FORMS_SPECTRUM6_TABS/pngs/33.png
[notice ] 23:26:07 : /Volumes/GoogleDrive-108524251851240764138/Unitats compartides/PLAYMODES_STUDIO/PROJECTES/ATEMPORALS/FORMS/LAST_SET/INDOMITES/FORMS_SPECTRUM6_TABS/pngs/34.png
[notice ] 23:26:17 : /Volumes/GoogleDrive-108524251851240764138/Unitats compartides/PLAYMODES_STUDIO/PROJECTES/ATEMPORALS/FORMS/LAST_SET/INDOMITES/FORMS_SPECTRUM6_TABS/pngs/35.png
[notice ] 23:26:27 : /Volumes/GoogleDrive-108524251851240764138/Unitats compartides/PLAYMODES_STUDIO/PROJECTES/ATEMPORALS/FORMS/LAST_SET/INDOMITES/FORMS_SPECTRUM6_TABS/pngs/36.png
[notice ] 23:26:37 : /Volumes/GoogleDrive-108524251851240764138/Unitats compartides/PLAYMODES_STUDIO/PROJECTES/ATEMPORALS/FORMS/LAST_SET/INDOMITES/FORMS_SPECTRUM6_TABS/pngs/37.png
[notice ] 23:26:47 : /Volumes/GoogleDrive-108524251851240764138/Unitats compartides/PLAYMODES_STUDIO/PROJECTES/ATEMPORALS/FORMS/LAST_SET/INDOMITES/FORMS_SPECTRUM6_TABS/pngs/38.png
[notice ] 23:26:57 : /Volumes/GoogleDrive-108524251851240764138/Unitats compartides/PLAYMODES_STUDIO/PROJECTES/ATEMPORALS/FORMS/LAST_SET/INDOMITES/FORMS_SPECTRUM6_TABS/pngs/39.png
[notice ] 23:27:08 : /Volumes/GoogleDrive-108524251851240764138/Unitats compartides/PLAYMODES_STUDIO/PROJECTES/ATEMPORALS/FORMS/LAST_SET/INDOMITES/FORMS_SPECTRUM6_TABS/pngs/40.png
[notice ] 23:27:18 : /Volumes/GoogleDrive-108524251851240764138/Unitats compartides/PLAYMODES_STUDIO/PROJECTES/ATEMPORALS/FORMS/LAST_SET/INDOMITES/FORMS_SPECTRUM6_TABS/pngs/41.png
[notice ] 23:27:28 : /Volumes/GoogleDrive-108524251851240764138/Unitats compartides/PLAYMODES_STUDIO/PROJECTES/ATEMPORALS/FORMS/LAST_SET/INDOMITES/FORMS_SPECTRUM6_TABS/pngs/42.png
[notice ] 23:27:38 : /Volumes/GoogleDrive-108524251851240764138/Unitats compartides/PLAYMODES_STUDIO/PROJECTES/ATEMPORALS/FORMS/LAST_SET/INDOMITES/FORMS_SPECTRUM6_TABS/pngs/43.png
[notice ] 23:27:48 : /Volumes/GoogleDrive-108524251851240764138/Unitats compartides/PLAYMODES_STUDIO/PROJECTES/ATEMPORALS/FORMS/LAST_SET/INDOMITES/FORMS_SPECTRUM6_TABS/pngs/44.png
[notice ] 23:27:58 : /Volumes/GoogleDrive-108524251851240764138/Unitats compartides/PLAYMODES_STUDIO/PROJECTES/ATEMPORALS/FORMS/LAST_SET/INDOMITES/FORMS_SPECTRUM6_TABS/pngs/45.png
[notice ] 23:28:08 : /Volumes/GoogleDrive-108524251851240764138/Unitats compartides/PLAYMODES_STUDIO/PROJECTES/ATEMPORALS/FORMS/LAST_SET/INDOMITES/FORMS_SPECTRUM6_TABS/pngs/46.png
[notice ] 23:28:18 : /Volumes/GoogleDrive-108524251851240764138/Unitats compartides/PLAYMODES_STUDIO/PROJECTES/ATEMPORALS/FORMS/LAST_SET/INDOMITES/FORMS_SPECTRUM6_TABS/pngs/1.png
[notice ] 23:28:28 : /Volumes/GoogleDrive-108524251851240764138/Unitats compartides/PLAYMODES_STUDIO/PROJECTES/ATEMPORALS/FORMS/LAST_SET/INDOMITES/FORMS_SPECTRUM6_TABS/pngs/2.png
[ error ] ofAppGLFWWindow: 65544: Cocoa: Failed to find service port for display
[notice ] 23:28:38 : /Volumes/GoogleDrive-108524251851240764138/Unitats compartides/PLAYMODES_STUDIO/PROJECTES/ATEMPORALS/FORMS/LAST_SET/INDOMITES/FORMS_SPECTRUM6_TABS/pngs/3.png
[notice ] 23:28:49 : /Volumes/GoogleDrive-108524251851240764138/Unitats compartides/PLAYMODES_STUDIO/PROJECTES/ATEMPORALS/FORMS/LAST_SET/INDOMITES/FORMS_SPECTRUM6_TABS/pngs/4.png
[notice ] 23:28:59 : /Volumes/GoogleDrive-108524251851240764138/Unitats compartides/PLAYMODES_STUDIO/PROJECTES/ATEMPORALS/FORMS/LAST_SET/INDOMITES/FORMS_SPECTRUM6_TABS/pngs/5.png
[notice ] 23:29:09 : /Volumes/GoogleDrive-108524251851240764138/Unitats compartides/PLAYMODES_STUDIO/PROJECTES/ATEMPORALS/FORMS/LAST_SET/INDOMITES/FORMS_SPECTRUM6_TABS/pngs/6.png
[notice ] 23:29:19 : /Volumes/GoogleDrive-108524251851240764138/Unitats compartides/PLAYMODES_STUDIO/PROJECTES/ATEMPORALS/FORMS/LAST_SET/INDOMITES/FORMS_SPECTRUM6_TABS/pngs/7.png
[notice ] 23:29:29 : /Volumes/GoogleDrive-108524251851240764138/Unitats compartides/PLAYMODES_STUDIO/PROJECTES/ATEMPORALS/FORMS/LAST_SET/INDOMITES/FORMS_SPECTRUM6_TABS/pngs/8.png
[notice ] 23:29:39 : /Volumes/GoogleDrive-108524251851240764138/Unitats compartides/PLAYMODES_STUDIO/PROJECTES/ATEMPORALS/FORMS/LAST_SET/INDOMITES/FORMS_SPECTRUM6_TABS/pngs/9.png
[notice ] 23:29:49 : /Volumes/GoogleDrive-108524251851240764138/Unitats compartides/PLAYMODES_STUDIO/PROJECTES/ATEMPORALS/FORMS/LAST_SET/INDOMITES/FORMS_SPECTRUM6_TABS/pngs/10.png
[notice ] 23:29:59 : /Volumes/GoogleDrive-108524251851240764138/Unitats compartides/PLAYMODES_STUDIO/PROJECTES/ATEMPORALS/FORMS/LAST_SET/INDOMITES/FORMS_SPECTRUM6_TABS/pngs/11.png
[notice ] 23:30:09 : /Volumes/GoogleDrive-108524251851240764138/Unitats compartides/PLAYMODES_STUDIO/PROJECTES/ATEMPORALS/FORMS/LAST_SET/INDOMITES/FORMS_SPECTRUM6_TABS/pngs/12.png
[notice ] 23:30:20 : /Volumes/GoogleDrive-108524251851240764138/Unitats compartides/PLAYMODES_STUDIO/PROJECTES/ATEMPORALS/FORMS/LAST_SET/INDOMITES/FORMS_SPECTRUM6_TABS/pngs/13.png
[notice ] 23:30:30 : /Volumes/GoogleDrive-108524251851240764138/Unitats compartides/PLAYMODES_STUDIO/PROJECTES/ATEMPORALS/FORMS/LAST_SET/INDOMITES/FORMS_SPECTRUM6_TABS/pngs/14.png
[notice ] 23:30:40 : /Volumes/GoogleDrive-108524251851240764138/Unitats compartides/PLAYMODES_STUDIO/PROJECTES/ATEMPORALS/FORMS/LAST_SET/INDOMITES/FORMS_SPECTRUM6_TABS/pngs/15.png
[notice ] 23:30:50 : /Volumes/GoogleDrive-108524251851240764138/Unitats compartides/PLAYMODES_STUDIO/PROJECTES/ATEMPORALS/FORMS/LAST_SET/INDOMITES/FORMS_SPECTRUM6_TABS/pngs/15.png
[notice ] 23:31:00 : /Volumes/GoogleDrive-108524251851240764138/Unitats compartides/PLAYMODES_STUDIO/PROJECTES/ATEMPORALS/FORMS/LAST_SET/INDOMITES/FORMS_SPECTRUM6_TABS/pngs/17.png
[notice ] 23:31:10 : /Volumes/GoogleDrive-108524251851240764138/Unitats compartides/PLAYMODES_STUDIO/PROJECTES/ATEMPORALS/FORMS/LAST_SET/INDOMITES/FORMS_SPECTRUM6_TABS/pngs/18.png
[notice ] 23:31:20 : /Volumes/GoogleDrive-108524251851240764138/Unitats compartides/PLAYMODES_STUDIO/PROJECTES/ATEMPORALS/FORMS/LAST_SET/INDOMITES/FORMS_SPECTRUM6_TABS/pngs/19.png
[notice ] 23:31:30 : /Volumes/GoogleDrive-108524251851240764138/Unitats compartides/PLAYMODES_STUDIO/PROJECTES/ATEMPORALS/FORMS/LAST_SET/INDOMITES/FORMS_SPECTRUM6_TABS/pngs/20.png
[notice ] 23:31:40 : /Volumes/GoogleDrive-108524251851240764138/Unitats compartides/PLAYMODES_STUDIO/PROJECTES/ATEMPORALS/FORMS/LAST_SET/INDOMITES/FORMS_SPECTRUM6_TABS/pngs/21.png
[notice ] 23:31:50 : /Volumes/GoogleDrive-108524251851240764138/Unitats compartides/PLAYMODES_STUDIO/PROJECTES/ATEMPORALS/FORMS/LAST_SET/INDOMITES/FORMS_SPECTRUM6_TABS/pngs/22.png
[notice ] 23:32:01 : /Volumes/GoogleDrive-108524251851240764138/Unitats compartides/PLAYMODES_STUDIO/PROJECTES/ATEMPORALS/FORMS/LAST_SET/INDOMITES/FORMS_SPECTRUM6_TABS/pngs/23.png
[notice ] 23:32:11 : /Volumes/GoogleDrive-108524251851240764138/Unitats compartides/PLAYMODES_STUDIO/PROJECTES/ATEMPORALS/FORMS/LAST_SET/INDOMITES/FORMS_SPECTRUM6_TABS/pngs/24.png
[ error ] ofAppGLFWWindow: 65544: Cocoa: Failed to find service port for display
[ error ] ofAppGLFWWindow: 65544: Cocoa: Failed to find service port for display
[notice ] 23:32:21 : /Volumes/GoogleDrive-108524251851240764138/Unitats compartides/PLAYMODES_STUDIO/PROJECTES/ATEMPORALS/FORMS/LAST_SET/INDOMITES/FORMS_SPECTRUM6_TABS/pngs/25.png
[notice ] 23:32:31 : /Volumes/GoogleDrive-108524251851240764138/Unitats compartides/PLAYMODES_STUDIO/PROJECTES/ATEMPORALS/FORMS/LAST_SET/INDOMITES/FORMS_SPECTRUM6_TABS/pngs/26.png
[notice ] 23:32:41 : /Volumes/GoogleDrive-108524251851240764138/Unitats compartides/PLAYMODES_STUDIO/PROJECTES/ATEMPORALS/FORMS/LAST_SET/INDOMITES/FORMS_SPECTRUM6_TABS/pngs/26.png
[notice ] 23:32:51 : /Volumes/GoogleDrive-108524251851240764138/Unitats compartides/PLAYMODES_STUDIO/PROJECTES/ATEMPORALS/FORMS/LAST_SET/INDOMITES/FORMS_SPECTRUM6_TABS/pngs/27.png
[notice ] 23:33:01 : /Volumes/GoogleDrive-108524251851240764138/Unitats compartides/PLAYMODES_STUDIO/PROJECTES/ATEMPORALS/FORMS/LAST_SET/INDOMITES/FORMS_SPECTRUM6_TABS/pngs/28.png
[notice ] 23:33:11 : /Volumes/GoogleDrive-108524251851240764138/Unitats compartides/PLAYMODES_STUDIO/PROJECTES/ATEMPORALS/FORMS/LAST_SET/INDOMITES/FORMS_SPECTRUM6_TABS/pngs/29.png
[notice ] 23:33:21 : /Volumes/GoogleDrive-108524251851240764138/Unitats compartides/PLAYMODES_STUDIO/PROJECTES/ATEMPORALS/FORMS/LAST_SET/INDOMITES/FORMS_SPECTRUM6_TABS/pngs/30.png
[notice ] 23:33:32 : /Volumes/GoogleDrive-108524251851240764138/Unitats compartides/PLAYMODES_STUDIO/PROJECTES/ATEMPORALS/FORMS/LAST_SET/INDOMITES/FORMS_SPECTRUM6_TABS/pngs/31.png
[notice ] 23:33:42 : /Volumes/GoogleDrive-108524251851240764138/Unitats compartides/PLAYMODES_STUDIO/PROJECTES/ATEMPORALS/FORMS/LAST_SET/INDOMITES/FORMS_SPECTRUM6_TABS/pngs/32.png
[ error ] ofAppGLFWWindow: 65544: Cocoa: Failed to find service port for display
[notice ] 23:33:52 : /Volumes/GoogleDrive-108524251851240764138/Unitats compartides/PLAYMODES_STUDIO/PROJECTES/ATEMPORALS/FORMS/LAST_SET/INDOMITES/FORMS_SPECTRUM6_TABS/pngs/33.png
[notice ] 23:34:02 : /Volumes/GoogleDrive-108524251851240764138/Unitats compartides/PLAYMODES_STUDIO/PROJECTES/ATEMPORALS/FORMS/LAST_SET/INDOMITES/FORMS_SPECTRUM6_TABS/pngs/34.png
[notice ] 23:34:12 : /Volumes/GoogleDrive-108524251851240764138/Unitats compartides/PLAYMODES_STUDIO/PROJECTES/ATEMPORALS/FORMS/LAST_SET/INDOMITES/FORMS_SPECTRUM6_TABS/pngs/35.png
[ error ] ofAppGLFWWindow: 65544: Cocoa: Failed to find service port for display
[notice ] 23:34:22 : /Volumes/GoogleDrive-108524251851240764138/Unitats compartides/PLAYMODES_STUDIO/PROJECTES/ATEMPORALS/FORMS/LAST_SET/INDOMITES/FORMS_SPECTRUM6_TABS/pngs/36.png
[notice ] 23:34:32 : /Volumes/GoogleDrive-108524251851240764138/Unitats compartides/PLAYMODES_STUDIO/PROJECTES/ATEMPORALS/FORMS/LAST_SET/INDOMITES/FORMS_SPECTRUM6_TABS/pngs/37.png
[ error ] ofAppGLFWWindow: 65544: Cocoa: Failed to find service port for display
[notice ] 23:34:42 : /Volumes/GoogleDrive-108524251851240764138/Unitats compartides/PLAYMODES_STUDIO/PROJECTES/ATEMPORALS/FORMS/LAST_SET/INDOMITES/FORMS_SPECTRUM6_TABS/pngs/38.png
[notice ] 23:34:52 : /Volumes/GoogleDrive-108524251851240764138/Unitats compartides/PLAYMODES_STUDIO/PROJECTES/ATEMPORALS/FORMS/LAST_SET/INDOMITES/FORMS_SPECTRUM6_TABS/pngs/39.png
[notice ] 23:35:02 : /Volumes/GoogleDrive-108524251851240764138/Unitats compartides/PLAYMODES_STUDIO/PROJECTES/ATEMPORALS/FORMS/LAST_SET/INDOMITES/FORMS_SPECTRUM6_TABS/pngs/39.png
[notice ] 23:35:13 : /Volumes/GoogleDrive-108524251851240764138/Unitats compartides/PLAYMODES_STUDIO/PROJECTES/ATEMPORALS/FORMS/LAST_SET/INDOMITES/FORMS_SPECTRUM6_TABS/pngs/40.png
[notice ] 23:35:23 : /Volumes/GoogleDrive-108524251851240764138/Unitats compartides/PLAYMODES_STUDIO/PROJECTES/ATEMPORALS/FORMS/LAST_SET/INDOMITES/FORMS_SPECTRUM6_TABS/pngs/41.png
[notice ] 23:35:33 : /Volumes/GoogleDrive-108524251851240764138/Unitats compartides/PLAYMODES_STUDIO/PROJECTES/ATEMPORALS/FORMS/LAST_SET/INDOMITES/FORMS_SPECTRUM6_TABS/pngs/42.png
[notice ] 23:35:43 : /Volumes/GoogleDrive-108524251851240764138/Unitats compartides/PLAYMODES_STUDIO/PROJECTES/ATEMPORALS/FORMS/LAST_SET/INDOMITES/FORMS_SPECTRUM6_TABS/pngs/43.png
[ error ] ofAppGLFWWindow: 65544: Cocoa: Failed to find service port for display
[notice ] 23:35:53 : /Volumes/GoogleDrive-108524251851240764138/Unitats compartides/PLAYMODES_STUDIO/PROJECTES/ATEMPORALS/FORMS/LAST_SET/INDOMITES/FORMS_SPECTRUM6_TABS/pngs/44.png
[notice ] 23:36:03 : /Volumes/GoogleDrive-108524251851240764138/Unitats compartides/PLAYMODES_STUDIO/PROJECTES/ATEMPORALS/FORMS/LAST_SET/INDOMITES/FORMS_SPECTRUM6_TABS/pngs/45.png
[notice ] 23:36:13 : /Volumes/GoogleDrive-108524251851240764138/Unitats compartides/PLAYMODES_STUDIO/PROJECTES/ATEMPORALS/FORMS/LAST_SET/INDOMITES/FORMS_SPECTRUM6_TABS/pngs/46.png
[notice ] 23:36:23 : /Volumes/GoogleDrive-108524251851240764138/Unitats compartides/PLAYMODES_STUDIO/PROJECTES/ATEMPORALS/FORMS/LAST_SET/INDOMITES/FORMS_SPECTRUM6_TABS/pngs/47.png
[notice ] 23:36:33 : /Volumes/GoogleDrive-108524251851240764138/Unitats compartides/PLAYMODES_STUDIO/PROJECTES/ATEMPORALS/FORMS/LAST_SET/INDOMITES/FORMS_SPECTRUM6_TABS/pngs/48.png
[ error ] ofAppGLFWWindow: 65544: Cocoa: Failed to find service port for display
[notice ] 23:36:44 : /Volumes/GoogleDrive-108524251851240764138/Unitats compartides/PLAYMODES_STUDIO/PROJECTES/ATEMPORALS/FORMS/LAST_SET/INDOMITES/FORMS_SPECTRUM6_TABS/pngs/49.png
[notice ] 23:36:54 : /Volumes/GoogleDrive-108524251851240764138/Unitats compartides/PLAYMODES_STUDIO/PROJECTES/ATEMPORALS/FORMS/LAST_SET/INDOMITES/FORMS_SPECTRUM6_TABS/pngs/49.png
[notice ] 23:37:04 : /Volumes/GoogleDrive-108524251851240764138/Unitats compartides/PLAYMODES_STUDIO/PROJECTES/ATEMPORALS/FORMS/LAST_SET/INDOMITES/FORMS_SPECTRUM6_TABS/pngs/50.png
[notice ] 23:37:14 : /Volumes/GoogleDrive-108524251851240764138/Unitats compartides/PLAYMODES_STUDIO/PROJECTES/ATEMPORALS/FORMS/LAST_SET/INDOMITES/FORMS_SPECTRUM6_TABS/pngs/51.png
[notice ] 23:37:24 : /Volumes/GoogleDrive-108524251851240764138/Unitats compartides/PLAYMODES_STUDIO/PROJECTES/ATEMPORALS/FORMS/LAST_SET/INDOMITES/FORMS_SPECTRUM6_TABS/pngs/52.png
[notice ] 23:37:34 : /Volumes/GoogleDrive-108524251851240764138/Unitats compartides/PLAYMODES_STUDIO/PROJECTES/ATEMPORALS/FORMS/LAST_SET/INDOMITES/FORMS_SPECTRUM6_TABS/pngs/53.png
[notice ] 23:37:44 : /Volumes/GoogleDrive-108524251851240764138/Unitats compartides/PLAYMODES_STUDIO/PROJECTES/ATEMPORALS/FORMS/LAST_SET/INDOMITES/FORMS_SPECTRUM6_TABS/pngs/54.png
[notice ] 23:37:54 : /Volumes/GoogleDrive-108524251851240764138/Unitats compartides/PLAYMODES_STUDIO/PROJECTES/ATEMPORALS/FORMS/LAST_SET/INDOMITES/FORMS_SPECTRUM6_TABS/pngs/55.png
[notice ] 23:38:04 : /Volumes/GoogleDrive-108524251851240764138/Unitats compartides/PLAYMODES_STUDIO/PROJECTES/ATEMPORALS/FORMS/LAST_SET/INDOMITES/FORMS_SPECTRUM6_TABS/pngs/56.png
[notice ] 23:38:14 : /Volumes/GoogleDrive-108524251851240764138/Unitats compartides/PLAYMODES_STUDIO/PROJECTES/ATEMPORALS/FORMS/LAST_SET/INDOMITES/FORMS_SPECTRUM6_TABS/pngs/58.png
[notice ] 23:38:25 : /Volumes/GoogleDrive-108524251851240764138/Unitats compartides/PLAYMODES_STUDIO/PROJECTES/ATEMPORALS/FORMS/LAST_SET/INDOMITES/FORMS_SPECTRUM6_TABS/pngs/58.png
[notice ] 23:38:35 : /Volumes/GoogleDrive-108524251851240764138/Unitats compartides/PLAYMODES_STUDIO/PROJECTES/ATEMPORALS/FORMS/LAST_SET/INDOMITES/FORMS_SPECTRUM6_TABS/pngs/59.png
[notice ] 23:38:45 : /Volumes/GoogleDrive-108524251851240764138/Unitats compartides/PLAYMODES_STUDIO/PROJECTES/ATEMPORALS/FORMS/LAST_SET/INDOMITES/FORMS_SPECTRUM6_TABS/pngs/61.png
[notice ] 23:38:55 : /Volumes/GoogleDrive-108524251851240764138/Unitats compartides/PLAYMODES_STUDIO/PROJECTES/ATEMPORALS/FORMS/LAST_SET/INDOMITES/FORMS_SPECTRUM6_TABS/pngs/61.png
[ error ] ofAppGLFWWindow: 65544: Cocoa: Failed to find service port for display
[notice ] 23:39:05 : /Volumes/GoogleDrive-108524251851240764138/Unitats compartides/PLAYMODES_STUDIO/PROJECTES/ATEMPORALS/FORMS/LAST_SET/INDOMITES/FORMS_SPECTRUM6_TABS/pngs/62.png
[notice ] 23:39:15 : /Volumes/GoogleDrive-108524251851240764138/Unitats compartides/PLAYMODES_STUDIO/PROJECTES/ATEMPORALS/FORMS/LAST_SET/INDOMITES/FORMS_SPECTRUM6_TABS/pngs/63.png
[notice ] 23:39:25 : /Volumes/GoogleDrive-108524251851240764138/Unitats compartides/PLAYMODES_STUDIO/PROJECTES/ATEMPORALS/FORMS/LAST_SET/INDOMITES/FORMS_SPECTRUM6_TABS/pngs/65.png
[notice ] 23:39:35 : /Volumes/GoogleDrive-108524251851240764138/Unitats compartides/PLAYMODES_STUDIO/PROJECTES/ATEMPORALS/FORMS/LAST_SET/INDOMITES/FORMS_SPECTRUM6_TABS/pngs/65.png
[notice ] 23:39:45 : /Volumes/GoogleDrive-108524251851240764138/Unitats compartides/PLAYMODES_STUDIO/PROJECTES/ATEMPORALS/FORMS/LAST_SET/INDOMITES/FORMS_SPECTRUM6_TABS/pngs/66.png
[notice ] 23:39:55 : /Volumes/GoogleDrive-108524251851240764138/Unitats compartides/PLAYMODES_STUDIO/PROJECTES/ATEMPORALS/FORMS/LAST_SET/INDOMITES/FORMS_SPECTRUM6_TABS/pngs/67.png
[notice ] 23:40:06 : /Volumes/GoogleDrive-108524251851240764138/Unitats compartides/PLAYMODES_STUDIO/PROJECTES/ATEMPORALS/FORMS/LAST_SET/INDOMITES/FORMS_SPECTRUM6_TABS/pngs/69.png
[notice ] 23:40:16 : /Volumes/GoogleDrive-108524251851240764138/Unitats compartides/PLAYMODES_STUDIO/PROJECTES/ATEMPORALS/FORMS/LAST_SET/INDOMITES/FORMS_SPECTRUM6_TABS/pngs/69.png
[notice ] 23:40:26 : /Volumes/GoogleDrive-108524251851240764138/Unitats compartides/PLAYMODES_STUDIO/PROJECTES/ATEMPORALS/FORMS/LAST_SET/INDOMITES/FORMS_SPECTRUM6_TABS/pngs/70.png
[notice ] 23:40:36 : /Volumes/GoogleDrive-108524251851240764138/Unitats compartides/PLAYMODES_STUDIO/PROJECTES/ATEMPORALS/FORMS/LAST_SET/INDOMITES/FORMS_SPECTRUM6_TABS/pngs/71.png
[notice ] 23:40:46 : /Volumes/GoogleDrive-108524251851240764138/Unitats compartides/PLAYMODES_STUDIO/PROJECTES/ATEMPORALS/FORMS/LAST_SET/INDOMITES/FORMS_SPECTRUM6_TABS/pngs/72.png
[notice ] 23:40:56 : /Volumes/GoogleDrive-108524251851240764138/Unitats compartides/PLAYMODES_STUDIO/PROJECTES/ATEMPORALS/FORMS/LAST_SET/INDOMITES/FORMS_SPECTRUM6_TABS/pngs/73.png
[notice ] 23:41:06 : /Volumes/GoogleDrive-108524251851240764138/Unitats compartides/PLAYMODES_STUDIO/PROJECTES/ATEMPORALS/FORMS/LAST_SET/INDOMITES/FORMS_SPECTRUM6_TABS/pngs/75.png
[notice ] 23:41:16 : /Volumes/GoogleDrive-108524251851240764138/Unitats compartides/PLAYMODES_STUDIO/PROJECTES/ATEMPORALS/FORMS/LAST_SET/INDOMITES/FORMS_SPECTRUM6_TABS/pngs/76.png
[notice ] 23:41:26 : /Volumes/GoogleDrive-108524251851240764138/Unitats compartides/PLAYMODES_STUDIO/PROJECTES/ATEMPORALS/FORMS/LAST_SET/INDOMITES/FORMS_SPECTRUM6_TABS/pngs/76.png
[notice ] 23:41:37 : /Volumes/GoogleDrive-108524251851240764138/Unitats compartides/PLAYMODES_STUDIO/PROJECTES/ATEMPORALS/FORMS/LAST_SET/INDOMITES/FORMS_SPECTRUM6_TABS/pngs/78.png
[notice ] 23:41:47 : /Volumes/GoogleDrive-108524251851240764138/Unitats compartides/PLAYMODES_STUDIO/PROJECTES/ATEMPORALS/FORMS/LAST_SET/INDOMITES/FORMS_SPECTRUM6_TABS/pngs/78.png
[notice ] 23:41:57 : /Volumes/GoogleDrive-108524251851240764138/Unitats compartides/PLAYMODES_STUDIO/PROJECTES/ATEMPORALS/FORMS/LAST_SET/INDOMITES/FORMS_SPECTRUM6_TABS/pngs/80.png
[notice ] 23:42:07 : /Volumes/GoogleDrive-108524251851240764138/Unitats compartides/PLAYMODES_STUDIO/PROJECTES/ATEMPORALS/FORMS/LAST_SET/INDOMITES/FORMS_SPECTRUM6_TABS/pngs/80.png
[ error ] ofAppGLFWWindow: 65544: Cocoa: Failed to find service port for display
[notice ] 23:42:17 : /Volumes/GoogleDrive-108524251851240764138/Unitats compartides/PLAYMODES_STUDIO/PROJECTES/ATEMPORALS/FORMS/LAST_SET/INDOMITES/FORMS_SPECTRUM6_TABS/pngs/81.png
[ error ] ofAppGLFWWindow: 65544: Cocoa: Failed to find service port for display
[notice ] 23:42:27 : /Volumes/GoogleDrive-108524251851240764138/Unitats compartides/PLAYMODES_STUDIO/PROJECTES/ATEMPORALS/FORMS/LAST_SET/INDOMITES/FORMS_SPECTRUM6_TABS/pngs/82.png
[notice ] 23:42:37 : /Volumes/GoogleDrive-108524251851240764138/Unitats compartides/PLAYMODES_STUDIO/PROJECTES/ATEMPORALS/FORMS/LAST_SET/INDOMITES/FORMS_SPECTRUM6_TABS/pngs/83.png
[notice ] 23:42:47 : /Volumes/GoogleDrive-108524251851240764138/Unitats compartides/PLAYMODES_STUDIO/PROJECTES/ATEMPORALS/FORMS/LAST_SET/INDOMITES/FORMS_SPECTRUM6_TABS/pngs/84.png
[notice ] 23:42:57 : /Volumes/GoogleDrive-108524251851240764138/Unitats compartides/PLAYMODES_STUDIO/PROJECTES/ATEMPORALS/FORMS/LAST_SET/INDOMITES/FORMS_SPECTRUM6_TABS/pngs/85.png
[notice ] 23:43:07 : /Volumes/GoogleDrive-108524251851240764138/Unitats compartides/PLAYMODES_STUDIO/PROJECTES/ATEMPORALS/FORMS/LAST_SET/INDOMITES/FORMS_SPECTRUM6_TABS/pngs/86.png
[notice ] 23:43:18 : /Volumes/GoogleDrive-108524251851240764138/Unitats compartides/PLAYMODES_STUDIO/PROJECTES/ATEMPORALS/FORMS/LAST_SET/INDOMITES/FORMS_SPECTRUM6_TABS/pngs/87.png
[notice ] 23:43:28 : /Volumes/GoogleDrive-108524251851240764138/Unitats compartides/PLAYMODES_STUDIO/PROJECTES/ATEMPORALS/FORMS/LAST_SET/INDOMITES/FORMS_SPECTRUM6_TABS/pngs/89.png
[notice ] 23:43:38 : /Volumes/GoogleDrive-108524251851240764138/Unitats compartides/PLAYMODES_STUDIO/PROJECTES/ATEMPORALS/FORMS/LAST_SET/INDOMITES/FORMS_SPECTRUM6_TABS/pngs/89.png
[notice ] 23:43:48 : /Volumes/GoogleDrive-108524251851240764138/Unitats compartides/PLAYMODES_STUDIO/PROJECTES/ATEMPORALS/FORMS/LAST_SET/INDOMITES/FORMS_SPECTRUM6_TABS/pngs/91.png
[notice ] 23:43:58 : /Volumes/GoogleDrive-108524251851240764138/Unitats compartides/PLAYMODES_STUDIO/PROJECTES/ATEMPORALS/FORMS/LAST_SET/INDOMITES/FORMS_SPECTRUM6_TABS/pngs/91.png
[notice ] 23:44:08 : /Volumes/GoogleDrive-108524251851240764138/Unitats compartides/PLAYMODES_STUDIO/PROJECTES/ATEMPORALS/FORMS/LAST_SET/INDOMITES/FORMS_SPECTRUM6_TABS/pngs/92.png
[notice ] 23:44:18 : /Volumes/GoogleDrive-108524251851240764138/Unitats compartides/PLAYMODES_STUDIO/PROJECTES/ATEMPORALS/FORMS/LAST_SET/INDOMITES/FORMS_SPECTRUM6_TABS/pngs/94.png
[notice ] 23:44:28 : /Volumes/GoogleDrive-108524251851240764138/Unitats compartides/PLAYMODES_STUDIO/PROJECTES/ATEMPORALS/FORMS/LAST_SET/INDOMITES/FORMS_SPECTRUM6_TABS/pngs/94.png
[ error ] ofAppGLFWWindow: 65544: Cocoa: Failed to find service port for display
[notice ] 23:44:38 : /Volumes/GoogleDrive-108524251851240764138/Unitats compartides/PLAYMODES_STUDIO/PROJECTES/ATEMPORALS/FORMS/LAST_SET/INDOMITES/FORMS_SPECTRUM6_TABS/pngs/95.png
[ error ] ofAppGLFWWindow: 65544: Cocoa: Failed to find service port for display
[notice ] 23:44:49 : /Volumes/GoogleDrive-108524251851240764138/Unitats compartides/PLAYMODES_STUDIO/PROJECTES/ATEMPORALS/FORMS/LAST_SET/INDOMITES/FORMS_SPECTRUM6_TABS/pngs/96.png
[notice ] 23:44:59 : /Volumes/GoogleDrive-108524251851240764138/Unitats compartides/PLAYMODES_STUDIO/PROJECTES/ATEMPORALS/FORMS/LAST_SET/INDOMITES/FORMS_SPECTRUM6_TABS/pngs/97.png
[ error ] ofAppGLFWWindow: 65544: Cocoa: Failed to find service port for display
[notice ] 23:45:09 : /Volumes/GoogleDrive-108524251851240764138/Unitats compartides/PLAYMODES_STUDIO/PROJECTES/ATEMPORALS/FORMS/LAST_SET/INDOMITES/FORMS_SPECTRUM6_TABS/pngs/98.png
[notice ] 23:45:19 : /Volumes/GoogleDrive-108524251851240764138/Unitats compartides/PLAYMODES_STUDIO/PROJECTES/ATEMPORALS/FORMS/LAST_SET/INDOMITES/FORMS_SPECTRUM6_TABS/pngs/99.png
[ error ] ofAppGLFWWindow: 65544: Cocoa: Failed to find service port for display
[ error ] ofAppGLFWWindow: 65544: Cocoa: Failed to find service port for display
[notice ] 23:45:29 : /Volumes/GoogleDrive-108524251851240764138/Unitats compartides/PLAYMODES_STUDIO/PROJECTES/ATEMPORALS/FORMS/LAST_SET/INDOMITES/FORMS_SPECTRUM6_TABS/pngs/100.png
[notice ] 23:45:39 : /Volumes/GoogleDrive-108524251851240764138/Unitats compartides/PLAYMODES_STUDIO/PROJECTES/ATEMPORALS/FORMS/LAST_SET/INDOMITES/FORMS_SPECTRUM6_TABS/pngs/101.png
[notice ] 23:45:49 : /Volumes/GoogleDrive-108524251851240764138/Unitats compartides/PLAYMODES_STUDIO/PROJECTES/ATEMPORALS/FORMS/LAST_SET/INDOMITES/FORMS_SPECTRUM6_TABS/pngs/103.png
[notice ] 23:45:59 : /Volumes/GoogleDrive-108524251851240764138/Unitats compartides/PLAYMODES_STUDIO/PROJECTES/ATEMPORALS/FORMS/LAST_SET/INDOMITES/FORMS_SPECTRUM6_TABS/pngs/103.png
[notice ] 23:46:09 : /Volumes/GoogleDrive-108524251851240764138/Unitats compartides/PLAYMODES_STUDIO/PROJECTES/ATEMPORALS/FORMS/LAST_SET/INDOMITES/FORMS_SPECTRUM6_TABS/pngs/105.png
[notice ] 23:46:19 : /Volumes/GoogleDrive-108524251851240764138/Unitats compartides/PLAYMODES_STUDIO/PROJECTES/ATEMPORALS/FORMS/LAST_SET/INDOMITES/FORMS_SPECTRUM6_TABS/pngs/105.png
[ error ] ofAppGLFWWindow: 65544: Cocoa: Failed to find service port for display
[notice ] 23:46:30 : /Volumes/GoogleDrive-108524251851240764138/Unitats compartides/PLAYMODES_STUDIO/PROJECTES/ATEMPORALS/FORMS/LAST_SET/INDOMITES/FORMS_SPECTRUM6_TABS/pngs/106.png
[notice ] 23:46:40 : /Volumes/GoogleDrive-108524251851240764138/Unitats compartides/PLAYMODES_STUDIO/PROJECTES/ATEMPORALS/FORMS/LAST_SET/INDOMITES/FORMS_SPECTRUM6_TABS/pngs/108.png
[notice ] 23:46:50 : /Volumes/GoogleDrive-108524251851240764138/Unitats compartides/PLAYMODES_STUDIO/PROJECTES/ATEMPORALS/FORMS/LAST_SET/INDOMITES/FORMS_SPECTRUM6_TABS/pngs/108.png
[notice ] 23:47:00 : /Volumes/GoogleDrive-108524251851240764138/Unitats compartides/PLAYMODES_STUDIO/PROJECTES/ATEMPORALS/FORMS/LAST_SET/INDOMITES/FORMS_SPECTRUM6_TABS/pngs/109.png
[ error ] ofAppGLFWWindow: 65544: Cocoa: Failed to find service port for display
[notice ] 23:47:10 : /Volumes/GoogleDrive-108524251851240764138/Unitats compartides/PLAYMODES_STUDIO/PROJECTES/ATEMPORALS/FORMS/LAST_SET/INDOMITES/FORMS_SPECTRUM6_TABS/pngs/110.png
