

--------------------------------------- 2022-01-17-00-00-00-042
[notice ] 13:44:13 : /Users/playmodesstudio/Dropbox/PLAYMODES_STUDIO/2021/FORMS/P5/FORMS_SPECTRUM2/pngs/250.png
[notice ] 13:44:19 : /Users/playmodesstudio/Dropbox/PLAYMODES_STUDIO/2021/FORMS/P5/FORMS_SPECTRUM2/pngs/251.png
[notice ] 13:44:25 : /Users/playmodesstudio/Dropbox/PLAYMODES_STUDIO/2021/FORMS/P5/FORMS_SPECTRUM2/pngs/252.png
[notice ] 13:44:31 : /Users/playmodesstudio/Dropbox/PLAYMODES_STUDIO/2021/FORMS/P5/FORMS_SPECTRUM2/pngs/253.png
[notice ] 13:44:37 : /Users/playmodesstudio/Dropbox/PLAYMODES_STUDIO/2021/FORMS/P5/FORMS_SPECTRUM2/pngs/254.png
[notice ] 13:44:43 : /Users/playmodesstudio/Dropbox/PLAYMODES_STUDIO/2021/FORMS/P5/FORMS_SPECTRUM2/pngs/255.png
[notice ] 13:44:49 : /Users/playmodesstudio/Dropbox/PLAYMODES_STUDIO/2021/FORMS/P5/FORMS_SPECTRUM2/pngs/256.png
[notice ] 13:44:55 : /Users/playmodesstudio/Dropbox/PLAYMODES_STUDIO/2021/FORMS/P5/FORMS_SPECTRUM2/pngs/257.png
[notice ] 13:45:01 : /Users/playmodesstudio/Dropbox/PLAYMODES_STUDIO/2021/FORMS/P5/FORMS_SPECTRUM2/pngs/258.png
[notice ] 13:45:07 : /Users/playmodesstudio/Dropbox/PLAYMODES_STUDIO/2021/FORMS/P5/FORMS_SPECTRUM2/pngs/259.png
[notice ] 13:45:13 : /Users/playmodesstudio/Dropbox/PLAYMODES_STUDIO/2021/FORMS/P5/FORMS_SPECTRUM2/pngs/260.png
[notice ] 13:45:19 : /Users/playmodesstudio/Dropbox/PLAYMODES_STUDIO/2021/FORMS/P5/FORMS_SPECTRUM2/pngs/261.png
[notice ] 13:45:25 : /Users/playmodesstudio/Dropbox/PLAYMODES_STUDIO/2021/FORMS/P5/FORMS_SPECTRUM2/pngs/262.png
[notice ] 13:45:31 : /Users/playmodesstudio/Dropbox/PLAYMODES_STUDIO/2021/FORMS/P5/FORMS_SPECTRUM2/pngs/263.png
[notice ] 13:45:37 : /Users/playmodesstudio/Dropbox/PLAYMODES_STUDIO/2021/FORMS/P5/FORMS_SPECTRUM2/pngs/264.png
[notice ] 13:45:43 : /Users/playmodesstudio/Dropbox/PLAYMODES_STUDIO/2021/FORMS/P5/FORMS_SPECTRUM2/pngs/265.png
[notice ] 13:45:49 : /Users/playmodesstudio/Dropbox/PLAYMODES_STUDIO/2021/FORMS/P5/FORMS_SPECTRUM2/pngs/266.png
[notice ] 13:45:55 : /Users/playmodesstudio/Dropbox/PLAYMODES_STUDIO/2021/FORMS/P5/FORMS_SPECTRUM2/pngs/267.png
[notice ] 13:46:01 : /Users/playmodesstudio/Dropbox/PLAYMODES_STUDIO/2021/FORMS/P5/FORMS_SPECTRUM2/pngs/268.png
[notice ] 13:46:07 : /Users/playmodesstudio/Dropbox/PLAYMODES_STUDIO/2021/FORMS/P5/FORMS_SPECTRUM2/pngs/269.png
[notice ] 13:46:13 : /Users/playmodesstudio/Dropbox/PLAYMODES_STUDIO/2021/FORMS/P5/FORMS_SPECTRUM2/pngs/270.png
[notice ] 13:46:19 : /Users/playmodesstudio/Dropbox/PLAYMODES_STUDIO/2021/FORMS/P5/FORMS_SPECTRUM2/pngs/271.png
[notice ] 13:46:25 : /Users/playmodesstudio/Dropbox/PLAYMODES_STUDIO/2021/FORMS/P5/FORMS_SPECTRUM2/pngs/272.png
[notice ] 13:46:31 : /Users/playmodesstudio/Dropbox/PLAYMODES_STUDIO/2021/FORMS/P5/FORMS_SPECTRUM2/pngs/273.png
[notice ] 13:46:37 : /Users/playmodesstudio/Dropbox/PLAYMODES_STUDIO/2021/FORMS/P5/FORMS_SPECTRUM2/pngs/274.png
[notice ] 13:46:43 : /Users/playmodesstudio/Dropbox/PLAYMODES_STUDIO/2021/FORMS/P5/FORMS_SPECTRUM2/pngs/275.png
[notice ] 13:46:49 : /Users/playmodesstudio/Dropbox/PLAYMODES_STUDIO/2021/FORMS/P5/FORMS_SPECTRUM2/pngs/276.png
[notice ] 13:47:15 : /Users/playmodesstudio/Dropbox/PLAYMODES_STUDIO/2021/FORMS/P5/FORMS_SPECTRUM2/pngs/277.png
[notice ] 13:48:03 : /Users/playmodesstudio/Dropbox/PLAYMODES_STUDIO/2021/FORMS/P5/FORMS_SPECTRUM2/pngs/278.png
[notice ] 13:48:51 : /Users/playmodesstudio/Dropbox/PLAYMODES_STUDIO/2021/FORMS/P5/FORMS_SPECTRUM2/pngs/281.png
[notice ] 13:50:18 : /Users/playmodesstudio/Dropbox/PLAYMODES_STUDIO/2021/FORMS/P5/FORMS_SPECTRUM2/pngs/282.png
[notice ] 13:50:27 : /Users/playmodesstudio/Dropbox/PLAYMODES_STUDIO/2021/FORMS/P5/FORMS_SPECTRUM2/pngs/283.png
[notice ] 13:50:33 : /Users/playmodesstudio/Dropbox/PLAYMODES_STUDIO/2021/FORMS/P5/FORMS_SPECTRUM2/pngs/284.png
[notice ] 13:50:39 : /Users/playmodesstudio/Dropbox/PLAYMODES_STUDIO/2021/FORMS/P5/FORMS_SPECTRUM2/pngs/284.png
[notice ] 13:50:45 : /Users/playmodesstudio/Dropbox/PLAYMODES_STUDIO/2021/FORMS/P5/FORMS_SPECTRUM2/pngs/285.png
[notice ] 13:50:51 : /Users/playmodesstudio/Dropbox/PLAYMODES_STUDIO/2021/FORMS/P5/FORMS_SPECTRUM2/pngs/286.png
[notice ] 13:50:57 : /Users/playmodesstudio/Dropbox/PLAYMODES_STUDIO/2021/FORMS/P5/FORMS_SPECTRUM2/pngs/287.png
[notice ] 13:51:03 : /Users/playmodesstudio/Dropbox/PLAYMODES_STUDIO/2021/FORMS/P5/FORMS_SPECTRUM2/pngs/288.png
[notice ] 13:51:09 : /Users/playmodesstudio/Dropbox/PLAYMODES_STUDIO/2021/FORMS/P5/FORMS_SPECTRUM2/pngs/289.png
[notice ] 13:51:15 : /Users/playmodesstudio/Dropbox/PLAYMODES_STUDIO/2021/FORMS/P5/FORMS_SPECTRUM2/pngs/290.png
[notice ] 13:51:21 : /Users/playmodesstudio/Dropbox/PLAYMODES_STUDIO/2021/FORMS/P5/FORMS_SPECTRUM2/pngs/291.png
[notice ] 13:51:27 : /Users/playmodesstudio/Dropbox/PLAYMODES_STUDIO/2021/FORMS/P5/FORMS_SPECTRUM2/pngs/292.png
[notice ] 13:51:33 : /Users/playmodesstudio/Dropbox/PLAYMODES_STUDIO/2021/FORMS/P5/FORMS_SPECTRUM2/pngs/293.png
[notice ] 13:51:39 : /Users/playmodesstudio/Dropbox/PLAYMODES_STUDIO/2021/FORMS/P5/FORMS_SPECTRUM2/pngs/294.png
[notice ] 13:51:45 : /Users/playmodesstudio/Dropbox/PLAYMODES_STUDIO/2021/FORMS/P5/FORMS_SPECTRUM2/pngs/295.png
[notice ] 13:51:51 : /Users/playmodesstudio/Dropbox/PLAYMODES_STUDIO/2021/FORMS/P5/FORMS_SPECTRUM2/pngs/296.png
[notice ] 13:51:57 : /Users/playmodesstudio/Dropbox/PLAYMODES_STUDIO/2021/FORMS/P5/FORMS_SPECTRUM2/pngs/297.png
[notice ] 13:52:03 : /Users/playmodesstudio/Dropbox/PLAYMODES_STUDIO/2021/FORMS/P5/FORMS_SPECTRUM2/pngs/298.png
[notice ] 13:52:09 : /Users/playmodesstudio/Dropbox/PLAYMODES_STUDIO/2021/FORMS/P5/FORMS_SPECTRUM2/pngs/299.png
[notice ] 13:52:15 : /Users/playmodesstudio/Dropbox/PLAYMODES_STUDIO/2021/FORMS/P5/FORMS_SPECTRUM2/pngs/300.png
[notice ] 13:52:21 : /Users/playmodesstudio/Dropbox/PLAYMODES_STUDIO/2021/FORMS/P5/FORMS_SPECTRUM2/pngs/301.png
[notice ] 13:52:27 : /Users/playmodesstudio/Dropbox/PLAYMODES_STUDIO/2021/FORMS/P5/FORMS_SPECTRUM2/pngs/302.png
[notice ] 13:52:33 : /Users/playmodesstudio/Dropbox/PLAYMODES_STUDIO/2021/FORMS/P5/FORMS_SPECTRUM2/pngs/303.png
[notice ] 13:52:39 : /Users/playmodesstudio/Dropbox/PLAYMODES_STUDIO/2021/FORMS/P5/FORMS_SPECTRUM2/pngs/304.png
[notice ] 13:52:45 : /Users/playmodesstudio/Dropbox/PLAYMODES_STUDIO/2021/FORMS/P5/FORMS_SPECTRUM2/pngs/305.png
[notice ] 13:52:51 : /Users/playmodesstudio/Dropbox/PLAYMODES_STUDIO/2021/FORMS/P5/FORMS_SPECTRUM2/pngs/306.png
[notice ] 13:52:57 : /Users/playmodesstudio/Dropbox/PLAYMODES_STUDIO/2021/FORMS/P5/FORMS_SPECTRUM2/pngs/307.png
[notice ] 13:53:03 : /Users/playmodesstudio/Dropbox/PLAYMODES_STUDIO/2021/FORMS/P5/FORMS_SPECTRUM2/pngs/308.png
[notice ] 13:53:09 : /Users/playmodesstudio/Dropbox/PLAYMODES_STUDIO/2021/FORMS/P5/FORMS_SPECTRUM2/pngs/309.png
[notice ] 13:53:15 : /Users/playmodesstudio/Dropbox/PLAYMODES_STUDIO/2021/FORMS/P5/FORMS_SPECTRUM2/pngs/310.png
[notice ] 13:53:21 : /Users/playmodesstudio/Dropbox/PLAYMODES_STUDIO/2021/FORMS/P5/FORMS_SPECTRUM2/pngs/311.png
[notice ] 13:53:27 : /Users/playmodesstudio/Dropbox/PLAYMODES_STUDIO/2021/FORMS/P5/FORMS_SPECTRUM2/pngs/312.png
[notice ] 13:53:33 : /Users/playmodesstudio/Dropbox/PLAYMODES_STUDIO/2021/FORMS/P5/FORMS_SPECTRUM2/pngs/313.png
[notice ] 13:53:39 : /Users/playmodesstudio/Dropbox/PLAYMODES_STUDIO/2021/FORMS/P5/FORMS_SPECTRUM2/pngs/314.png
[notice ] 13:53:45 : /Users/playmodesstudio/Dropbox/PLAYMODES_STUDIO/2021/FORMS/P5/FORMS_SPECTRUM2/pngs/315.png
[notice ] 13:53:51 : /Users/playmodesstudio/Dropbox/PLAYMODES_STUDIO/2021/FORMS/P5/FORMS_SPECTRUM2/pngs/316.png
[notice ] 13:53:57 : /Users/playmodesstudio/Dropbox/PLAYMODES_STUDIO/2021/FORMS/P5/FORMS_SPECTRUM2/pngs/317.png
[notice ] 13:54:03 : /Users/playmodesstudio/Dropbox/PLAYMODES_STUDIO/2021/FORMS/P5/FORMS_SPECTRUM2/pngs/318.png
[notice ] 13:54:10 : /Users/playmodesstudio/Dropbox/PLAYMODES_STUDIO/2021/FORMS/P5/FORMS_SPECTRUM2/pngs/319.png
[notice ] 13:54:16 : /Users/playmodesstudio/Dropbox/PLAYMODES_STUDIO/2021/FORMS/P5/FORMS_SPECTRUM2/pngs/320.png
[notice ] 13:54:22 : /Users/playmodesstudio/Dropbox/PLAYMODES_STUDIO/2021/FORMS/P5/FORMS_SPECTRUM2/pngs/321.png
[notice ] 13:54:28 : /Users/playmodesstudio/Dropbox/PLAYMODES_STUDIO/2021/FORMS/P5/FORMS_SPECTRUM2/pngs/322.png
[notice ] 13:54:34 : /Users/playmodesstudio/Dropbox/PLAYMODES_STUDIO/2021/FORMS/P5/FORMS_SPECTRUM2/pngs/323.png
[notice ] 13:54:40 : /Users/playmodesstudio/Dropbox/PLAYMODES_STUDIO/2021/FORMS/P5/FORMS_SPECTRUM2/pngs/324.png
[notice ] 13:54:46 : /Users/playmodesstudio/Dropbox/PLAYMODES_STUDIO/2021/FORMS/P5/FORMS_SPECTRUM2/pngs/325.png
[notice ] 13:54:52 : /Users/playmodesstudio/Dropbox/PLAYMODES_STUDIO/2021/FORMS/P5/FORMS_SPECTRUM2/pngs/326.png
[notice ] 13:54:58 : /Users/playmodesstudio/Dropbox/PLAYMODES_STUDIO/2021/FORMS/P5/FORMS_SPECTRUM2/pngs/327.png
[notice ] 13:55:04 : /Users/playmodesstudio/Dropbox/PLAYMODES_STUDIO/2021/FORMS/P5/FORMS_SPECTRUM2/pngs/328.png
[notice ] 13:55:10 : /Users/playmodesstudio/Dropbox/PLAYMODES_STUDIO/2021/FORMS/P5/FORMS_SPECTRUM2/pngs/329.png
[notice ] 13:55:16 : /Users/playmodesstudio/Dropbox/PLAYMODES_STUDIO/2021/FORMS/P5/FORMS_SPECTRUM2/pngs/330.png
[notice ] 13:55:22 : /Users/playmodesstudio/Dropbox/PLAYMODES_STUDIO/2021/FORMS/P5/FORMS_SPECTRUM2/pngs/331.png
[notice ] 13:55:28 : /Users/playmodesstudio/Dropbox/PLAYMODES_STUDIO/2021/FORMS/P5/FORMS_SPECTRUM2/pngs/332.png
[notice ] 13:55:34 : /Users/playmodesstudio/Dropbox/PLAYMODES_STUDIO/2021/FORMS/P5/FORMS_SPECTRUM2/pngs/333.png
[notice ] 13:55:40 : /Users/playmodesstudio/Dropbox/PLAYMODES_STUDIO/2021/FORMS/P5/FORMS_SPECTRUM2/pngs/334.png
[notice ] 13:55:46 : /Users/playmodesstudio/Dropbox/PLAYMODES_STUDIO/2021/FORMS/P5/FORMS_SPECTRUM2/pngs/335.png
[notice ] 13:55:52 : /Users/playmodesstudio/Dropbox/PLAYMODES_STUDIO/2021/FORMS/P5/FORMS_SPECTRUM2/pngs/336.png
[notice ] 13:55:58 : /Users/playmodesstudio/Dropbox/PLAYMODES_STUDIO/2021/FORMS/P5/FORMS_SPECTRUM2/pngs/337.png
[notice ] 13:56:04 : /Users/playmodesstudio/Dropbox/PLAYMODES_STUDIO/2021/FORMS/P5/FORMS_SPECTRUM2/pngs/338.png
[notice ] 13:56:10 : /Users/playmodesstudio/Dropbox/PLAYMODES_STUDIO/2021/FORMS/P5/FORMS_SPECTRUM2/pngs/339.png
[notice ] 13:56:16 : /Users/playmodesstudio/Dropbox/PLAYMODES_STUDIO/2021/FORMS/P5/FORMS_SPECTRUM2/pngs/340.png
[notice ] 13:56:22 : /Users/playmodesstudio/Dropbox/PLAYMODES_STUDIO/2021/FORMS/P5/FORMS_SPECTRUM2/pngs/341.png
[notice ] 13:56:28 : /Users/playmodesstudio/Dropbox/PLAYMODES_STUDIO/2021/FORMS/P5/FORMS_SPECTRUM2/pngs/342.png
[notice ] 13:56:34 : /Users/playmodesstudio/Dropbox/PLAYMODES_STUDIO/2021/FORMS/P5/FORMS_SPECTRUM2/pngs/343.png
[notice ] 13:56:40 : /Users/playmodesstudio/Dropbox/PLAYMODES_STUDIO/2021/FORMS/P5/FORMS_SPECTRUM2/pngs/343.png
[notice ] 13:56:46 : /Users/playmodesstudio/Dropbox/PLAYMODES_STUDIO/2021/FORMS/P5/FORMS_SPECTRUM2/pngs/344.png
[notice ] 13:56:52 : /Users/playmodesstudio/Dropbox/PLAYMODES_STUDIO/2021/FORMS/P5/FORMS_SPECTRUM2/pngs/345.png
[notice ] 13:56:58 : /Users/playmodesstudio/Dropbox/PLAYMODES_STUDIO/2021/FORMS/P5/FORMS_SPECTRUM2/pngs/346.png
[notice ] 14:05:02 : /Users/playmodesstudio/Dropbox/PLAYMODES_STUDIO/2021/FORMS/P5/FORMS_SPECTRUM2/pngs/347.png
[notice ] 14:05:08 : /Users/playmodesstudio/Dropbox/PLAYMODES_STUDIO/2021/FORMS/P5/FORMS_SPECTRUM2/pngs/348.png
[notice ] 14:05:15 : /Users/playmodesstudio/Dropbox/PLAYMODES_STUDIO/2021/FORMS/P5/FORMS_SPECTRUM2/pngs/349.png
[notice ] 14:05:21 : /Users/playmodesstudio/Dropbox/PLAYMODES_STUDIO/2021/FORMS/P5/FORMS_SPECTRUM2/pngs/349.png
[notice ] 14:05:26 : /Users/playmodesstudio/Dropbox/PLAYMODES_STUDIO/2021/FORMS/P5/FORMS_SPECTRUM2/pngs/350.png
[notice ] 14:05:33 : /Users/playmodesstudio/Dropbox/PLAYMODES_STUDIO/2021/FORMS/P5/FORMS_SPECTRUM2/pngs/351.png
[notice ] 14:05:39 : /Users/playmodesstudio/Dropbox/PLAYMODES_STUDIO/2021/FORMS/P5/FORMS_SPECTRUM2/pngs/352.png
[notice ] 14:05:45 : /Users/playmodesstudio/Dropbox/PLAYMODES_STUDIO/2021/FORMS/P5/FORMS_SPECTRUM2/pngs/352.png
[notice ] 14:05:51 : /Users/playmodesstudio/Dropbox/PLAYMODES_STUDIO/2021/FORMS/P5/FORMS_SPECTRUM2/pngs/353.png
[notice ] 14:05:57 : /Users/playmodesstudio/Dropbox/PLAYMODES_STUDIO/2021/FORMS/P5/FORMS_SPECTRUM2/pngs/354.png
[notice ] 14:06:03 : /Users/playmodesstudio/Dropbox/PLAYMODES_STUDIO/2021/FORMS/P5/FORMS_SPECTRUM2/pngs/355.png
[notice ] 14:06:09 : /Users/playmodesstudio/Dropbox/PLAYMODES_STUDIO/2021/FORMS/P5/FORMS_SPECTRUM2/pngs/356.png
[notice ] 14:06:15 : /Users/playmodesstudio/Dropbox/PLAYMODES_STUDIO/2021/FORMS/P5/FORMS_SPECTRUM2/pngs/357.png
[notice ] 14:06:21 : /Users/playmodesstudio/Dropbox/PLAYMODES_STUDIO/2021/FORMS/P5/FORMS_SPECTRUM2/pngs/358.png
[notice ] 14:06:27 : /Users/playmodesstudio/Dropbox/PLAYMODES_STUDIO/2021/FORMS/P5/FORMS_SPECTRUM2/pngs/359.png
[notice ] 14:06:33 : /Users/playmodesstudio/Dropbox/PLAYMODES_STUDIO/2021/FORMS/P5/FORMS_SPECTRUM2/pngs/359.png
[notice ] 14:06:39 : /Users/playmodesstudio/Dropbox/PLAYMODES_STUDIO/2021/FORMS/P5/FORMS_SPECTRUM2/pngs/360.png
[notice ] 14:06:45 : /Users/playmodesstudio/Dropbox/PLAYMODES_STUDIO/2021/FORMS/P5/FORMS_SPECTRUM2/pngs/361.png
[notice ] 14:06:51 : /Users/playmodesstudio/Dropbox/PLAYMODES_STUDIO/2021/FORMS/P5/FORMS_SPECTRUM2/pngs/362.png
[notice ] 14:06:57 : /Users/playmodesstudio/Dropbox/PLAYMODES_STUDIO/2021/FORMS/P5/FORMS_SPECTRUM2/pngs/363.png
[notice ] 14:07:03 : /Users/playmodesstudio/Dropbox/PLAYMODES_STUDIO/2021/FORMS/P5/FORMS_SPECTRUM2/pngs/364.png
[notice ] 14:07:09 : /Users/playmodesstudio/Dropbox/PLAYMODES_STUDIO/2021/FORMS/P5/FORMS_SPECTRUM2/pngs/365.png
[notice ] 14:07:15 : /Users/playmodesstudio/Dropbox/PLAYMODES_STUDIO/2021/FORMS/P5/FORMS_SPECTRUM2/pngs/365.png
[notice ] 14:07:21 : /Users/playmodesstudio/Dropbox/PLAYMODES_STUDIO/2021/FORMS/P5/FORMS_SPECTRUM2/pngs/366.png
[notice ] 14:07:27 : /Users/playmodesstudio/Dropbox/PLAYMODES_STUDIO/2021/FORMS/P5/FORMS_SPECTRUM2/pngs/367.png
[notice ] 14:07:33 : /Users/playmodesstudio/Dropbox/PLAYMODES_STUDIO/2021/FORMS/P5/FORMS_SPECTRUM2/pngs/368.png
[notice ] 14:07:39 : /Users/playmodesstudio/Dropbox/PLAYMODES_STUDIO/2021/FORMS/P5/FORMS_SPECTRUM2/pngs/368.png
[notice ] 14:07:45 : /Users/playmodesstudio/Dropbox/PLAYMODES_STUDIO/2021/FORMS/P5/FORMS_SPECTRUM2/pngs/369.png
[notice ] 14:07:51 : /Users/playmodesstudio/Dropbox/PLAYMODES_STUDIO/2021/FORMS/P5/FORMS_SPECTRUM2/pngs/370.png
[notice ] 14:07:57 : /Users/playmodesstudio/Dropbox/PLAYMODES_STUDIO/2021/FORMS/P5/FORMS_SPECTRUM2/pngs/371.png
[notice ] 14:08:03 : /Users/playmodesstudio/Dropbox/PLAYMODES_STUDIO/2021/FORMS/P5/FORMS_SPECTRUM2/pngs/372.png
[notice ] 14:08:09 : /Users/playmodesstudio/Dropbox/PLAYMODES_STUDIO/2021/FORMS/P5/FORMS_SPECTRUM2/pngs/373.png
[notice ] 14:08:15 : /Users/playmodesstudio/Dropbox/PLAYMODES_STUDIO/2021/FORMS/P5/FORMS_SPECTRUM2/pngs/374.png
[notice ] 14:08:21 : /Users/playmodesstudio/Dropbox/PLAYMODES_STUDIO/2021/FORMS/P5/FORMS_SPECTRUM2/pngs/375.png
[notice ] 14:08:27 : /Users/playmodesstudio/Dropbox/PLAYMODES_STUDIO/2021/FORMS/P5/FORMS_SPECTRUM2/pngs/376.png
[notice ] 14:08:33 : /Users/playmodesstudio/Dropbox/PLAYMODES_STUDIO/2021/FORMS/P5/FORMS_SPECTRUM2/pngs/376.png
[notice ] 14:08:39 : /Users/playmodesstudio/Dropbox/PLAYMODES_STUDIO/2021/FORMS/P5/FORMS_SPECTRUM2/pngs/377.png
[notice ] 14:08:45 : /Users/playmodesstudio/Dropbox/PLAYMODES_STUDIO/2021/FORMS/P5/FORMS_SPECTRUM2/pngs/378.png
[notice ] 14:08:51 : /Users/playmodesstudio/Dropbox/PLAYMODES_STUDIO/2021/FORMS/P5/FORMS_SPECTRUM2/pngs/379.png
[notice ] 14:08:57 : /Users/playmodesstudio/Dropbox/PLAYMODES_STUDIO/2021/FORMS/P5/FORMS_SPECTRUM2/pngs/380.png
[notice ] 14:09:03 : /Users/playmodesstudio/Dropbox/PLAYMODES_STUDIO/2021/FORMS/P5/FORMS_SPECTRUM2/pngs/381.png
[notice ] 14:09:09 : /Users/playmodesstudio/Dropbox/PLAYMODES_STUDIO/2021/FORMS/P5/FORMS_SPECTRUM2/pngs/382.png
[notice ] 14:09:15 : /Users/playmodesstudio/Dropbox/PLAYMODES_STUDIO/2021/FORMS/P5/FORMS_SPECTRUM2/pngs/382.png
[notice ] 14:09:21 : /Users/playmodesstudio/Dropbox/PLAYMODES_STUDIO/2021/FORMS/P5/FORMS_SPECTRUM2/pngs/383.png
[notice ] 14:09:27 : /Users/playmodesstudio/Dropbox/PLAYMODES_STUDIO/2021/FORMS/P5/FORMS_SPECTRUM2/pngs/384.png
[notice ] 14:09:33 : /Users/playmodesstudio/Dropbox/PLAYMODES_STUDIO/2021/FORMS/P5/FORMS_SPECTRUM2/pngs/385.png
[notice ] 14:09:39 : /Users/playmodesstudio/Dropbox/PLAYMODES_STUDIO/2021/FORMS/P5/FORMS_SPECTRUM2/pngs/386.png
[notice ] 14:09:45 : /Users/playmodesstudio/Dropbox/PLAYMODES_STUDIO/2021/FORMS/P5/FORMS_SPECTRUM2/pngs/387.png
[notice ] 14:09:51 : /Users/playmodesstudio/Dropbox/PLAYMODES_STUDIO/2021/FORMS/P5/FORMS_SPECTRUM2/pngs/388.png
[notice ] 14:09:57 : /Users/playmodesstudio/Dropbox/PLAYMODES_STUDIO/2021/FORMS/P5/FORMS_SPECTRUM2/pngs/389.png
[notice ] 14:10:03 : /Users/playmodesstudio/Dropbox/PLAYMODES_STUDIO/2021/FORMS/P5/FORMS_SPECTRUM2/pngs/390.png
[notice ] 14:10:09 : /Users/playmodesstudio/Dropbox/PLAYMODES_STUDIO/2021/FORMS/P5/FORMS_SPECTRUM2/pngs/391.png
[notice ] 14:10:15 : /Users/playmodesstudio/Dropbox/PLAYMODES_STUDIO/2021/FORMS/P5/FORMS_SPECTRUM2/pngs/392.png
[notice ] 14:18:30 : /Users/playmodesstudio/Dropbox/PLAYMODES_STUDIO/2021/FORMS/P5/FORMS_SPECTRUM2/pngs/393.png
[notice ] 15:24:28 : /Users/playmodesstudio/Dropbox/PLAYMODES_STUDIO/2021/FORMS/P5/FORMS_SPECTRUM2/pngs/394.png
[notice ] 15:24:34 : /Users/playmodesstudio/Dropbox/PLAYMODES_STUDIO/2021/FORMS/P5/FORMS_SPECTRUM2/pngs/396.png
[notice ] 15:24:40 : /Users/playmodesstudio/Dropbox/PLAYMODES_STUDIO/2021/FORMS/P5/FORMS_SPECTRUM2/pngs/397.png
[notice ] 15:24:47 : /Users/playmodesstudio/Dropbox/PLAYMODES_STUDIO/2021/FORMS/P5/FORMS_SPECTRUM2/pngs/397.png
[notice ] 15:24:54 : /Users/playmodesstudio/Dropbox/PLAYMODES_STUDIO/2021/FORMS/P5/FORMS_SPECTRUM2/pngs/398.png
[notice ] 15:25:01 : /Users/playmodesstudio/Dropbox/PLAYMODES_STUDIO/2021/FORMS/P5/FORMS_SPECTRUM2/pngs/399.png
[notice ] 15:25:07 : /Users/playmodesstudio/Dropbox/PLAYMODES_STUDIO/2021/FORMS/P5/FORMS_SPECTRUM2/pngs/400.png
[notice ] 15:25:13 : /Users/playmodesstudio/Dropbox/PLAYMODES_STUDIO/2021/FORMS/P5/FORMS_SPECTRUM2/pngs/401.png
[notice ] 15:25:19 : /Users/playmodesstudio/Dropbox/PLAYMODES_STUDIO/2021/FORMS/P5/FORMS_SPECTRUM2/pngs/402.png
[notice ] 15:25:25 : /Users/playmodesstudio/Dropbox/PLAYMODES_STUDIO/2021/FORMS/P5/FORMS_SPECTRUM2/pngs/403.png
[notice ] 15:25:31 : /Users/playmodesstudio/Dropbox/PLAYMODES_STUDIO/2021/FORMS/P5/FORMS_SPECTRUM2/pngs/404.png
[notice ] 15:25:37 : /Users/playmodesstudio/Dropbox/PLAYMODES_STUDIO/2021/FORMS/P5/FORMS_SPECTRUM2/pngs/405.png
[notice ] 15:25:43 : /Users/playmodesstudio/Dropbox/PLAYMODES_STUDIO/2021/FORMS/P5/FORMS_SPECTRUM2/pngs/406.png
[notice ] 15:25:49 : /Users/playmodesstudio/Dropbox/PLAYMODES_STUDIO/2021/FORMS/P5/FORMS_SPECTRUM2/pngs/407.png
[notice ] 15:25:55 : /Users/playmodesstudio/Dropbox/PLAYMODES_STUDIO/2021/FORMS/P5/FORMS_SPECTRUM2/pngs/408.png
[notice ] 15:26:01 : /Users/playmodesstudio/Dropbox/PLAYMODES_STUDIO/2021/FORMS/P5/FORMS_SPECTRUM2/pngs/409.png
[notice ] 15:26:07 : /Users/playmodesstudio/Dropbox/PLAYMODES_STUDIO/2021/FORMS/P5/FORMS_SPECTRUM2/pngs/410.png
[notice ] 15:26:13 : /Users/playmodesstudio/Dropbox/PLAYMODES_STUDIO/2021/FORMS/P5/FORMS_SPECTRUM2/pngs/411.png
[notice ] 15:26:19 : /Users/playmodesstudio/Dropbox/PLAYMODES_STUDIO/2021/FORMS/P5/FORMS_SPECTRUM2/pngs/412.png
[notice ] 15:26:25 : /Users/playmodesstudio/Dropbox/PLAYMODES_STUDIO/2021/FORMS/P5/FORMS_SPECTRUM2/pngs/413.png
[notice ] 15:26:31 : /Users/playmodesstudio/Dropbox/PLAYMODES_STUDIO/2021/FORMS/P5/FORMS_SPECTRUM2/pngs/414.png
[notice ] 15:27:38 : /Users/playmodesstudio/Dropbox/PLAYMODES_STUDIO/2021/FORMS/P5/FORMS_SPECTRUM2/pngs/415.png
[notice ] 15:27:52 : /Users/playmodesstudio/Dropbox/PLAYMODES_STUDIO/2021/FORMS/P5/FORMS_SPECTRUM2/pngs/416.png
[notice ] 15:27:58 : /Users/playmodesstudio/Dropbox/PLAYMODES_STUDIO/2021/FORMS/P5/FORMS_SPECTRUM2/pngs/418.png
[notice ] 15:28:04 : /Users/playmodesstudio/Dropbox/PLAYMODES_STUDIO/2021/FORMS/P5/FORMS_SPECTRUM2/pngs/418.png
[notice ] 15:28:11 : /Users/playmodesstudio/Dropbox/PLAYMODES_STUDIO/2021/FORMS/P5/FORMS_SPECTRUM2/pngs/419.png
[notice ] 15:28:17 : /Users/playmodesstudio/Dropbox/PLAYMODES_STUDIO/2021/FORMS/P5/FORMS_SPECTRUM2/pngs/420.png
[notice ] 15:28:23 : /Users/playmodesstudio/Dropbox/PLAYMODES_STUDIO/2021/FORMS/P5/FORMS_SPECTRUM2/pngs/421.png
[notice ] 15:28:29 : /Users/playmodesstudio/Dropbox/PLAYMODES_STUDIO/2021/FORMS/P5/FORMS_SPECTRUM2/pngs/422.png
[notice ] 15:28:35 : /Users/playmodesstudio/Dropbox/PLAYMODES_STUDIO/2021/FORMS/P5/FORMS_SPECTRUM2/pngs/423.png
[notice ] 15:28:41 : /Users/playmodesstudio/Dropbox/PLAYMODES_STUDIO/2021/FORMS/P5/FORMS_SPECTRUM2/pngs/424.png
[notice ] 15:28:47 : /Users/playmodesstudio/Dropbox/PLAYMODES_STUDIO/2021/FORMS/P5/FORMS_SPECTRUM2/pngs/424.png
[notice ] 15:28:53 : /Users/playmodesstudio/Dropbox/PLAYMODES_STUDIO/2021/FORMS/P5/FORMS_SPECTRUM2/pngs/425.png
[notice ] 15:28:59 : /Users/playmodesstudio/Dropbox/PLAYMODES_STUDIO/2021/FORMS/P5/FORMS_SPECTRUM2/pngs/426.png
[notice ] 15:29:05 : /Users/playmodesstudio/Dropbox/PLAYMODES_STUDIO/2021/FORMS/P5/FORMS_SPECTRUM2/pngs/427.png
[notice ] 15:29:11 : /Users/playmodesstudio/Dropbox/PLAYMODES_STUDIO/2021/FORMS/P5/FORMS_SPECTRUM2/pngs/428.png
[notice ] 15:29:17 : /Users/playmodesstudio/Dropbox/PLAYMODES_STUDIO/2021/FORMS/P5/FORMS_SPECTRUM2/pngs/429.png
[notice ] 15:29:23 : /Users/playmodesstudio/Dropbox/PLAYMODES_STUDIO/2021/FORMS/P5/FORMS_SPECTRUM2/pngs/430.png
[notice ] 15:29:29 : /Users/playmodesstudio/Dropbox/PLAYMODES_STUDIO/2021/FORMS/P5/FORMS_SPECTRUM2/pngs/431.png
[notice ] 15:29:35 : /Users/playmodesstudio/Dropbox/PLAYMODES_STUDIO/2021/FORMS/P5/FORMS_SPECTRUM2/pngs/432.png
[notice ] 15:29:41 : /Users/playmodesstudio/Dropbox/PLAYMODES_STUDIO/2021/FORMS/P5/FORMS_SPECTRUM2/pngs/433.png
[notice ] 15:29:47 : /Users/playmodesstudio/Dropbox/PLAYMODES_STUDIO/2021/FORMS/P5/FORMS_SPECTRUM2/pngs/434.png
[notice ] 15:29:53 : /Users/playmodesstudio/Dropbox/PLAYMODES_STUDIO/2021/FORMS/P5/FORMS_SPECTRUM2/pngs/435.png
[notice ] 15:29:59 : /Users/playmodesstudio/Dropbox/PLAYMODES_STUDIO/2021/FORMS/P5/FORMS_SPECTRUM2/pngs/436.png
[notice ] 15:30:05 : /Users/playmodesstudio/Dropbox/PLAYMODES_STUDIO/2021/FORMS/P5/FORMS_SPECTRUM2/pngs/437.png
[notice ] 15:30:11 : /Users/playmodesstudio/Dropbox/PLAYMODES_STUDIO/2021/FORMS/P5/FORMS_SPECTRUM2/pngs/437.png
[notice ] 15:30:17 : /Users/playmodesstudio/Dropbox/PLAYMODES_STUDIO/2021/FORMS/P5/FORMS_SPECTRUM2/pngs/438.png
[notice ] 15:30:23 : /Users/playmodesstudio/Dropbox/PLAYMODES_STUDIO/2021/FORMS/P5/FORMS_SPECTRUM2/pngs/438.png
[notice ] 15:30:29 : /Users/playmodesstudio/Dropbox/PLAYMODES_STUDIO/2021/FORMS/P5/FORMS_SPECTRUM2/pngs/439.png
[notice ] 15:30:35 : /Users/playmodesstudio/Dropbox/PLAYMODES_STUDIO/2021/FORMS/P5/FORMS_SPECTRUM2/pngs/440.png
[notice ] 15:30:41 : /Users/playmodesstudio/Dropbox/PLAYMODES_STUDIO/2021/FORMS/P5/FORMS_SPECTRUM2/pngs/441.png
[notice ] 15:30:47 : /Users/playmodesstudio/Dropbox/PLAYMODES_STUDIO/2021/FORMS/P5/FORMS_SPECTRUM2/pngs/442.png
[notice ] 15:30:53 : /Users/playmodesstudio/Dropbox/PLAYMODES_STUDIO/2021/FORMS/P5/FORMS_SPECTRUM2/pngs/443.png
[notice ] 15:30:59 : /Users/playmodesstudio/Dropbox/PLAYMODES_STUDIO/2021/FORMS/P5/FORMS_SPECTRUM2/pngs/444.png
[notice ] 15:31:05 : /Users/playmodesstudio/Dropbox/PLAYMODES_STUDIO/2021/FORMS/P5/FORMS_SPECTRUM2/pngs/445.png
[notice ] 15:31:11 : /Users/playmodesstudio/Dropbox/PLAYMODES_STUDIO/2021/FORMS/P5/FORMS_SPECTRUM2/pngs/446.png
[notice ] 15:31:17 : /Users/playmodesstudio/Dropbox/PLAYMODES_STUDIO/2021/FORMS/P5/FORMS_SPECTRUM2/pngs/447.png
[notice ] 15:31:23 : /Users/playmodesstudio/Dropbox/PLAYMODES_STUDIO/2021/FORMS/P5/FORMS_SPECTRUM2/pngs/448.png
[notice ] 15:31:29 : /Users/playmodesstudio/Dropbox/PLAYMODES_STUDIO/2021/FORMS/P5/FORMS_SPECTRUM2/pngs/449.png
[notice ] 15:31:35 : /Users/playmodesstudio/Dropbox/PLAYMODES_STUDIO/2021/FORMS/P5/FORMS_SPECTRUM2/pngs/449.png
[notice ] 15:31:41 : /Users/playmodesstudio/Dropbox/PLAYMODES_STUDIO/2021/FORMS/P5/FORMS_SPECTRUM2/pngs/450.png
[notice ] 15:31:47 : /Users/playmodesstudio/Dropbox/PLAYMODES_STUDIO/2021/FORMS/P5/FORMS_SPECTRUM2/pngs/451.png
[notice ] 15:31:53 : /Users/playmodesstudio/Dropbox/PLAYMODES_STUDIO/2021/FORMS/P5/FORMS_SPECTRUM2/pngs/452.png
[notice ] 15:31:59 : /Users/playmodesstudio/Dropbox/PLAYMODES_STUDIO/2021/FORMS/P5/FORMS_SPECTRUM2/pngs/452.png
[notice ] 15:32:05 : /Users/playmodesstudio/Dropbox/PLAYMODES_STUDIO/2021/FORMS/P5/FORMS_SPECTRUM2/pngs/453.png
[notice ] 15:32:11 : /Users/playmodesstudio/Dropbox/PLAYMODES_STUDIO/2021/FORMS/P5/FORMS_SPECTRUM2/pngs/454.png
[notice ] 15:32:17 : /Users/playmodesstudio/Dropbox/PLAYMODES_STUDIO/2021/FORMS/P5/FORMS_SPECTRUM2/pngs/455.png
[notice ] 15:32:23 : /Users/playmodesstudio/Dropbox/PLAYMODES_STUDIO/2021/FORMS/P5/FORMS_SPECTRUM2/pngs/456.png
[notice ] 15:32:29 : /Users/playmodesstudio/Dropbox/PLAYMODES_STUDIO/2021/FORMS/P5/FORMS_SPECTRUM2/pngs/457.png
[notice ] 15:32:35 : /Users/playmodesstudio/Dropbox/PLAYMODES_STUDIO/2021/FORMS/P5/FORMS_SPECTRUM2/pngs/458.png
[notice ] 15:32:41 : /Users/playmodesstudio/Dropbox/PLAYMODES_STUDIO/2021/FORMS/P5/FORMS_SPECTRUM2/pngs/459.png
[notice ] 15:32:47 : /Users/playmodesstudio/Dropbox/PLAYMODES_STUDIO/2021/FORMS/P5/FORMS_SPECTRUM2/pngs/460.png
[notice ] 15:32:53 : /Users/playmodesstudio/Dropbox/PLAYMODES_STUDIO/2021/FORMS/P5/FORMS_SPECTRUM2/pngs/460.png
[notice ] 15:32:59 : /Users/playmodesstudio/Dropbox/PLAYMODES_STUDIO/2021/FORMS/P5/FORMS_SPECTRUM2/pngs/461.png
[notice ] 15:33:05 : /Users/playmodesstudio/Dropbox/PLAYMODES_STUDIO/2021/FORMS/P5/FORMS_SPECTRUM2/pngs/462.png
[notice ] 15:33:11 : /Users/playmodesstudio/Dropbox/PLAYMODES_STUDIO/2021/FORMS/P5/FORMS_SPECTRUM2/pngs/463.png
[notice ] 15:33:17 : /Users/playmodesstudio/Dropbox/PLAYMODES_STUDIO/2021/FORMS/P5/FORMS_SPECTRUM2/pngs/464.png
[notice ] 15:33:23 : /Users/playmodesstudio/Dropbox/PLAYMODES_STUDIO/2021/FORMS/P5/FORMS_SPECTRUM2/pngs/465.png
[notice ] 15:33:29 : /Users/playmodesstudio/Dropbox/PLAYMODES_STUDIO/2021/FORMS/P5/FORMS_SPECTRUM2/pngs/466.png
[notice ] 15:33:35 : /Users/playmodesstudio/Dropbox/PLAYMODES_STUDIO/2021/FORMS/P5/FORMS_SPECTRUM2/pngs/466.png
[notice ] 15:33:41 : /Users/playmodesstudio/Dropbox/PLAYMODES_STUDIO/2021/FORMS/P5/FORMS_SPECTRUM2/pngs/467.png
[notice ] 15:33:47 : /Users/playmodesstudio/Dropbox/PLAYMODES_STUDIO/2021/FORMS/P5/FORMS_SPECTRUM2/pngs/468.png
[notice ] 15:33:53 : /Users/playmodesstudio/Dropbox/PLAYMODES_STUDIO/2021/FORMS/P5/FORMS_SPECTRUM2/pngs/469.png
[notice ] 15:33:59 : /Users/playmodesstudio/Dropbox/PLAYMODES_STUDIO/2021/FORMS/P5/FORMS_SPECTRUM2/pngs/470.png
[notice ] 15:34:05 : /Users/playmodesstudio/Dropbox/PLAYMODES_STUDIO/2021/FORMS/P5/FORMS_SPECTRUM2/pngs/471.png
[notice ] 15:34:11 : /Users/playmodesstudio/Dropbox/PLAYMODES_STUDIO/2021/FORMS/P5/FORMS_SPECTRUM2/pngs/472.png
[notice ] 15:34:17 : /Users/playmodesstudio/Dropbox/PLAYMODES_STUDIO/2021/FORMS/P5/FORMS_SPECTRUM2/pngs/473.png
[notice ] 15:34:23 : /Users/playmodesstudio/Dropbox/PLAYMODES_STUDIO/2021/FORMS/P5/FORMS_SPECTRUM2/pngs/474.png
[notice ] 15:34:29 : /Users/playmodesstudio/Dropbox/PLAYMODES_STUDIO/2021/FORMS/P5/FORMS_SPECTRUM2/pngs/475.png
[notice ] 15:34:35 : /Users/playmodesstudio/Dropbox/PLAYMODES_STUDIO/2021/FORMS/P5/FORMS_SPECTRUM2/pngs/476.png
[notice ] 15:34:41 : /Users/playmodesstudio/Dropbox/PLAYMODES_STUDIO/2021/FORMS/P5/FORMS_SPECTRUM2/pngs/477.png
[notice ] 15:34:47 : /Users/playmodesstudio/Dropbox/PLAYMODES_STUDIO/2021/FORMS/P5/FORMS_SPECTRUM2/pngs/478.png
[notice ] 15:34:53 : /Users/playmodesstudio/Dropbox/PLAYMODES_STUDIO/2021/FORMS/P5/FORMS_SPECTRUM2/pngs/479.png
[notice ] 15:34:59 : /Users/playmodesstudio/Dropbox/PLAYMODES_STUDIO/2021/FORMS/P5/FORMS_SPECTRUM2/pngs/479.png
[notice ] 15:35:05 : /Users/playmodesstudio/Dropbox/PLAYMODES_STUDIO/2021/FORMS/P5/FORMS_SPECTRUM2/pngs/480.png
[notice ] 15:35:11 : /Users/playmodesstudio/Dropbox/PLAYMODES_STUDIO/2021/FORMS/P5/FORMS_SPECTRUM2/pngs/480.png
[notice ] 15:35:17 : /Users/playmodesstudio/Dropbox/PLAYMODES_STUDIO/2021/FORMS/P5/FORMS_SPECTRUM2/pngs/481.png
[notice ] 15:35:23 : /Users/playmodesstudio/Dropbox/PLAYMODES_STUDIO/2021/FORMS/P5/FORMS_SPECTRUM2/pngs/482.png
[notice ] 15:35:29 : /Users/playmodesstudio/Dropbox/PLAYMODES_STUDIO/2021/FORMS/P5/FORMS_SPECTRUM2/pngs/482.png
[notice ] 15:35:35 : /Users/playmodesstudio/Dropbox/PLAYMODES_STUDIO/2021/FORMS/P5/FORMS_SPECTRUM2/pngs/483.png
[notice ] 15:35:41 : /Users/playmodesstudio/Dropbox/PLAYMODES_STUDIO/2021/FORMS/P5/FORMS_SPECTRUM2/pngs/484.png
[notice ] 15:35:47 : /Users/playmodesstudio/Dropbox/PLAYMODES_STUDIO/2021/FORMS/P5/FORMS_SPECTRUM2/pngs/484.png
[notice ] 15:35:53 : /Users/playmodesstudio/Dropbox/PLAYMODES_STUDIO/2021/FORMS/P5/FORMS_SPECTRUM2/pngs/485.png
[notice ] 15:35:59 : /Users/playmodesstudio/Dropbox/PLAYMODES_STUDIO/2021/FORMS/P5/FORMS_SPECTRUM2/pngs/486.png
[notice ] 15:36:05 : /Users/playmodesstudio/Dropbox/PLAYMODES_STUDIO/2021/FORMS/P5/FORMS_SPECTRUM2/pngs/486.png
[notice ] 15:36:11 : /Users/playmodesstudio/Dropbox/PLAYMODES_STUDIO/2021/FORMS/P5/FORMS_SPECTRUM2/pngs/486.png
[notice ] 15:36:17 : /Users/playmodesstudio/Dropbox/PLAYMODES_STUDIO/2021/FORMS/P5/FORMS_SPECTRUM2/pngs/487.png
[notice ] 15:36:23 : /Users/playmodesstudio/Dropbox/PLAYMODES_STUDIO/2021/FORMS/P5/FORMS_SPECTRUM2/pngs/488.png
[notice ] 15:36:29 : /Users/playmodesstudio/Dropbox/PLAYMODES_STUDIO/2021/FORMS/P5/FORMS_SPECTRUM2/pngs/489.png
[notice ] 15:36:35 : /Users/playmodesstudio/Dropbox/PLAYMODES_STUDIO/2021/FORMS/P5/FORMS_SPECTRUM2/pngs/490.png
[notice ] 15:36:41 : /Users/playmodesstudio/Dropbox/PLAYMODES_STUDIO/2021/FORMS/P5/FORMS_SPECTRUM2/pngs/491.png
[notice ] 15:36:47 : /Users/playmodesstudio/Dropbox/PLAYMODES_STUDIO/2021/FORMS/P5/FORMS_SPECTRUM2/pngs/491.png
[notice ] 15:36:53 : /Users/playmodesstudio/Dropbox/PLAYMODES_STUDIO/2021/FORMS/P5/FORMS_SPECTRUM2/pngs/492.png
[notice ] 15:36:59 : /Users/playmodesstudio/Dropbox/PLAYMODES_STUDIO/2021/FORMS/P5/FORMS_SPECTRUM2/pngs/492.png
[notice ] 15:37:05 : /Users/playmodesstudio/Dropbox/PLAYMODES_STUDIO/2021/FORMS/P5/FORMS_SPECTRUM2/pngs/493.png
[notice ] 15:37:11 : /Users/playmodesstudio/Dropbox/PLAYMODES_STUDIO/2021/FORMS/P5/FORMS_SPECTRUM2/pngs/494.png
[notice ] 15:37:17 : /Users/playmodesstudio/Dropbox/PLAYMODES_STUDIO/2021/FORMS/P5/FORMS_SPECTRUM2/pngs/494.png
[notice ] 15:37:23 : /Users/playmodesstudio/Dropbox/PLAYMODES_STUDIO/2021/FORMS/P5/FORMS_SPECTRUM2/pngs/495.png
[notice ] 15:37:29 : /Users/playmodesstudio/Dropbox/PLAYMODES_STUDIO/2021/FORMS/P5/FORMS_SPECTRUM2/pngs/496.png
[notice ] 15:37:35 : /Users/playmodesstudio/Dropbox/PLAYMODES_STUDIO/2021/FORMS/P5/FORMS_SPECTRUM2/pngs/497.png
[notice ] 15:37:41 : /Users/playmodesstudio/Dropbox/PLAYMODES_STUDIO/2021/FORMS/P5/FORMS_SPECTRUM2/pngs/498.png
[notice ] 15:37:47 : /Users/playmodesstudio/Dropbox/PLAYMODES_STUDIO/2021/FORMS/P5/FORMS_SPECTRUM2/pngs/499.png
[notice ] 15:37:53 : /Users/playmodesstudio/Dropbox/PLAYMODES_STUDIO/2021/FORMS/P5/FORMS_SPECTRUM2/pngs/499.png
[notice ] 15:37:59 : /Users/playmodesstudio/Dropbox/PLAYMODES_STUDIO/2021/FORMS/P5/FORMS_SPECTRUM2/pngs/500.png
[notice ] 15:38:05 : /Users/playmodesstudio/Dropbox/PLAYMODES_STUDIO/2021/FORMS/P5/FORMS_SPECTRUM2/pngs/500.png
[notice ] 15:38:11 : /Users/playmodesstudio/Dropbox/PLAYMODES_STUDIO/2021/FORMS/P5/FORMS_SPECTRUM2/pngs/501.png
[notice ] 15:38:17 : /Users/playmodesstudio/Dropbox/PLAYMODES_STUDIO/2021/FORMS/P5/FORMS_SPECTRUM2/pngs/501.png
[notice ] 15:38:23 : /Users/playmodesstudio/Dropbox/PLAYMODES_STUDIO/2021/FORMS/P5/FORMS_SPECTRUM2/pngs/502.png
[notice ] 15:38:29 : /Users/playmodesstudio/Dropbox/PLAYMODES_STUDIO/2021/FORMS/P5/FORMS_SPECTRUM2/pngs/502.png
[notice ] 15:38:35 : /Users/playmodesstudio/Dropbox/PLAYMODES_STUDIO/2021/FORMS/P5/FORMS_SPECTRUM2/pngs/503.png
[notice ] 15:38:41 : /Users/playmodesstudio/Dropbox/PLAYMODES_STUDIO/2021/FORMS/P5/FORMS_SPECTRUM2/pngs/504.png
[notice ] 15:38:47 : /Users/playmodesstudio/Dropbox/PLAYMODES_STUDIO/2021/FORMS/P5/FORMS_SPECTRUM2/pngs/505.png
[notice ] 15:38:53 : /Users/playmodesstudio/Dropbox/PLAYMODES_STUDIO/2021/FORMS/P5/FORMS_SPECTRUM2/pngs/506.png
[notice ] 15:38:59 : /Users/playmodesstudio/Dropbox/PLAYMODES_STUDIO/2021/FORMS/P5/FORMS_SPECTRUM2/pngs/507.png
[notice ] 15:39:05 : /Users/playmodesstudio/Dropbox/PLAYMODES_STUDIO/2021/FORMS/P5/FORMS_SPECTRUM2/pngs/508.png
[notice ] 15:39:11 : /Users/playmodesstudio/Dropbox/PLAYMODES_STUDIO/2021/FORMS/P5/FORMS_SPECTRUM2/pngs/508.png
[notice ] 15:39:17 : /Users/playmodesstudio/Dropbox/PLAYMODES_STUDIO/2021/FORMS/P5/FORMS_SPECTRUM2/pngs/509.png
[notice ] 15:39:23 : /Users/playmodesstudio/Dropbox/PLAYMODES_STUDIO/2021/FORMS/P5/FORMS_SPECTRUM2/pngs/510.png
[notice ] 15:39:29 : /Users/playmodesstudio/Dropbox/PLAYMODES_STUDIO/2021/FORMS/P5/FORMS_SPECTRUM2/pngs/511.png
[notice ] 15:39:35 : /Users/playmodesstudio/Dropbox/PLAYMODES_STUDIO/2021/FORMS/P5/FORMS_SPECTRUM2/pngs/512.png
[notice ] 15:39:41 : /Users/playmodesstudio/Dropbox/PLAYMODES_STUDIO/2021/FORMS/P5/FORMS_SPECTRUM2/pngs/513.png
[notice ] 15:39:47 : /Users/playmodesstudio/Dropbox/PLAYMODES_STUDIO/2021/FORMS/P5/FORMS_SPECTRUM2/pngs/514.png
[notice ] 15:39:53 : /Users/playmodesstudio/Dropbox/PLAYMODES_STUDIO/2021/FORMS/P5/FORMS_SPECTRUM2/pngs/515.png
[notice ] 15:39:59 : /Users/playmodesstudio/Dropbox/PLAYMODES_STUDIO/2021/FORMS/P5/FORMS_SPECTRUM2/pngs/515.png
[notice ] 15:40:05 : /Users/playmodesstudio/Dropbox/PLAYMODES_STUDIO/2021/FORMS/P5/FORMS_SPECTRUM2/pngs/516.png
[notice ] 15:40:11 : /Users/playmodesstudio/Dropbox/PLAYMODES_STUDIO/2021/FORMS/P5/FORMS_SPECTRUM2/pngs/516.png
[notice ] 15:40:17 : /Users/playmodesstudio/Dropbox/PLAYMODES_STUDIO/2021/FORMS/P5/FORMS_SPECTRUM2/pngs/517.png
[notice ] 15:40:23 : /Users/playmodesstudio/Dropbox/PLAYMODES_STUDIO/2021/FORMS/P5/FORMS_SPECTRUM2/pngs/517.png
[notice ] 15:40:29 : /Users/playmodesstudio/Dropbox/PLAYMODES_STUDIO/2021/FORMS/P5/FORMS_SPECTRUM2/pngs/518.png
[notice ] 15:40:35 : /Users/playmodesstudio/Dropbox/PLAYMODES_STUDIO/2021/FORMS/P5/FORMS_SPECTRUM2/pngs/518.png
[notice ] 15:40:41 : /Users/playmodesstudio/Dropbox/PLAYMODES_STUDIO/2021/FORMS/P5/FORMS_SPECTRUM2/pngs/519.png
[notice ] 15:40:47 : /Users/playmodesstudio/Dropbox/PLAYMODES_STUDIO/2021/FORMS/P5/FORMS_SPECTRUM2/pngs/519.png
[notice ] 15:40:53 : /Users/playmodesstudio/Dropbox/PLAYMODES_STUDIO/2021/FORMS/P5/FORMS_SPECTRUM2/pngs/520.png
[notice ] 15:40:59 : /Users/playmodesstudio/Dropbox/PLAYMODES_STUDIO/2021/FORMS/P5/FORMS_SPECTRUM2/pngs/521.png
[notice ] 15:41:05 : /Users/playmodesstudio/Dropbox/PLAYMODES_STUDIO/2021/FORMS/P5/FORMS_SPECTRUM2/pngs/521.png
[notice ] 15:41:11 : /Users/playmodesstudio/Dropbox/PLAYMODES_STUDIO/2021/FORMS/P5/FORMS_SPECTRUM2/pngs/522.png
[notice ] 15:41:17 : /Users/playmodesstudio/Dropbox/PLAYMODES_STUDIO/2021/FORMS/P5/FORMS_SPECTRUM2/pngs/522.png
[notice ] 15:41:23 : /Users/playmodesstudio/Dropbox/PLAYMODES_STUDIO/2021/FORMS/P5/FORMS_SPECTRUM2/pngs/523.png
[notice ] 15:41:29 : /Users/playmodesstudio/Dropbox/PLAYMODES_STUDIO/2021/FORMS/P5/FORMS_SPECTRUM2/pngs/524.png
[notice ] 15:41:35 : /Users/playmodesstudio/Dropbox/PLAYMODES_STUDIO/2021/FORMS/P5/FORMS_SPECTRUM2/pngs/524.png
[notice ] 15:41:41 : /Users/playmodesstudio/Dropbox/PLAYMODES_STUDIO/2021/FORMS/P5/FORMS_SPECTRUM2/pngs/525.png
[notice ] 15:41:47 : /Users/playmodesstudio/Dropbox/PLAYMODES_STUDIO/2021/FORMS/P5/FORMS_SPECTRUM2/pngs/525.png
[notice ] 15:41:53 : /Users/playmodesstudio/Dropbox/PLAYMODES_STUDIO/2021/FORMS/P5/FORMS_SPECTRUM2/pngs/526.png
[notice ] 15:41:59 : /Users/playmodesstudio/Dropbox/PLAYMODES_STUDIO/2021/FORMS/P5/FORMS_SPECTRUM2/pngs/526.png
[notice ] 15:42:05 : /Users/playmodesstudio/Dropbox/PLAYMODES_STUDIO/2021/FORMS/P5/FORMS_SPECTRUM2/pngs/527.png
[notice ] 15:42:11 : /Users/playmodesstudio/Dropbox/PLAYMODES_STUDIO/2021/FORMS/P5/FORMS_SPECTRUM2/pngs/528.png
[notice ] 15:42:17 : /Users/playmodesstudio/Dropbox/PLAYMODES_STUDIO/2021/FORMS/P5/FORMS_SPECTRUM2/pngs/528.png
[notice ] 15:42:23 : /Users/playmodesstudio/Dropbox/PLAYMODES_STUDIO/2021/FORMS/P5/FORMS_SPECTRUM2/pngs/528.png
[notice ] 15:42:29 : /Users/playmodesstudio/Dropbox/PLAYMODES_STUDIO/2021/FORMS/P5/FORMS_SPECTRUM2/pngs/529.png
[notice ] 15:42:35 : /Users/playmodesstudio/Dropbox/PLAYMODES_STUDIO/2021/FORMS/P5/FORMS_SPECTRUM2/pngs/530.png
[notice ] 15:42:41 : /Users/playmodesstudio/Dropbox/PLAYMODES_STUDIO/2021/FORMS/P5/FORMS_SPECTRUM2/pngs/530.png
[notice ] 15:42:47 : /Users/playmodesstudio/Dropbox/PLAYMODES_STUDIO/2021/FORMS/P5/FORMS_SPECTRUM2/pngs/531.png
[notice ] 15:42:53 : /Users/playmodesstudio/Dropbox/PLAYMODES_STUDIO/2021/FORMS/P5/FORMS_SPECTRUM2/pngs/532.png
[notice ] 15:42:59 : /Users/playmodesstudio/Dropbox/PLAYMODES_STUDIO/2021/FORMS/P5/FORMS_SPECTRUM2/pngs/532.png
[notice ] 15:43:05 : /Users/playmodesstudio/Dropbox/PLAYMODES_STUDIO/2021/FORMS/P5/FORMS_SPECTRUM2/pngs/532.png
[notice ] 15:43:11 : /Users/playmodesstudio/Dropbox/PLAYMODES_STUDIO/2021/FORMS/P5/FORMS_SPECTRUM2/pngs/533.png
[notice ] 15:43:17 : /Users/playmodesstudio/Dropbox/PLAYMODES_STUDIO/2021/FORMS/P5/FORMS_SPECTRUM2/pngs/533.png
[notice ] 15:43:23 : /Users/playmodesstudio/Dropbox/PLAYMODES_STUDIO/2021/FORMS/P5/FORMS_SPECTRUM2/pngs/533.png
[notice ] 15:43:29 : /Users/playmodesstudio/Dropbox/PLAYMODES_STUDIO/2021/FORMS/P5/FORMS_SPECTRUM2/pngs/534.png
[notice ] 15:43:35 : /Users/playmodesstudio/Dropbox/PLAYMODES_STUDIO/2021/FORMS/P5/FORMS_SPECTRUM2/pngs/535.png
[notice ] 15:43:41 : /Users/playmodesstudio/Dropbox/PLAYMODES_STUDIO/2021/FORMS/P5/FORMS_SPECTRUM2/pngs/535.png
[notice ] 15:43:47 : /Users/playmodesstudio/Dropbox/PLAYMODES_STUDIO/2021/FORMS/P5/FORMS_SPECTRUM2/pngs/535.png
[notice ] 15:43:53 : /Users/playmodesstudio/Dropbox/PLAYMODES_STUDIO/2021/FORMS/P5/FORMS_SPECTRUM2/pngs/536.png
[notice ] 15:43:59 : /Users/playmodesstudio/Dropbox/PLAYMODES_STUDIO/2021/FORMS/P5/FORMS_SPECTRUM2/pngs/536.png
[notice ] 15:44:05 : /Users/playmodesstudio/Dropbox/PLAYMODES_STUDIO/2021/FORMS/P5/FORMS_SPECTRUM2/pngs/537.png
[notice ] 15:44:11 : /Users/playmodesstudio/Dropbox/PLAYMODES_STUDIO/2021/FORMS/P5/FORMS_SPECTRUM2/pngs/538.png
[notice ] 15:44:17 : /Users/playmodesstudio/Dropbox/PLAYMODES_STUDIO/2021/FORMS/P5/FORMS_SPECTRUM2/pngs/538.png
[notice ] 15:44:23 : /Users/playmodesstudio/Dropbox/PLAYMODES_STUDIO/2021/FORMS/P5/FORMS_SPECTRUM2/pngs/539.png
[notice ] 15:44:29 : /Users/playmodesstudio/Dropbox/PLAYMODES_STUDIO/2021/FORMS/P5/FORMS_SPECTRUM2/pngs/539.png
[notice ] 15:44:35 : /Users/playmodesstudio/Dropbox/PLAYMODES_STUDIO/2021/FORMS/P5/FORMS_SPECTRUM2/pngs/540.png
[notice ] 15:44:41 : /Users/playmodesstudio/Dropbox/PLAYMODES_STUDIO/2021/FORMS/P5/FORMS_SPECTRUM2/pngs/540.png
[notice ] 15:44:47 : /Users/playmodesstudio/Dropbox/PLAYMODES_STUDIO/2021/FORMS/P5/FORMS_SPECTRUM2/pngs/540.png
[notice ] 15:44:53 : /Users/playmodesstudio/Dropbox/PLAYMODES_STUDIO/2021/FORMS/P5/FORMS_SPECTRUM2/pngs/541.png
[notice ] 15:44:59 : /Users/playmodesstudio/Dropbox/PLAYMODES_STUDIO/2021/FORMS/P5/FORMS_SPECTRUM2/pngs/542.png
[notice ] 15:45:05 : /Users/playmodesstudio/Dropbox/PLAYMODES_STUDIO/2021/FORMS/P5/FORMS_SPECTRUM2/pngs/542.png
[notice ] 15:45:11 : /Users/playmodesstudio/Dropbox/PLAYMODES_STUDIO/2021/FORMS/P5/FORMS_SPECTRUM2/pngs/543.png
[notice ] 15:45:17 : /Users/playmodesstudio/Dropbox/PLAYMODES_STUDIO/2021/FORMS/P5/FORMS_SPECTRUM2/pngs/543.png
[notice ] 15:45:23 : /Users/playmodesstudio/Dropbox/PLAYMODES_STUDIO/2021/FORMS/P5/FORMS_SPECTRUM2/pngs/543.png


--------------------------------------- 2022-01-17-23-55-01-690
[notice ] 23:55:56 : Portada 2
[notice ] 23:56:20 : 
[notice ] 23:56:37 : /Users/playmodesstudio/Desktop/partialslfo/pngs/1.png
[notice ] 23:56:47 : /Users/playmodesstudio/Desktop/partialslfo/pngs/2.png


--------------------------------------- 2022-01-17-23-57-05-214
[notice ] 23:57:09 : Portada 2
[ error ] ofImage: loadImage(): couldn't load image from """"
[ error ] ofxThreadedImageLoader: couldn't load file: ""
[notice ] 23:57:26 : 
[notice ] 23:57:42 : 
[notice ] 23:57:57 : /Users/playmodesstudio/Desktop/partialslfo/pngs/10.png
[notice ] 23:58:07 : /Users/playmodesstudio/Desktop/partialslfo/pngs/11.png
[notice ] 23:58:13 : /Users/playmodesstudio/Desktop/partialslfo/pngs/12.png
[notice ] 23:58:19 : /Users/playmodesstudio/Desktop/partialslfo/pngs/13.png
[notice ] 23:58:25 : /Users/playmodesstudio/Desktop/partialslfo/pngs/14.png
[notice ] 23:58:31 : /Users/playmodesstudio/Desktop/partialslfo/pngs/15.png
[notice ] 23:58:37 : /Users/playmodesstudio/Desktop/partialslfo/pngs/16.png
[notice ] 23:58:43 : /Users/playmodesstudio/Desktop/partialslfo/pngs/17.png
[notice ] 23:58:49 : /Users/playmodesstudio/Desktop/partialslfo/pngs/18.png
[notice ] 23:58:56 : /Users/playmodesstudio/Desktop/partialslfo/pngs/19.png
[notice ] 23:59:02 : /Users/playmodesstudio/Desktop/partialslfo/pngs/20.png
[notice ] 23:59:08 : /Users/playmodesstudio/Desktop/partialslfo/pngs/21.png
[notice ] 23:59:14 : /Users/playmodesstudio/Desktop/partialslfo/pngs/22.png
[notice ] 23:59:20 : /Users/playmodesstudio/Desktop/partialslfo/pngs/23.png
[notice ] 23:59:26 : /Users/playmodesstudio/Desktop/partialslfo/pngs/24.png
[notice ] 23:59:32 : /Users/playmodesstudio/Desktop/partialslfo/pngs/25.png
[notice ] 23:59:38 : /Users/playmodesstudio/Desktop/partialslfo/pngs/26.png
[notice ] 23:59:44 : /Users/playmodesstudio/Desktop/partialslfo/pngs/27.png
[notice ] 23:59:50 : /Users/playmodesstudio/Desktop/partialslfo/pngs/28.png
[notice ] 23:59:56 : /Users/playmodesstudio/Desktop/partialslfo/pngs/29.png
