

--------------------------------------- 2022-02-17-00-58-44-250
[notice ] 00:58:49 : Portada 2
[ error ] ofImage: loadImage(): couldn't load image from """"
[ error ] ofxThreadedImageLoader: couldn't load file: ""


--------------------------------------- 2022-02-17-01-00-05-499
[notice ] 01:01:08 : Portada 2
[notice ] 01:01:11 : 
[notice ] 01:01:14 : /Volumes/GoogleDrive/Shared drives/PLAYMODES_STUDIO/PROJECTES/ATEMPORALS/FORMS/P5/FORMS_SPECTRUM2/pngs/8.png
[notice ] 01:01:16 : /Volumes/GoogleDrive/Shared drives/PLAYMODES_STUDIO/PROJECTES/ATEMPORALS/FORMS/P5/FORMS_SPECTRUM2/pngs/8.png
[notice ] 01:01:19 : /Volumes/GoogleDrive/Shared drives/PLAYMODES_STUDIO/PROJECTES/ATEMPORALS/FORMS/P5/FORMS_SPECTRUM2/pngs/8.png
[notice ] 01:01:21 : /Volumes/GoogleDrive/Shared drives/PLAYMODES_STUDIO/PROJECTES/ATEMPORALS/FORMS/P5/FORMS_SPECTRUM2/pngs/9.png
[notice ] 01:01:24 : /Volumes/GoogleDrive/Shared drives/PLAYMODES_STUDIO/PROJECTES/ATEMPORALS/FORMS/P5/FORMS_SPECTRUM2/pngs/9.png
[notice ] 01:01:27 : /Volumes/GoogleDrive/Shared drives/PLAYMODES_STUDIO/PROJECTES/ATEMPORALS/FORMS/P5/FORMS_SPECTRUM2/pngs/9.png
[notice ] 01:01:29 : /Volumes/GoogleDrive/Shared drives/PLAYMODES_STUDIO/PROJECTES/ATEMPORALS/FORMS/P5/FORMS_SPECTRUM2/pngs/10.png
[notice ] 01:01:32 : /Volumes/GoogleDrive/Shared drives/PLAYMODES_STUDIO/PROJECTES/ATEMPORALS/FORMS/P5/FORMS_SPECTRUM2/pngs/10.png
[notice ] 01:01:34 : /Volumes/GoogleDrive/Shared drives/PLAYMODES_STUDIO/PROJECTES/ATEMPORALS/FORMS/P5/FORMS_SPECTRUM2/pngs/10.png
[notice ] 01:01:37 : /Volumes/GoogleDrive/Shared drives/PLAYMODES_STUDIO/PROJECTES/ATEMPORALS/FORMS/P5/FORMS_SPECTRUM2/pngs/10.png
[notice ] 01:01:40 : /Volumes/GoogleDrive/Shared drives/PLAYMODES_STUDIO/PROJECTES/ATEMPORALS/FORMS/P5/FORMS_SPECTRUM2/pngs/11.png
[notice ] 01:01:43 : /Volumes/GoogleDrive/Shared drives/PLAYMODES_STUDIO/PROJECTES/ATEMPORALS/FORMS/P5/FORMS_SPECTRUM2/pngs/11.png
[notice ] 01:01:45 : /Volumes/GoogleDrive/Shared drives/PLAYMODES_STUDIO/PROJECTES/ATEMPORALS/FORMS/P5/FORMS_SPECTRUM2/pngs/11.png
[notice ] 01:01:47 : /Volumes/GoogleDrive/Shared drives/PLAYMODES_STUDIO/PROJECTES/ATEMPORALS/FORMS/P5/FORMS_SPECTRUM2/pngs/11.png
[notice ] 01:01:50 : /Volumes/GoogleDrive/Shared drives/PLAYMODES_STUDIO/PROJECTES/ATEMPORALS/FORMS/P5/FORMS_SPECTRUM2/pngs/12.png
[notice ] 01:01:53 : /Volumes/GoogleDrive/Shared drives/PLAYMODES_STUDIO/PROJECTES/ATEMPORALS/FORMS/P5/FORMS_SPECTRUM2/pngs/12.png
[notice ] 01:01:55 : /Volumes/GoogleDrive/Shared drives/PLAYMODES_STUDIO/PROJECTES/ATEMPORALS/FORMS/P5/FORMS_SPECTRUM2/pngs/12.png
[notice ] 01:01:58 : /Volumes/GoogleDrive/Shared drives/PLAYMODES_STUDIO/PROJECTES/ATEMPORALS/FORMS/P5/FORMS_SPECTRUM2/pngs/12.png
[notice ] 01:02:00 : /Volumes/GoogleDrive/Shared drives/PLAYMODES_STUDIO/PROJECTES/ATEMPORALS/FORMS/P5/FORMS_SPECTRUM2/pngs/12.png
[notice ] 01:02:03 : /Volumes/GoogleDrive/Shared drives/PLAYMODES_STUDIO/PROJECTES/ATEMPORALS/FORMS/P5/FORMS_SPECTRUM2/pngs/13.png
[notice ] 01:02:06 : /Volumes/GoogleDrive/Shared drives/PLAYMODES_STUDIO/PROJECTES/ATEMPORALS/FORMS/P5/FORMS_SPECTRUM2/pngs/13.png
[notice ] 01:02:09 : /Volumes/GoogleDrive/Shared drives/PLAYMODES_STUDIO/PROJECTES/ATEMPORALS/FORMS/P5/FORMS_SPECTRUM2/pngs/13.png
[notice ] 01:02:11 : /Volumes/GoogleDrive/Shared drives/PLAYMODES_STUDIO/PROJECTES/ATEMPORALS/FORMS/P5/FORMS_SPECTRUM2/pngs/13.png
[notice ] 01:02:14 : /Volumes/GoogleDrive/Shared drives/PLAYMODES_STUDIO/PROJECTES/ATEMPORALS/FORMS/P5/FORMS_SPECTRUM2/pngs/14.png
[notice ] 01:02:16 : /Volumes/GoogleDrive/Shared drives/PLAYMODES_STUDIO/PROJECTES/ATEMPORALS/FORMS/P5/FORMS_SPECTRUM2/pngs/14.png
[notice ] 01:02:19 : /Volumes/GoogleDrive/Shared drives/PLAYMODES_STUDIO/PROJECTES/ATEMPORALS/FORMS/P5/FORMS_SPECTRUM2/pngs/14.png
[notice ] 01:02:21 : /Volumes/GoogleDrive/Shared drives/PLAYMODES_STUDIO/PROJECTES/ATEMPORALS/FORMS/P5/FORMS_SPECTRUM2/pngs/14.png
[notice ] 01:02:24 : /Volumes/GoogleDrive/Shared drives/PLAYMODES_STUDIO/PROJECTES/ATEMPORALS/FORMS/P5/FORMS_SPECTRUM2/pngs/15.png
[notice ] 01:02:27 : /Volumes/GoogleDrive/Shared drives/PLAYMODES_STUDIO/PROJECTES/ATEMPORALS/FORMS/P5/FORMS_SPECTRUM2/pngs/15.png
[notice ] 01:02:29 : /Volumes/GoogleDrive/Shared drives/PLAYMODES_STUDIO/PROJECTES/ATEMPORALS/FORMS/P5/FORMS_SPECTRUM2/pngs/15.png
[notice ] 01:02:32 : /Volumes/GoogleDrive/Shared drives/PLAYMODES_STUDIO/PROJECTES/ATEMPORALS/FORMS/P5/FORMS_SPECTRUM2/pngs/16.png
[notice ] 01:02:34 : /Volumes/GoogleDrive/Shared drives/PLAYMODES_STUDIO/PROJECTES/ATEMPORALS/FORMS/P5/FORMS_SPECTRUM2/pngs/16.png
[notice ] 01:02:37 : /Volumes/GoogleDrive/Shared drives/PLAYMODES_STUDIO/PROJECTES/ATEMPORALS/FORMS/P5/FORMS_SPECTRUM2/pngs/16.png
[notice ] 01:02:40 : /Volumes/GoogleDrive/Shared drives/PLAYMODES_STUDIO/PROJECTES/ATEMPORALS/FORMS/P5/FORMS_SPECTRUM2/pngs/16.png
[notice ] 01:02:42 : /Volumes/GoogleDrive/Shared drives/PLAYMODES_STUDIO/PROJECTES/ATEMPORALS/FORMS/P5/FORMS_SPECTRUM2/pngs/17.png
[notice ] 01:02:45 : /Volumes/GoogleDrive/Shared drives/PLAYMODES_STUDIO/PROJECTES/ATEMPORALS/FORMS/P5/FORMS_SPECTRUM2/pngs/17.png
[notice ] 01:02:47 : /Volumes/GoogleDrive/Shared drives/PLAYMODES_STUDIO/PROJECTES/ATEMPORALS/FORMS/P5/FORMS_SPECTRUM2/pngs/17.png
[notice ] 01:02:50 : /Volumes/GoogleDrive/Shared drives/PLAYMODES_STUDIO/PROJECTES/ATEMPORALS/FORMS/P5/FORMS_SPECTRUM2/pngs/18.png
[notice ] 01:02:53 : /Volumes/GoogleDrive/Shared drives/PLAYMODES_STUDIO/PROJECTES/ATEMPORALS/FORMS/P5/FORMS_SPECTRUM2/pngs/18.png
[notice ] 01:02:55 : /Volumes/GoogleDrive/Shared drives/PLAYMODES_STUDIO/PROJECTES/ATEMPORALS/FORMS/P5/FORMS_SPECTRUM2/pngs/18.png
[notice ] 01:02:58 : /Volumes/GoogleDrive/Shared drives/PLAYMODES_STUDIO/PROJECTES/ATEMPORALS/FORMS/P5/FORMS_SPECTRUM2/pngs/18.png
[notice ] 01:03:00 : /Volumes/GoogleDrive/Shared drives/PLAYMODES_STUDIO/PROJECTES/ATEMPORALS/FORMS/P5/FORMS_SPECTRUM2/pngs/19.png
[notice ] 01:03:03 : /Volumes/GoogleDrive/Shared drives/PLAYMODES_STUDIO/PROJECTES/ATEMPORALS/FORMS/P5/FORMS_SPECTRUM2/pngs/19.png
[notice ] 01:03:06 : /Volumes/GoogleDrive/Shared drives/PLAYMODES_STUDIO/PROJECTES/ATEMPORALS/FORMS/P5/FORMS_SPECTRUM2/pngs/19.png
[notice ] 01:03:08 : /Volumes/GoogleDrive/Shared drives/PLAYMODES_STUDIO/PROJECTES/ATEMPORALS/FORMS/P5/FORMS_SPECTRUM2/pngs/20.png
[notice ] 01:03:11 : /Volumes/GoogleDrive/Shared drives/PLAYMODES_STUDIO/PROJECTES/ATEMPORALS/FORMS/P5/FORMS_SPECTRUM2/pngs/20.png
[notice ] 01:03:14 : /Volumes/GoogleDrive/Shared drives/PLAYMODES_STUDIO/PROJECTES/ATEMPORALS/FORMS/P5/FORMS_SPECTRUM2/pngs/20.png
[notice ] 01:03:16 : /Volumes/GoogleDrive/Shared drives/PLAYMODES_STUDIO/PROJECTES/ATEMPORALS/FORMS/P5/FORMS_SPECTRUM2/pngs/20.png
[notice ] 01:03:19 : /Volumes/GoogleDrive/Shared drives/PLAYMODES_STUDIO/PROJECTES/ATEMPORALS/FORMS/P5/FORMS_SPECTRUM2/pngs/20.png
[notice ] 01:03:21 : /Volumes/GoogleDrive/Shared drives/PLAYMODES_STUDIO/PROJECTES/ATEMPORALS/FORMS/P5/FORMS_SPECTRUM2/pngs/21.png
[notice ] 01:03:24 : /Volumes/GoogleDrive/Shared drives/PLAYMODES_STUDIO/PROJECTES/ATEMPORALS/FORMS/P5/FORMS_SPECTRUM2/pngs/21.png
[notice ] 01:03:27 : /Volumes/GoogleDrive/Shared drives/PLAYMODES_STUDIO/PROJECTES/ATEMPORALS/FORMS/P5/FORMS_SPECTRUM2/pngs/21.png
[notice ] 01:03:29 : /Volumes/GoogleDrive/Shared drives/PLAYMODES_STUDIO/PROJECTES/ATEMPORALS/FORMS/P5/FORMS_SPECTRUM2/pngs/21.png
[notice ] 01:03:32 : /Volumes/GoogleDrive/Shared drives/PLAYMODES_STUDIO/PROJECTES/ATEMPORALS/FORMS/P5/FORMS_SPECTRUM2/pngs/22.png
[notice ] 01:03:34 : /Volumes/GoogleDrive/Shared drives/PLAYMODES_STUDIO/PROJECTES/ATEMPORALS/FORMS/P5/FORMS_SPECTRUM2/pngs/22.png
[notice ] 01:03:37 : /Volumes/GoogleDrive/Shared drives/PLAYMODES_STUDIO/PROJECTES/ATEMPORALS/FORMS/P5/FORMS_SPECTRUM2/pngs/22.png
[notice ] 01:03:40 : /Volumes/GoogleDrive/Shared drives/PLAYMODES_STUDIO/PROJECTES/ATEMPORALS/FORMS/P5/FORMS_SPECTRUM2/pngs/22.png
[notice ] 01:03:42 : /Volumes/GoogleDrive/Shared drives/PLAYMODES_STUDIO/PROJECTES/ATEMPORALS/FORMS/P5/FORMS_SPECTRUM2/pngs/23.png
[notice ] 01:03:45 : /Volumes/GoogleDrive/Shared drives/PLAYMODES_STUDIO/PROJECTES/ATEMPORALS/FORMS/P5/FORMS_SPECTRUM2/pngs/23.png
[notice ] 01:03:47 : /Volumes/GoogleDrive/Shared drives/PLAYMODES_STUDIO/PROJECTES/ATEMPORALS/FORMS/P5/FORMS_SPECTRUM2/pngs/23.png
[notice ] 01:03:50 : /Volumes/GoogleDrive/Shared drives/PLAYMODES_STUDIO/PROJECTES/ATEMPORALS/FORMS/P5/FORMS_SPECTRUM2/pngs/24.png
[notice ] 01:03:53 : /Volumes/GoogleDrive/Shared drives/PLAYMODES_STUDIO/PROJECTES/ATEMPORALS/FORMS/P5/FORMS_SPECTRUM2/pngs/24.png
[notice ] 01:03:55 : /Volumes/GoogleDrive/Shared drives/PLAYMODES_STUDIO/PROJECTES/ATEMPORALS/FORMS/P5/FORMS_SPECTRUM2/pngs/24.png
[notice ] 01:03:58 : /Volumes/GoogleDrive/Shared drives/PLAYMODES_STUDIO/PROJECTES/ATEMPORALS/FORMS/P5/FORMS_SPECTRUM2/pngs/25.png
[notice ] 01:04:00 : /Volumes/GoogleDrive/Shared drives/PLAYMODES_STUDIO/PROJECTES/ATEMPORALS/FORMS/P5/FORMS_SPECTRUM2/pngs/25.png
[notice ] 01:04:03 : /Volumes/GoogleDrive/Shared drives/PLAYMODES_STUDIO/PROJECTES/ATEMPORALS/FORMS/P5/FORMS_SPECTRUM2/pngs/25.png
[notice ] 01:04:06 : /Volumes/GoogleDrive/Shared drives/PLAYMODES_STUDIO/PROJECTES/ATEMPORALS/FORMS/P5/FORMS_SPECTRUM2/pngs/25.png
[notice ] 01:04:08 : /Volumes/GoogleDrive/Shared drives/PLAYMODES_STUDIO/PROJECTES/ATEMPORALS/FORMS/P5/FORMS_SPECTRUM2/pngs/26.png
[notice ] 01:04:11 : /Volumes/GoogleDrive/Shared drives/PLAYMODES_STUDIO/PROJECTES/ATEMPORALS/FORMS/P5/FORMS_SPECTRUM2/pngs/26.png
[notice ] 01:04:14 : /Volumes/GoogleDrive/Shared drives/PLAYMODES_STUDIO/PROJECTES/ATEMPORALS/FORMS/P5/FORMS_SPECTRUM2/pngs/26.png
[notice ] 01:04:16 : /Volumes/GoogleDrive/Shared drives/PLAYMODES_STUDIO/PROJECTES/ATEMPORALS/FORMS/P5/FORMS_SPECTRUM2/pngs/26.png
[notice ] 01:04:19 : /Volumes/GoogleDrive/Shared drives/PLAYMODES_STUDIO/PROJECTES/ATEMPORALS/FORMS/P5/FORMS_SPECTRUM2/pngs/26.png
[notice ] 01:04:21 : /Volumes/GoogleDrive/Shared drives/PLAYMODES_STUDIO/PROJECTES/ATEMPORALS/FORMS/P5/FORMS_SPECTRUM2/pngs/27.png
[notice ] 01:04:24 : /Volumes/GoogleDrive/Shared drives/PLAYMODES_STUDIO/PROJECTES/ATEMPORALS/FORMS/P5/FORMS_SPECTRUM2/pngs/27.png
[notice ] 01:04:27 : /Volumes/GoogleDrive/Shared drives/PLAYMODES_STUDIO/PROJECTES/ATEMPORALS/FORMS/P5/FORMS_SPECTRUM2/pngs/27.png
[notice ] 01:04:29 : /Volumes/GoogleDrive/Shared drives/PLAYMODES_STUDIO/PROJECTES/ATEMPORALS/FORMS/P5/FORMS_SPECTRUM2/pngs/27.png
[notice ] 01:04:32 : /Volumes/GoogleDrive/Shared drives/PLAYMODES_STUDIO/PROJECTES/ATEMPORALS/FORMS/P5/FORMS_SPECTRUM2/pngs/28.png
[notice ] 01:04:34 : /Volumes/GoogleDrive/Shared drives/PLAYMODES_STUDIO/PROJECTES/ATEMPORALS/FORMS/P5/FORMS_SPECTRUM2/pngs/28.png
[notice ] 01:04:37 : /Volumes/GoogleDrive/Shared drives/PLAYMODES_STUDIO/PROJECTES/ATEMPORALS/FORMS/P5/FORMS_SPECTRUM2/pngs/28.png
[notice ] 01:04:40 : /Volumes/GoogleDrive/Shared drives/PLAYMODES_STUDIO/PROJECTES/ATEMPORALS/FORMS/P5/FORMS_SPECTRUM2/pngs/28.png
[notice ] 01:04:42 : /Volumes/GoogleDrive/Shared drives/PLAYMODES_STUDIO/PROJECTES/ATEMPORALS/FORMS/P5/FORMS_SPECTRUM2/pngs/28.png
[notice ] 01:04:45 : /Volumes/GoogleDrive/Shared drives/PLAYMODES_STUDIO/PROJECTES/ATEMPORALS/FORMS/P5/FORMS_SPECTRUM2/pngs/29.png
[notice ] 01:04:47 : /Volumes/GoogleDrive/Shared drives/PLAYMODES_STUDIO/PROJECTES/ATEMPORALS/FORMS/P5/FORMS_SPECTRUM2/pngs/29.png
[notice ] 01:04:50 : /Volumes/GoogleDrive/Shared drives/PLAYMODES_STUDIO/PROJECTES/ATEMPORALS/FORMS/P5/FORMS_SPECTRUM2/pngs/29.png
[notice ] 01:04:53 : /Volumes/GoogleDrive/Shared drives/PLAYMODES_STUDIO/PROJECTES/ATEMPORALS/FORMS/P5/FORMS_SPECTRUM2/pngs/30.png
[notice ] 01:04:55 : /Volumes/GoogleDrive/Shared drives/PLAYMODES_STUDIO/PROJECTES/ATEMPORALS/FORMS/P5/FORMS_SPECTRUM2/pngs/30.png
[notice ] 01:04:58 : /Volumes/GoogleDrive/Shared drives/PLAYMODES_STUDIO/PROJECTES/ATEMPORALS/FORMS/P5/FORMS_SPECTRUM2/pngs/30.png
[notice ] 01:05:00 : /Volumes/GoogleDrive/Shared drives/PLAYMODES_STUDIO/PROJECTES/ATEMPORALS/FORMS/P5/FORMS_SPECTRUM2/pngs/30.png
[notice ] 01:05:03 : /Volumes/GoogleDrive/Shared drives/PLAYMODES_STUDIO/PROJECTES/ATEMPORALS/FORMS/P5/FORMS_SPECTRUM2/pngs/30.png
[notice ] 01:05:06 : /Volumes/GoogleDrive/Shared drives/PLAYMODES_STUDIO/PROJECTES/ATEMPORALS/FORMS/P5/FORMS_SPECTRUM2/pngs/31.png
[notice ] 01:05:08 : /Volumes/GoogleDrive/Shared drives/PLAYMODES_STUDIO/PROJECTES/ATEMPORALS/FORMS/P5/FORMS_SPECTRUM2/pngs/31.png
[notice ] 01:05:11 : /Volumes/GoogleDrive/Shared drives/PLAYMODES_STUDIO/PROJECTES/ATEMPORALS/FORMS/P5/FORMS_SPECTRUM2/pngs/31.png
[notice ] 01:05:13 : /Volumes/GoogleDrive/Shared drives/PLAYMODES_STUDIO/PROJECTES/ATEMPORALS/FORMS/P5/FORMS_SPECTRUM2/pngs/31.png
[notice ] 01:05:16 : /Volumes/GoogleDrive/Shared drives/PLAYMODES_STUDIO/PROJECTES/ATEMPORALS/FORMS/P5/FORMS_SPECTRUM2/pngs/32.png
[notice ] 01:05:19 : /Volumes/GoogleDrive/Shared drives/PLAYMODES_STUDIO/PROJECTES/ATEMPORALS/FORMS/P5/FORMS_SPECTRUM2/pngs/32.png
[notice ] 01:05:21 : /Volumes/GoogleDrive/Shared drives/PLAYMODES_STUDIO/PROJECTES/ATEMPORALS/FORMS/P5/FORMS_SPECTRUM2/pngs/32.png
[notice ] 01:05:24 : /Volumes/GoogleDrive/Shared drives/PLAYMODES_STUDIO/PROJECTES/ATEMPORALS/FORMS/P5/FORMS_SPECTRUM2/pngs/33.png
[notice ] 01:05:27 : /Volumes/GoogleDrive/Shared drives/PLAYMODES_STUDIO/PROJECTES/ATEMPORALS/FORMS/P5/FORMS_SPECTRUM2/pngs/33.png
[notice ] 01:05:29 : /Volumes/GoogleDrive/Shared drives/PLAYMODES_STUDIO/PROJECTES/ATEMPORALS/FORMS/P5/FORMS_SPECTRUM2/pngs/33.png
[notice ] 01:05:32 : /Volumes/GoogleDrive/Shared drives/PLAYMODES_STUDIO/PROJECTES/ATEMPORALS/FORMS/P5/FORMS_SPECTRUM2/pngs/33.png
[notice ] 01:05:34 : /Volumes/GoogleDrive/Shared drives/PLAYMODES_STUDIO/PROJECTES/ATEMPORALS/FORMS/P5/FORMS_SPECTRUM2/pngs/34.png
[notice ] 01:05:37 : /Volumes/GoogleDrive/Shared drives/PLAYMODES_STUDIO/PROJECTES/ATEMPORALS/FORMS/P5/FORMS_SPECTRUM2/pngs/34.png
[notice ] 01:05:40 : /Volumes/GoogleDrive/Shared drives/PLAYMODES_STUDIO/PROJECTES/ATEMPORALS/FORMS/P5/FORMS_SPECTRUM2/pngs/34.png
[notice ] 01:05:42 : /Volumes/GoogleDrive/Shared drives/PLAYMODES_STUDIO/PROJECTES/ATEMPORALS/FORMS/P5/FORMS_SPECTRUM2/pngs/34.png
[notice ] 01:05:45 : /Volumes/GoogleDrive/Shared drives/PLAYMODES_STUDIO/PROJECTES/ATEMPORALS/FORMS/P5/FORMS_SPECTRUM2/pngs/35.png
[notice ] 01:05:47 : /Volumes/GoogleDrive/Shared drives/PLAYMODES_STUDIO/PROJECTES/ATEMPORALS/FORMS/P5/FORMS_SPECTRUM2/pngs/35.png
[notice ] 01:05:50 : /Volumes/GoogleDrive/Shared drives/PLAYMODES_STUDIO/PROJECTES/ATEMPORALS/FORMS/P5/FORMS_SPECTRUM2/pngs/35.png
[notice ] 01:05:53 : /Volumes/GoogleDrive/Shared drives/PLAYMODES_STUDIO/PROJECTES/ATEMPORALS/FORMS/P5/FORMS_SPECTRUM2/pngs/35.png
[notice ] 01:05:55 : /Volumes/GoogleDrive/Shared drives/PLAYMODES_STUDIO/PROJECTES/ATEMPORALS/FORMS/P5/FORMS_SPECTRUM2/pngs/36.png
[notice ] 01:05:58 : /Volumes/GoogleDrive/Shared drives/PLAYMODES_STUDIO/PROJECTES/ATEMPORALS/FORMS/P5/FORMS_SPECTRUM2/pngs/36.png
[notice ] 01:06:00 : /Volumes/GoogleDrive/Shared drives/PLAYMODES_STUDIO/PROJECTES/ATEMPORALS/FORMS/P5/FORMS_SPECTRUM2/pngs/36.png
[notice ] 01:06:03 : /Volumes/GoogleDrive/Shared drives/PLAYMODES_STUDIO/PROJECTES/ATEMPORALS/FORMS/P5/FORMS_SPECTRUM2/pngs/36.png
[notice ] 01:06:06 : /Volumes/GoogleDrive/Shared drives/PLAYMODES_STUDIO/PROJECTES/ATEMPORALS/FORMS/P5/FORMS_SPECTRUM2/pngs/37.png
[notice ] 01:06:08 : /Volumes/GoogleDrive/Shared drives/PLAYMODES_STUDIO/PROJECTES/ATEMPORALS/FORMS/P5/FORMS_SPECTRUM2/pngs/37.png
[notice ] 01:06:11 : /Volumes/GoogleDrive/Shared drives/PLAYMODES_STUDIO/PROJECTES/ATEMPORALS/FORMS/P5/FORMS_SPECTRUM2/pngs/37.png
[notice ] 01:06:13 : /Volumes/GoogleDrive/Shared drives/PLAYMODES_STUDIO/PROJECTES/ATEMPORALS/FORMS/P5/FORMS_SPECTRUM2/pngs/37.png
[notice ] 01:06:16 : /Volumes/GoogleDrive/Shared drives/PLAYMODES_STUDIO/PROJECTES/ATEMPORALS/FORMS/P5/FORMS_SPECTRUM2/pngs/37.png
[notice ] 01:06:19 : /Volumes/GoogleDrive/Shared drives/PLAYMODES_STUDIO/PROJECTES/ATEMPORALS/FORMS/P5/FORMS_SPECTRUM2/pngs/38.png
[notice ] 01:06:21 : /Volumes/GoogleDrive/Shared drives/PLAYMODES_STUDIO/PROJECTES/ATEMPORALS/FORMS/P5/FORMS_SPECTRUM2/pngs/38.png
[notice ] 01:06:24 : /Volumes/GoogleDrive/Shared drives/PLAYMODES_STUDIO/PROJECTES/ATEMPORALS/FORMS/P5/FORMS_SPECTRUM2/pngs/38.png
[notice ] 01:06:27 : /Volumes/GoogleDrive/Shared drives/PLAYMODES_STUDIO/PROJECTES/ATEMPORALS/FORMS/P5/FORMS_SPECTRUM2/pngs/39.png
[notice ] 01:06:29 : /Volumes/GoogleDrive/Shared drives/PLAYMODES_STUDIO/PROJECTES/ATEMPORALS/FORMS/P5/FORMS_SPECTRUM2/pngs/39.png
[notice ] 01:06:32 : /Volumes/GoogleDrive/Shared drives/PLAYMODES_STUDIO/PROJECTES/ATEMPORALS/FORMS/P5/FORMS_SPECTRUM2/pngs/39.png
[notice ] 01:06:34 : /Volumes/GoogleDrive/Shared drives/PLAYMODES_STUDIO/PROJECTES/ATEMPORALS/FORMS/P5/FORMS_SPECTRUM2/pngs/39.png
[notice ] 01:06:37 : /Volumes/GoogleDrive/Shared drives/PLAYMODES_STUDIO/PROJECTES/ATEMPORALS/FORMS/P5/FORMS_SPECTRUM2/pngs/40.png
[notice ] 01:06:40 : /Volumes/GoogleDrive/Shared drives/PLAYMODES_STUDIO/PROJECTES/ATEMPORALS/FORMS/P5/FORMS_SPECTRUM2/pngs/40.png
[notice ] 01:06:42 : /Volumes/GoogleDrive/Shared drives/PLAYMODES_STUDIO/PROJECTES/ATEMPORALS/FORMS/P5/FORMS_SPECTRUM2/pngs/40.png
[notice ] 01:06:45 : /Volumes/GoogleDrive/Shared drives/PLAYMODES_STUDIO/PROJECTES/ATEMPORALS/FORMS/P5/FORMS_SPECTRUM2/pngs/40.png
[notice ] 01:06:47 : /Volumes/GoogleDrive/Shared drives/PLAYMODES_STUDIO/PROJECTES/ATEMPORALS/FORMS/P5/FORMS_SPECTRUM2/pngs/41.png
[notice ] 01:06:50 : /Volumes/GoogleDrive/Shared drives/PLAYMODES_STUDIO/PROJECTES/ATEMPORALS/FORMS/P5/FORMS_SPECTRUM2/pngs/41.png
[notice ] 01:06:53 : /Volumes/GoogleDrive/Shared drives/PLAYMODES_STUDIO/PROJECTES/ATEMPORALS/FORMS/P5/FORMS_SPECTRUM2/pngs/41.png
[notice ] 01:06:55 : /Volumes/GoogleDrive/Shared drives/PLAYMODES_STUDIO/PROJECTES/ATEMPORALS/FORMS/P5/FORMS_SPECTRUM2/pngs/41.png
[notice ] 01:06:58 : /Volumes/GoogleDrive/Shared drives/PLAYMODES_STUDIO/PROJECTES/ATEMPORALS/FORMS/P5/FORMS_SPECTRUM2/pngs/42.png
[notice ] 01:07:00 : /Volumes/GoogleDrive/Shared drives/PLAYMODES_STUDIO/PROJECTES/ATEMPORALS/FORMS/P5/FORMS_SPECTRUM2/pngs/42.png
[notice ] 01:07:03 : /Volumes/GoogleDrive/Shared drives/PLAYMODES_STUDIO/PROJECTES/ATEMPORALS/FORMS/P5/FORMS_SPECTRUM2/pngs/42.png
[notice ] 01:07:06 : /Volumes/GoogleDrive/Shared drives/PLAYMODES_STUDIO/PROJECTES/ATEMPORALS/FORMS/P5/FORMS_SPECTRUM2/pngs/43.png
[notice ] 01:07:08 : /Volumes/GoogleDrive/Shared drives/PLAYMODES_STUDIO/PROJECTES/ATEMPORALS/FORMS/P5/FORMS_SPECTRUM2/pngs/43.png
[notice ] 01:07:11 : /Volumes/GoogleDrive/Shared drives/PLAYMODES_STUDIO/PROJECTES/ATEMPORALS/FORMS/P5/FORMS_SPECTRUM2/pngs/43.png
[notice ] 01:07:13 : /Volumes/GoogleDrive/Shared drives/PLAYMODES_STUDIO/PROJECTES/ATEMPORALS/FORMS/P5/FORMS_SPECTRUM2/pngs/43.png
[notice ] 01:07:16 : /Volumes/GoogleDrive/Shared drives/PLAYMODES_STUDIO/PROJECTES/ATEMPORALS/FORMS/P5/FORMS_SPECTRUM2/pngs/43.png
[notice ] 01:07:19 : /Volumes/GoogleDrive/Shared drives/PLAYMODES_STUDIO/PROJECTES/ATEMPORALS/FORMS/P5/FORMS_SPECTRUM2/pngs/43.png
[notice ] 01:07:21 : /Volumes/GoogleDrive/Shared drives/PLAYMODES_STUDIO/PROJECTES/ATEMPORALS/FORMS/P5/FORMS_SPECTRUM2/pngs/44.png
[notice ] 01:07:24 : /Volumes/GoogleDrive/Shared drives/PLAYMODES_STUDIO/PROJECTES/ATEMPORALS/FORMS/P5/FORMS_SPECTRUM2/pngs/44.png
[notice ] 01:07:27 : /Volumes/GoogleDrive/Shared drives/PLAYMODES_STUDIO/PROJECTES/ATEMPORALS/FORMS/P5/FORMS_SPECTRUM2/pngs/44.png
[notice ] 01:07:29 : /Volumes/GoogleDrive/Shared drives/PLAYMODES_STUDIO/PROJECTES/ATEMPORALS/FORMS/P5/FORMS_SPECTRUM2/pngs/45.png
[notice ] 01:07:32 : /Volumes/GoogleDrive/Shared drives/PLAYMODES_STUDIO/PROJECTES/ATEMPORALS/FORMS/P5/FORMS_SPECTRUM2/pngs/45.png
[notice ] 01:07:34 : /Volumes/GoogleDrive/Shared drives/PLAYMODES_STUDIO/PROJECTES/ATEMPORALS/FORMS/P5/FORMS_SPECTRUM2/pngs/45.png
[notice ] 01:07:37 : /Volumes/GoogleDrive/Shared drives/PLAYMODES_STUDIO/PROJECTES/ATEMPORALS/FORMS/P5/FORMS_SPECTRUM2/pngs/46.png
[notice ] 01:07:40 : /Volumes/GoogleDrive/Shared drives/PLAYMODES_STUDIO/PROJECTES/ATEMPORALS/FORMS/P5/FORMS_SPECTRUM2/pngs/46.png
[notice ] 01:07:42 : /Volumes/GoogleDrive/Shared drives/PLAYMODES_STUDIO/PROJECTES/ATEMPORALS/FORMS/P5/FORMS_SPECTRUM2/pngs/46.png
[notice ] 01:07:45 : /Volumes/GoogleDrive/Shared drives/PLAYMODES_STUDIO/PROJECTES/ATEMPORALS/FORMS/P5/FORMS_SPECTRUM2/pngs/47.png
[notice ] 01:07:47 : /Volumes/GoogleDrive/Shared drives/PLAYMODES_STUDIO/PROJECTES/ATEMPORALS/FORMS/P5/FORMS_SPECTRUM2/pngs/47.png
[notice ] 01:07:50 : /Volumes/GoogleDrive/Shared drives/PLAYMODES_STUDIO/PROJECTES/ATEMPORALS/FORMS/P5/FORMS_SPECTRUM2/pngs/47.png
[notice ] 01:07:53 : /Volumes/GoogleDrive/Shared drives/PLAYMODES_STUDIO/PROJECTES/ATEMPORALS/FORMS/P5/FORMS_SPECTRUM2/pngs/48.png
[notice ] 01:07:55 : /Volumes/GoogleDrive/Shared drives/PLAYMODES_STUDIO/PROJECTES/ATEMPORALS/FORMS/P5/FORMS_SPECTRUM2/pngs/48.png
[notice ] 01:07:58 : /Volumes/GoogleDrive/Shared drives/PLAYMODES_STUDIO/PROJECTES/ATEMPORALS/FORMS/P5/FORMS_SPECTRUM2/pngs/48.png
[notice ] 01:08:00 : /Volumes/GoogleDrive/Shared drives/PLAYMODES_STUDIO/PROJECTES/ATEMPORALS/FORMS/P5/FORMS_SPECTRUM2/pngs/48.png
[notice ] 01:08:03 : /Volumes/GoogleDrive/Shared drives/PLAYMODES_STUDIO/PROJECTES/ATEMPORALS/FORMS/P5/FORMS_SPECTRUM2/pngs/48.png
[notice ] 01:08:06 : /Volumes/GoogleDrive/Shared drives/PLAYMODES_STUDIO/PROJECTES/ATEMPORALS/FORMS/P5/FORMS_SPECTRUM2/pngs/49.png
[notice ] 01:08:08 : /Volumes/GoogleDrive/Shared drives/PLAYMODES_STUDIO/PROJECTES/ATEMPORALS/FORMS/P5/FORMS_SPECTRUM2/pngs/49.png
[notice ] 01:08:11 : /Volumes/GoogleDrive/Shared drives/PLAYMODES_STUDIO/PROJECTES/ATEMPORALS/FORMS/P5/FORMS_SPECTRUM2/pngs/49.png
[notice ] 01:08:13 : /Volumes/GoogleDrive/Shared drives/PLAYMODES_STUDIO/PROJECTES/ATEMPORALS/FORMS/P5/FORMS_SPECTRUM2/pngs/50.png
[notice ] 01:08:16 : /Volumes/GoogleDrive/Shared drives/PLAYMODES_STUDIO/PROJECTES/ATEMPORALS/FORMS/P5/FORMS_SPECTRUM2/pngs/50.png
[notice ] 01:08:19 : /Volumes/GoogleDrive/Shared drives/PLAYMODES_STUDIO/PROJECTES/ATEMPORALS/FORMS/P5/FORMS_SPECTRUM2/pngs/50.png
[notice ] 01:08:21 : /Volumes/GoogleDrive/Shared drives/PLAYMODES_STUDIO/PROJECTES/ATEMPORALS/FORMS/P5/FORMS_SPECTRUM2/pngs/51.png
[notice ] 01:08:24 : /Volumes/GoogleDrive/Shared drives/PLAYMODES_STUDIO/PROJECTES/ATEMPORALS/FORMS/P5/FORMS_SPECTRUM2/pngs/51.png
[notice ] 01:08:27 : /Volumes/GoogleDrive/Shared drives/PLAYMODES_STUDIO/PROJECTES/ATEMPORALS/FORMS/P5/FORMS_SPECTRUM2/pngs/51.png
[notice ] 01:08:29 : /Volumes/GoogleDrive/Shared drives/PLAYMODES_STUDIO/PROJECTES/ATEMPORALS/FORMS/P5/FORMS_SPECTRUM2/pngs/52.png
[notice ] 01:08:32 : /Volumes/GoogleDrive/Shared drives/PLAYMODES_STUDIO/PROJECTES/ATEMPORALS/FORMS/P5/FORMS_SPECTRUM2/pngs/52.png
[notice ] 01:08:34 : /Volumes/GoogleDrive/Shared drives/PLAYMODES_STUDIO/PROJECTES/ATEMPORALS/FORMS/P5/FORMS_SPECTRUM2/pngs/52.png
[notice ] 01:08:37 : /Volumes/GoogleDrive/Shared drives/PLAYMODES_STUDIO/PROJECTES/ATEMPORALS/FORMS/P5/FORMS_SPECTRUM2/pngs/53.png
[notice ] 01:08:40 : /Volumes/GoogleDrive/Shared drives/PLAYMODES_STUDIO/PROJECTES/ATEMPORALS/FORMS/P5/FORMS_SPECTRUM2/pngs/53.png
[notice ] 01:08:42 : /Volumes/GoogleDrive/Shared drives/PLAYMODES_STUDIO/PROJECTES/ATEMPORALS/FORMS/P5/FORMS_SPECTRUM2/pngs/53.png
[notice ] 01:08:45 : /Volumes/GoogleDrive/Shared drives/PLAYMODES_STUDIO/PROJECTES/ATEMPORALS/FORMS/P5/FORMS_SPECTRUM2/pngs/53.png
[notice ] 01:08:47 : /Volumes/GoogleDrive/Shared drives/PLAYMODES_STUDIO/PROJECTES/ATEMPORALS/FORMS/P5/FORMS_SPECTRUM2/pngs/54.png
[notice ] 01:08:50 : /Volumes/GoogleDrive/Shared drives/PLAYMODES_STUDIO/PROJECTES/ATEMPORALS/FORMS/P5/FORMS_SPECTRUM2/pngs/54.png
[notice ] 01:08:53 : /Volumes/GoogleDrive/Shared drives/PLAYMODES_STUDIO/PROJECTES/ATEMPORALS/FORMS/P5/FORMS_SPECTRUM2/pngs/54.png
[notice ] 01:08:55 : /Volumes/GoogleDrive/Shared drives/PLAYMODES_STUDIO/PROJECTES/ATEMPORALS/FORMS/P5/FORMS_SPECTRUM2/pngs/54.png
[notice ] 01:08:58 : /Volumes/GoogleDrive/Shared drives/PLAYMODES_STUDIO/PROJECTES/ATEMPORALS/FORMS/P5/FORMS_SPECTRUM2/pngs/55.png
[notice ] 01:09:00 : /Volumes/GoogleDrive/Shared drives/PLAYMODES_STUDIO/PROJECTES/ATEMPORALS/FORMS/P5/FORMS_SPECTRUM2/pngs/55.png
[notice ] 01:09:03 : /Volumes/GoogleDrive/Shared drives/PLAYMODES_STUDIO/PROJECTES/ATEMPORALS/FORMS/P5/FORMS_SPECTRUM2/pngs/55.png
[notice ] 01:09:06 : /Volumes/GoogleDrive/Shared drives/PLAYMODES_STUDIO/PROJECTES/ATEMPORALS/FORMS/P5/FORMS_SPECTRUM2/pngs/56.png
[notice ] 01:09:08 : /Volumes/GoogleDrive/Shared drives/PLAYMODES_STUDIO/PROJECTES/ATEMPORALS/FORMS/P5/FORMS_SPECTRUM2/pngs/56.png
[notice ] 01:09:11 : /Volumes/GoogleDrive/Shared drives/PLAYMODES_STUDIO/PROJECTES/ATEMPORALS/FORMS/P5/FORMS_SPECTRUM2/pngs/56.png
[notice ] 01:09:14 : /Volumes/GoogleDrive/Shared drives/PLAYMODES_STUDIO/PROJECTES/ATEMPORALS/FORMS/P5/FORMS_SPECTRUM2/pngs/56.png
[notice ] 01:09:16 : /Volumes/GoogleDrive/Shared drives/PLAYMODES_STUDIO/PROJECTES/ATEMPORALS/FORMS/P5/FORMS_SPECTRUM2/pngs/57.png
[notice ] 01:09:19 : /Volumes/GoogleDrive/Shared drives/PLAYMODES_STUDIO/PROJECTES/ATEMPORALS/FORMS/P5/FORMS_SPECTRUM2/pngs/57.png
[notice ] 01:09:21 : /Volumes/GoogleDrive/Shared drives/PLAYMODES_STUDIO/PROJECTES/ATEMPORALS/FORMS/P5/FORMS_SPECTRUM2/pngs/57.png
[notice ] 01:09:24 : /Volumes/GoogleDrive/Shared drives/PLAYMODES_STUDIO/PROJECTES/ATEMPORALS/FORMS/P5/FORMS_SPECTRUM2/pngs/57.png
[notice ] 01:09:27 : /Volumes/GoogleDrive/Shared drives/PLAYMODES_STUDIO/PROJECTES/ATEMPORALS/FORMS/P5/FORMS_SPECTRUM2/pngs/58.png
[notice ] 01:09:29 : /Volumes/GoogleDrive/Shared drives/PLAYMODES_STUDIO/PROJECTES/ATEMPORALS/FORMS/P5/FORMS_SPECTRUM2/pngs/58.png
[notice ] 01:09:32 : /Volumes/GoogleDrive/Shared drives/PLAYMODES_STUDIO/PROJECTES/ATEMPORALS/FORMS/P5/FORMS_SPECTRUM2/pngs/58.png
[notice ] 01:09:34 : /Volumes/GoogleDrive/Shared drives/PLAYMODES_STUDIO/PROJECTES/ATEMPORALS/FORMS/P5/FORMS_SPECTRUM2/pngs/58.png
[notice ] 01:09:37 : /Volumes/GoogleDrive/Shared drives/PLAYMODES_STUDIO/PROJECTES/ATEMPORALS/FORMS/P5/FORMS_SPECTRUM2/pngs/58.png
[notice ] 01:09:40 : /Volumes/GoogleDrive/Shared drives/PLAYMODES_STUDIO/PROJECTES/ATEMPORALS/FORMS/P5/FORMS_SPECTRUM2/pngs/59.png
[notice ] 01:09:42 : /Volumes/GoogleDrive/Shared drives/PLAYMODES_STUDIO/PROJECTES/ATEMPORALS/FORMS/P5/FORMS_SPECTRUM2/pngs/59.png
[notice ] 01:09:45 : /Volumes/GoogleDrive/Shared drives/PLAYMODES_STUDIO/PROJECTES/ATEMPORALS/FORMS/P5/FORMS_SPECTRUM2/pngs/59.png
[notice ] 01:09:47 : /Volumes/GoogleDrive/Shared drives/PLAYMODES_STUDIO/PROJECTES/ATEMPORALS/FORMS/P5/FORMS_SPECTRUM2/pngs/59.png
[notice ] 01:09:50 : /Volumes/GoogleDrive/Shared drives/PLAYMODES_STUDIO/PROJECTES/ATEMPORALS/FORMS/P5/FORMS_SPECTRUM2/pngs/60.png
[notice ] 01:09:53 : /Volumes/GoogleDrive/Shared drives/PLAYMODES_STUDIO/PROJECTES/ATEMPORALS/FORMS/P5/FORMS_SPECTRUM2/pngs/60.png
[notice ] 01:09:55 : /Volumes/GoogleDrive/Shared drives/PLAYMODES_STUDIO/PROJECTES/ATEMPORALS/FORMS/P5/FORMS_SPECTRUM2/pngs/60.png
[notice ] 01:09:58 : /Volumes/GoogleDrive/Shared drives/PLAYMODES_STUDIO/PROJECTES/ATEMPORALS/FORMS/P5/FORMS_SPECTRUM2/pngs/61.png
[notice ] 01:10:00 : /Volumes/GoogleDrive/Shared drives/PLAYMODES_STUDIO/PROJECTES/ATEMPORALS/FORMS/P5/FORMS_SPECTRUM2/pngs/61.png
[notice ] 01:10:03 : /Volumes/GoogleDrive/Shared drives/PLAYMODES_STUDIO/PROJECTES/ATEMPORALS/FORMS/P5/FORMS_SPECTRUM2/pngs/61.png
[notice ] 01:10:06 : /Volumes/GoogleDrive/Shared drives/PLAYMODES_STUDIO/PROJECTES/ATEMPORALS/FORMS/P5/FORMS_SPECTRUM2/pngs/61.png
[notice ] 01:10:08 : /Volumes/GoogleDrive/Shared drives/PLAYMODES_STUDIO/PROJECTES/ATEMPORALS/FORMS/P5/FORMS_SPECTRUM2/pngs/62.png
[notice ] 01:10:11 : /Volumes/GoogleDrive/Shared drives/PLAYMODES_STUDIO/PROJECTES/ATEMPORALS/FORMS/P5/FORMS_SPECTRUM2/pngs/62.png
[notice ] 01:10:14 : /Volumes/GoogleDrive/Shared drives/PLAYMODES_STUDIO/PROJECTES/ATEMPORALS/FORMS/P5/FORMS_SPECTRUM2/pngs/62.png
[notice ] 01:10:16 : /Volumes/GoogleDrive/Shared drives/PLAYMODES_STUDIO/PROJECTES/ATEMPORALS/FORMS/P5/FORMS_SPECTRUM2/pngs/63.png
[notice ] 01:10:19 : /Volumes/GoogleDrive/Shared drives/PLAYMODES_STUDIO/PROJECTES/ATEMPORALS/FORMS/P5/FORMS_SPECTRUM2/pngs/63.png
[notice ] 01:10:24 : /Volumes/GoogleDrive/Shared drives/PLAYMODES_STUDIO/PROJECTES/ATEMPORALS/FORMS/P5/FORMS_SPECTRUM2/pngs/63.png
[notice ] 01:10:27 : /Volumes/GoogleDrive/Shared drives/PLAYMODES_STUDIO/PROJECTES/ATEMPORALS/FORMS/P5/FORMS_SPECTRUM2/pngs/63.png


--------------------------------------- 2022-02-17-23-19-48-858
[notice ] 23:20:23 : Portada 2
[notice ] 23:20:26 : 
[notice ] 23:20:29 : /Volumes/GoogleDrive/Shared drives/PLAYMODES_STUDIO/PROJECTES/ATEMPORALS/FORMS/P5/FORMS_SPECTRUM2/pngs/2.png
[notice ] 23:20:31 : /Volumes/GoogleDrive/Shared drives/PLAYMODES_STUDIO/PROJECTES/ATEMPORALS/FORMS/P5/FORMS_SPECTRUM2/pngs/2.png
[notice ] 23:20:34 : /Volumes/GoogleDrive/Shared drives/PLAYMODES_STUDIO/PROJECTES/ATEMPORALS/FORMS/P5/FORMS_SPECTRUM2/pngs/3.png
[notice ] 23:20:36 : /Volumes/GoogleDrive/Shared drives/PLAYMODES_STUDIO/PROJECTES/ATEMPORALS/FORMS/P5/FORMS_SPECTRUM2/pngs/3.png
[notice ] 23:20:39 : /Volumes/GoogleDrive/Shared drives/PLAYMODES_STUDIO/PROJECTES/ATEMPORALS/FORMS/P5/FORMS_SPECTRUM2/pngs/3.png
[notice ] 23:20:42 : /Volumes/GoogleDrive/Shared drives/PLAYMODES_STUDIO/PROJECTES/ATEMPORALS/FORMS/P5/FORMS_SPECTRUM2/pngs/3.png
[notice ] 23:20:44 : /Volumes/GoogleDrive/Shared drives/PLAYMODES_STUDIO/PROJECTES/ATEMPORALS/FORMS/P5/FORMS_SPECTRUM2/pngs/4.png
[notice ] 23:20:47 : /Volumes/GoogleDrive/Shared drives/PLAYMODES_STUDIO/PROJECTES/ATEMPORALS/FORMS/P5/FORMS_SPECTRUM2/pngs/4.png
[notice ] 23:20:50 : /Volumes/GoogleDrive/Shared drives/PLAYMODES_STUDIO/PROJECTES/ATEMPORALS/FORMS/P5/FORMS_SPECTRUM2/pngs/4.png
[notice ] 23:20:52 : /Volumes/GoogleDrive/Shared drives/PLAYMODES_STUDIO/PROJECTES/ATEMPORALS/FORMS/P5/FORMS_SPECTRUM2/pngs/4.png
[notice ] 23:20:55 : /Volumes/GoogleDrive/Shared drives/PLAYMODES_STUDIO/PROJECTES/ATEMPORALS/FORMS/P5/FORMS_SPECTRUM2/pngs/5.png
[notice ] 23:20:57 : /Volumes/GoogleDrive/Shared drives/PLAYMODES_STUDIO/PROJECTES/ATEMPORALS/FORMS/P5/FORMS_SPECTRUM2/pngs/5.png
[notice ] 23:21:00 : /Volumes/GoogleDrive/Shared drives/PLAYMODES_STUDIO/PROJECTES/ATEMPORALS/FORMS/P5/FORMS_SPECTRUM2/pngs/5.png
[notice ] 23:21:03 : /Volumes/GoogleDrive/Shared drives/PLAYMODES_STUDIO/PROJECTES/ATEMPORALS/FORMS/P5/FORMS_SPECTRUM2/pngs/6.png
[notice ] 23:21:05 : /Volumes/GoogleDrive/Shared drives/PLAYMODES_STUDIO/PROJECTES/ATEMPORALS/FORMS/P5/FORMS_SPECTRUM2/pngs/6.png
[notice ] 23:21:08 : /Volumes/GoogleDrive/Shared drives/PLAYMODES_STUDIO/PROJECTES/ATEMPORALS/FORMS/P5/FORMS_SPECTRUM2/pngs/6.png
[notice ] 23:21:10 : /Volumes/GoogleDrive/Shared drives/PLAYMODES_STUDIO/PROJECTES/ATEMPORALS/FORMS/P5/FORMS_SPECTRUM2/pngs/6.png
[notice ] 23:21:13 : /Volumes/GoogleDrive/Shared drives/PLAYMODES_STUDIO/PROJECTES/ATEMPORALS/FORMS/P5/FORMS_SPECTRUM2/pngs/7.png
[notice ] 23:21:16 : /Volumes/GoogleDrive/Shared drives/PLAYMODES_STUDIO/PROJECTES/ATEMPORALS/FORMS/P5/FORMS_SPECTRUM2/pngs/7.png
[notice ] 23:21:18 : /Volumes/GoogleDrive/Shared drives/PLAYMODES_STUDIO/PROJECTES/ATEMPORALS/FORMS/P5/FORMS_SPECTRUM2/pngs/7.png
[notice ] 23:21:21 : /Volumes/GoogleDrive/Shared drives/PLAYMODES_STUDIO/PROJECTES/ATEMPORALS/FORMS/P5/FORMS_SPECTRUM2/pngs/7.png
[notice ] 23:21:23 : /Volumes/GoogleDrive/Shared drives/PLAYMODES_STUDIO/PROJECTES/ATEMPORALS/FORMS/P5/FORMS_SPECTRUM2/pngs/7.png
[notice ] 23:21:26 : /Volumes/GoogleDrive/Shared drives/PLAYMODES_STUDIO/PROJECTES/ATEMPORALS/FORMS/P5/FORMS_SPECTRUM2/pngs/7.png
[notice ] 23:21:29 : /Volumes/GoogleDrive/Shared drives/PLAYMODES_STUDIO/PROJECTES/ATEMPORALS/FORMS/P5/FORMS_SPECTRUM2/pngs/8.png
[notice ] 23:21:31 : /Volumes/GoogleDrive/Shared drives/PLAYMODES_STUDIO/PROJECTES/ATEMPORALS/FORMS/P5/FORMS_SPECTRUM2/pngs/8.png
[notice ] 23:21:34 : /Volumes/GoogleDrive/Shared drives/PLAYMODES_STUDIO/PROJECTES/ATEMPORALS/FORMS/P5/FORMS_SPECTRUM2/pngs/8.png
[notice ] 23:21:36 : /Volumes/GoogleDrive/Shared drives/PLAYMODES_STUDIO/PROJECTES/ATEMPORALS/FORMS/P5/FORMS_SPECTRUM2/pngs/8.png
[notice ] 23:21:39 : /Volumes/GoogleDrive/Shared drives/PLAYMODES_STUDIO/PROJECTES/ATEMPORALS/FORMS/P5/FORMS_SPECTRUM2/pngs/9.png
[notice ] 23:21:42 : /Volumes/GoogleDrive/Shared drives/PLAYMODES_STUDIO/PROJECTES/ATEMPORALS/FORMS/P5/FORMS_SPECTRUM2/pngs/9.png
[notice ] 23:21:44 : /Volumes/GoogleDrive/Shared drives/PLAYMODES_STUDIO/PROJECTES/ATEMPORALS/FORMS/P5/FORMS_SPECTRUM2/pngs/9.png
[notice ] 23:21:47 : /Volumes/GoogleDrive/Shared drives/PLAYMODES_STUDIO/PROJECTES/ATEMPORALS/FORMS/P5/FORMS_SPECTRUM2/pngs/9.png
[notice ] 23:21:50 : /Volumes/GoogleDrive/Shared drives/PLAYMODES_STUDIO/PROJECTES/ATEMPORALS/FORMS/P5/FORMS_SPECTRUM2/pngs/9.png
[notice ] 23:21:52 : /Volumes/GoogleDrive/Shared drives/PLAYMODES_STUDIO/PROJECTES/ATEMPORALS/FORMS/P5/FORMS_SPECTRUM2/pngs/9.png
[notice ] 23:21:55 : /Volumes/GoogleDrive/Shared drives/PLAYMODES_STUDIO/PROJECTES/ATEMPORALS/FORMS/P5/FORMS_SPECTRUM2/pngs/10.png
[notice ] 23:21:57 : /Volumes/GoogleDrive/Shared drives/PLAYMODES_STUDIO/PROJECTES/ATEMPORALS/FORMS/P5/FORMS_SPECTRUM2/pngs/10.png
[notice ] 23:22:00 : /Volumes/GoogleDrive/Shared drives/PLAYMODES_STUDIO/PROJECTES/ATEMPORALS/FORMS/P5/FORMS_SPECTRUM2/pngs/10.png
[notice ] 23:22:03 : /Volumes/GoogleDrive/Shared drives/PLAYMODES_STUDIO/PROJECTES/ATEMPORALS/FORMS/P5/FORMS_SPECTRUM2/pngs/10.png
[notice ] 23:22:05 : /Volumes/GoogleDrive/Shared drives/PLAYMODES_STUDIO/PROJECTES/ATEMPORALS/FORMS/P5/FORMS_SPECTRUM2/pngs/11.png
[notice ] 23:22:08 : /Volumes/GoogleDrive/Shared drives/PLAYMODES_STUDIO/PROJECTES/ATEMPORALS/FORMS/P5/FORMS_SPECTRUM2/pngs/11.png
[notice ] 23:22:10 : /Volumes/GoogleDrive/Shared drives/PLAYMODES_STUDIO/PROJECTES/ATEMPORALS/FORMS/P5/FORMS_SPECTRUM2/pngs/11.png
[notice ] 23:22:13 : /Volumes/GoogleDrive/Shared drives/PLAYMODES_STUDIO/PROJECTES/ATEMPORALS/FORMS/P5/FORMS_SPECTRUM2/pngs/11.png
[notice ] 23:22:16 : /Volumes/GoogleDrive/Shared drives/PLAYMODES_STUDIO/PROJECTES/ATEMPORALS/FORMS/P5/FORMS_SPECTRUM2/pngs/12.png
[notice ] 23:22:18 : /Volumes/GoogleDrive/Shared drives/PLAYMODES_STUDIO/PROJECTES/ATEMPORALS/FORMS/P5/FORMS_SPECTRUM2/pngs/12.png
[notice ] 23:22:21 : /Volumes/GoogleDrive/Shared drives/PLAYMODES_STUDIO/PROJECTES/ATEMPORALS/FORMS/P5/FORMS_SPECTRUM2/pngs/12.png
[notice ] 23:22:23 : /Volumes/GoogleDrive/Shared drives/PLAYMODES_STUDIO/PROJECTES/ATEMPORALS/FORMS/P5/FORMS_SPECTRUM2/pngs/12.png
[notice ] 23:22:26 : /Volumes/GoogleDrive/Shared drives/PLAYMODES_STUDIO/PROJECTES/ATEMPORALS/FORMS/P5/FORMS_SPECTRUM2/pngs/13.png
[notice ] 23:22:29 : /Volumes/GoogleDrive/Shared drives/PLAYMODES_STUDIO/PROJECTES/ATEMPORALS/FORMS/P5/FORMS_SPECTRUM2/pngs/13.png
[notice ] 23:22:31 : /Volumes/GoogleDrive/Shared drives/PLAYMODES_STUDIO/PROJECTES/ATEMPORALS/FORMS/P5/FORMS_SPECTRUM2/pngs/13.png
[notice ] 23:22:34 : /Volumes/GoogleDrive/Shared drives/PLAYMODES_STUDIO/PROJECTES/ATEMPORALS/FORMS/P5/FORMS_SPECTRUM2/pngs/14.png
[notice ] 23:22:36 : /Volumes/GoogleDrive/Shared drives/PLAYMODES_STUDIO/PROJECTES/ATEMPORALS/FORMS/P5/FORMS_SPECTRUM2/pngs/14.png
[notice ] 23:22:39 : /Volumes/GoogleDrive/Shared drives/PLAYMODES_STUDIO/PROJECTES/ATEMPORALS/FORMS/P5/FORMS_SPECTRUM2/pngs/14.png
[notice ] 23:22:42 : /Volumes/GoogleDrive/Shared drives/PLAYMODES_STUDIO/PROJECTES/ATEMPORALS/FORMS/P5/FORMS_SPECTRUM2/pngs/14.png
[notice ] 23:22:44 : /Volumes/GoogleDrive/Shared drives/PLAYMODES_STUDIO/PROJECTES/ATEMPORALS/FORMS/P5/FORMS_SPECTRUM2/pngs/14.png
[notice ] 23:22:47 : /Volumes/GoogleDrive/Shared drives/PLAYMODES_STUDIO/PROJECTES/ATEMPORALS/FORMS/P5/FORMS_SPECTRUM2/pngs/15.png
[notice ] 23:22:50 : /Volumes/GoogleDrive/Shared drives/PLAYMODES_STUDIO/PROJECTES/ATEMPORALS/FORMS/P5/FORMS_SPECTRUM2/pngs/15.png
[notice ] 23:22:52 : /Volumes/GoogleDrive/Shared drives/PLAYMODES_STUDIO/PROJECTES/ATEMPORALS/FORMS/P5/FORMS_SPECTRUM2/pngs/15.png
[notice ] 23:22:55 : /Volumes/GoogleDrive/Shared drives/PLAYMODES_STUDIO/PROJECTES/ATEMPORALS/FORMS/P5/FORMS_SPECTRUM2/pngs/15.png
[notice ] 23:22:57 : /Volumes/GoogleDrive/Shared drives/PLAYMODES_STUDIO/PROJECTES/ATEMPORALS/FORMS/P5/FORMS_SPECTRUM2/pngs/16.png
[notice ] 23:23:00 : /Volumes/GoogleDrive/Shared drives/PLAYMODES_STUDIO/PROJECTES/ATEMPORALS/FORMS/P5/FORMS_SPECTRUM2/pngs/16.png
[notice ] 23:23:03 : /Volumes/GoogleDrive/Shared drives/PLAYMODES_STUDIO/PROJECTES/ATEMPORALS/FORMS/P5/FORMS_SPECTRUM2/pngs/16.png
[notice ] 23:23:05 : /Volumes/GoogleDrive/Shared drives/PLAYMODES_STUDIO/PROJECTES/ATEMPORALS/FORMS/P5/FORMS_SPECTRUM2/pngs/17.png
[notice ] 23:23:08 : /Volumes/GoogleDrive/Shared drives/PLAYMODES_STUDIO/PROJECTES/ATEMPORALS/FORMS/P5/FORMS_SPECTRUM2/pngs/17.png
[notice ] 23:23:10 : /Volumes/GoogleDrive/Shared drives/PLAYMODES_STUDIO/PROJECTES/ATEMPORALS/FORMS/P5/FORMS_SPECTRUM2/pngs/17.png
[notice ] 23:23:13 : /Volumes/GoogleDrive/Shared drives/PLAYMODES_STUDIO/PROJECTES/ATEMPORALS/FORMS/P5/FORMS_SPECTRUM2/pngs/17.png
[notice ] 23:23:16 : /Volumes/GoogleDrive/Shared drives/PLAYMODES_STUDIO/PROJECTES/ATEMPORALS/FORMS/P5/FORMS_SPECTRUM2/pngs/17.png
[notice ] 23:23:18 : /Volumes/GoogleDrive/Shared drives/PLAYMODES_STUDIO/PROJECTES/ATEMPORALS/FORMS/P5/FORMS_SPECTRUM2/pngs/18.png
[notice ] 23:23:21 : /Volumes/GoogleDrive/Shared drives/PLAYMODES_STUDIO/PROJECTES/ATEMPORALS/FORMS/P5/FORMS_SPECTRUM2/pngs/18.png
[notice ] 23:23:23 : /Volumes/GoogleDrive/Shared drives/PLAYMODES_STUDIO/PROJECTES/ATEMPORALS/FORMS/P5/FORMS_SPECTRUM2/pngs/18.png
[notice ] 23:23:26 : /Volumes/GoogleDrive/Shared drives/PLAYMODES_STUDIO/PROJECTES/ATEMPORALS/FORMS/P5/FORMS_SPECTRUM2/pngs/18.png
[notice ] 23:23:29 : /Volumes/GoogleDrive/Shared drives/PLAYMODES_STUDIO/PROJECTES/ATEMPORALS/FORMS/P5/FORMS_SPECTRUM2/pngs/19.png
[notice ] 23:23:31 : /Volumes/GoogleDrive/Shared drives/PLAYMODES_STUDIO/PROJECTES/ATEMPORALS/FORMS/P5/FORMS_SPECTRUM2/pngs/19.png
[notice ] 23:23:34 : /Volumes/GoogleDrive/Shared drives/PLAYMODES_STUDIO/PROJECTES/ATEMPORALS/FORMS/P5/FORMS_SPECTRUM2/pngs/19.png
[notice ] 23:23:36 : /Volumes/GoogleDrive/Shared drives/PLAYMODES_STUDIO/PROJECTES/ATEMPORALS/FORMS/P5/FORMS_SPECTRUM2/pngs/19.png
[notice ] 23:23:39 : /Volumes/GoogleDrive/Shared drives/PLAYMODES_STUDIO/PROJECTES/ATEMPORALS/FORMS/P5/FORMS_SPECTRUM2/pngs/19.png
[notice ] 23:23:42 : /Volumes/GoogleDrive/Shared drives/PLAYMODES_STUDIO/PROJECTES/ATEMPORALS/FORMS/P5/FORMS_SPECTRUM2/pngs/20.png
[notice ] 23:23:44 : /Volumes/GoogleDrive/Shared drives/PLAYMODES_STUDIO/PROJECTES/ATEMPORALS/FORMS/P5/FORMS_SPECTRUM2/pngs/20.png
[notice ] 23:23:47 : /Volumes/GoogleDrive/Shared drives/PLAYMODES_STUDIO/PROJECTES/ATEMPORALS/FORMS/P5/FORMS_SPECTRUM2/pngs/20.png
[notice ] 23:23:50 : /Volumes/GoogleDrive/Shared drives/PLAYMODES_STUDIO/PROJECTES/ATEMPORALS/FORMS/P5/FORMS_SPECTRUM2/pngs/20.png
[notice ] 23:23:52 : /Volumes/GoogleDrive/Shared drives/PLAYMODES_STUDIO/PROJECTES/ATEMPORALS/FORMS/P5/FORMS_SPECTRUM2/pngs/21.png
[notice ] 23:23:55 : /Volumes/GoogleDrive/Shared drives/PLAYMODES_STUDIO/PROJECTES/ATEMPORALS/FORMS/P5/FORMS_SPECTRUM2/pngs/21.png
[notice ] 23:23:57 : /Volumes/GoogleDrive/Shared drives/PLAYMODES_STUDIO/PROJECTES/ATEMPORALS/FORMS/P5/FORMS_SPECTRUM2/pngs/21.png
[notice ] 23:24:00 : /Volumes/GoogleDrive/Shared drives/PLAYMODES_STUDIO/PROJECTES/ATEMPORALS/FORMS/P5/FORMS_SPECTRUM2/pngs/21.png
[notice ] 23:24:03 : /Volumes/GoogleDrive/Shared drives/PLAYMODES_STUDIO/PROJECTES/ATEMPORALS/FORMS/P5/FORMS_SPECTRUM2/pngs/21.png
[notice ] 23:24:05 : /Volumes/GoogleDrive/Shared drives/PLAYMODES_STUDIO/PROJECTES/ATEMPORALS/FORMS/P5/FORMS_SPECTRUM2/pngs/22.png
[notice ] 23:24:08 : /Volumes/GoogleDrive/Shared drives/PLAYMODES_STUDIO/PROJECTES/ATEMPORALS/FORMS/P5/FORMS_SPECTRUM2/pngs/22.png
[notice ] 23:24:10 : /Volumes/GoogleDrive/Shared drives/PLAYMODES_STUDIO/PROJECTES/ATEMPORALS/FORMS/P5/FORMS_SPECTRUM2/pngs/22.png
[notice ] 23:24:13 : /Volumes/GoogleDrive/Shared drives/PLAYMODES_STUDIO/PROJECTES/ATEMPORALS/FORMS/P5/FORMS_SPECTRUM2/pngs/22.png
[notice ] 23:24:16 : /Volumes/GoogleDrive/Shared drives/PLAYMODES_STUDIO/PROJECTES/ATEMPORALS/FORMS/P5/FORMS_SPECTRUM2/pngs/23.png
[notice ] 23:24:18 : /Volumes/GoogleDrive/Shared drives/PLAYMODES_STUDIO/PROJECTES/ATEMPORALS/FORMS/P5/FORMS_SPECTRUM2/pngs/23.png
[notice ] 23:24:21 : /Volumes/GoogleDrive/Shared drives/PLAYMODES_STUDIO/PROJECTES/ATEMPORALS/FORMS/P5/FORMS_SPECTRUM2/pngs/23.png
[notice ] 23:24:23 : /Volumes/GoogleDrive/Shared drives/PLAYMODES_STUDIO/PROJECTES/ATEMPORALS/FORMS/P5/FORMS_SPECTRUM2/pngs/23.png
[notice ] 23:24:26 : /Volumes/GoogleDrive/Shared drives/PLAYMODES_STUDIO/PROJECTES/ATEMPORALS/FORMS/P5/FORMS_SPECTRUM2/pngs/24.png
[notice ] 23:24:29 : /Volumes/GoogleDrive/Shared drives/PLAYMODES_STUDIO/PROJECTES/ATEMPORALS/FORMS/P5/FORMS_SPECTRUM2/pngs/24.png
[notice ] 23:24:31 : /Volumes/GoogleDrive/Shared drives/PLAYMODES_STUDIO/PROJECTES/ATEMPORALS/FORMS/P5/FORMS_SPECTRUM2/pngs/24.png
[notice ] 23:24:34 : /Volumes/GoogleDrive/Shared drives/PLAYMODES_STUDIO/PROJECTES/ATEMPORALS/FORMS/P5/FORMS_SPECTRUM2/pngs/25.png
[notice ] 23:24:36 : /Volumes/GoogleDrive/Shared drives/PLAYMODES_STUDIO/PROJECTES/ATEMPORALS/FORMS/P5/FORMS_SPECTRUM2/pngs/25.png
[notice ] 23:24:39 : /Volumes/GoogleDrive/Shared drives/PLAYMODES_STUDIO/PROJECTES/ATEMPORALS/FORMS/P5/FORMS_SPECTRUM2/pngs/25.png
[notice ] 23:24:42 : /Volumes/GoogleDrive/Shared drives/PLAYMODES_STUDIO/PROJECTES/ATEMPORALS/FORMS/P5/FORMS_SPECTRUM2/pngs/25.png
[notice ] 23:24:44 : /Volumes/GoogleDrive/Shared drives/PLAYMODES_STUDIO/PROJECTES/ATEMPORALS/FORMS/P5/FORMS_SPECTRUM2/pngs/25.png
[notice ] 23:24:47 : /Volumes/GoogleDrive/Shared drives/PLAYMODES_STUDIO/PROJECTES/ATEMPORALS/FORMS/P5/FORMS_SPECTRUM2/pngs/25.png
[notice ] 23:24:50 : /Volumes/GoogleDrive/Shared drives/PLAYMODES_STUDIO/PROJECTES/ATEMPORALS/FORMS/P5/FORMS_SPECTRUM2/pngs/26.png
[notice ] 23:24:52 : /Volumes/GoogleDrive/Shared drives/PLAYMODES_STUDIO/PROJECTES/ATEMPORALS/FORMS/P5/FORMS_SPECTRUM2/pngs/26.png
[notice ] 23:24:55 : /Volumes/GoogleDrive/Shared drives/PLAYMODES_STUDIO/PROJECTES/ATEMPORALS/FORMS/P5/FORMS_SPECTRUM2/pngs/26.png
[notice ] 23:24:57 : /Volumes/GoogleDrive/Shared drives/PLAYMODES_STUDIO/PROJECTES/ATEMPORALS/FORMS/P5/FORMS_SPECTRUM2/pngs/26.png
[notice ] 23:25:00 : /Volumes/GoogleDrive/Shared drives/PLAYMODES_STUDIO/PROJECTES/ATEMPORALS/FORMS/P5/FORMS_SPECTRUM2/pngs/26.png
[notice ] 23:25:03 : /Volumes/GoogleDrive/Shared drives/PLAYMODES_STUDIO/PROJECTES/ATEMPORALS/FORMS/P5/FORMS_SPECTRUM2/pngs/26.png
[notice ] 23:25:05 : /Volumes/GoogleDrive/Shared drives/PLAYMODES_STUDIO/PROJECTES/ATEMPORALS/FORMS/P5/FORMS_SPECTRUM2/pngs/27.png
[notice ] 23:25:08 : /Volumes/GoogleDrive/Shared drives/PLAYMODES_STUDIO/PROJECTES/ATEMPORALS/FORMS/P5/FORMS_SPECTRUM2/pngs/27.png
[notice ] 23:25:10 : /Volumes/GoogleDrive/Shared drives/PLAYMODES_STUDIO/PROJECTES/ATEMPORALS/FORMS/P5/FORMS_SPECTRUM2/pngs/27.png
[notice ] 23:25:13 : /Volumes/GoogleDrive/Shared drives/PLAYMODES_STUDIO/PROJECTES/ATEMPORALS/FORMS/P5/FORMS_SPECTRUM2/pngs/27.png
[notice ] 23:25:16 : /Volumes/GoogleDrive/Shared drives/PLAYMODES_STUDIO/PROJECTES/ATEMPORALS/FORMS/P5/FORMS_SPECTRUM2/pngs/27.png
[notice ] 23:25:18 : /Volumes/GoogleDrive/Shared drives/PLAYMODES_STUDIO/PROJECTES/ATEMPORALS/FORMS/P5/FORMS_SPECTRUM2/pngs/28.png
[notice ] 23:25:21 : /Volumes/GoogleDrive/Shared drives/PLAYMODES_STUDIO/PROJECTES/ATEMPORALS/FORMS/P5/FORMS_SPECTRUM2/pngs/28.png
[notice ] 23:25:23 : /Volumes/GoogleDrive/Shared drives/PLAYMODES_STUDIO/PROJECTES/ATEMPORALS/FORMS/P5/FORMS_SPECTRUM2/pngs/28.png
[notice ] 23:25:26 : /Volumes/GoogleDrive/Shared drives/PLAYMODES_STUDIO/PROJECTES/ATEMPORALS/FORMS/P5/FORMS_SPECTRUM2/pngs/29.png
[notice ] 23:25:29 : /Volumes/GoogleDrive/Shared drives/PLAYMODES_STUDIO/PROJECTES/ATEMPORALS/FORMS/P5/FORMS_SPECTRUM2/pngs/29.png
[notice ] 23:25:31 : /Volumes/GoogleDrive/Shared drives/PLAYMODES_STUDIO/PROJECTES/ATEMPORALS/FORMS/P5/FORMS_SPECTRUM2/pngs/29.png
[notice ] 23:25:34 : /Volumes/GoogleDrive/Shared drives/PLAYMODES_STUDIO/PROJECTES/ATEMPORALS/FORMS/P5/FORMS_SPECTRUM2/pngs/29.png
[notice ] 23:25:36 : /Volumes/GoogleDrive/Shared drives/PLAYMODES_STUDIO/PROJECTES/ATEMPORALS/FORMS/P5/FORMS_SPECTRUM2/pngs/29.png
[notice ] 23:25:39 : /Volumes/GoogleDrive/Shared drives/PLAYMODES_STUDIO/PROJECTES/ATEMPORALS/FORMS/P5/FORMS_SPECTRUM2/pngs/30.png
[notice ] 23:25:42 : /Volumes/GoogleDrive/Shared drives/PLAYMODES_STUDIO/PROJECTES/ATEMPORALS/FORMS/P5/FORMS_SPECTRUM2/pngs/30.png
[notice ] 23:25:44 : /Volumes/GoogleDrive/Shared drives/PLAYMODES_STUDIO/PROJECTES/ATEMPORALS/FORMS/P5/FORMS_SPECTRUM2/pngs/30.png
[notice ] 23:25:47 : /Volumes/GoogleDrive/Shared drives/PLAYMODES_STUDIO/PROJECTES/ATEMPORALS/FORMS/P5/FORMS_SPECTRUM2/pngs/30.png
[notice ] 23:25:50 : /Volumes/GoogleDrive/Shared drives/PLAYMODES_STUDIO/PROJECTES/ATEMPORALS/FORMS/P5/FORMS_SPECTRUM2/pngs/30.png
[notice ] 23:25:52 : /Volumes/GoogleDrive/Shared drives/PLAYMODES_STUDIO/PROJECTES/ATEMPORALS/FORMS/P5/FORMS_SPECTRUM2/pngs/31.png
[notice ] 23:25:55 : /Volumes/GoogleDrive/Shared drives/PLAYMODES_STUDIO/PROJECTES/ATEMPORALS/FORMS/P5/FORMS_SPECTRUM2/pngs/31.png
[notice ] 23:25:57 : /Volumes/GoogleDrive/Shared drives/PLAYMODES_STUDIO/PROJECTES/ATEMPORALS/FORMS/P5/FORMS_SPECTRUM2/pngs/31.png
[notice ] 23:26:00 : /Volumes/GoogleDrive/Shared drives/PLAYMODES_STUDIO/PROJECTES/ATEMPORALS/FORMS/P5/FORMS_SPECTRUM2/pngs/31.png
[notice ] 23:26:03 : /Volumes/GoogleDrive/Shared drives/PLAYMODES_STUDIO/PROJECTES/ATEMPORALS/FORMS/P5/FORMS_SPECTRUM2/pngs/31.png
[notice ] 23:26:05 : /Volumes/GoogleDrive/Shared drives/PLAYMODES_STUDIO/PROJECTES/ATEMPORALS/FORMS/P5/FORMS_SPECTRUM2/pngs/32.png
[notice ] 23:26:08 : /Volumes/GoogleDrive/Shared drives/PLAYMODES_STUDIO/PROJECTES/ATEMPORALS/FORMS/P5/FORMS_SPECTRUM2/pngs/32.png
[notice ] 23:26:10 : /Volumes/GoogleDrive/Shared drives/PLAYMODES_STUDIO/PROJECTES/ATEMPORALS/FORMS/P5/FORMS_SPECTRUM2/pngs/32.png
[notice ] 23:26:13 : /Volumes/GoogleDrive/Shared drives/PLAYMODES_STUDIO/PROJECTES/ATEMPORALS/FORMS/P5/FORMS_SPECTRUM2/pngs/32.png
[notice ] 23:26:16 : /Volumes/GoogleDrive/Shared drives/PLAYMODES_STUDIO/PROJECTES/ATEMPORALS/FORMS/P5/FORMS_SPECTRUM2/pngs/32.png
[notice ] 23:26:18 : /Volumes/GoogleDrive/Shared drives/PLAYMODES_STUDIO/PROJECTES/ATEMPORALS/FORMS/P5/FORMS_SPECTRUM2/pngs/33.png
[notice ] 23:26:21 : /Volumes/GoogleDrive/Shared drives/PLAYMODES_STUDIO/PROJECTES/ATEMPORALS/FORMS/P5/FORMS_SPECTRUM2/pngs/33.png
[notice ] 23:26:23 : /Volumes/GoogleDrive/Shared drives/PLAYMODES_STUDIO/PROJECTES/ATEMPORALS/FORMS/P5/FORMS_SPECTRUM2/pngs/33.png
[notice ] 23:26:26 : /Volumes/GoogleDrive/Shared drives/PLAYMODES_STUDIO/PROJECTES/ATEMPORALS/FORMS/P5/FORMS_SPECTRUM2/pngs/33.png
[notice ] 23:26:29 : /Volumes/GoogleDrive/Shared drives/PLAYMODES_STUDIO/PROJECTES/ATEMPORALS/FORMS/P5/FORMS_SPECTRUM2/pngs/33.png
[notice ] 23:26:31 : /Volumes/GoogleDrive/Shared drives/PLAYMODES_STUDIO/PROJECTES/ATEMPORALS/FORMS/P5/FORMS_SPECTRUM2/pngs/33.png
[notice ] 23:26:34 : /Volumes/GoogleDrive/Shared drives/PLAYMODES_STUDIO/PROJECTES/ATEMPORALS/FORMS/P5/FORMS_SPECTRUM2/pngs/34.png
[notice ] 23:26:37 : /Volumes/GoogleDrive/Shared drives/PLAYMODES_STUDIO/PROJECTES/ATEMPORALS/FORMS/P5/FORMS_SPECTRUM2/pngs/34.png
[notice ] 23:26:39 : /Volumes/GoogleDrive/Shared drives/PLAYMODES_STUDIO/PROJECTES/ATEMPORALS/FORMS/P5/FORMS_SPECTRUM2/pngs/34.png
[notice ] 23:26:42 : /Volumes/GoogleDrive/Shared drives/PLAYMODES_STUDIO/PROJECTES/ATEMPORALS/FORMS/P5/FORMS_SPECTRUM2/pngs/34.png
[notice ] 23:26:44 : /Volumes/GoogleDrive/Shared drives/PLAYMODES_STUDIO/PROJECTES/ATEMPORALS/FORMS/P5/FORMS_SPECTRUM2/pngs/35.png
[notice ] 23:26:47 : /Volumes/GoogleDrive/Shared drives/PLAYMODES_STUDIO/PROJECTES/ATEMPORALS/FORMS/P5/FORMS_SPECTRUM2/pngs/35.png
[notice ] 23:26:50 : /Volumes/GoogleDrive/Shared drives/PLAYMODES_STUDIO/PROJECTES/ATEMPORALS/FORMS/P5/FORMS_SPECTRUM2/pngs/35.png
[notice ] 23:26:52 : /Volumes/GoogleDrive/Shared drives/PLAYMODES_STUDIO/PROJECTES/ATEMPORALS/FORMS/P5/FORMS_SPECTRUM2/pngs/36.png
[notice ] 23:26:55 : /Volumes/GoogleDrive/Shared drives/PLAYMODES_STUDIO/PROJECTES/ATEMPORALS/FORMS/P5/FORMS_SPECTRUM2/pngs/36.png
[notice ] 23:26:57 : /Volumes/GoogleDrive/Shared drives/PLAYMODES_STUDIO/PROJECTES/ATEMPORALS/FORMS/P5/FORMS_SPECTRUM2/pngs/36.png
[notice ] 23:27:00 : /Volumes/GoogleDrive/Shared drives/PLAYMODES_STUDIO/PROJECTES/ATEMPORALS/FORMS/P5/FORMS_SPECTRUM2/pngs/36.png
[notice ] 23:27:03 : /Volumes/GoogleDrive/Shared drives/PLAYMODES_STUDIO/PROJECTES/ATEMPORALS/FORMS/P5/FORMS_SPECTRUM2/pngs/37.png
[notice ] 23:27:05 : /Volumes/GoogleDrive/Shared drives/PLAYMODES_STUDIO/PROJECTES/ATEMPORALS/FORMS/P5/FORMS_SPECTRUM2/pngs/37.png
[notice ] 23:27:08 : /Volumes/GoogleDrive/Shared drives/PLAYMODES_STUDIO/PROJECTES/ATEMPORALS/FORMS/P5/FORMS_SPECTRUM2/pngs/37.png
[notice ] 23:27:10 : /Volumes/GoogleDrive/Shared drives/PLAYMODES_STUDIO/PROJECTES/ATEMPORALS/FORMS/P5/FORMS_SPECTRUM2/pngs/37.png
[notice ] 23:27:13 : /Volumes/GoogleDrive/Shared drives/PLAYMODES_STUDIO/PROJECTES/ATEMPORALS/FORMS/P5/FORMS_SPECTRUM2/pngs/37.png
[notice ] 23:27:16 : /Volumes/GoogleDrive/Shared drives/PLAYMODES_STUDIO/PROJECTES/ATEMPORALS/FORMS/P5/FORMS_SPECTRUM2/pngs/38.png
[notice ] 23:27:18 : /Volumes/GoogleDrive/Shared drives/PLAYMODES_STUDIO/PROJECTES/ATEMPORALS/FORMS/P5/FORMS_SPECTRUM2/pngs/38.png
[notice ] 23:27:21 : /Volumes/GoogleDrive/Shared drives/PLAYMODES_STUDIO/PROJECTES/ATEMPORALS/FORMS/P5/FORMS_SPECTRUM2/pngs/38.png
[notice ] 23:27:23 : /Volumes/GoogleDrive/Shared drives/PLAYMODES_STUDIO/PROJECTES/ATEMPORALS/FORMS/P5/FORMS_SPECTRUM2/pngs/38.png
[notice ] 23:27:26 : /Volumes/GoogleDrive/Shared drives/PLAYMODES_STUDIO/PROJECTES/ATEMPORALS/FORMS/P5/FORMS_SPECTRUM2/pngs/38.png
[notice ] 23:27:29 : /Volumes/GoogleDrive/Shared drives/PLAYMODES_STUDIO/PROJECTES/ATEMPORALS/FORMS/P5/FORMS_SPECTRUM2/pngs/38.png
[notice ] 23:27:31 : /Volumes/GoogleDrive/Shared drives/PLAYMODES_STUDIO/PROJECTES/ATEMPORALS/FORMS/P5/FORMS_SPECTRUM2/pngs/38.png
[notice ] 23:27:34 : /Volumes/GoogleDrive/Shared drives/PLAYMODES_STUDIO/PROJECTES/ATEMPORALS/FORMS/P5/FORMS_SPECTRUM2/pngs/38.png
[notice ] 23:27:36 : /Volumes/GoogleDrive/Shared drives/PLAYMODES_STUDIO/PROJECTES/ATEMPORALS/FORMS/P5/FORMS_SPECTRUM2/pngs/38.png
[notice ] 23:27:39 : /Volumes/GoogleDrive/Shared drives/PLAYMODES_STUDIO/PROJECTES/ATEMPORALS/FORMS/P5/FORMS_SPECTRUM2/pngs/38.png
[notice ] 23:27:42 : /Volumes/GoogleDrive/Shared drives/PLAYMODES_STUDIO/PROJECTES/ATEMPORALS/FORMS/P5/FORMS_SPECTRUM2/pngs/38.png
[notice ] 23:27:44 : /Volumes/GoogleDrive/Shared drives/PLAYMODES_STUDIO/PROJECTES/ATEMPORALS/FORMS/P5/FORMS_SPECTRUM2/pngs/38.png
[notice ] 23:27:47 : /Volumes/GoogleDrive/Shared drives/PLAYMODES_STUDIO/PROJECTES/ATEMPORALS/FORMS/P5/FORMS_SPECTRUM2/pngs/38.png
[notice ] 23:27:50 : /Volumes/GoogleDrive/Shared drives/PLAYMODES_STUDIO/PROJECTES/ATEMPORALS/FORMS/P5/FORMS_SPECTRUM2/pngs/38.png
[notice ] 23:27:52 : /Volumes/GoogleDrive/Shared drives/PLAYMODES_STUDIO/PROJECTES/ATEMPORALS/FORMS/P5/FORMS_SPECTRUM2/pngs/38.png
[notice ] 23:27:55 : /Volumes/GoogleDrive/Shared drives/PLAYMODES_STUDIO/PROJECTES/ATEMPORALS/FORMS/P5/FORMS_SPECTRUM2/pngs/38.png
[notice ] 23:27:57 : /Volumes/GoogleDrive/Shared drives/PLAYMODES_STUDIO/PROJECTES/ATEMPORALS/FORMS/P5/FORMS_SPECTRUM2/pngs/38.png
[notice ] 23:28:00 : /Volumes/GoogleDrive/Shared drives/PLAYMODES_STUDIO/PROJECTES/ATEMPORALS/FORMS/P5/FORMS_SPECTRUM2/pngs/38.png
[notice ] 23:28:03 : /Volumes/GoogleDrive/Shared drives/PLAYMODES_STUDIO/PROJECTES/ATEMPORALS/FORMS/P5/FORMS_SPECTRUM2/pngs/38.png
[notice ] 23:28:05 : /Volumes/GoogleDrive/Shared drives/PLAYMODES_STUDIO/PROJECTES/ATEMPORALS/FORMS/P5/FORMS_SPECTRUM2/pngs/38.png
[notice ] 23:28:08 : /Volumes/GoogleDrive/Shared drives/PLAYMODES_STUDIO/PROJECTES/ATEMPORALS/FORMS/P5/FORMS_SPECTRUM2/pngs/38.png
[notice ] 23:28:10 : /Volumes/GoogleDrive/Shared drives/PLAYMODES_STUDIO/PROJECTES/ATEMPORALS/FORMS/P5/FORMS_SPECTRUM2/pngs/38.png
[notice ] 23:28:13 : /Volumes/GoogleDrive/Shared drives/PLAYMODES_STUDIO/PROJECTES/ATEMPORALS/FORMS/P5/FORMS_SPECTRUM2/pngs/38.png
[notice ] 23:28:16 : /Volumes/GoogleDrive/Shared drives/PLAYMODES_STUDIO/PROJECTES/ATEMPORALS/FORMS/P5/FORMS_SPECTRUM2/pngs/38.png
[notice ] 23:28:18 : /Volumes/GoogleDrive/Shared drives/PLAYMODES_STUDIO/PROJECTES/ATEMPORALS/FORMS/P5/FORMS_SPECTRUM2/pngs/38.png
[notice ] 23:28:21 : /Volumes/GoogleDrive/Shared drives/PLAYMODES_STUDIO/PROJECTES/ATEMPORALS/FORMS/P5/FORMS_SPECTRUM2/pngs/38.png
[notice ] 23:28:23 : /Volumes/GoogleDrive/Shared drives/PLAYMODES_STUDIO/PROJECTES/ATEMPORALS/FORMS/P5/FORMS_SPECTRUM2/pngs/38.png
[notice ] 23:28:26 : /Volumes/GoogleDrive/Shared drives/PLAYMODES_STUDIO/PROJECTES/ATEMPORALS/FORMS/P5/FORMS_SPECTRUM2/pngs/38.png
[notice ] 23:28:29 : /Volumes/GoogleDrive/Shared drives/PLAYMODES_STUDIO/PROJECTES/ATEMPORALS/FORMS/P5/FORMS_SPECTRUM2/pngs/38.png
[notice ] 23:28:31 : /Volumes/GoogleDrive/Shared drives/PLAYMODES_STUDIO/PROJECTES/ATEMPORALS/FORMS/P5/FORMS_SPECTRUM2/pngs/38.png
[notice ] 23:28:34 : /Volumes/GoogleDrive/Shared drives/PLAYMODES_STUDIO/PROJECTES/ATEMPORALS/FORMS/P5/FORMS_SPECTRUM2/pngs/38.png
[notice ] 23:28:36 : /Volumes/GoogleDrive/Shared drives/PLAYMODES_STUDIO/PROJECTES/ATEMPORALS/FORMS/P5/FORMS_SPECTRUM2/pngs/38.png
[notice ] 23:28:39 : /Volumes/GoogleDrive/Shared drives/PLAYMODES_STUDIO/PROJECTES/ATEMPORALS/FORMS/P5/FORMS_SPECTRUM2/pngs/38.png
[notice ] 23:28:42 : /Volumes/GoogleDrive/Shared drives/PLAYMODES_STUDIO/PROJECTES/ATEMPORALS/FORMS/P5/FORMS_SPECTRUM2/pngs/38.png
[notice ] 23:28:44 : /Volumes/GoogleDrive/Shared drives/PLAYMODES_STUDIO/PROJECTES/ATEMPORALS/FORMS/P5/FORMS_SPECTRUM2/pngs/38.png
[notice ] 23:28:47 : /Volumes/GoogleDrive/Shared drives/PLAYMODES_STUDIO/PROJECTES/ATEMPORALS/FORMS/P5/FORMS_SPECTRUM2/pngs/38.png
[notice ] 23:28:50 : /Volumes/GoogleDrive/Shared drives/PLAYMODES_STUDIO/PROJECTES/ATEMPORALS/FORMS/P5/FORMS_SPECTRUM2/pngs/38.png
[notice ] 23:28:52 : /Volumes/GoogleDrive/Shared drives/PLAYMODES_STUDIO/PROJECTES/ATEMPORALS/FORMS/P5/FORMS_SPECTRUM2/pngs/38.png
[notice ] 23:28:55 : /Volumes/GoogleDrive/Shared drives/PLAYMODES_STUDIO/PROJECTES/ATEMPORALS/FORMS/P5/FORMS_SPECTRUM2/pngs/38.png
[notice ] 23:28:57 : /Volumes/GoogleDrive/Shared drives/PLAYMODES_STUDIO/PROJECTES/ATEMPORALS/FORMS/P5/FORMS_SPECTRUM2/pngs/38.png
[notice ] 23:29:00 : /Volumes/GoogleDrive/Shared drives/PLAYMODES_STUDIO/PROJECTES/ATEMPORALS/FORMS/P5/FORMS_SPECTRUM2/pngs/38.png
[notice ] 23:29:03 : /Volumes/GoogleDrive/Shared drives/PLAYMODES_STUDIO/PROJECTES/ATEMPORALS/FORMS/P5/FORMS_SPECTRUM2/pngs/38.png
[notice ] 23:29:05 : /Volumes/GoogleDrive/Shared drives/PLAYMODES_STUDIO/PROJECTES/ATEMPORALS/FORMS/P5/FORMS_SPECTRUM2/pngs/38.png
[notice ] 23:29:08 : /Volumes/GoogleDrive/Shared drives/PLAYMODES_STUDIO/PROJECTES/ATEMPORALS/FORMS/P5/FORMS_SPECTRUM2/pngs/38.png
[notice ] 23:29:10 : /Volumes/GoogleDrive/Shared drives/PLAYMODES_STUDIO/PROJECTES/ATEMPORALS/FORMS/P5/FORMS_SPECTRUM2/pngs/38.png
[notice ] 23:29:13 : /Volumes/GoogleDrive/Shared drives/PLAYMODES_STUDIO/PROJECTES/ATEMPORALS/FORMS/P5/FORMS_SPECTRUM2/pngs/38.png
[notice ] 23:29:16 : /Volumes/GoogleDrive/Shared drives/PLAYMODES_STUDIO/PROJECTES/ATEMPORALS/FORMS/P5/FORMS_SPECTRUM2/pngs/38.png
[notice ] 23:29:18 : /Volumes/GoogleDrive/Shared drives/PLAYMODES_STUDIO/PROJECTES/ATEMPORALS/FORMS/P5/FORMS_SPECTRUM2/pngs/38.png
[notice ] 23:29:21 : /Volumes/GoogleDrive/Shared drives/PLAYMODES_STUDIO/PROJECTES/ATEMPORALS/FORMS/P5/FORMS_SPECTRUM2/pngs/38.png
[notice ] 23:29:23 : /Volumes/GoogleDrive/Shared drives/PLAYMODES_STUDIO/PROJECTES/ATEMPORALS/FORMS/P5/FORMS_SPECTRUM2/pngs/38.png
[notice ] 23:29:26 : /Volumes/GoogleDrive/Shared drives/PLAYMODES_STUDIO/PROJECTES/ATEMPORALS/FORMS/P5/FORMS_SPECTRUM2/pngs/38.png
[notice ] 23:29:29 : /Volumes/GoogleDrive/Shared drives/PLAYMODES_STUDIO/PROJECTES/ATEMPORALS/FORMS/P5/FORMS_SPECTRUM2/pngs/38.png
[notice ] 23:29:31 : /Volumes/GoogleDrive/Shared drives/PLAYMODES_STUDIO/PROJECTES/ATEMPORALS/FORMS/P5/FORMS_SPECTRUM2/pngs/38.png
[notice ] 23:29:34 : /Volumes/GoogleDrive/Shared drives/PLAYMODES_STUDIO/PROJECTES/ATEMPORALS/FORMS/P5/FORMS_SPECTRUM2/pngs/38.png
[notice ] 23:29:36 : /Volumes/GoogleDrive/Shared drives/PLAYMODES_STUDIO/PROJECTES/ATEMPORALS/FORMS/P5/FORMS_SPECTRUM2/pngs/38.png
[notice ] 23:29:39 : /Volumes/GoogleDrive/Shared drives/PLAYMODES_STUDIO/PROJECTES/ATEMPORALS/FORMS/P5/FORMS_SPECTRUM2/pngs/38.png
[notice ] 23:29:42 : /Volumes/GoogleDrive/Shared drives/PLAYMODES_STUDIO/PROJECTES/ATEMPORALS/FORMS/P5/FORMS_SPECTRUM2/pngs/38.png
[notice ] 23:29:44 : /Volumes/GoogleDrive/Shared drives/PLAYMODES_STUDIO/PROJECTES/ATEMPORALS/FORMS/P5/FORMS_SPECTRUM2/pngs/38.png
[notice ] 23:29:47 : /Volumes/GoogleDrive/Shared drives/PLAYMODES_STUDIO/PROJECTES/ATEMPORALS/FORMS/P5/FORMS_SPECTRUM2/pngs/38.png
[notice ] 23:29:50 : /Volumes/GoogleDrive/Shared drives/PLAYMODES_STUDIO/PROJECTES/ATEMPORALS/FORMS/P5/FORMS_SPECTRUM2/pngs/38.png
[notice ] 23:29:52 : /Volumes/GoogleDrive/Shared drives/PLAYMODES_STUDIO/PROJECTES/ATEMPORALS/FORMS/P5/FORMS_SPECTRUM2/pngs/38.png
[notice ] 23:29:55 : /Volumes/GoogleDrive/Shared drives/PLAYMODES_STUDIO/PROJECTES/ATEMPORALS/FORMS/P5/FORMS_SPECTRUM2/pngs/38.png
[notice ] 23:29:57 : /Volumes/GoogleDrive/Shared drives/PLAYMODES_STUDIO/PROJECTES/ATEMPORALS/FORMS/P5/FORMS_SPECTRUM2/pngs/38.png
[notice ] 23:30:00 : /Volumes/GoogleDrive/Shared drives/PLAYMODES_STUDIO/PROJECTES/ATEMPORALS/FORMS/P5/FORMS_SPECTRUM2/pngs/38.png
[notice ] 23:30:03 : /Volumes/GoogleDrive/Shared drives/PLAYMODES_STUDIO/PROJECTES/ATEMPORALS/FORMS/P5/FORMS_SPECTRUM2/pngs/38.png
[notice ] 23:30:05 : /Volumes/GoogleDrive/Shared drives/PLAYMODES_STUDIO/PROJECTES/ATEMPORALS/FORMS/P5/FORMS_SPECTRUM2/pngs/38.png
[notice ] 23:30:08 : /Volumes/GoogleDrive/Shared drives/PLAYMODES_STUDIO/PROJECTES/ATEMPORALS/FORMS/P5/FORMS_SPECTRUM2/pngs/38.png
[notice ] 23:30:10 : /Volumes/GoogleDrive/Shared drives/PLAYMODES_STUDIO/PROJECTES/ATEMPORALS/FORMS/P5/FORMS_SPECTRUM2/pngs/38.png
[notice ] 23:30:13 : /Volumes/GoogleDrive/Shared drives/PLAYMODES_STUDIO/PROJECTES/ATEMPORALS/FORMS/P5/FORMS_SPECTRUM2/pngs/38.png
[notice ] 23:30:16 : /Volumes/GoogleDrive/Shared drives/PLAYMODES_STUDIO/PROJECTES/ATEMPORALS/FORMS/P5/FORMS_SPECTRUM2/pngs/38.png
[notice ] 23:30:18 : /Volumes/GoogleDrive/Shared drives/PLAYMODES_STUDIO/PROJECTES/ATEMPORALS/FORMS/P5/FORMS_SPECTRUM2/pngs/38.png
[notice ] 23:30:21 : /Volumes/GoogleDrive/Shared drives/PLAYMODES_STUDIO/PROJECTES/ATEMPORALS/FORMS/P5/FORMS_SPECTRUM2/pngs/38.png
[notice ] 23:30:23 : /Volumes/GoogleDrive/Shared drives/PLAYMODES_STUDIO/PROJECTES/ATEMPORALS/FORMS/P5/FORMS_SPECTRUM2/pngs/38.png
[notice ] 23:30:26 : /Volumes/GoogleDrive/Shared drives/PLAYMODES_STUDIO/PROJECTES/ATEMPORALS/FORMS/P5/FORMS_SPECTRUM2/pngs/38.png
[notice ] 23:30:29 : /Volumes/GoogleDrive/Shared drives/PLAYMODES_STUDIO/PROJECTES/ATEMPORALS/FORMS/P5/FORMS_SPECTRUM2/pngs/38.png
[notice ] 23:30:31 : /Volumes/GoogleDrive/Shared drives/PLAYMODES_STUDIO/PROJECTES/ATEMPORALS/FORMS/P5/FORMS_SPECTRUM2/pngs/38.png
[notice ] 23:30:34 : /Volumes/GoogleDrive/Shared drives/PLAYMODES_STUDIO/PROJECTES/ATEMPORALS/FORMS/P5/FORMS_SPECTRUM2/pngs/38.png
[notice ] 23:30:36 : /Volumes/GoogleDrive/Shared drives/PLAYMODES_STUDIO/PROJECTES/ATEMPORALS/FORMS/P5/FORMS_SPECTRUM2/pngs/38.png
[notice ] 23:30:39 : /Volumes/GoogleDrive/Shared drives/PLAYMODES_STUDIO/PROJECTES/ATEMPORALS/FORMS/P5/FORMS_SPECTRUM2/pngs/38.png
[notice ] 23:30:42 : /Volumes/GoogleDrive/Shared drives/PLAYMODES_STUDIO/PROJECTES/ATEMPORALS/FORMS/P5/FORMS_SPECTRUM2/pngs/38.png
[notice ] 23:30:44 : /Volumes/GoogleDrive/Shared drives/PLAYMODES_STUDIO/PROJECTES/ATEMPORALS/FORMS/P5/FORMS_SPECTRUM2/pngs/38.png
[notice ] 23:30:47 : /Volumes/GoogleDrive/Shared drives/PLAYMODES_STUDIO/PROJECTES/ATEMPORALS/FORMS/P5/FORMS_SPECTRUM2/pngs/38.png
[notice ] 23:30:50 : /Volumes/GoogleDrive/Shared drives/PLAYMODES_STUDIO/PROJECTES/ATEMPORALS/FORMS/P5/FORMS_SPECTRUM2/pngs/38.png
[notice ] 23:30:52 : /Volumes/GoogleDrive/Shared drives/PLAYMODES_STUDIO/PROJECTES/ATEMPORALS/FORMS/P5/FORMS_SPECTRUM2/pngs/38.png
[notice ] 23:30:55 : /Volumes/GoogleDrive/Shared drives/PLAYMODES_STUDIO/PROJECTES/ATEMPORALS/FORMS/P5/FORMS_SPECTRUM2/pngs/38.png
[notice ] 23:30:57 : /Volumes/GoogleDrive/Shared drives/PLAYMODES_STUDIO/PROJECTES/ATEMPORALS/FORMS/P5/FORMS_SPECTRUM2/pngs/38.png
[notice ] 23:31:00 : /Volumes/GoogleDrive/Shared drives/PLAYMODES_STUDIO/PROJECTES/ATEMPORALS/FORMS/P5/FORMS_SPECTRUM2/pngs/38.png
[notice ] 23:31:03 : /Volumes/GoogleDrive/Shared drives/PLAYMODES_STUDIO/PROJECTES/ATEMPORALS/FORMS/P5/FORMS_SPECTRUM2/pngs/38.png
[notice ] 23:31:05 : /Volumes/GoogleDrive/Shared drives/PLAYMODES_STUDIO/PROJECTES/ATEMPORALS/FORMS/P5/FORMS_SPECTRUM2/pngs/38.png
[notice ] 23:31:08 : /Volumes/GoogleDrive/Shared drives/PLAYMODES_STUDIO/PROJECTES/ATEMPORALS/FORMS/P5/FORMS_SPECTRUM2/pngs/38.png
[notice ] 23:31:10 : /Volumes/GoogleDrive/Shared drives/PLAYMODES_STUDIO/PROJECTES/ATEMPORALS/FORMS/P5/FORMS_SPECTRUM2/pngs/38.png
[notice ] 23:31:13 : /Volumes/GoogleDrive/Shared drives/PLAYMODES_STUDIO/PROJECTES/ATEMPORALS/FORMS/P5/FORMS_SPECTRUM2/pngs/38.png
[notice ] 23:31:16 : /Volumes/GoogleDrive/Shared drives/PLAYMODES_STUDIO/PROJECTES/ATEMPORALS/FORMS/P5/FORMS_SPECTRUM2/pngs/38.png
[notice ] 23:31:18 : /Volumes/GoogleDrive/Shared drives/PLAYMODES_STUDIO/PROJECTES/ATEMPORALS/FORMS/P5/FORMS_SPECTRUM2/pngs/38.png
[notice ] 23:31:21 : /Volumes/GoogleDrive/Shared drives/PLAYMODES_STUDIO/PROJECTES/ATEMPORALS/FORMS/P5/FORMS_SPECTRUM2/pngs/38.png
[notice ] 23:31:23 : /Volumes/GoogleDrive/Shared drives/PLAYMODES_STUDIO/PROJECTES/ATEMPORALS/FORMS/P5/FORMS_SPECTRUM2/pngs/38.png
[notice ] 23:31:26 : /Volumes/GoogleDrive/Shared drives/PLAYMODES_STUDIO/PROJECTES/ATEMPORALS/FORMS/P5/FORMS_SPECTRUM2/pngs/38.png
[notice ] 23:31:29 : /Volumes/GoogleDrive/Shared drives/PLAYMODES_STUDIO/PROJECTES/ATEMPORALS/FORMS/P5/FORMS_SPECTRUM2/pngs/38.png
[notice ] 23:31:31 : /Volumes/GoogleDrive/Shared drives/PLAYMODES_STUDIO/PROJECTES/ATEMPORALS/FORMS/P5/FORMS_SPECTRUM2/pngs/38.png
[notice ] 23:31:34 : /Volumes/GoogleDrive/Shared drives/PLAYMODES_STUDIO/PROJECTES/ATEMPORALS/FORMS/P5/FORMS_SPECTRUM2/pngs/38.png
[notice ] 23:31:36 : /Volumes/GoogleDrive/Shared drives/PLAYMODES_STUDIO/PROJECTES/ATEMPORALS/FORMS/P5/FORMS_SPECTRUM2/pngs/38.png
[notice ] 23:31:39 : /Volumes/GoogleDrive/Shared drives/PLAYMODES_STUDIO/PROJECTES/ATEMPORALS/FORMS/P5/FORMS_SPECTRUM2/pngs/38.png
[notice ] 23:31:42 : /Volumes/GoogleDrive/Shared drives/PLAYMODES_STUDIO/PROJECTES/ATEMPORALS/FORMS/P5/FORMS_SPECTRUM2/pngs/38.png
[notice ] 23:31:44 : /Volumes/GoogleDrive/Shared drives/PLAYMODES_STUDIO/PROJECTES/ATEMPORALS/FORMS/P5/FORMS_SPECTRUM2/pngs/38.png
[notice ] 23:31:47 : /Volumes/GoogleDrive/Shared drives/PLAYMODES_STUDIO/PROJECTES/ATEMPORALS/FORMS/P5/FORMS_SPECTRUM2/pngs/38.png
[notice ] 23:31:50 : /Volumes/GoogleDrive/Shared drives/PLAYMODES_STUDIO/PROJECTES/ATEMPORALS/FORMS/P5/FORMS_SPECTRUM2/pngs/38.png
[notice ] 23:31:52 : /Volumes/GoogleDrive/Shared drives/PLAYMODES_STUDIO/PROJECTES/ATEMPORALS/FORMS/P5/FORMS_SPECTRUM2/pngs/38.png
[notice ] 23:31:55 : /Volumes/GoogleDrive/Shared drives/PLAYMODES_STUDIO/PROJECTES/ATEMPORALS/FORMS/P5/FORMS_SPECTRUM2/pngs/38.png
[notice ] 23:31:57 : /Volumes/GoogleDrive/Shared drives/PLAYMODES_STUDIO/PROJECTES/ATEMPORALS/FORMS/P5/FORMS_SPECTRUM2/pngs/38.png
[notice ] 23:32:00 : /Volumes/GoogleDrive/Shared drives/PLAYMODES_STUDIO/PROJECTES/ATEMPORALS/FORMS/P5/FORMS_SPECTRUM2/pngs/38.png
[notice ] 23:32:03 : /Volumes/GoogleDrive/Shared drives/PLAYMODES_STUDIO/PROJECTES/ATEMPORALS/FORMS/P5/FORMS_SPECTRUM2/pngs/38.png
[notice ] 23:32:05 : /Volumes/GoogleDrive/Shared drives/PLAYMODES_STUDIO/PROJECTES/ATEMPORALS/FORMS/P5/FORMS_SPECTRUM2/pngs/38.png
[notice ] 23:32:08 : /Volumes/GoogleDrive/Shared drives/PLAYMODES_STUDIO/PROJECTES/ATEMPORALS/FORMS/P5/FORMS_SPECTRUM2/pngs/38.png
[notice ] 23:32:10 : /Volumes/GoogleDrive/Shared drives/PLAYMODES_STUDIO/PROJECTES/ATEMPORALS/FORMS/P5/FORMS_SPECTRUM2/pngs/38.png
[notice ] 23:32:13 : /Volumes/GoogleDrive/Shared drives/PLAYMODES_STUDIO/PROJECTES/ATEMPORALS/FORMS/P5/FORMS_SPECTRUM2/pngs/38.png
[notice ] 23:32:16 : /Volumes/GoogleDrive/Shared drives/PLAYMODES_STUDIO/PROJECTES/ATEMPORALS/FORMS/P5/FORMS_SPECTRUM2/pngs/38.png
[notice ] 23:32:18 : /Volumes/GoogleDrive/Shared drives/PLAYMODES_STUDIO/PROJECTES/ATEMPORALS/FORMS/P5/FORMS_SPECTRUM2/pngs/38.png
[notice ] 23:32:21 : /Volumes/GoogleDrive/Shared drives/PLAYMODES_STUDIO/PROJECTES/ATEMPORALS/FORMS/P5/FORMS_SPECTRUM2/pngs/38.png
[notice ] 23:32:23 : /Volumes/GoogleDrive/Shared drives/PLAYMODES_STUDIO/PROJECTES/ATEMPORALS/FORMS/P5/FORMS_SPECTRUM2/pngs/38.png
[notice ] 23:32:26 : /Volumes/GoogleDrive/Shared drives/PLAYMODES_STUDIO/PROJECTES/ATEMPORALS/FORMS/P5/FORMS_SPECTRUM2/pngs/38.png
[notice ] 23:32:29 : /Volumes/GoogleDrive/Shared drives/PLAYMODES_STUDIO/PROJECTES/ATEMPORALS/FORMS/P5/FORMS_SPECTRUM2/pngs/38.png
[notice ] 23:32:31 : /Volumes/GoogleDrive/Shared drives/PLAYMODES_STUDIO/PROJECTES/ATEMPORALS/FORMS/P5/FORMS_SPECTRUM2/pngs/38.png
[notice ] 23:32:34 : /Volumes/GoogleDrive/Shared drives/PLAYMODES_STUDIO/PROJECTES/ATEMPORALS/FORMS/P5/FORMS_SPECTRUM2/pngs/38.png
[notice ] 23:32:36 : /Volumes/GoogleDrive/Shared drives/PLAYMODES_STUDIO/PROJECTES/ATEMPORALS/FORMS/P5/FORMS_SPECTRUM2/pngs/38.png
[notice ] 23:32:39 : /Volumes/GoogleDrive/Shared drives/PLAYMODES_STUDIO/PROJECTES/ATEMPORALS/FORMS/P5/FORMS_SPECTRUM2/pngs/38.png
[notice ] 23:32:42 : /Volumes/GoogleDrive/Shared drives/PLAYMODES_STUDIO/PROJECTES/ATEMPORALS/FORMS/P5/FORMS_SPECTRUM2/pngs/38.png
[notice ] 23:32:44 : /Volumes/GoogleDrive/Shared drives/PLAYMODES_STUDIO/PROJECTES/ATEMPORALS/FORMS/P5/FORMS_SPECTRUM2/pngs/38.png
[notice ] 23:32:47 : /Volumes/GoogleDrive/Shared drives/PLAYMODES_STUDIO/PROJECTES/ATEMPORALS/FORMS/P5/FORMS_SPECTRUM2/pngs/38.png
[notice ] 23:32:50 : /Volumes/GoogleDrive/Shared drives/PLAYMODES_STUDIO/PROJECTES/ATEMPORALS/FORMS/P5/FORMS_SPECTRUM2/pngs/38.png
[notice ] 23:32:52 : /Volumes/GoogleDrive/Shared drives/PLAYMODES_STUDIO/PROJECTES/ATEMPORALS/FORMS/P5/FORMS_SPECTRUM2/pngs/38.png
[notice ] 23:32:55 : /Volumes/GoogleDrive/Shared drives/PLAYMODES_STUDIO/PROJECTES/ATEMPORALS/FORMS/P5/FORMS_SPECTRUM2/pngs/38.png
[notice ] 23:32:57 : /Volumes/GoogleDrive/Shared drives/PLAYMODES_STUDIO/PROJECTES/ATEMPORALS/FORMS/P5/FORMS_SPECTRUM2/pngs/38.png
[notice ] 23:33:00 : /Volumes/GoogleDrive/Shared drives/PLAYMODES_STUDIO/PROJECTES/ATEMPORALS/FORMS/P5/FORMS_SPECTRUM2/pngs/38.png
[notice ] 23:33:03 : /Volumes/GoogleDrive/Shared drives/PLAYMODES_STUDIO/PROJECTES/ATEMPORALS/FORMS/P5/FORMS_SPECTRUM2/pngs/38.png
[notice ] 23:33:05 : /Volumes/GoogleDrive/Shared drives/PLAYMODES_STUDIO/PROJECTES/ATEMPORALS/FORMS/P5/FORMS_SPECTRUM2/pngs/38.png
[notice ] 23:33:08 : /Volumes/GoogleDrive/Shared drives/PLAYMODES_STUDIO/PROJECTES/ATEMPORALS/FORMS/P5/FORMS_SPECTRUM2/pngs/38.png
[notice ] 23:33:10 : /Volumes/GoogleDrive/Shared drives/PLAYMODES_STUDIO/PROJECTES/ATEMPORALS/FORMS/P5/FORMS_SPECTRUM2/pngs/38.png
[notice ] 23:33:13 : /Volumes/GoogleDrive/Shared drives/PLAYMODES_STUDIO/PROJECTES/ATEMPORALS/FORMS/P5/FORMS_SPECTRUM2/pngs/38.png
[notice ] 23:33:16 : /Volumes/GoogleDrive/Shared drives/PLAYMODES_STUDIO/PROJECTES/ATEMPORALS/FORMS/P5/FORMS_SPECTRUM2/pngs/38.png
[notice ] 23:49:10 : /Volumes/GoogleDrive/Shared drives/PLAYMODES_STUDIO/PROJECTES/ATEMPORALS/FORMS/P5/FORMS_SPECTRUM2/pngs/38.png
[notice ] 23:49:13 : /Volumes/GoogleDrive/Shared drives/PLAYMODES_STUDIO/PROJECTES/ATEMPORALS/FORMS/P5/FORMS_SPECTRUM2/pngs/38.png
[notice ] 23:49:16 : /Volumes/GoogleDrive/Shared drives/PLAYMODES_STUDIO/PROJECTES/ATEMPORALS/FORMS/P5/FORMS_SPECTRUM2/pngs/38.png
[notice ] 23:49:18 : /Volumes/GoogleDrive/Shared drives/PLAYMODES_STUDIO/PROJECTES/ATEMPORALS/FORMS/P5/FORMS_SPECTRUM2/pngs/38.png
[notice ] 23:49:21 : /Volumes/GoogleDrive/Shared drives/PLAYMODES_STUDIO/PROJECTES/ATEMPORALS/FORMS/P5/FORMS_SPECTRUM2/pngs/38.png
[notice ] 23:49:23 : /Volumes/GoogleDrive/Shared drives/PLAYMODES_STUDIO/PROJECTES/ATEMPORALS/FORMS/P5/FORMS_SPECTRUM2/pngs/38.png
[notice ] 23:49:26 : /Volumes/GoogleDrive/Shared drives/PLAYMODES_STUDIO/PROJECTES/ATEMPORALS/FORMS/P5/FORMS_SPECTRUM2/pngs/38.png
[notice ] 23:49:29 : /Volumes/GoogleDrive/Shared drives/PLAYMODES_STUDIO/PROJECTES/ATEMPORALS/FORMS/P5/FORMS_SPECTRUM2/pngs/38.png
[notice ] 23:49:31 : /Volumes/GoogleDrive/Shared drives/PLAYMODES_STUDIO/PROJECTES/ATEMPORALS/FORMS/P5/FORMS_SPECTRUM2/pngs/38.png
[notice ] 23:49:34 : /Volumes/GoogleDrive/Shared drives/PLAYMODES_STUDIO/PROJECTES/ATEMPORALS/FORMS/P5/FORMS_SPECTRUM2/pngs/38.png
[notice ] 23:49:37 : /Volumes/GoogleDrive/Shared drives/PLAYMODES_STUDIO/PROJECTES/ATEMPORALS/FORMS/P5/FORMS_SPECTRUM2/pngs/38.png
[notice ] 23:49:39 : /Volumes/GoogleDrive/Shared drives/PLAYMODES_STUDIO/PROJECTES/ATEMPORALS/FORMS/P5/FORMS_SPECTRUM2/pngs/38.png
[notice ] 23:49:42 : /Volumes/GoogleDrive/Shared drives/PLAYMODES_STUDIO/PROJECTES/ATEMPORALS/FORMS/P5/FORMS_SPECTRUM2/pngs/38.png
[notice ] 23:49:44 : /Volumes/GoogleDrive/Shared drives/PLAYMODES_STUDIO/PROJECTES/ATEMPORALS/FORMS/P5/FORMS_SPECTRUM2/pngs/38.png
[notice ] 23:49:47 : /Volumes/GoogleDrive/Shared drives/PLAYMODES_STUDIO/PROJECTES/ATEMPORALS/FORMS/P5/FORMS_SPECTRUM2/pngs/38.png
[notice ] 23:49:50 : /Volumes/GoogleDrive/Shared drives/PLAYMODES_STUDIO/PROJECTES/ATEMPORALS/FORMS/P5/FORMS_SPECTRUM2/pngs/38.png
[notice ] 23:49:52 : /Volumes/GoogleDrive/Shared drives/PLAYMODES_STUDIO/PROJECTES/ATEMPORALS/FORMS/P5/FORMS_SPECTRUM2/pngs/38.png
[notice ] 23:49:55 : /Volumes/GoogleDrive/Shared drives/PLAYMODES_STUDIO/PROJECTES/ATEMPORALS/FORMS/P5/FORMS_SPECTRUM2/pngs/38.png
[notice ] 23:49:57 : /Volumes/GoogleDrive/Shared drives/PLAYMODES_STUDIO/PROJECTES/ATEMPORALS/FORMS/P5/FORMS_SPECTRUM2/pngs/38.png
[notice ] 23:50:00 : /Volumes/GoogleDrive/Shared drives/PLAYMODES_STUDIO/PROJECTES/ATEMPORALS/FORMS/P5/FORMS_SPECTRUM2/pngs/38.png
[notice ] 23:50:03 : /Volumes/GoogleDrive/Shared drives/PLAYMODES_STUDIO/PROJECTES/ATEMPORALS/FORMS/P5/FORMS_SPECTRUM2/pngs/38.png
[notice ] 23:50:05 : /Volumes/GoogleDrive/Shared drives/PLAYMODES_STUDIO/PROJECTES/ATEMPORALS/FORMS/P5/FORMS_SPECTRUM2/pngs/38.png
[notice ] 23:50:08 : /Volumes/GoogleDrive/Shared drives/PLAYMODES_STUDIO/PROJECTES/ATEMPORALS/FORMS/P5/FORMS_SPECTRUM2/pngs/38.png
[notice ] 23:50:10 : /Volumes/GoogleDrive/Shared drives/PLAYMODES_STUDIO/PROJECTES/ATEMPORALS/FORMS/P5/FORMS_SPECTRUM2/pngs/38.png
[notice ] 23:50:13 : /Volumes/GoogleDrive/Shared drives/PLAYMODES_STUDIO/PROJECTES/ATEMPORALS/FORMS/P5/FORMS_SPECTRUM2/pngs/38.png
[notice ] 23:50:16 : /Volumes/GoogleDrive/Shared drives/PLAYMODES_STUDIO/PROJECTES/ATEMPORALS/FORMS/P5/FORMS_SPECTRUM2/pngs/38.png
[notice ] 23:50:18 : /Volumes/GoogleDrive/Shared drives/PLAYMODES_STUDIO/PROJECTES/ATEMPORALS/FORMS/P5/FORMS_SPECTRUM2/pngs/38.png
[notice ] 23:50:21 : /Volumes/GoogleDrive/Shared drives/PLAYMODES_STUDIO/PROJECTES/ATEMPORALS/FORMS/P5/FORMS_SPECTRUM2/pngs/38.png
[notice ] 23:50:23 : /Volumes/GoogleDrive/Shared drives/PLAYMODES_STUDIO/PROJECTES/ATEMPORALS/FORMS/P5/FORMS_SPECTRUM2/pngs/38.png
[notice ] 23:50:26 : /Volumes/GoogleDrive/Shared drives/PLAYMODES_STUDIO/PROJECTES/ATEMPORALS/FORMS/P5/FORMS_SPECTRUM2/pngs/38.png
[notice ] 23:50:29 : /Volumes/GoogleDrive/Shared drives/PLAYMODES_STUDIO/PROJECTES/ATEMPORALS/FORMS/P5/FORMS_SPECTRUM2/pngs/38.png
[notice ] 23:50:31 : /Volumes/GoogleDrive/Shared drives/PLAYMODES_STUDIO/PROJECTES/ATEMPORALS/FORMS/P5/FORMS_SPECTRUM2/pngs/1.png
[notice ] 23:50:34 : /Volumes/GoogleDrive/Shared drives/PLAYMODES_STUDIO/PROJECTES/ATEMPORALS/FORMS/P5/FORMS_SPECTRUM2/pngs/2.png
[notice ] 23:50:37 : /Volumes/GoogleDrive/Shared drives/PLAYMODES_STUDIO/PROJECTES/ATEMPORALS/FORMS/P5/FORMS_SPECTRUM2/pngs/3.png
[notice ] 23:50:39 : /Volumes/GoogleDrive/Shared drives/PLAYMODES_STUDIO/PROJECTES/ATEMPORALS/FORMS/P5/FORMS_SPECTRUM2/pngs/4.png
[notice ] 23:50:42 : /Volumes/GoogleDrive/Shared drives/PLAYMODES_STUDIO/PROJECTES/ATEMPORALS/FORMS/P5/FORMS_SPECTRUM2/pngs/4.png
[notice ] 23:50:44 : /Volumes/GoogleDrive/Shared drives/PLAYMODES_STUDIO/PROJECTES/ATEMPORALS/FORMS/P5/FORMS_SPECTRUM2/pngs/4.png
[notice ] 23:50:47 : /Volumes/GoogleDrive/Shared drives/PLAYMODES_STUDIO/PROJECTES/ATEMPORALS/FORMS/P5/FORMS_SPECTRUM2/pngs/4.png
[notice ] 23:50:50 : /Volumes/GoogleDrive/Shared drives/PLAYMODES_STUDIO/PROJECTES/ATEMPORALS/FORMS/P5/FORMS_SPECTRUM2/pngs/4.png
[notice ] 23:50:52 : /Volumes/GoogleDrive/Shared drives/PLAYMODES_STUDIO/PROJECTES/ATEMPORALS/FORMS/P5/FORMS_SPECTRUM2/pngs/4.png
[notice ] 23:50:55 : /Volumes/GoogleDrive/Shared drives/PLAYMODES_STUDIO/PROJECTES/ATEMPORALS/FORMS/P5/FORMS_SPECTRUM2/pngs/4.png
[notice ] 23:50:57 : /Volumes/GoogleDrive/Shared drives/PLAYMODES_STUDIO/PROJECTES/ATEMPORALS/FORMS/P5/FORMS_SPECTRUM2/pngs/4.png
[notice ] 23:51:00 : /Volumes/GoogleDrive/Shared drives/PLAYMODES_STUDIO/PROJECTES/ATEMPORALS/FORMS/P5/FORMS_SPECTRUM2/pngs/4.png
[notice ] 23:51:03 : /Volumes/GoogleDrive/Shared drives/PLAYMODES_STUDIO/PROJECTES/ATEMPORALS/FORMS/P5/FORMS_SPECTRUM2/pngs/4.png
[notice ] 23:51:05 : /Volumes/GoogleDrive/Shared drives/PLAYMODES_STUDIO/PROJECTES/ATEMPORALS/FORMS/P5/FORMS_SPECTRUM2/pngs/4.png
[notice ] 23:51:08 : /Volumes/GoogleDrive/Shared drives/PLAYMODES_STUDIO/PROJECTES/ATEMPORALS/FORMS/P5/FORMS_SPECTRUM2/pngs/4.png
[notice ] 23:51:10 : /Volumes/GoogleDrive/Shared drives/PLAYMODES_STUDIO/PROJECTES/ATEMPORALS/FORMS/P5/FORMS_SPECTRUM2/pngs/2.png
[notice ] 23:51:13 : /Volumes/GoogleDrive/Shared drives/PLAYMODES_STUDIO/PROJECTES/ATEMPORALS/FORMS/P5/FORMS_SPECTRUM2/pngs/3.png
[notice ] 23:51:16 : /Volumes/GoogleDrive/Shared drives/PLAYMODES_STUDIO/PROJECTES/ATEMPORALS/FORMS/P5/FORMS_SPECTRUM2/pngs/3.png
[notice ] 23:51:18 : /Volumes/GoogleDrive/Shared drives/PLAYMODES_STUDIO/PROJECTES/ATEMPORALS/FORMS/P5/FORMS_SPECTRUM2/pngs/3.png
[notice ] 23:51:21 : /Volumes/GoogleDrive/Shared drives/PLAYMODES_STUDIO/PROJECTES/ATEMPORALS/FORMS/P5/FORMS_SPECTRUM2/pngs/3.png
[notice ] 23:51:23 : /Volumes/GoogleDrive/Shared drives/PLAYMODES_STUDIO/PROJECTES/ATEMPORALS/FORMS/P5/FORMS_SPECTRUM2/pngs/4.png
[notice ] 23:51:26 : /Volumes/GoogleDrive/Shared drives/PLAYMODES_STUDIO/PROJECTES/ATEMPORALS/FORMS/P5/FORMS_SPECTRUM2/pngs/4.png
[notice ] 23:51:29 : /Volumes/GoogleDrive/Shared drives/PLAYMODES_STUDIO/PROJECTES/ATEMPORALS/FORMS/P5/FORMS_SPECTRUM2/pngs/4.png
[notice ] 23:51:31 : /Volumes/GoogleDrive/Shared drives/PLAYMODES_STUDIO/PROJECTES/ATEMPORALS/FORMS/P5/FORMS_SPECTRUM2/pngs/5.png
[notice ] 23:51:34 : /Volumes/GoogleDrive/Shared drives/PLAYMODES_STUDIO/PROJECTES/ATEMPORALS/FORMS/P5/FORMS_SPECTRUM2/pngs/5.png
[notice ] 23:51:37 : /Volumes/GoogleDrive/Shared drives/PLAYMODES_STUDIO/PROJECTES/ATEMPORALS/FORMS/P5/FORMS_SPECTRUM2/pngs/5.png
[notice ] 23:51:39 : /Volumes/GoogleDrive/Shared drives/PLAYMODES_STUDIO/PROJECTES/ATEMPORALS/FORMS/P5/FORMS_SPECTRUM2/pngs/5.png
[notice ] 23:51:42 : /Volumes/GoogleDrive/Shared drives/PLAYMODES_STUDIO/PROJECTES/ATEMPORALS/FORMS/P5/FORMS_SPECTRUM2/pngs/5.png
[notice ] 23:51:44 : /Volumes/GoogleDrive/Shared drives/PLAYMODES_STUDIO/PROJECTES/ATEMPORALS/FORMS/P5/FORMS_SPECTRUM2/pngs/6.png
[notice ] 23:51:47 : /Volumes/GoogleDrive/Shared drives/PLAYMODES_STUDIO/PROJECTES/ATEMPORALS/FORMS/P5/FORMS_SPECTRUM2/pngs/6.png
[notice ] 23:51:50 : /Volumes/GoogleDrive/Shared drives/PLAYMODES_STUDIO/PROJECTES/ATEMPORALS/FORMS/P5/FORMS_SPECTRUM2/pngs/6.png
[notice ] 23:51:52 : /Volumes/GoogleDrive/Shared drives/PLAYMODES_STUDIO/PROJECTES/ATEMPORALS/FORMS/P5/FORMS_SPECTRUM2/pngs/6.png
[notice ] 23:51:55 : /Volumes/GoogleDrive/Shared drives/PLAYMODES_STUDIO/PROJECTES/ATEMPORALS/FORMS/P5/FORMS_SPECTRUM2/pngs/7.png
[notice ] 23:51:57 : /Volumes/GoogleDrive/Shared drives/PLAYMODES_STUDIO/PROJECTES/ATEMPORALS/FORMS/P5/FORMS_SPECTRUM2/pngs/7.png
[notice ] 23:52:00 : /Volumes/GoogleDrive/Shared drives/PLAYMODES_STUDIO/PROJECTES/ATEMPORALS/FORMS/P5/FORMS_SPECTRUM2/pngs/7.png
[notice ] 23:52:03 : /Volumes/GoogleDrive/Shared drives/PLAYMODES_STUDIO/PROJECTES/ATEMPORALS/FORMS/P5/FORMS_SPECTRUM2/pngs/7.png
[notice ] 23:52:05 : /Volumes/GoogleDrive/Shared drives/PLAYMODES_STUDIO/PROJECTES/ATEMPORALS/FORMS/P5/FORMS_SPECTRUM2/pngs/8.png
[notice ] 23:52:08 : /Volumes/GoogleDrive/Shared drives/PLAYMODES_STUDIO/PROJECTES/ATEMPORALS/FORMS/P5/FORMS_SPECTRUM2/pngs/8.png
[notice ] 23:52:10 : /Volumes/GoogleDrive/Shared drives/PLAYMODES_STUDIO/PROJECTES/ATEMPORALS/FORMS/P5/FORMS_SPECTRUM2/pngs/8.png
[notice ] 23:52:13 : /Volumes/GoogleDrive/Shared drives/PLAYMODES_STUDIO/PROJECTES/ATEMPORALS/FORMS/P5/FORMS_SPECTRUM2/pngs/8.png
[notice ] 23:52:16 : /Volumes/GoogleDrive/Shared drives/PLAYMODES_STUDIO/PROJECTES/ATEMPORALS/FORMS/P5/FORMS_SPECTRUM2/pngs/8.png
[notice ] 23:52:18 : /Volumes/GoogleDrive/Shared drives/PLAYMODES_STUDIO/PROJECTES/ATEMPORALS/FORMS/P5/FORMS_SPECTRUM2/pngs/9.png
[notice ] 23:52:21 : /Volumes/GoogleDrive/Shared drives/PLAYMODES_STUDIO/PROJECTES/ATEMPORALS/FORMS/P5/FORMS_SPECTRUM2/pngs/9.png
[notice ] 23:52:23 : /Volumes/GoogleDrive/Shared drives/PLAYMODES_STUDIO/PROJECTES/ATEMPORALS/FORMS/P5/FORMS_SPECTRUM2/pngs/9.png
[notice ] 23:52:26 : /Volumes/GoogleDrive/Shared drives/PLAYMODES_STUDIO/PROJECTES/ATEMPORALS/FORMS/P5/FORMS_SPECTRUM2/pngs/9.png
[notice ] 23:52:29 : /Volumes/GoogleDrive/Shared drives/PLAYMODES_STUDIO/PROJECTES/ATEMPORALS/FORMS/P5/FORMS_SPECTRUM2/pngs/10.png
[notice ] 23:52:31 : /Volumes/GoogleDrive/Shared drives/PLAYMODES_STUDIO/PROJECTES/ATEMPORALS/FORMS/P5/FORMS_SPECTRUM2/pngs/10.png
[notice ] 23:52:34 : /Volumes/GoogleDrive/Shared drives/PLAYMODES_STUDIO/PROJECTES/ATEMPORALS/FORMS/P5/FORMS_SPECTRUM2/pngs/10.png
[notice ] 23:52:37 : /Volumes/GoogleDrive/Shared drives/PLAYMODES_STUDIO/PROJECTES/ATEMPORALS/FORMS/P5/FORMS_SPECTRUM2/pngs/10.png
[notice ] 23:52:39 : /Volumes/GoogleDrive/Shared drives/PLAYMODES_STUDIO/PROJECTES/ATEMPORALS/FORMS/P5/FORMS_SPECTRUM2/pngs/10.png
[notice ] 23:52:42 : /Volumes/GoogleDrive/Shared drives/PLAYMODES_STUDIO/PROJECTES/ATEMPORALS/FORMS/P5/FORMS_SPECTRUM2/pngs/11.png
[notice ] 23:52:44 : /Volumes/GoogleDrive/Shared drives/PLAYMODES_STUDIO/PROJECTES/ATEMPORALS/FORMS/P5/FORMS_SPECTRUM2/pngs/11.png
[notice ] 23:52:47 : /Volumes/GoogleDrive/Shared drives/PLAYMODES_STUDIO/PROJECTES/ATEMPORALS/FORMS/P5/FORMS_SPECTRUM2/pngs/11.png
[notice ] 23:52:50 : /Volumes/GoogleDrive/Shared drives/PLAYMODES_STUDIO/PROJECTES/ATEMPORALS/FORMS/P5/FORMS_SPECTRUM2/pngs/11.png
[notice ] 23:52:52 : /Volumes/GoogleDrive/Shared drives/PLAYMODES_STUDIO/PROJECTES/ATEMPORALS/FORMS/P5/FORMS_SPECTRUM2/pngs/12.png
[notice ] 23:52:55 : /Volumes/GoogleDrive/Shared drives/PLAYMODES_STUDIO/PROJECTES/ATEMPORALS/FORMS/P5/FORMS_SPECTRUM2/pngs/12.png
[notice ] 23:52:57 : /Volumes/GoogleDrive/Shared drives/PLAYMODES_STUDIO/PROJECTES/ATEMPORALS/FORMS/P5/FORMS_SPECTRUM2/pngs/12.png
[notice ] 23:53:00 : /Volumes/GoogleDrive/Shared drives/PLAYMODES_STUDIO/PROJECTES/ATEMPORALS/FORMS/P5/FORMS_SPECTRUM2/pngs/13.png
[notice ] 23:53:03 : /Volumes/GoogleDrive/Shared drives/PLAYMODES_STUDIO/PROJECTES/ATEMPORALS/FORMS/P5/FORMS_SPECTRUM2/pngs/13.png
[notice ] 23:53:05 : /Volumes/GoogleDrive/Shared drives/PLAYMODES_STUDIO/PROJECTES/ATEMPORALS/FORMS/P5/FORMS_SPECTRUM2/pngs/13.png
[notice ] 23:53:08 : /Volumes/GoogleDrive/Shared drives/PLAYMODES_STUDIO/PROJECTES/ATEMPORALS/FORMS/P5/FORMS_SPECTRUM2/pngs/13.png
[notice ] 23:53:10 : /Volumes/GoogleDrive/Shared drives/PLAYMODES_STUDIO/PROJECTES/ATEMPORALS/FORMS/P5/FORMS_SPECTRUM2/pngs/13.png
[notice ] 23:53:13 : /Volumes/GoogleDrive/Shared drives/PLAYMODES_STUDIO/PROJECTES/ATEMPORALS/FORMS/P5/FORMS_SPECTRUM2/pngs/14.png
[notice ] 23:53:16 : /Volumes/GoogleDrive/Shared drives/PLAYMODES_STUDIO/PROJECTES/ATEMPORALS/FORMS/P5/FORMS_SPECTRUM2/pngs/14.png
[notice ] 23:53:18 : /Volumes/GoogleDrive/Shared drives/PLAYMODES_STUDIO/PROJECTES/ATEMPORALS/FORMS/P5/FORMS_SPECTRUM2/pngs/14.png
[notice ] 23:53:21 : /Volumes/GoogleDrive/Shared drives/PLAYMODES_STUDIO/PROJECTES/ATEMPORALS/FORMS/P5/FORMS_SPECTRUM2/pngs/14.png
[notice ] 23:53:23 : /Volumes/GoogleDrive/Shared drives/PLAYMODES_STUDIO/PROJECTES/ATEMPORALS/FORMS/P5/FORMS_SPECTRUM2/pngs/15.png
[notice ] 23:53:26 : /Volumes/GoogleDrive/Shared drives/PLAYMODES_STUDIO/PROJECTES/ATEMPORALS/FORMS/P5/FORMS_SPECTRUM2/pngs/15.png
[notice ] 23:53:29 : /Volumes/GoogleDrive/Shared drives/PLAYMODES_STUDIO/PROJECTES/ATEMPORALS/FORMS/P5/FORMS_SPECTRUM2/pngs/15.png
[notice ] 23:53:31 : /Volumes/GoogleDrive/Shared drives/PLAYMODES_STUDIO/PROJECTES/ATEMPORALS/FORMS/P5/FORMS_SPECTRUM2/pngs/15.png
[notice ] 23:53:34 : /Volumes/GoogleDrive/Shared drives/PLAYMODES_STUDIO/PROJECTES/ATEMPORALS/FORMS/P5/FORMS_SPECTRUM2/pngs/15.png
[notice ] 23:53:37 : /Volumes/GoogleDrive/Shared drives/PLAYMODES_STUDIO/PROJECTES/ATEMPORALS/FORMS/P5/FORMS_SPECTRUM2/pngs/15.png
[notice ] 23:53:39 : /Volumes/GoogleDrive/Shared drives/PLAYMODES_STUDIO/PROJECTES/ATEMPORALS/FORMS/P5/FORMS_SPECTRUM2/pngs/16.png
[notice ] 23:53:42 : /Volumes/GoogleDrive/Shared drives/PLAYMODES_STUDIO/PROJECTES/ATEMPORALS/FORMS/P5/FORMS_SPECTRUM2/pngs/16.png
[notice ] 23:53:44 : /Volumes/GoogleDrive/Shared drives/PLAYMODES_STUDIO/PROJECTES/ATEMPORALS/FORMS/P5/FORMS_SPECTRUM2/pngs/16.png
[notice ] 23:53:47 : /Volumes/GoogleDrive/Shared drives/PLAYMODES_STUDIO/PROJECTES/ATEMPORALS/FORMS/P5/FORMS_SPECTRUM2/pngs/17.png
[notice ] 23:53:50 : /Volumes/GoogleDrive/Shared drives/PLAYMODES_STUDIO/PROJECTES/ATEMPORALS/FORMS/P5/FORMS_SPECTRUM2/pngs/17.png
[notice ] 23:53:52 : /Volumes/GoogleDrive/Shared drives/PLAYMODES_STUDIO/PROJECTES/ATEMPORALS/FORMS/P5/FORMS_SPECTRUM2/pngs/17.png
[notice ] 23:53:55 : /Volumes/GoogleDrive/Shared drives/PLAYMODES_STUDIO/PROJECTES/ATEMPORALS/FORMS/P5/FORMS_SPECTRUM2/pngs/17.png
[notice ] 23:53:57 : /Volumes/GoogleDrive/Shared drives/PLAYMODES_STUDIO/PROJECTES/ATEMPORALS/FORMS/P5/FORMS_SPECTRUM2/pngs/17.png
[notice ] 23:54:00 : /Volumes/GoogleDrive/Shared drives/PLAYMODES_STUDIO/PROJECTES/ATEMPORALS/FORMS/P5/FORMS_SPECTRUM2/pngs/18.png
[notice ] 23:54:03 : /Volumes/GoogleDrive/Shared drives/PLAYMODES_STUDIO/PROJECTES/ATEMPORALS/FORMS/P5/FORMS_SPECTRUM2/pngs/18.png
[notice ] 23:54:05 : /Volumes/GoogleDrive/Shared drives/PLAYMODES_STUDIO/PROJECTES/ATEMPORALS/FORMS/P5/FORMS_SPECTRUM2/pngs/18.png
[notice ] 23:54:08 : /Volumes/GoogleDrive/Shared drives/PLAYMODES_STUDIO/PROJECTES/ATEMPORALS/FORMS/P5/FORMS_SPECTRUM2/pngs/19.png
[notice ] 23:54:10 : /Volumes/GoogleDrive/Shared drives/PLAYMODES_STUDIO/PROJECTES/ATEMPORALS/FORMS/P5/FORMS_SPECTRUM2/pngs/19.png
[notice ] 23:54:13 : /Volumes/GoogleDrive/Shared drives/PLAYMODES_STUDIO/PROJECTES/ATEMPORALS/FORMS/P5/FORMS_SPECTRUM2/pngs/19.png
[notice ] 23:54:16 : /Volumes/GoogleDrive/Shared drives/PLAYMODES_STUDIO/PROJECTES/ATEMPORALS/FORMS/P5/FORMS_SPECTRUM2/pngs/19.png
[notice ] 23:54:18 : /Volumes/GoogleDrive/Shared drives/PLAYMODES_STUDIO/PROJECTES/ATEMPORALS/FORMS/P5/FORMS_SPECTRUM2/pngs/19.png
[notice ] 23:54:21 : /Volumes/GoogleDrive/Shared drives/PLAYMODES_STUDIO/PROJECTES/ATEMPORALS/FORMS/P5/FORMS_SPECTRUM2/pngs/20.png
[notice ] 23:54:23 : /Volumes/GoogleDrive/Shared drives/PLAYMODES_STUDIO/PROJECTES/ATEMPORALS/FORMS/P5/FORMS_SPECTRUM2/pngs/20.png
[notice ] 23:54:26 : /Volumes/GoogleDrive/Shared drives/PLAYMODES_STUDIO/PROJECTES/ATEMPORALS/FORMS/P5/FORMS_SPECTRUM2/pngs/20.png
[notice ] 23:54:29 : /Volumes/GoogleDrive/Shared drives/PLAYMODES_STUDIO/PROJECTES/ATEMPORALS/FORMS/P5/FORMS_SPECTRUM2/pngs/20.png
[notice ] 23:54:31 : /Volumes/GoogleDrive/Shared drives/PLAYMODES_STUDIO/PROJECTES/ATEMPORALS/FORMS/P5/FORMS_SPECTRUM2/pngs/21.png
[notice ] 23:54:34 : /Volumes/GoogleDrive/Shared drives/PLAYMODES_STUDIO/PROJECTES/ATEMPORALS/FORMS/P5/FORMS_SPECTRUM2/pngs/21.png
[notice ] 23:54:37 : /Volumes/GoogleDrive/Shared drives/PLAYMODES_STUDIO/PROJECTES/ATEMPORALS/FORMS/P5/FORMS_SPECTRUM2/pngs/21.png
[notice ] 23:54:39 : /Volumes/GoogleDrive/Shared drives/PLAYMODES_STUDIO/PROJECTES/ATEMPORALS/FORMS/P5/FORMS_SPECTRUM2/pngs/21.png
[notice ] 23:54:42 : /Volumes/GoogleDrive/Shared drives/PLAYMODES_STUDIO/PROJECTES/ATEMPORALS/FORMS/P5/FORMS_SPECTRUM2/pngs/21.png
[notice ] 23:54:44 : /Volumes/GoogleDrive/Shared drives/PLAYMODES_STUDIO/PROJECTES/ATEMPORALS/FORMS/P5/FORMS_SPECTRUM2/pngs/22.png
[notice ] 23:54:47 : /Volumes/GoogleDrive/Shared drives/PLAYMODES_STUDIO/PROJECTES/ATEMPORALS/FORMS/P5/FORMS_SPECTRUM2/pngs/22.png
[notice ] 23:54:50 : /Volumes/GoogleDrive/Shared drives/PLAYMODES_STUDIO/PROJECTES/ATEMPORALS/FORMS/P5/FORMS_SPECTRUM2/pngs/22.png
[notice ] 23:54:52 : /Volumes/GoogleDrive/Shared drives/PLAYMODES_STUDIO/PROJECTES/ATEMPORALS/FORMS/P5/FORMS_SPECTRUM2/pngs/22.png
[notice ] 23:54:55 : /Volumes/GoogleDrive/Shared drives/PLAYMODES_STUDIO/PROJECTES/ATEMPORALS/FORMS/P5/FORMS_SPECTRUM2/pngs/22.png
[notice ] 23:54:57 : /Volumes/GoogleDrive/Shared drives/PLAYMODES_STUDIO/PROJECTES/ATEMPORALS/FORMS/P5/FORMS_SPECTRUM2/pngs/22.png
[notice ] 23:55:00 : /Volumes/GoogleDrive/Shared drives/PLAYMODES_STUDIO/PROJECTES/ATEMPORALS/FORMS/P5/FORMS_SPECTRUM2/pngs/22.png
[notice ] 23:55:03 : /Volumes/GoogleDrive/Shared drives/PLAYMODES_STUDIO/PROJECTES/ATEMPORALS/FORMS/P5/FORMS_SPECTRUM2/pngs/2.png
[notice ] 23:55:05 : /Volumes/GoogleDrive/Shared drives/PLAYMODES_STUDIO/PROJECTES/ATEMPORALS/FORMS/P5/FORMS_SPECTRUM2/pngs/3.png
[notice ] 23:55:08 : /Volumes/GoogleDrive/Shared drives/PLAYMODES_STUDIO/PROJECTES/ATEMPORALS/FORMS/P5/FORMS_SPECTRUM2/pngs/4.png
[notice ] 23:55:10 : /Volumes/GoogleDrive/Shared drives/PLAYMODES_STUDIO/PROJECTES/ATEMPORALS/FORMS/P5/FORMS_SPECTRUM2/pngs/5.png
[notice ] 23:55:13 : /Volumes/GoogleDrive/Shared drives/PLAYMODES_STUDIO/PROJECTES/ATEMPORALS/FORMS/P5/FORMS_SPECTRUM2/pngs/6.png
[notice ] 23:55:16 : /Volumes/GoogleDrive/Shared drives/PLAYMODES_STUDIO/PROJECTES/ATEMPORALS/FORMS/P5/FORMS_SPECTRUM2/pngs/7.png
[notice ] 23:55:18 : /Volumes/GoogleDrive/Shared drives/PLAYMODES_STUDIO/PROJECTES/ATEMPORALS/FORMS/P5/FORMS_SPECTRUM2/pngs/8.png
[notice ] 23:55:21 : /Volumes/GoogleDrive/Shared drives/PLAYMODES_STUDIO/PROJECTES/ATEMPORALS/FORMS/P5/FORMS_SPECTRUM2/pngs/9.png
[notice ] 23:55:23 : /Volumes/GoogleDrive/Shared drives/PLAYMODES_STUDIO/PROJECTES/ATEMPORALS/FORMS/P5/FORMS_SPECTRUM2/pngs/10.png
[notice ] 23:55:26 : /Volumes/GoogleDrive/Shared drives/PLAYMODES_STUDIO/PROJECTES/ATEMPORALS/FORMS/P5/FORMS_SPECTRUM2/pngs/11.png
[notice ] 23:55:29 : /Volumes/GoogleDrive/Shared drives/PLAYMODES_STUDIO/PROJECTES/ATEMPORALS/FORMS/P5/FORMS_SPECTRUM2/pngs/12.png
[notice ] 23:55:31 : /Volumes/GoogleDrive/Shared drives/PLAYMODES_STUDIO/PROJECTES/ATEMPORALS/FORMS/P5/FORMS_SPECTRUM2/pngs/13.png
[notice ] 23:55:34 : /Volumes/GoogleDrive/Shared drives/PLAYMODES_STUDIO/PROJECTES/ATEMPORALS/FORMS/P5/FORMS_SPECTRUM2/pngs/14.png
[notice ] 23:55:37 : /Volumes/GoogleDrive/Shared drives/PLAYMODES_STUDIO/PROJECTES/ATEMPORALS/FORMS/P5/FORMS_SPECTRUM2/pngs/15.png
[notice ] 23:55:39 : /Volumes/GoogleDrive/Shared drives/PLAYMODES_STUDIO/PROJECTES/ATEMPORALS/FORMS/P5/FORMS_SPECTRUM2/pngs/16.png
[notice ] 23:55:42 : /Volumes/GoogleDrive/Shared drives/PLAYMODES_STUDIO/PROJECTES/ATEMPORALS/FORMS/P5/FORMS_SPECTRUM2/pngs/17.png
[notice ] 23:55:44 : /Volumes/GoogleDrive/Shared drives/PLAYMODES_STUDIO/PROJECTES/ATEMPORALS/FORMS/P5/FORMS_SPECTRUM2/pngs/17.png
[notice ] 23:55:47 : /Volumes/GoogleDrive/Shared drives/PLAYMODES_STUDIO/PROJECTES/ATEMPORALS/FORMS/P5/FORMS_SPECTRUM2/pngs/17.png
[notice ] 23:55:50 : /Volumes/GoogleDrive/Shared drives/PLAYMODES_STUDIO/PROJECTES/ATEMPORALS/FORMS/P5/FORMS_SPECTRUM2/pngs/17.png
[notice ] 23:55:52 : /Volumes/GoogleDrive/Shared drives/PLAYMODES_STUDIO/PROJECTES/ATEMPORALS/FORMS/P5/FORMS_SPECTRUM2/pngs/17.png
[notice ] 23:55:55 : /Volumes/GoogleDrive/Shared drives/PLAYMODES_STUDIO/PROJECTES/ATEMPORALS/FORMS/P5/FORMS_SPECTRUM2/pngs/18.png
[notice ] 23:55:57 : /Volumes/GoogleDrive/Shared drives/PLAYMODES_STUDIO/PROJECTES/ATEMPORALS/FORMS/P5/FORMS_SPECTRUM2/pngs/18.png
[notice ] 23:56:00 : /Volumes/GoogleDrive/Shared drives/PLAYMODES_STUDIO/PROJECTES/ATEMPORALS/FORMS/P5/FORMS_SPECTRUM2/pngs/18.png
[notice ] 23:56:03 : /Volumes/GoogleDrive/Shared drives/PLAYMODES_STUDIO/PROJECTES/ATEMPORALS/FORMS/P5/FORMS_SPECTRUM2/pngs/18.png
[notice ] 23:56:05 : /Volumes/GoogleDrive/Shared drives/PLAYMODES_STUDIO/PROJECTES/ATEMPORALS/FORMS/P5/FORMS_SPECTRUM2/pngs/19.png
[notice ] 23:56:08 : /Volumes/GoogleDrive/Shared drives/PLAYMODES_STUDIO/PROJECTES/ATEMPORALS/FORMS/P5/FORMS_SPECTRUM2/pngs/19.png
[notice ] 23:56:10 : /Volumes/GoogleDrive/Shared drives/PLAYMODES_STUDIO/PROJECTES/ATEMPORALS/FORMS/P5/FORMS_SPECTRUM2/pngs/19.png
[notice ] 23:56:13 : /Volumes/GoogleDrive/Shared drives/PLAYMODES_STUDIO/PROJECTES/ATEMPORALS/FORMS/P5/FORMS_SPECTRUM2/pngs/20.png
[notice ] 23:56:16 : /Volumes/GoogleDrive/Shared drives/PLAYMODES_STUDIO/PROJECTES/ATEMPORALS/FORMS/P5/FORMS_SPECTRUM2/pngs/20.png
[notice ] 23:56:18 : /Volumes/GoogleDrive/Shared drives/PLAYMODES_STUDIO/PROJECTES/ATEMPORALS/FORMS/P5/FORMS_SPECTRUM2/pngs/20.png
[notice ] 23:56:21 : /Volumes/GoogleDrive/Shared drives/PLAYMODES_STUDIO/PROJECTES/ATEMPORALS/FORMS/P5/FORMS_SPECTRUM2/pngs/20.png
[notice ] 23:56:23 : /Volumes/GoogleDrive/Shared drives/PLAYMODES_STUDIO/PROJECTES/ATEMPORALS/FORMS/P5/FORMS_SPECTRUM2/pngs/21.png
[notice ] 23:56:26 : /Volumes/GoogleDrive/Shared drives/PLAYMODES_STUDIO/PROJECTES/ATEMPORALS/FORMS/P5/FORMS_SPECTRUM2/pngs/21.png
[notice ] 23:56:29 : /Volumes/GoogleDrive/Shared drives/PLAYMODES_STUDIO/PROJECTES/ATEMPORALS/FORMS/P5/FORMS_SPECTRUM2/pngs/21.png
[notice ] 23:56:31 : /Volumes/GoogleDrive/Shared drives/PLAYMODES_STUDIO/PROJECTES/ATEMPORALS/FORMS/P5/FORMS_SPECTRUM2/pngs/21.png
[notice ] 23:56:34 : /Volumes/GoogleDrive/Shared drives/PLAYMODES_STUDIO/PROJECTES/ATEMPORALS/FORMS/P5/FORMS_SPECTRUM2/pngs/21.png
[notice ] 23:56:37 : /Volumes/GoogleDrive/Shared drives/PLAYMODES_STUDIO/PROJECTES/ATEMPORALS/FORMS/P5/FORMS_SPECTRUM2/pngs/22.png
[notice ] 23:56:39 : /Volumes/GoogleDrive/Shared drives/PLAYMODES_STUDIO/PROJECTES/ATEMPORALS/FORMS/P5/FORMS_SPECTRUM2/pngs/22.png
[notice ] 23:56:42 : /Volumes/GoogleDrive/Shared drives/PLAYMODES_STUDIO/PROJECTES/ATEMPORALS/FORMS/P5/FORMS_SPECTRUM2/pngs/22.png
[notice ] 23:56:44 : /Volumes/GoogleDrive/Shared drives/PLAYMODES_STUDIO/PROJECTES/ATEMPORALS/FORMS/P5/FORMS_SPECTRUM2/pngs/22.png
[notice ] 23:56:47 : /Volumes/GoogleDrive/Shared drives/PLAYMODES_STUDIO/PROJECTES/ATEMPORALS/FORMS/P5/FORMS_SPECTRUM2/pngs/22.png
[notice ] 23:56:50 : /Volumes/GoogleDrive/Shared drives/PLAYMODES_STUDIO/PROJECTES/ATEMPORALS/FORMS/P5/FORMS_SPECTRUM2/pngs/23.png
[notice ] 23:56:52 : /Volumes/GoogleDrive/Shared drives/PLAYMODES_STUDIO/PROJECTES/ATEMPORALS/FORMS/P5/FORMS_SPECTRUM2/pngs/23.png
[notice ] 23:56:55 : /Volumes/GoogleDrive/Shared drives/PLAYMODES_STUDIO/PROJECTES/ATEMPORALS/FORMS/P5/FORMS_SPECTRUM2/pngs/23.png
[notice ] 23:56:57 : /Volumes/GoogleDrive/Shared drives/PLAYMODES_STUDIO/PROJECTES/ATEMPORALS/FORMS/P5/FORMS_SPECTRUM2/pngs/23.png
[notice ] 23:57:00 : /Volumes/GoogleDrive/Shared drives/PLAYMODES_STUDIO/PROJECTES/ATEMPORALS/FORMS/P5/FORMS_SPECTRUM2/pngs/24.png
[notice ] 23:57:03 : /Volumes/GoogleDrive/Shared drives/PLAYMODES_STUDIO/PROJECTES/ATEMPORALS/FORMS/P5/FORMS_SPECTRUM2/pngs/24.png
[notice ] 23:57:05 : /Volumes/GoogleDrive/Shared drives/PLAYMODES_STUDIO/PROJECTES/ATEMPORALS/FORMS/P5/FORMS_SPECTRUM2/pngs/24.png
[notice ] 23:57:08 : /Volumes/GoogleDrive/Shared drives/PLAYMODES_STUDIO/PROJECTES/ATEMPORALS/FORMS/P5/FORMS_SPECTRUM2/pngs/24.png
[notice ] 23:57:10 : /Volumes/GoogleDrive/Shared drives/PLAYMODES_STUDIO/PROJECTES/ATEMPORALS/FORMS/P5/FORMS_SPECTRUM2/pngs/25.png
[notice ] 23:57:13 : /Volumes/GoogleDrive/Shared drives/PLAYMODES_STUDIO/PROJECTES/ATEMPORALS/FORMS/P5/FORMS_SPECTRUM2/pngs/25.png
[notice ] 23:57:16 : /Volumes/GoogleDrive/Shared drives/PLAYMODES_STUDIO/PROJECTES/ATEMPORALS/FORMS/P5/FORMS_SPECTRUM2/pngs/25.png
[notice ] 23:57:18 : /Volumes/GoogleDrive/Shared drives/PLAYMODES_STUDIO/PROJECTES/ATEMPORALS/FORMS/P5/FORMS_SPECTRUM2/pngs/25.png
[notice ] 23:57:21 : /Volumes/GoogleDrive/Shared drives/PLAYMODES_STUDIO/PROJECTES/ATEMPORALS/FORMS/P5/FORMS_SPECTRUM2/pngs/26.png
[notice ] 23:57:23 : /Volumes/GoogleDrive/Shared drives/PLAYMODES_STUDIO/PROJECTES/ATEMPORALS/FORMS/P5/FORMS_SPECTRUM2/pngs/26.png
[notice ] 23:57:26 : /Volumes/GoogleDrive/Shared drives/PLAYMODES_STUDIO/PROJECTES/ATEMPORALS/FORMS/P5/FORMS_SPECTRUM2/pngs/26.png
[notice ] 23:57:29 : /Volumes/GoogleDrive/Shared drives/PLAYMODES_STUDIO/PROJECTES/ATEMPORALS/FORMS/P5/FORMS_SPECTRUM2/pngs/26.png
[notice ] 23:57:31 : /Volumes/GoogleDrive/Shared drives/PLAYMODES_STUDIO/PROJECTES/ATEMPORALS/FORMS/P5/FORMS_SPECTRUM2/pngs/26.png
[notice ] 23:57:34 : /Volumes/GoogleDrive/Shared drives/PLAYMODES_STUDIO/PROJECTES/ATEMPORALS/FORMS/P5/FORMS_SPECTRUM2/pngs/26.png
[notice ] 23:57:37 : /Volumes/GoogleDrive/Shared drives/PLAYMODES_STUDIO/PROJECTES/ATEMPORALS/FORMS/P5/FORMS_SPECTRUM2/pngs/27.png
[notice ] 23:57:39 : /Volumes/GoogleDrive/Shared drives/PLAYMODES_STUDIO/PROJECTES/ATEMPORALS/FORMS/P5/FORMS_SPECTRUM2/pngs/27.png
[notice ] 23:57:42 : /Volumes/GoogleDrive/Shared drives/PLAYMODES_STUDIO/PROJECTES/ATEMPORALS/FORMS/P5/FORMS_SPECTRUM2/pngs/27.png
[notice ] 23:57:44 : /Volumes/GoogleDrive/Shared drives/PLAYMODES_STUDIO/PROJECTES/ATEMPORALS/FORMS/P5/FORMS_SPECTRUM2/pngs/27.png
[notice ] 23:57:47 : /Volumes/GoogleDrive/Shared drives/PLAYMODES_STUDIO/PROJECTES/ATEMPORALS/FORMS/P5/FORMS_SPECTRUM2/pngs/28.png
[notice ] 23:57:50 : /Volumes/GoogleDrive/Shared drives/PLAYMODES_STUDIO/PROJECTES/ATEMPORALS/FORMS/P5/FORMS_SPECTRUM2/pngs/28.png
[notice ] 23:57:52 : /Volumes/GoogleDrive/Shared drives/PLAYMODES_STUDIO/PROJECTES/ATEMPORALS/FORMS/P5/FORMS_SPECTRUM2/pngs/28.png
[notice ] 23:57:55 : /Volumes/GoogleDrive/Shared drives/PLAYMODES_STUDIO/PROJECTES/ATEMPORALS/FORMS/P5/FORMS_SPECTRUM2/pngs/28.png
[notice ] 23:57:57 : /Volumes/GoogleDrive/Shared drives/PLAYMODES_STUDIO/PROJECTES/ATEMPORALS/FORMS/P5/FORMS_SPECTRUM2/pngs/29.png
[notice ] 23:58:00 : /Volumes/GoogleDrive/Shared drives/PLAYMODES_STUDIO/PROJECTES/ATEMPORALS/FORMS/P5/FORMS_SPECTRUM2/pngs/29.png
[notice ] 23:58:03 : /Volumes/GoogleDrive/Shared drives/PLAYMODES_STUDIO/PROJECTES/ATEMPORALS/FORMS/P5/FORMS_SPECTRUM2/pngs/29.png
[notice ] 23:58:05 : /Volumes/GoogleDrive/Shared drives/PLAYMODES_STUDIO/PROJECTES/ATEMPORALS/FORMS/P5/FORMS_SPECTRUM2/pngs/29.png
[notice ] 23:58:08 : /Volumes/GoogleDrive/Shared drives/PLAYMODES_STUDIO/PROJECTES/ATEMPORALS/FORMS/P5/FORMS_SPECTRUM2/pngs/30.png
[notice ] 23:58:10 : /Volumes/GoogleDrive/Shared drives/PLAYMODES_STUDIO/PROJECTES/ATEMPORALS/FORMS/P5/FORMS_SPECTRUM2/pngs/30.png
[notice ] 23:58:13 : /Volumes/GoogleDrive/Shared drives/PLAYMODES_STUDIO/PROJECTES/ATEMPORALS/FORMS/P5/FORMS_SPECTRUM2/pngs/30.png
[notice ] 23:58:16 : /Volumes/GoogleDrive/Shared drives/PLAYMODES_STUDIO/PROJECTES/ATEMPORALS/FORMS/P5/FORMS_SPECTRUM2/pngs/30.png
[notice ] 23:58:18 : /Volumes/GoogleDrive/Shared drives/PLAYMODES_STUDIO/PROJECTES/ATEMPORALS/FORMS/P5/FORMS_SPECTRUM2/pngs/1.png
[notice ] 23:58:21 : /Volumes/GoogleDrive/Shared drives/PLAYMODES_STUDIO/PROJECTES/ATEMPORALS/FORMS/P5/FORMS_SPECTRUM2/pngs/2.png
[notice ] 23:58:23 : /Volumes/GoogleDrive/Shared drives/PLAYMODES_STUDIO/PROJECTES/ATEMPORALS/FORMS/P5/FORMS_SPECTRUM2/pngs/2.png
[notice ] 23:58:26 : /Volumes/GoogleDrive/Shared drives/PLAYMODES_STUDIO/PROJECTES/ATEMPORALS/FORMS/P5/FORMS_SPECTRUM2/pngs/2.png
[notice ] 23:58:29 : /Volumes/GoogleDrive/Shared drives/PLAYMODES_STUDIO/PROJECTES/ATEMPORALS/FORMS/P5/FORMS_SPECTRUM2/pngs/2.png
[notice ] 23:58:31 : /Volumes/GoogleDrive/Shared drives/PLAYMODES_STUDIO/PROJECTES/ATEMPORALS/FORMS/P5/FORMS_SPECTRUM2/pngs/3.png
[notice ] 23:58:34 : /Volumes/GoogleDrive/Shared drives/PLAYMODES_STUDIO/PROJECTES/ATEMPORALS/FORMS/P5/FORMS_SPECTRUM2/pngs/3.png
[notice ] 23:58:37 : /Volumes/GoogleDrive/Shared drives/PLAYMODES_STUDIO/PROJECTES/ATEMPORALS/FORMS/P5/FORMS_SPECTRUM2/pngs/3.png
[notice ] 23:58:39 : /Volumes/GoogleDrive/Shared drives/PLAYMODES_STUDIO/PROJECTES/ATEMPORALS/FORMS/P5/FORMS_SPECTRUM2/pngs/3.png
[notice ] 23:58:42 : /Volumes/GoogleDrive/Shared drives/PLAYMODES_STUDIO/PROJECTES/ATEMPORALS/FORMS/P5/FORMS_SPECTRUM2/pngs/4.png
[notice ] 23:58:44 : /Volumes/GoogleDrive/Shared drives/PLAYMODES_STUDIO/PROJECTES/ATEMPORALS/FORMS/P5/FORMS_SPECTRUM2/pngs/4.png
[notice ] 23:58:47 : /Volumes/GoogleDrive/Shared drives/PLAYMODES_STUDIO/PROJECTES/ATEMPORALS/FORMS/P5/FORMS_SPECTRUM2/pngs/4.png
[notice ] 23:58:50 : /Volumes/GoogleDrive/Shared drives/PLAYMODES_STUDIO/PROJECTES/ATEMPORALS/FORMS/P5/FORMS_SPECTRUM2/pngs/4.png
[notice ] 23:58:52 : /Volumes/GoogleDrive/Shared drives/PLAYMODES_STUDIO/PROJECTES/ATEMPORALS/FORMS/P5/FORMS_SPECTRUM2/pngs/4.png
[notice ] 23:58:55 : /Volumes/GoogleDrive/Shared drives/PLAYMODES_STUDIO/PROJECTES/ATEMPORALS/FORMS/P5/FORMS_SPECTRUM2/pngs/5.png
[notice ] 23:58:57 : /Volumes/GoogleDrive/Shared drives/PLAYMODES_STUDIO/PROJECTES/ATEMPORALS/FORMS/P5/FORMS_SPECTRUM2/pngs/5.png
[notice ] 23:59:00 : /Volumes/GoogleDrive/Shared drives/PLAYMODES_STUDIO/PROJECTES/ATEMPORALS/FORMS/P5/FORMS_SPECTRUM2/pngs/5.png
[notice ] 23:59:03 : /Volumes/GoogleDrive/Shared drives/PLAYMODES_STUDIO/PROJECTES/ATEMPORALS/FORMS/P5/FORMS_SPECTRUM2/pngs/5.png
[notice ] 23:59:05 : /Volumes/GoogleDrive/Shared drives/PLAYMODES_STUDIO/PROJECTES/ATEMPORALS/FORMS/P5/FORMS_SPECTRUM2/pngs/6.png
[notice ] 23:59:08 : /Volumes/GoogleDrive/Shared drives/PLAYMODES_STUDIO/PROJECTES/ATEMPORALS/FORMS/P5/FORMS_SPECTRUM2/pngs/6.png
[notice ] 23:59:10 : /Volumes/GoogleDrive/Shared drives/PLAYMODES_STUDIO/PROJECTES/ATEMPORALS/FORMS/P5/FORMS_SPECTRUM2/pngs/6.png
[notice ] 23:59:13 : /Volumes/GoogleDrive/Shared drives/PLAYMODES_STUDIO/PROJECTES/ATEMPORALS/FORMS/P5/FORMS_SPECTRUM2/pngs/6.png
[notice ] 23:59:16 : /Volumes/GoogleDrive/Shared drives/PLAYMODES_STUDIO/PROJECTES/ATEMPORALS/FORMS/P5/FORMS_SPECTRUM2/pngs/7.png
[notice ] 23:59:18 : /Volumes/GoogleDrive/Shared drives/PLAYMODES_STUDIO/PROJECTES/ATEMPORALS/FORMS/P5/FORMS_SPECTRUM2/pngs/7.png
[notice ] 23:59:21 : /Volumes/GoogleDrive/Shared drives/PLAYMODES_STUDIO/PROJECTES/ATEMPORALS/FORMS/P5/FORMS_SPECTRUM2/pngs/7.png
[notice ] 23:59:24 : /Volumes/GoogleDrive/Shared drives/PLAYMODES_STUDIO/PROJECTES/ATEMPORALS/FORMS/P5/FORMS_SPECTRUM2/pngs/7.png
[notice ] 23:59:26 : /Volumes/GoogleDrive/Shared drives/PLAYMODES_STUDIO/PROJECTES/ATEMPORALS/FORMS/P5/FORMS_SPECTRUM2/pngs/8.png
[notice ] 23:59:29 : /Volumes/GoogleDrive/Shared drives/PLAYMODES_STUDIO/PROJECTES/ATEMPORALS/FORMS/P5/FORMS_SPECTRUM2/pngs/8.png
[notice ] 23:59:31 : /Volumes/GoogleDrive/Shared drives/PLAYMODES_STUDIO/PROJECTES/ATEMPORALS/FORMS/P5/FORMS_SPECTRUM2/pngs/8.png
[notice ] 23:59:34 : /Volumes/GoogleDrive/Shared drives/PLAYMODES_STUDIO/PROJECTES/ATEMPORALS/FORMS/P5/FORMS_SPECTRUM2/pngs/9.png
[notice ] 23:59:37 : /Volumes/GoogleDrive/Shared drives/PLAYMODES_STUDIO/PROJECTES/ATEMPORALS/FORMS/P5/FORMS_SPECTRUM2/pngs/9.png
[notice ] 23:59:39 : /Volumes/GoogleDrive/Shared drives/PLAYMODES_STUDIO/PROJECTES/ATEMPORALS/FORMS/P5/FORMS_SPECTRUM2/pngs/9.png
[notice ] 23:59:42 : /Volumes/GoogleDrive/Shared drives/PLAYMODES_STUDIO/PROJECTES/ATEMPORALS/FORMS/P5/FORMS_SPECTRUM2/pngs/10.png
[notice ] 23:59:44 : /Volumes/GoogleDrive/Shared drives/PLAYMODES_STUDIO/PROJECTES/ATEMPORALS/FORMS/P5/FORMS_SPECTRUM2/pngs/10.png
[notice ] 23:59:47 : /Volumes/GoogleDrive/Shared drives/PLAYMODES_STUDIO/PROJECTES/ATEMPORALS/FORMS/P5/FORMS_SPECTRUM2/pngs/10.png
[notice ] 23:59:50 : /Volumes/GoogleDrive/Shared drives/PLAYMODES_STUDIO/PROJECTES/ATEMPORALS/FORMS/P5/FORMS_SPECTRUM2/pngs/11.png
[notice ] 23:59:52 : /Volumes/GoogleDrive/Shared drives/PLAYMODES_STUDIO/PROJECTES/ATEMPORALS/FORMS/P5/FORMS_SPECTRUM2/pngs/11.png
[notice ] 23:59:55 : /Volumes/GoogleDrive/Shared drives/PLAYMODES_STUDIO/PROJECTES/ATEMPORALS/FORMS/P5/FORMS_SPECTRUM2/pngs/11.png
[notice ] 23:59:57 : /Volumes/GoogleDrive/Shared drives/PLAYMODES_STUDIO/PROJECTES/ATEMPORALS/FORMS/P5/FORMS_SPECTRUM2/pngs/11.png
