

--------------------------------------- 2022-01-23-21-41-20-545
[notice ] 21:41:57 : Portada 2
[notice ] 21:42:00 : 
[notice ] 21:42:02 : /Users/playmodesstudio/Dropbox/PLAYMODES_STUDIO/2021/FORMS/P5/FORMS_SPECTRUM2/pngs/564.png
[notice ] 21:42:05 : /Users/playmodesstudio/Dropbox/PLAYMODES_STUDIO/2021/FORMS/P5/FORMS_SPECTRUM2/pngs/564.png
[notice ] 21:42:08 : /Users/playmodesstudio/Dropbox/PLAYMODES_STUDIO/2021/FORMS/P5/FORMS_SPECTRUM2/pngs/564.png
[notice ] 21:42:10 : /Users/playmodesstudio/Dropbox/PLAYMODES_STUDIO/2021/FORMS/P5/FORMS_SPECTRUM2/pngs/564.png
[notice ] 21:42:13 : /Users/playmodesstudio/Dropbox/PLAYMODES_STUDIO/2021/FORMS/P5/FORMS_SPECTRUM2/pngs/565.png
[notice ] 21:42:15 : /Users/playmodesstudio/Dropbox/PLAYMODES_STUDIO/2021/FORMS/P5/FORMS_SPECTRUM2/pngs/565.png
[notice ] 21:42:18 : /Users/playmodesstudio/Dropbox/PLAYMODES_STUDIO/2021/FORMS/P5/FORMS_SPECTRUM2/pngs/565.png
[notice ] 21:42:21 : /Users/playmodesstudio/Dropbox/PLAYMODES_STUDIO/2021/FORMS/P5/FORMS_SPECTRUM2/pngs/565.png
[notice ] 21:42:23 : /Users/playmodesstudio/Dropbox/PLAYMODES_STUDIO/2021/FORMS/P5/FORMS_SPECTRUM2/pngs/565.png
[notice ] 21:42:26 : /Users/playmodesstudio/Dropbox/PLAYMODES_STUDIO/2021/FORMS/P5/FORMS_SPECTRUM2/pngs/566.png
[notice ] 21:42:28 : /Users/playmodesstudio/Dropbox/PLAYMODES_STUDIO/2021/FORMS/P5/FORMS_SPECTRUM2/pngs/566.png
[notice ] 21:42:31 : /Users/playmodesstudio/Dropbox/PLAYMODES_STUDIO/2021/FORMS/P5/FORMS_SPECTRUM2/pngs/566.png
[notice ] 21:42:34 : /Users/playmodesstudio/Dropbox/PLAYMODES_STUDIO/2021/FORMS/P5/FORMS_SPECTRUM2/pngs/567.png
[notice ] 21:42:36 : /Users/playmodesstudio/Dropbox/PLAYMODES_STUDIO/2021/FORMS/P5/FORMS_SPECTRUM2/pngs/567.png
[notice ] 21:42:39 : /Users/playmodesstudio/Dropbox/PLAYMODES_STUDIO/2021/FORMS/P5/FORMS_SPECTRUM2/pngs/567.png
[notice ] 21:42:42 : /Users/playmodesstudio/Dropbox/PLAYMODES_STUDIO/2021/FORMS/P5/FORMS_SPECTRUM2/pngs/567.png
[notice ] 21:42:44 : /Users/playmodesstudio/Dropbox/PLAYMODES_STUDIO/2021/FORMS/P5/FORMS_SPECTRUM2/pngs/568.png
[notice ] 21:42:47 : /Users/playmodesstudio/Dropbox/PLAYMODES_STUDIO/2021/FORMS/P5/FORMS_SPECTRUM2/pngs/568.png
[notice ] 21:42:49 : /Users/playmodesstudio/Dropbox/PLAYMODES_STUDIO/2021/FORMS/P5/FORMS_SPECTRUM2/pngs/568.png
[notice ] 21:42:52 : /Users/playmodesstudio/Dropbox/PLAYMODES_STUDIO/2021/FORMS/P5/FORMS_SPECTRUM2/pngs/568.png
[notice ] 21:42:55 : /Users/playmodesstudio/Dropbox/PLAYMODES_STUDIO/2021/FORMS/P5/FORMS_SPECTRUM2/pngs/569.png
[notice ] 21:42:57 : /Users/playmodesstudio/Dropbox/PLAYMODES_STUDIO/2021/FORMS/P5/FORMS_SPECTRUM2/pngs/569.png
[notice ] 21:43:00 : /Users/playmodesstudio/Dropbox/PLAYMODES_STUDIO/2021/FORMS/P5/FORMS_SPECTRUM2/pngs/569.png
[notice ] 21:43:02 : /Users/playmodesstudio/Dropbox/PLAYMODES_STUDIO/2021/FORMS/P5/FORMS_SPECTRUM2/pngs/569.png
[notice ] 21:43:05 : /Users/playmodesstudio/Dropbox/PLAYMODES_STUDIO/2021/FORMS/P5/FORMS_SPECTRUM2/pngs/570.png
[notice ] 21:43:08 : /Users/playmodesstudio/Dropbox/PLAYMODES_STUDIO/2021/FORMS/P5/FORMS_SPECTRUM2/pngs/570.png
[notice ] 21:43:10 : /Users/playmodesstudio/Dropbox/PLAYMODES_STUDIO/2021/FORMS/P5/FORMS_SPECTRUM2/pngs/570.png
[notice ] 21:43:13 : /Users/playmodesstudio/Dropbox/PLAYMODES_STUDIO/2021/FORMS/P5/FORMS_SPECTRUM2/pngs/570.png
[notice ] 21:43:15 : /Users/playmodesstudio/Dropbox/PLAYMODES_STUDIO/2021/FORMS/P5/FORMS_SPECTRUM2/pngs/571.png
[notice ] 21:43:18 : /Users/playmodesstudio/Dropbox/PLAYMODES_STUDIO/2021/FORMS/P5/FORMS_SPECTRUM2/pngs/571.png
[notice ] 21:43:21 : /Users/playmodesstudio/Dropbox/PLAYMODES_STUDIO/2021/FORMS/P5/FORMS_SPECTRUM2/pngs/571.png
[notice ] 21:43:23 : /Users/playmodesstudio/Dropbox/PLAYMODES_STUDIO/2021/FORMS/P5/FORMS_SPECTRUM2/pngs/572.png
[notice ] 21:43:26 : /Users/playmodesstudio/Dropbox/PLAYMODES_STUDIO/2021/FORMS/P5/FORMS_SPECTRUM2/pngs/572.png
[notice ] 21:43:28 : /Users/playmodesstudio/Dropbox/PLAYMODES_STUDIO/2021/FORMS/P5/FORMS_SPECTRUM2/pngs/572.png
[notice ] 21:43:31 : /Users/playmodesstudio/Dropbox/PLAYMODES_STUDIO/2021/FORMS/P5/FORMS_SPECTRUM2/pngs/572.png
[notice ] 21:43:34 : /Users/playmodesstudio/Dropbox/PLAYMODES_STUDIO/2021/FORMS/P5/FORMS_SPECTRUM2/pngs/572.png
[notice ] 21:43:36 : /Users/playmodesstudio/Dropbox/PLAYMODES_STUDIO/2021/FORMS/P5/FORMS_SPECTRUM2/pngs/573.png
[notice ] 21:43:39 : /Users/playmodesstudio/Dropbox/PLAYMODES_STUDIO/2021/FORMS/P5/FORMS_SPECTRUM2/pngs/573.png
[notice ] 21:43:42 : /Users/playmodesstudio/Dropbox/PLAYMODES_STUDIO/2021/FORMS/P5/FORMS_SPECTRUM2/pngs/573.png
[notice ] 21:43:44 : /Users/playmodesstudio/Dropbox/PLAYMODES_STUDIO/2021/FORMS/P5/FORMS_SPECTRUM2/pngs/574.png
[notice ] 21:43:47 : /Users/playmodesstudio/Dropbox/PLAYMODES_STUDIO/2021/FORMS/P5/FORMS_SPECTRUM2/pngs/574.png
[notice ] 21:43:49 : /Users/playmodesstudio/Dropbox/PLAYMODES_STUDIO/2021/FORMS/P5/FORMS_SPECTRUM2/pngs/574.png
[notice ] 21:43:52 : /Users/playmodesstudio/Dropbox/PLAYMODES_STUDIO/2021/FORMS/P5/FORMS_SPECTRUM2/pngs/575.png
[notice ] 21:43:55 : /Users/playmodesstudio/Dropbox/PLAYMODES_STUDIO/2021/FORMS/P5/FORMS_SPECTRUM2/pngs/575.png
[notice ] 21:43:57 : /Users/playmodesstudio/Dropbox/PLAYMODES_STUDIO/2021/FORMS/P5/FORMS_SPECTRUM2/pngs/575.png
[notice ] 21:44:00 : /Users/playmodesstudio/Dropbox/PLAYMODES_STUDIO/2021/FORMS/P5/FORMS_SPECTRUM2/pngs/575.png
[notice ] 21:44:02 : /Users/playmodesstudio/Dropbox/PLAYMODES_STUDIO/2021/FORMS/P5/FORMS_SPECTRUM2/pngs/576.png
[notice ] 21:44:05 : /Users/playmodesstudio/Dropbox/PLAYMODES_STUDIO/2021/FORMS/P5/FORMS_SPECTRUM2/pngs/576.png
[notice ] 21:44:08 : /Users/playmodesstudio/Dropbox/PLAYMODES_STUDIO/2021/FORMS/P5/FORMS_SPECTRUM2/pngs/576.png
[notice ] 21:44:10 : /Users/playmodesstudio/Dropbox/PLAYMODES_STUDIO/2021/FORMS/P5/FORMS_SPECTRUM2/pngs/576.png
[notice ] 21:44:13 : /Users/playmodesstudio/Dropbox/PLAYMODES_STUDIO/2021/FORMS/P5/FORMS_SPECTRUM2/pngs/576.png
[notice ] 21:44:15 : /Users/playmodesstudio/Dropbox/PLAYMODES_STUDIO/2021/FORMS/P5/FORMS_SPECTRUM2/pngs/577.png
[notice ] 21:44:18 : /Users/playmodesstudio/Dropbox/PLAYMODES_STUDIO/2021/FORMS/P5/FORMS_SPECTRUM2/pngs/577.png
[notice ] 21:44:21 : /Users/playmodesstudio/Dropbox/PLAYMODES_STUDIO/2021/FORMS/P5/FORMS_SPECTRUM2/pngs/577.png
[notice ] 21:44:23 : /Users/playmodesstudio/Dropbox/PLAYMODES_STUDIO/2021/FORMS/P5/FORMS_SPECTRUM2/pngs/577.png
[notice ] 21:44:26 : /Users/playmodesstudio/Dropbox/PLAYMODES_STUDIO/2021/FORMS/P5/FORMS_SPECTRUM2/pngs/578.png
[notice ] 21:44:28 : /Users/playmodesstudio/Dropbox/PLAYMODES_STUDIO/2021/FORMS/P5/FORMS_SPECTRUM2/pngs/578.png
[notice ] 21:44:31 : /Users/playmodesstudio/Dropbox/PLAYMODES_STUDIO/2021/FORMS/P5/FORMS_SPECTRUM2/pngs/578.png
[notice ] 21:44:34 : /Users/playmodesstudio/Dropbox/PLAYMODES_STUDIO/2021/FORMS/P5/FORMS_SPECTRUM2/pngs/579.png
[notice ] 21:44:36 : /Users/playmodesstudio/Dropbox/PLAYMODES_STUDIO/2021/FORMS/P5/FORMS_SPECTRUM2/pngs/579.png
[notice ] 21:44:39 : /Users/playmodesstudio/Dropbox/PLAYMODES_STUDIO/2021/FORMS/P5/FORMS_SPECTRUM2/pngs/579.png
[notice ] 21:44:41 : /Users/playmodesstudio/Dropbox/PLAYMODES_STUDIO/2021/FORMS/P5/FORMS_SPECTRUM2/pngs/579.png
[notice ] 21:44:44 : /Users/playmodesstudio/Dropbox/PLAYMODES_STUDIO/2021/FORMS/P5/FORMS_SPECTRUM2/pngs/580.png
[notice ] 21:44:46 : /Users/playmodesstudio/Dropbox/PLAYMODES_STUDIO/2021/FORMS/P5/FORMS_SPECTRUM2/pngs/580.png
[notice ] 21:44:48 : /Users/playmodesstudio/Dropbox/PLAYMODES_STUDIO/2021/FORMS/P5/FORMS_SPECTRUM2/pngs/580.png
[notice ] 21:44:51 : /Users/playmodesstudio/Dropbox/PLAYMODES_STUDIO/2021/FORMS/P5/FORMS_SPECTRUM2/pngs/580.png
[notice ] 21:44:53 : /Users/playmodesstudio/Dropbox/PLAYMODES_STUDIO/2021/FORMS/P5/FORMS_SPECTRUM2/pngs/581.png
[notice ] 21:44:56 : /Users/playmodesstudio/Dropbox/PLAYMODES_STUDIO/2021/FORMS/P5/FORMS_SPECTRUM2/pngs/581.png
[notice ] 21:44:58 : /Users/playmodesstudio/Dropbox/PLAYMODES_STUDIO/2021/FORMS/P5/FORMS_SPECTRUM2/pngs/581.png
[notice ] 21:45:01 : /Users/playmodesstudio/Dropbox/PLAYMODES_STUDIO/2021/FORMS/P5/FORMS_SPECTRUM2/pngs/581.png
[notice ] 21:45:03 : /Users/playmodesstudio/Dropbox/PLAYMODES_STUDIO/2021/FORMS/P5/FORMS_SPECTRUM2/pngs/582.png
[notice ] 21:45:06 : /Users/playmodesstudio/Dropbox/PLAYMODES_STUDIO/2021/FORMS/P5/FORMS_SPECTRUM2/pngs/582.png
[notice ] 21:45:08 : /Users/playmodesstudio/Dropbox/PLAYMODES_STUDIO/2021/FORMS/P5/FORMS_SPECTRUM2/pngs/582.png
[notice ] 21:45:11 : /Users/playmodesstudio/Dropbox/PLAYMODES_STUDIO/2021/FORMS/P5/FORMS_SPECTRUM2/pngs/582.png
[notice ] 21:45:13 : /Users/playmodesstudio/Dropbox/PLAYMODES_STUDIO/2021/FORMS/P5/FORMS_SPECTRUM2/pngs/583.png
[notice ] 21:45:15 : /Users/playmodesstudio/Dropbox/PLAYMODES_STUDIO/2021/FORMS/P5/FORMS_SPECTRUM2/pngs/583.png
[notice ] 21:45:18 : /Users/playmodesstudio/Dropbox/PLAYMODES_STUDIO/2021/FORMS/P5/FORMS_SPECTRUM2/pngs/583.png
[notice ] 21:45:20 : /Users/playmodesstudio/Dropbox/PLAYMODES_STUDIO/2021/FORMS/P5/FORMS_SPECTRUM2/pngs/583.png
[notice ] 21:45:23 : /Users/playmodesstudio/Dropbox/PLAYMODES_STUDIO/2021/FORMS/P5/FORMS_SPECTRUM2/pngs/583.png
[notice ] 21:45:25 : /Users/playmodesstudio/Dropbox/PLAYMODES_STUDIO/2021/FORMS/P5/FORMS_SPECTRUM2/pngs/584.png
[notice ] 21:45:28 : /Users/playmodesstudio/Dropbox/PLAYMODES_STUDIO/2021/FORMS/P5/FORMS_SPECTRUM2/pngs/584.png
[notice ] 21:45:30 : /Users/playmodesstudio/Dropbox/PLAYMODES_STUDIO/2021/FORMS/P5/FORMS_SPECTRUM2/pngs/584.png
[notice ] 21:45:33 : /Users/playmodesstudio/Dropbox/PLAYMODES_STUDIO/2021/FORMS/P5/FORMS_SPECTRUM2/pngs/584.png
[notice ] 21:45:35 : /Users/playmodesstudio/Dropbox/PLAYMODES_STUDIO/2021/FORMS/P5/FORMS_SPECTRUM2/pngs/585.png
[notice ] 21:45:37 : /Users/playmodesstudio/Dropbox/PLAYMODES_STUDIO/2021/FORMS/P5/FORMS_SPECTRUM2/pngs/585.png
[notice ] 21:45:40 : /Users/playmodesstudio/Dropbox/PLAYMODES_STUDIO/2021/FORMS/P5/FORMS_SPECTRUM2/pngs/585.png
[notice ] 21:45:42 : /Users/playmodesstudio/Dropbox/PLAYMODES_STUDIO/2021/FORMS/P5/FORMS_SPECTRUM2/pngs/585.png
[notice ] 21:45:45 : /Users/playmodesstudio/Dropbox/PLAYMODES_STUDIO/2021/FORMS/P5/FORMS_SPECTRUM2/pngs/586.png
[notice ] 21:45:47 : /Users/playmodesstudio/Dropbox/PLAYMODES_STUDIO/2021/FORMS/P5/FORMS_SPECTRUM2/pngs/586.png
[notice ] 21:45:50 : /Users/playmodesstudio/Dropbox/PLAYMODES_STUDIO/2021/FORMS/P5/FORMS_SPECTRUM2/pngs/586.png
[notice ] 21:45:52 : /Users/playmodesstudio/Dropbox/PLAYMODES_STUDIO/2021/FORMS/P5/FORMS_SPECTRUM2/pngs/587.png
[notice ] 21:45:55 : /Users/playmodesstudio/Dropbox/PLAYMODES_STUDIO/2021/FORMS/P5/FORMS_SPECTRUM2/pngs/587.png
[notice ] 21:45:57 : /Users/playmodesstudio/Dropbox/PLAYMODES_STUDIO/2021/FORMS/P5/FORMS_SPECTRUM2/pngs/587.png
[notice ] 21:46:00 : /Users/playmodesstudio/Dropbox/PLAYMODES_STUDIO/2021/FORMS/P5/FORMS_SPECTRUM2/pngs/587.png
[notice ] 21:46:02 : /Users/playmodesstudio/Dropbox/PLAYMODES_STUDIO/2021/FORMS/P5/FORMS_SPECTRUM2/pngs/588.png
[notice ] 21:46:04 : /Users/playmodesstudio/Dropbox/PLAYMODES_STUDIO/2021/FORMS/P5/FORMS_SPECTRUM2/pngs/588.png
[notice ] 21:46:07 : /Users/playmodesstudio/Dropbox/PLAYMODES_STUDIO/2021/FORMS/P5/FORMS_SPECTRUM2/pngs/588.png
[notice ] 21:46:09 : /Users/playmodesstudio/Dropbox/PLAYMODES_STUDIO/2021/FORMS/P5/FORMS_SPECTRUM2/pngs/588.png
[notice ] 21:46:12 : /Users/playmodesstudio/Dropbox/PLAYMODES_STUDIO/2021/FORMS/P5/FORMS_SPECTRUM2/pngs/588.png
[notice ] 21:46:14 : /Users/playmodesstudio/Dropbox/PLAYMODES_STUDIO/2021/FORMS/P5/FORMS_SPECTRUM2/pngs/589.png
[notice ] 21:46:17 : /Users/playmodesstudio/Dropbox/PLAYMODES_STUDIO/2021/FORMS/P5/FORMS_SPECTRUM2/pngs/589.png
[notice ] 21:46:19 : /Users/playmodesstudio/Dropbox/PLAYMODES_STUDIO/2021/FORMS/P5/FORMS_SPECTRUM2/pngs/589.png
[notice ] 21:46:22 : /Users/playmodesstudio/Dropbox/PLAYMODES_STUDIO/2021/FORMS/P5/FORMS_SPECTRUM2/pngs/589.png
[notice ] 21:46:24 : /Users/playmodesstudio/Dropbox/PLAYMODES_STUDIO/2021/FORMS/P5/FORMS_SPECTRUM2/pngs/590.png
[notice ] 21:46:26 : /Users/playmodesstudio/Dropbox/PLAYMODES_STUDIO/2021/FORMS/P5/FORMS_SPECTRUM2/pngs/590.png
[notice ] 21:46:29 : /Users/playmodesstudio/Dropbox/PLAYMODES_STUDIO/2021/FORMS/P5/FORMS_SPECTRUM2/pngs/590.png
[notice ] 21:46:31 : /Users/playmodesstudio/Dropbox/PLAYMODES_STUDIO/2021/FORMS/P5/FORMS_SPECTRUM2/pngs/590.png
[notice ] 21:46:34 : /Users/playmodesstudio/Dropbox/PLAYMODES_STUDIO/2021/FORMS/P5/FORMS_SPECTRUM2/pngs/591.png
[notice ] 21:46:36 : /Users/playmodesstudio/Dropbox/PLAYMODES_STUDIO/2021/FORMS/P5/FORMS_SPECTRUM2/pngs/591.png
[notice ] 21:46:39 : /Users/playmodesstudio/Dropbox/PLAYMODES_STUDIO/2021/FORMS/P5/FORMS_SPECTRUM2/pngs/591.png
[notice ] 21:46:41 : /Users/playmodesstudio/Dropbox/PLAYMODES_STUDIO/2021/FORMS/P5/FORMS_SPECTRUM2/pngs/592.png
[notice ] 21:46:44 : /Users/playmodesstudio/Dropbox/PLAYMODES_STUDIO/2021/FORMS/P5/FORMS_SPECTRUM2/pngs/593.png
[notice ] 21:46:46 : /Users/playmodesstudio/Dropbox/PLAYMODES_STUDIO/2021/FORMS/P5/FORMS_SPECTRUM2/pngs/593.png
[notice ] 21:46:48 : /Users/playmodesstudio/Dropbox/PLAYMODES_STUDIO/2021/FORMS/P5/FORMS_SPECTRUM2/pngs/593.png
[notice ] 21:46:51 : /Users/playmodesstudio/Dropbox/PLAYMODES_STUDIO/2021/FORMS/P5/FORMS_SPECTRUM2/pngs/594.png
[notice ] 21:46:53 : /Users/playmodesstudio/Dropbox/PLAYMODES_STUDIO/2021/FORMS/P5/FORMS_SPECTRUM2/pngs/595.png
[notice ] 21:46:56 : /Users/playmodesstudio/Dropbox/PLAYMODES_STUDIO/2021/FORMS/P5/FORMS_SPECTRUM2/pngs/595.png
[notice ] 21:46:58 : /Users/playmodesstudio/Dropbox/PLAYMODES_STUDIO/2021/FORMS/P5/FORMS_SPECTRUM2/pngs/596.png
[notice ] 21:47:01 : /Users/playmodesstudio/Dropbox/PLAYMODES_STUDIO/2021/FORMS/P5/FORMS_SPECTRUM2/pngs/596.png
[notice ] 21:47:03 : /Users/playmodesstudio/Dropbox/PLAYMODES_STUDIO/2021/FORMS/P5/FORMS_SPECTRUM2/pngs/596.png
[notice ] 21:47:06 : /Users/playmodesstudio/Dropbox/PLAYMODES_STUDIO/2021/FORMS/P5/FORMS_SPECTRUM2/pngs/597.png
[notice ] 21:47:08 : /Users/playmodesstudio/Dropbox/PLAYMODES_STUDIO/2021/FORMS/P5/FORMS_SPECTRUM2/pngs/598.png
[notice ] 21:47:11 : /Users/playmodesstudio/Dropbox/PLAYMODES_STUDIO/2021/FORMS/P5/FORMS_SPECTRUM2/pngs/598.png
[notice ] 21:47:13 : /Users/playmodesstudio/Dropbox/PLAYMODES_STUDIO/2021/FORMS/P5/FORMS_SPECTRUM2/pngs/598.png
[notice ] 21:47:15 : /Users/playmodesstudio/Dropbox/PLAYMODES_STUDIO/2021/FORMS/P5/FORMS_SPECTRUM2/pngs/599.png
[notice ] 21:47:17 : /Users/playmodesstudio/Dropbox/PLAYMODES_STUDIO/2021/FORMS/P5/FORMS_SPECTRUM2/pngs/600.png
[notice ] 21:47:19 : /Users/playmodesstudio/Dropbox/PLAYMODES_STUDIO/2021/FORMS/P5/FORMS_SPECTRUM2/pngs/600.png
[notice ] 21:47:21 : /Users/playmodesstudio/Dropbox/PLAYMODES_STUDIO/2021/FORMS/P5/FORMS_SPECTRUM2/pngs/600.png
[notice ] 21:47:23 : /Users/playmodesstudio/Dropbox/PLAYMODES_STUDIO/2021/FORMS/P5/FORMS_SPECTRUM2/pngs/601.png
[notice ] 21:47:25 : /Users/playmodesstudio/Dropbox/PLAYMODES_STUDIO/2021/FORMS/P5/FORMS_SPECTRUM2/pngs/601.png
[notice ] 21:47:27 : /Users/playmodesstudio/Dropbox/PLAYMODES_STUDIO/2021/FORMS/P5/FORMS_SPECTRUM2/pngs/601.png
[notice ] 21:47:29 : /Users/playmodesstudio/Dropbox/PLAYMODES_STUDIO/2021/FORMS/P5/FORMS_SPECTRUM2/pngs/602.png
[notice ] 21:47:31 : /Users/playmodesstudio/Dropbox/PLAYMODES_STUDIO/2021/FORMS/P5/FORMS_SPECTRUM2/pngs/602.png
[notice ] 21:47:33 : /Users/playmodesstudio/Dropbox/PLAYMODES_STUDIO/2021/FORMS/P5/FORMS_SPECTRUM2/pngs/603.png
[notice ] 21:47:35 : /Users/playmodesstudio/Dropbox/PLAYMODES_STUDIO/2021/FORMS/P5/FORMS_SPECTRUM2/pngs/603.png
[notice ] 21:47:37 : /Users/playmodesstudio/Dropbox/PLAYMODES_STUDIO/2021/FORMS/P5/FORMS_SPECTRUM2/pngs/603.png
[notice ] 21:47:39 : /Users/playmodesstudio/Dropbox/PLAYMODES_STUDIO/2021/FORMS/P5/FORMS_SPECTRUM2/pngs/604.png
[notice ] 21:47:41 : /Users/playmodesstudio/Dropbox/PLAYMODES_STUDIO/2021/FORMS/P5/FORMS_SPECTRUM2/pngs/604.png
[notice ] 21:47:43 : /Users/playmodesstudio/Dropbox/PLAYMODES_STUDIO/2021/FORMS/P5/FORMS_SPECTRUM2/pngs/605.png
[notice ] 21:47:45 : /Users/playmodesstudio/Dropbox/PLAYMODES_STUDIO/2021/FORMS/P5/FORMS_SPECTRUM2/pngs/605.png
[notice ] 21:47:47 : /Users/playmodesstudio/Dropbox/PLAYMODES_STUDIO/2021/FORMS/P5/FORMS_SPECTRUM2/pngs/605.png
[notice ] 21:47:49 : /Users/playmodesstudio/Dropbox/PLAYMODES_STUDIO/2021/FORMS/P5/FORMS_SPECTRUM2/pngs/606.png
[notice ] 21:47:51 : /Users/playmodesstudio/Dropbox/PLAYMODES_STUDIO/2021/FORMS/P5/FORMS_SPECTRUM2/pngs/606.png
[notice ] 21:47:53 : /Users/playmodesstudio/Dropbox/PLAYMODES_STUDIO/2021/FORMS/P5/FORMS_SPECTRUM2/pngs/607.png
[notice ] 21:47:56 : /Users/playmodesstudio/Dropbox/PLAYMODES_STUDIO/2021/FORMS/P5/FORMS_SPECTRUM2/pngs/607.png
[notice ] 21:47:58 : /Users/playmodesstudio/Dropbox/PLAYMODES_STUDIO/2021/FORMS/P5/FORMS_SPECTRUM2/pngs/608.png
[notice ] 21:48:00 : /Users/playmodesstudio/Dropbox/PLAYMODES_STUDIO/2021/FORMS/P5/FORMS_SPECTRUM2/pngs/608.png
[notice ] 21:48:02 : /Users/playmodesstudio/Dropbox/PLAYMODES_STUDIO/2021/FORMS/P5/FORMS_SPECTRUM2/pngs/609.png
[notice ] 21:48:04 : /Users/playmodesstudio/Dropbox/PLAYMODES_STUDIO/2021/FORMS/P5/FORMS_SPECTRUM2/pngs/609.png
[notice ] 21:48:06 : /Users/playmodesstudio/Dropbox/PLAYMODES_STUDIO/2021/FORMS/P5/FORMS_SPECTRUM2/pngs/609.png
[notice ] 21:48:08 : /Users/playmodesstudio/Dropbox/PLAYMODES_STUDIO/2021/FORMS/P5/FORMS_SPECTRUM2/pngs/609.png
[notice ] 21:48:10 : /Users/playmodesstudio/Dropbox/PLAYMODES_STUDIO/2021/FORMS/P5/FORMS_SPECTRUM2/pngs/610.png
[notice ] 21:48:12 : /Users/playmodesstudio/Dropbox/PLAYMODES_STUDIO/2021/FORMS/P5/FORMS_SPECTRUM2/pngs/610.png
[notice ] 21:48:14 : /Users/playmodesstudio/Dropbox/PLAYMODES_STUDIO/2021/FORMS/P5/FORMS_SPECTRUM2/pngs/610.png
[notice ] 21:48:16 : /Users/playmodesstudio/Dropbox/PLAYMODES_STUDIO/2021/FORMS/P5/FORMS_SPECTRUM2/pngs/611.png
[notice ] 21:48:18 : /Users/playmodesstudio/Dropbox/PLAYMODES_STUDIO/2021/FORMS/P5/FORMS_SPECTRUM2/pngs/611.png
[notice ] 21:48:20 : /Users/playmodesstudio/Dropbox/PLAYMODES_STUDIO/2021/FORMS/P5/FORMS_SPECTRUM2/pngs/612.png
[notice ] 21:48:22 : /Users/playmodesstudio/Dropbox/PLAYMODES_STUDIO/2021/FORMS/P5/FORMS_SPECTRUM2/pngs/612.png
[notice ] 21:48:24 : /Users/playmodesstudio/Dropbox/PLAYMODES_STUDIO/2021/FORMS/P5/FORMS_SPECTRUM2/pngs/613.png
[notice ] 21:48:26 : /Users/playmodesstudio/Dropbox/PLAYMODES_STUDIO/2021/FORMS/P5/FORMS_SPECTRUM2/pngs/613.png
[notice ] 21:48:28 : /Users/playmodesstudio/Dropbox/PLAYMODES_STUDIO/2021/FORMS/P5/FORMS_SPECTRUM2/pngs/613.png
[notice ] 21:48:30 : /Users/playmodesstudio/Dropbox/PLAYMODES_STUDIO/2021/FORMS/P5/FORMS_SPECTRUM2/pngs/614.png
[notice ] 21:48:32 : /Users/playmodesstudio/Dropbox/PLAYMODES_STUDIO/2021/FORMS/P5/FORMS_SPECTRUM2/pngs/614.png
[notice ] 21:48:34 : /Users/playmodesstudio/Dropbox/PLAYMODES_STUDIO/2021/FORMS/P5/FORMS_SPECTRUM2/pngs/615.png
[notice ] 21:48:36 : /Users/playmodesstudio/Dropbox/PLAYMODES_STUDIO/2021/FORMS/P5/FORMS_SPECTRUM2/pngs/615.png
[notice ] 21:48:38 : /Users/playmodesstudio/Dropbox/PLAYMODES_STUDIO/2021/FORMS/P5/FORMS_SPECTRUM2/pngs/615.png
[notice ] 21:48:40 : /Users/playmodesstudio/Dropbox/PLAYMODES_STUDIO/2021/FORMS/P5/FORMS_SPECTRUM2/pngs/616.png
[notice ] 21:48:42 : /Users/playmodesstudio/Dropbox/PLAYMODES_STUDIO/2021/FORMS/P5/FORMS_SPECTRUM2/pngs/616.png
[notice ] 21:48:44 : /Users/playmodesstudio/Dropbox/PLAYMODES_STUDIO/2021/FORMS/P5/FORMS_SPECTRUM2/pngs/616.png
[notice ] 21:48:46 : /Users/playmodesstudio/Dropbox/PLAYMODES_STUDIO/2021/FORMS/P5/FORMS_SPECTRUM2/pngs/617.png
[notice ] 21:48:48 : /Users/playmodesstudio/Dropbox/PLAYMODES_STUDIO/2021/FORMS/P5/FORMS_SPECTRUM2/pngs/617.png
[notice ] 21:48:50 : /Users/playmodesstudio/Dropbox/PLAYMODES_STUDIO/2021/FORMS/P5/FORMS_SPECTRUM2/pngs/617.png
[notice ] 21:48:52 : /Users/playmodesstudio/Dropbox/PLAYMODES_STUDIO/2021/FORMS/P5/FORMS_SPECTRUM2/pngs/618.png
[notice ] 21:48:54 : /Users/playmodesstudio/Dropbox/PLAYMODES_STUDIO/2021/FORMS/P5/FORMS_SPECTRUM2/pngs/618.png
[notice ] 21:48:57 : /Users/playmodesstudio/Dropbox/PLAYMODES_STUDIO/2021/FORMS/P5/FORMS_SPECTRUM2/pngs/618.png
[notice ] 21:48:59 : /Users/playmodesstudio/Dropbox/PLAYMODES_STUDIO/2021/FORMS/P5/FORMS_SPECTRUM2/pngs/618.png
[notice ] 21:49:01 : /Users/playmodesstudio/Dropbox/PLAYMODES_STUDIO/2021/FORMS/P5/FORMS_SPECTRUM2/pngs/618.png
[notice ] 21:49:03 : /Users/playmodesstudio/Dropbox/PLAYMODES_STUDIO/2021/FORMS/P5/FORMS_SPECTRUM2/pngs/618.png
[notice ] 21:49:05 : /Users/playmodesstudio/Dropbox/PLAYMODES_STUDIO/2021/FORMS/P5/FORMS_SPECTRUM2/pngs/618.png
[notice ] 21:49:07 : /Users/playmodesstudio/Dropbox/PLAYMODES_STUDIO/2021/FORMS/P5/FORMS_SPECTRUM2/pngs/618.png
[notice ] 21:49:09 : /Users/playmodesstudio/Dropbox/PLAYMODES_STUDIO/2021/FORMS/P5/FORMS_SPECTRUM2/pngs/620.png
[notice ] 21:49:11 : /Users/playmodesstudio/Dropbox/PLAYMODES_STUDIO/2021/FORMS/P5/FORMS_SPECTRUM2/pngs/620.png
[notice ] 21:49:13 : /Users/playmodesstudio/Dropbox/PLAYMODES_STUDIO/2021/FORMS/P5/FORMS_SPECTRUM2/pngs/620.png
[notice ] 21:49:15 : /Users/playmodesstudio/Dropbox/PLAYMODES_STUDIO/2021/FORMS/P5/FORMS_SPECTRUM2/pngs/621.png
[notice ] 21:49:17 : /Users/playmodesstudio/Dropbox/PLAYMODES_STUDIO/2021/FORMS/P5/FORMS_SPECTRUM2/pngs/621.png
[notice ] 21:49:19 : /Users/playmodesstudio/Dropbox/PLAYMODES_STUDIO/2021/FORMS/P5/FORMS_SPECTRUM2/pngs/622.png
[notice ] 21:49:21 : /Users/playmodesstudio/Dropbox/PLAYMODES_STUDIO/2021/FORMS/P5/FORMS_SPECTRUM2/pngs/622.png
[notice ] 21:49:23 : /Users/playmodesstudio/Dropbox/PLAYMODES_STUDIO/2021/FORMS/P5/FORMS_SPECTRUM2/pngs/622.png
[notice ] 21:49:25 : /Users/playmodesstudio/Dropbox/PLAYMODES_STUDIO/2021/FORMS/P5/FORMS_SPECTRUM2/pngs/623.png
[notice ] 21:49:27 : /Users/playmodesstudio/Dropbox/PLAYMODES_STUDIO/2021/FORMS/P5/FORMS_SPECTRUM2/pngs/623.png
[notice ] 21:49:29 : /Users/playmodesstudio/Dropbox/PLAYMODES_STUDIO/2021/FORMS/P5/FORMS_SPECTRUM2/pngs/624.png
[notice ] 21:49:31 : /Users/playmodesstudio/Dropbox/PLAYMODES_STUDIO/2021/FORMS/P5/FORMS_SPECTRUM2/pngs/624.png
[notice ] 21:49:33 : /Users/playmodesstudio/Dropbox/PLAYMODES_STUDIO/2021/FORMS/P5/FORMS_SPECTRUM2/pngs/624.png
[notice ] 21:49:35 : /Users/playmodesstudio/Dropbox/PLAYMODES_STUDIO/2021/FORMS/P5/FORMS_SPECTRUM2/pngs/625.png
[notice ] 21:49:37 : /Users/playmodesstudio/Dropbox/PLAYMODES_STUDIO/2021/FORMS/P5/FORMS_SPECTRUM2/pngs/625.png
[notice ] 21:49:39 : /Users/playmodesstudio/Dropbox/PLAYMODES_STUDIO/2021/FORMS/P5/FORMS_SPECTRUM2/pngs/626.png
[notice ] 21:49:41 : /Users/playmodesstudio/Dropbox/PLAYMODES_STUDIO/2021/FORMS/P5/FORMS_SPECTRUM2/pngs/626.png
[notice ] 21:49:43 : /Users/playmodesstudio/Dropbox/PLAYMODES_STUDIO/2021/FORMS/P5/FORMS_SPECTRUM2/pngs/626.png
[notice ] 21:49:45 : /Users/playmodesstudio/Dropbox/PLAYMODES_STUDIO/2021/FORMS/P5/FORMS_SPECTRUM2/pngs/627.png
[notice ] 21:49:47 : /Users/playmodesstudio/Dropbox/PLAYMODES_STUDIO/2021/FORMS/P5/FORMS_SPECTRUM2/pngs/628.png
[notice ] 21:49:49 : /Users/playmodesstudio/Dropbox/PLAYMODES_STUDIO/2021/FORMS/P5/FORMS_SPECTRUM2/pngs/628.png
[notice ] 21:49:51 : /Users/playmodesstudio/Dropbox/PLAYMODES_STUDIO/2021/FORMS/P5/FORMS_SPECTRUM2/pngs/629.png
[notice ] 21:49:53 : /Users/playmodesstudio/Dropbox/PLAYMODES_STUDIO/2021/FORMS/P5/FORMS_SPECTRUM2/pngs/629.png
[notice ] 21:49:56 : /Users/playmodesstudio/Dropbox/PLAYMODES_STUDIO/2021/FORMS/P5/FORMS_SPECTRUM2/pngs/630.png
[notice ] 21:49:58 : /Users/playmodesstudio/Dropbox/PLAYMODES_STUDIO/2021/FORMS/P5/FORMS_SPECTRUM2/pngs/630.png
[notice ] 21:50:00 : /Users/playmodesstudio/Dropbox/PLAYMODES_STUDIO/2021/FORMS/P5/FORMS_SPECTRUM2/pngs/631.png
[notice ] 21:50:02 : /Users/playmodesstudio/Dropbox/PLAYMODES_STUDIO/2021/FORMS/P5/FORMS_SPECTRUM2/pngs/631.png
[notice ] 21:50:04 : /Users/playmodesstudio/Dropbox/PLAYMODES_STUDIO/2021/FORMS/P5/FORMS_SPECTRUM2/pngs/631.png
[notice ] 21:50:06 : /Users/playmodesstudio/Dropbox/PLAYMODES_STUDIO/2021/FORMS/P5/FORMS_SPECTRUM2/pngs/631.png
[notice ] 21:50:08 : /Users/playmodesstudio/Dropbox/PLAYMODES_STUDIO/2021/FORMS/P5/FORMS_SPECTRUM2/pngs/632.png
[notice ] 21:50:10 : /Users/playmodesstudio/Dropbox/PLAYMODES_STUDIO/2021/FORMS/P5/FORMS_SPECTRUM2/pngs/633.png
[notice ] 21:50:14 : /Users/playmodesstudio/Dropbox/PLAYMODES_STUDIO/2021/FORMS/P5/FORMS_SPECTRUM2/pngs/633.png
[notice ] 21:50:20 : /Users/playmodesstudio/Dropbox/PLAYMODES_STUDIO/2021/FORMS/P5/FORMS_SPECTRUM2/pngs/633.png
[notice ] 21:50:25 : /Users/playmodesstudio/Dropbox/PLAYMODES_STUDIO/2021/FORMS/P5/FORMS_SPECTRUM2/pngs/635.png
[notice ] 21:50:30 : /Users/playmodesstudio/Dropbox/PLAYMODES_STUDIO/2021/FORMS/P5/FORMS_SPECTRUM2/pngs/635.png
[notice ] 21:50:32 : /Users/playmodesstudio/Dropbox/PLAYMODES_STUDIO/2021/FORMS/P5/FORMS_SPECTRUM2/pngs/635.png
[notice ] 21:50:35 : /Users/playmodesstudio/Dropbox/PLAYMODES_STUDIO/2021/FORMS/P5/FORMS_SPECTRUM2/pngs/636.png
[notice ] 21:50:37 : /Users/playmodesstudio/Dropbox/PLAYMODES_STUDIO/2021/FORMS/P5/FORMS_SPECTRUM2/pngs/636.png
[notice ] 21:50:40 : /Users/playmodesstudio/Dropbox/PLAYMODES_STUDIO/2021/FORMS/P5/FORMS_SPECTRUM2/pngs/636.png
[notice ] 21:50:43 : /Users/playmodesstudio/Dropbox/PLAYMODES_STUDIO/2021/FORMS/P5/FORMS_SPECTRUM2/pngs/636.png
[notice ] 21:50:45 : /Users/playmodesstudio/Dropbox/PLAYMODES_STUDIO/2021/FORMS/P5/FORMS_SPECTRUM2/pngs/637.png
[notice ] 21:50:48 : /Users/playmodesstudio/Dropbox/PLAYMODES_STUDIO/2021/FORMS/P5/FORMS_SPECTRUM2/pngs/637.png
[notice ] 21:50:50 : /Users/playmodesstudio/Dropbox/PLAYMODES_STUDIO/2021/FORMS/P5/FORMS_SPECTRUM2/pngs/637.png
[notice ] 21:50:53 : /Users/playmodesstudio/Dropbox/PLAYMODES_STUDIO/2021/FORMS/P5/FORMS_SPECTRUM2/pngs/637.png
[notice ] 21:50:56 : /Users/playmodesstudio/Dropbox/PLAYMODES_STUDIO/2021/FORMS/P5/FORMS_SPECTRUM2/pngs/638.png
[notice ] 21:50:58 : /Users/playmodesstudio/Dropbox/PLAYMODES_STUDIO/2021/FORMS/P5/FORMS_SPECTRUM2/pngs/638.png
[notice ] 21:51:01 : /Users/playmodesstudio/Dropbox/PLAYMODES_STUDIO/2021/FORMS/P5/FORMS_SPECTRUM2/pngs/638.png
[notice ] 21:51:03 : /Users/playmodesstudio/Dropbox/PLAYMODES_STUDIO/2021/FORMS/P5/FORMS_SPECTRUM2/pngs/639.png
[notice ] 21:51:06 : /Users/playmodesstudio/Dropbox/PLAYMODES_STUDIO/2021/FORMS/P5/FORMS_SPECTRUM2/pngs/639.png
[notice ] 21:51:09 : /Users/playmodesstudio/Dropbox/PLAYMODES_STUDIO/2021/FORMS/P5/FORMS_SPECTRUM2/pngs/639.png
[notice ] 21:51:11 : /Users/playmodesstudio/Dropbox/PLAYMODES_STUDIO/2021/FORMS/P5/FORMS_SPECTRUM2/pngs/639.png
[notice ] 21:51:14 : /Users/playmodesstudio/Dropbox/PLAYMODES_STUDIO/2021/FORMS/P5/FORMS_SPECTRUM2/pngs/640.png
[notice ] 21:51:17 : /Users/playmodesstudio/Dropbox/PLAYMODES_STUDIO/2021/FORMS/P5/FORMS_SPECTRUM2/pngs/640.png
[notice ] 21:51:19 : /Users/playmodesstudio/Dropbox/PLAYMODES_STUDIO/2021/FORMS/P5/FORMS_SPECTRUM2/pngs/640.png
[notice ] 21:51:22 : /Users/playmodesstudio/Dropbox/PLAYMODES_STUDIO/2021/FORMS/P5/FORMS_SPECTRUM2/pngs/640.png
[notice ] 21:51:24 : /Users/playmodesstudio/Dropbox/PLAYMODES_STUDIO/2021/FORMS/P5/FORMS_SPECTRUM2/pngs/640.png
[notice ] 21:51:27 : /Users/playmodesstudio/Dropbox/PLAYMODES_STUDIO/2021/FORMS/P5/FORMS_SPECTRUM2/pngs/640.png
[notice ] 21:51:30 : /Users/playmodesstudio/Dropbox/PLAYMODES_STUDIO/2021/FORMS/P5/FORMS_SPECTRUM2/pngs/640.png
[notice ] 21:51:32 : /Users/playmodesstudio/Dropbox/PLAYMODES_STUDIO/2021/FORMS/P5/FORMS_SPECTRUM2/pngs/640.png
[notice ] 21:51:35 : /Users/playmodesstudio/Dropbox/PLAYMODES_STUDIO/2021/FORMS/P5/FORMS_SPECTRUM2/pngs/640.png
[notice ] 21:51:37 : /Users/playmodesstudio/Dropbox/PLAYMODES_STUDIO/2021/FORMS/P5/FORMS_SPECTRUM2/pngs/640.png
[notice ] 21:51:40 : /Users/playmodesstudio/Dropbox/PLAYMODES_STUDIO/2021/FORMS/P5/FORMS_SPECTRUM2/pngs/640.png
[notice ] 21:51:43 : /Users/playmodesstudio/Dropbox/PLAYMODES_STUDIO/2021/FORMS/P5/FORMS_SPECTRUM2/pngs/641.png
[notice ] 21:51:45 : /Users/playmodesstudio/Dropbox/PLAYMODES_STUDIO/2021/FORMS/P5/FORMS_SPECTRUM2/pngs/641.png
[notice ] 21:51:48 : /Users/playmodesstudio/Dropbox/PLAYMODES_STUDIO/2021/FORMS/P5/FORMS_SPECTRUM2/pngs/641.png
[notice ] 21:51:50 : /Users/playmodesstudio/Dropbox/PLAYMODES_STUDIO/2021/FORMS/P5/FORMS_SPECTRUM2/pngs/641.png
[notice ] 21:51:53 : /Users/playmodesstudio/Dropbox/PLAYMODES_STUDIO/2021/FORMS/P5/FORMS_SPECTRUM2/pngs/641.png
[notice ] 21:51:56 : /Users/playmodesstudio/Dropbox/PLAYMODES_STUDIO/2021/FORMS/P5/FORMS_SPECTRUM2/pngs/641.png
[notice ] 21:51:58 : /Users/playmodesstudio/Dropbox/PLAYMODES_STUDIO/2021/FORMS/P5/FORMS_SPECTRUM2/pngs/641.png
[notice ] 21:52:01 : /Users/playmodesstudio/Dropbox/PLAYMODES_STUDIO/2021/FORMS/P5/FORMS_SPECTRUM2/pngs/642.png
[notice ] 21:52:03 : /Users/playmodesstudio/Dropbox/PLAYMODES_STUDIO/2021/FORMS/P5/FORMS_SPECTRUM2/pngs/642.png
[notice ] 21:52:06 : /Users/playmodesstudio/Dropbox/PLAYMODES_STUDIO/2021/FORMS/P5/FORMS_SPECTRUM2/pngs/642.png
[notice ] 21:52:09 : /Users/playmodesstudio/Dropbox/PLAYMODES_STUDIO/2021/FORMS/P5/FORMS_SPECTRUM2/pngs/642.png
[notice ] 21:52:11 : /Users/playmodesstudio/Dropbox/PLAYMODES_STUDIO/2021/FORMS/P5/FORMS_SPECTRUM2/pngs/642.png
[notice ] 21:52:14 : /Users/playmodesstudio/Dropbox/PLAYMODES_STUDIO/2021/FORMS/P5/FORMS_SPECTRUM2/pngs/642.png
[notice ] 21:52:17 : /Users/playmodesstudio/Dropbox/PLAYMODES_STUDIO/2021/FORMS/P5/FORMS_SPECTRUM2/pngs/642.png
[notice ] 21:52:19 : /Users/playmodesstudio/Dropbox/PLAYMODES_STUDIO/2021/FORMS/P5/FORMS_SPECTRUM2/pngs/643.png
[notice ] 21:52:22 : /Users/playmodesstudio/Dropbox/PLAYMODES_STUDIO/2021/FORMS/P5/FORMS_SPECTRUM2/pngs/643.png
[notice ] 21:52:24 : /Users/playmodesstudio/Dropbox/PLAYMODES_STUDIO/2021/FORMS/P5/FORMS_SPECTRUM2/pngs/643.png
[notice ] 21:52:27 : /Users/playmodesstudio/Dropbox/PLAYMODES_STUDIO/2021/FORMS/P5/FORMS_SPECTRUM2/pngs/643.png
[notice ] 21:52:30 : /Users/playmodesstudio/Dropbox/PLAYMODES_STUDIO/2021/FORMS/P5/FORMS_SPECTRUM2/pngs/644.png
[notice ] 21:52:32 : /Users/playmodesstudio/Dropbox/PLAYMODES_STUDIO/2021/FORMS/P5/FORMS_SPECTRUM2/pngs/644.png
[notice ] 21:52:35 : /Users/playmodesstudio/Dropbox/PLAYMODES_STUDIO/2021/FORMS/P5/FORMS_SPECTRUM2/pngs/644.png
[notice ] 21:52:37 : /Users/playmodesstudio/Dropbox/PLAYMODES_STUDIO/2021/FORMS/P5/FORMS_SPECTRUM2/pngs/644.png
[notice ] 21:52:40 : /Users/playmodesstudio/Dropbox/PLAYMODES_STUDIO/2021/FORMS/P5/FORMS_SPECTRUM2/pngs/644.png
[notice ] 21:52:43 : /Users/playmodesstudio/Dropbox/PLAYMODES_STUDIO/2021/FORMS/P5/FORMS_SPECTRUM2/pngs/644.png
[notice ] 21:52:45 : /Users/playmodesstudio/Dropbox/PLAYMODES_STUDIO/2021/FORMS/P5/FORMS_SPECTRUM2/pngs/645.png
[notice ] 21:52:48 : /Users/playmodesstudio/Dropbox/PLAYMODES_STUDIO/2021/FORMS/P5/FORMS_SPECTRUM2/pngs/645.png
[notice ] 21:52:50 : /Users/playmodesstudio/Dropbox/PLAYMODES_STUDIO/2021/FORMS/P5/FORMS_SPECTRUM2/pngs/645.png
[notice ] 21:52:53 : /Users/playmodesstudio/Dropbox/PLAYMODES_STUDIO/2021/FORMS/P5/FORMS_SPECTRUM2/pngs/645.png
[notice ] 21:52:56 : /Users/playmodesstudio/Dropbox/PLAYMODES_STUDIO/2021/FORMS/P5/FORMS_SPECTRUM2/pngs/646.png
[notice ] 21:52:58 : /Users/playmodesstudio/Dropbox/PLAYMODES_STUDIO/2021/FORMS/P5/FORMS_SPECTRUM2/pngs/646.png
[notice ] 21:53:01 : /Users/playmodesstudio/Dropbox/PLAYMODES_STUDIO/2021/FORMS/P5/FORMS_SPECTRUM2/pngs/646.png
[notice ] 21:53:03 : /Users/playmodesstudio/Dropbox/PLAYMODES_STUDIO/2021/FORMS/P5/FORMS_SPECTRUM2/pngs/646.png
[notice ] 21:53:06 : /Users/playmodesstudio/Dropbox/PLAYMODES_STUDIO/2021/FORMS/P5/FORMS_SPECTRUM2/pngs/646.png
[notice ] 21:53:09 : /Users/playmodesstudio/Dropbox/PLAYMODES_STUDIO/2021/FORMS/P5/FORMS_SPECTRUM2/pngs/647.png
[notice ] 21:53:11 : /Users/playmodesstudio/Dropbox/PLAYMODES_STUDIO/2021/FORMS/P5/FORMS_SPECTRUM2/pngs/647.png
[notice ] 21:53:14 : /Users/playmodesstudio/Dropbox/PLAYMODES_STUDIO/2021/FORMS/P5/FORMS_SPECTRUM2/pngs/647.png
[notice ] 21:53:17 : /Users/playmodesstudio/Dropbox/PLAYMODES_STUDIO/2021/FORMS/P5/FORMS_SPECTRUM2/pngs/647.png
[notice ] 21:53:19 : /Users/playmodesstudio/Dropbox/PLAYMODES_STUDIO/2021/FORMS/P5/FORMS_SPECTRUM2/pngs/647.png
[notice ] 21:53:22 : /Users/playmodesstudio/Dropbox/PLAYMODES_STUDIO/2021/FORMS/P5/FORMS_SPECTRUM2/pngs/647.png
[notice ] 21:53:24 : /Users/playmodesstudio/Dropbox/PLAYMODES_STUDIO/2021/FORMS/P5/FORMS_SPECTRUM2/pngs/647.png
[notice ] 21:53:27 : /Users/playmodesstudio/Dropbox/PLAYMODES_STUDIO/2021/FORMS/P5/FORMS_SPECTRUM2/pngs/647.png
[notice ] 21:53:30 : /Users/playmodesstudio/Dropbox/PLAYMODES_STUDIO/2021/FORMS/P5/FORMS_SPECTRUM2/pngs/647.png
[notice ] 21:53:32 : /Users/playmodesstudio/Dropbox/PLAYMODES_STUDIO/2021/FORMS/P5/FORMS_SPECTRUM2/pngs/647.png
[notice ] 21:53:35 : /Users/playmodesstudio/Dropbox/PLAYMODES_STUDIO/2021/FORMS/P5/FORMS_SPECTRUM2/pngs/647.png
[notice ] 21:53:37 : /Users/playmodesstudio/Dropbox/PLAYMODES_STUDIO/2021/FORMS/P5/FORMS_SPECTRUM2/pngs/648.png
[notice ] 21:53:40 : /Users/playmodesstudio/Dropbox/PLAYMODES_STUDIO/2021/FORMS/P5/FORMS_SPECTRUM2/pngs/648.png
[notice ] 21:53:43 : /Users/playmodesstudio/Dropbox/PLAYMODES_STUDIO/2021/FORMS/P5/FORMS_SPECTRUM2/pngs/648.png
[notice ] 21:53:45 : /Users/playmodesstudio/Dropbox/PLAYMODES_STUDIO/2021/FORMS/P5/FORMS_SPECTRUM2/pngs/648.png
[notice ] 21:53:48 : /Users/playmodesstudio/Dropbox/PLAYMODES_STUDIO/2021/FORMS/P5/FORMS_SPECTRUM2/pngs/648.png
[notice ] 21:53:50 : /Users/playmodesstudio/Dropbox/PLAYMODES_STUDIO/2021/FORMS/P5/FORMS_SPECTRUM2/pngs/648.png
[notice ] 21:53:53 : /Users/playmodesstudio/Dropbox/PLAYMODES_STUDIO/2021/FORMS/P5/FORMS_SPECTRUM2/pngs/648.png
[notice ] 21:53:56 : /Users/playmodesstudio/Dropbox/PLAYMODES_STUDIO/2021/FORMS/P5/FORMS_SPECTRUM2/pngs/648.png
[notice ] 21:53:58 : /Users/playmodesstudio/Dropbox/PLAYMODES_STUDIO/2021/FORMS/P5/FORMS_SPECTRUM2/pngs/649.png
[notice ] 21:54:01 : /Users/playmodesstudio/Dropbox/PLAYMODES_STUDIO/2021/FORMS/P5/FORMS_SPECTRUM2/pngs/649.png
[notice ] 21:54:03 : /Users/playmodesstudio/Dropbox/PLAYMODES_STUDIO/2021/FORMS/P5/FORMS_SPECTRUM2/pngs/649.png
[notice ] 21:54:06 : /Users/playmodesstudio/Dropbox/PLAYMODES_STUDIO/2021/FORMS/P5/FORMS_SPECTRUM2/pngs/649.png
[notice ] 21:54:09 : /Users/playmodesstudio/Dropbox/PLAYMODES_STUDIO/2021/FORMS/P5/FORMS_SPECTRUM2/pngs/649.png
[notice ] 21:54:11 : /Users/playmodesstudio/Dropbox/PLAYMODES_STUDIO/2021/FORMS/P5/FORMS_SPECTRUM2/pngs/650.png
[notice ] 21:54:14 : /Users/playmodesstudio/Dropbox/PLAYMODES_STUDIO/2021/FORMS/P5/FORMS_SPECTRUM2/pngs/650.png
[notice ] 21:54:17 : /Users/playmodesstudio/Dropbox/PLAYMODES_STUDIO/2021/FORMS/P5/FORMS_SPECTRUM2/pngs/650.png
[notice ] 21:54:19 : /Users/playmodesstudio/Dropbox/PLAYMODES_STUDIO/2021/FORMS/P5/FORMS_SPECTRUM2/pngs/650.png
[notice ] 21:54:22 : /Users/playmodesstudio/Dropbox/PLAYMODES_STUDIO/2021/FORMS/P5/FORMS_SPECTRUM2/pngs/650.png
[notice ] 21:54:24 : /Users/playmodesstudio/Dropbox/PLAYMODES_STUDIO/2021/FORMS/P5/FORMS_SPECTRUM2/pngs/650.png
[notice ] 21:54:27 : /Users/playmodesstudio/Dropbox/PLAYMODES_STUDIO/2021/FORMS/P5/FORMS_SPECTRUM2/pngs/650.png
[notice ] 21:54:30 : /Users/playmodesstudio/Dropbox/PLAYMODES_STUDIO/2021/FORMS/P5/FORMS_SPECTRUM2/pngs/651.png
[notice ] 21:54:32 : /Users/playmodesstudio/Dropbox/PLAYMODES_STUDIO/2021/FORMS/P5/FORMS_SPECTRUM2/pngs/651.png
[notice ] 21:54:35 : /Users/playmodesstudio/Dropbox/PLAYMODES_STUDIO/2021/FORMS/P5/FORMS_SPECTRUM2/pngs/651.png
[notice ] 21:54:37 : /Users/playmodesstudio/Dropbox/PLAYMODES_STUDIO/2021/FORMS/P5/FORMS_SPECTRUM2/pngs/651.png
[notice ] 21:54:40 : /Users/playmodesstudio/Dropbox/PLAYMODES_STUDIO/2021/FORMS/P5/FORMS_SPECTRUM2/pngs/652.png
[notice ] 21:54:43 : /Users/playmodesstudio/Dropbox/PLAYMODES_STUDIO/2021/FORMS/P5/FORMS_SPECTRUM2/pngs/652.png
[notice ] 21:54:45 : /Users/playmodesstudio/Dropbox/PLAYMODES_STUDIO/2021/FORMS/P5/FORMS_SPECTRUM2/pngs/652.png
[notice ] 21:54:48 : /Users/playmodesstudio/Dropbox/PLAYMODES_STUDIO/2021/FORMS/P5/FORMS_SPECTRUM2/pngs/652.png
[notice ] 21:54:50 : /Users/playmodesstudio/Dropbox/PLAYMODES_STUDIO/2021/FORMS/P5/FORMS_SPECTRUM2/pngs/653.png
[notice ] 21:54:53 : /Users/playmodesstudio/Dropbox/PLAYMODES_STUDIO/2021/FORMS/P5/FORMS_SPECTRUM2/pngs/653.png
[notice ] 21:54:56 : /Users/playmodesstudio/Dropbox/PLAYMODES_STUDIO/2021/FORMS/P5/FORMS_SPECTRUM2/pngs/653.png
[notice ] 21:54:58 : /Users/playmodesstudio/Dropbox/PLAYMODES_STUDIO/2021/FORMS/P5/FORMS_SPECTRUM2/pngs/653.png
[notice ] 21:55:01 : /Users/playmodesstudio/Dropbox/PLAYMODES_STUDIO/2021/FORMS/P5/FORMS_SPECTRUM2/pngs/654.png
[notice ] 21:55:03 : /Users/playmodesstudio/Dropbox/PLAYMODES_STUDIO/2021/FORMS/P5/FORMS_SPECTRUM2/pngs/654.png
[notice ] 21:55:06 : /Users/playmodesstudio/Dropbox/PLAYMODES_STUDIO/2021/FORMS/P5/FORMS_SPECTRUM2/pngs/654.png
[notice ] 21:55:09 : /Users/playmodesstudio/Dropbox/PLAYMODES_STUDIO/2021/FORMS/P5/FORMS_SPECTRUM2/pngs/655.png
[notice ] 21:55:11 : /Users/playmodesstudio/Dropbox/PLAYMODES_STUDIO/2021/FORMS/P5/FORMS_SPECTRUM2/pngs/655.png
[notice ] 21:55:14 : /Users/playmodesstudio/Dropbox/PLAYMODES_STUDIO/2021/FORMS/P5/FORMS_SPECTRUM2/pngs/655.png
[notice ] 21:55:17 : /Users/playmodesstudio/Dropbox/PLAYMODES_STUDIO/2021/FORMS/P5/FORMS_SPECTRUM2/pngs/656.png
[notice ] 21:55:19 : /Users/playmodesstudio/Dropbox/PLAYMODES_STUDIO/2021/FORMS/P5/FORMS_SPECTRUM2/pngs/656.png
[notice ] 21:55:22 : /Users/playmodesstudio/Dropbox/PLAYMODES_STUDIO/2021/FORMS/P5/FORMS_SPECTRUM2/pngs/656.png
[notice ] 21:55:24 : /Users/playmodesstudio/Dropbox/PLAYMODES_STUDIO/2021/FORMS/P5/FORMS_SPECTRUM2/pngs/656.png
[notice ] 21:55:27 : /Users/playmodesstudio/Dropbox/PLAYMODES_STUDIO/2021/FORMS/P5/FORMS_SPECTRUM2/pngs/657.png
[notice ] 21:55:30 : /Users/playmodesstudio/Dropbox/PLAYMODES_STUDIO/2021/FORMS/P5/FORMS_SPECTRUM2/pngs/657.png
[notice ] 21:55:32 : /Users/playmodesstudio/Dropbox/PLAYMODES_STUDIO/2021/FORMS/P5/FORMS_SPECTRUM2/pngs/657.png
[notice ] 21:55:35 : /Users/playmodesstudio/Dropbox/PLAYMODES_STUDIO/2021/FORMS/P5/FORMS_SPECTRUM2/pngs/658.png
[notice ] 21:55:37 : /Users/playmodesstudio/Dropbox/PLAYMODES_STUDIO/2021/FORMS/P5/FORMS_SPECTRUM2/pngs/658.png
[notice ] 21:55:40 : /Users/playmodesstudio/Dropbox/PLAYMODES_STUDIO/2021/FORMS/P5/FORMS_SPECTRUM2/pngs/658.png
[notice ] 21:55:43 : /Users/playmodesstudio/Dropbox/PLAYMODES_STUDIO/2021/FORMS/P5/FORMS_SPECTRUM2/pngs/658.png
[notice ] 21:55:45 : /Users/playmodesstudio/Dropbox/PLAYMODES_STUDIO/2021/FORMS/P5/FORMS_SPECTRUM2/pngs/659.png
[notice ] 21:55:48 : /Users/playmodesstudio/Dropbox/PLAYMODES_STUDIO/2021/FORMS/P5/FORMS_SPECTRUM2/pngs/659.png
[notice ] 21:55:50 : /Users/playmodesstudio/Dropbox/PLAYMODES_STUDIO/2021/FORMS/P5/FORMS_SPECTRUM2/pngs/659.png
[notice ] 21:55:53 : /Users/playmodesstudio/Dropbox/PLAYMODES_STUDIO/2021/FORMS/P5/FORMS_SPECTRUM2/pngs/660.png
[notice ] 21:55:56 : /Users/playmodesstudio/Dropbox/PLAYMODES_STUDIO/2021/FORMS/P5/FORMS_SPECTRUM2/pngs/660.png
[notice ] 21:55:58 : /Users/playmodesstudio/Dropbox/PLAYMODES_STUDIO/2021/FORMS/P5/FORMS_SPECTRUM2/pngs/660.png
[notice ] 21:56:01 : /Users/playmodesstudio/Dropbox/PLAYMODES_STUDIO/2021/FORMS/P5/FORMS_SPECTRUM2/pngs/660.png
[notice ] 21:56:03 : /Users/playmodesstudio/Dropbox/PLAYMODES_STUDIO/2021/FORMS/P5/FORMS_SPECTRUM2/pngs/660.png
[notice ] 21:56:06 : /Users/playmodesstudio/Dropbox/PLAYMODES_STUDIO/2021/FORMS/P5/FORMS_SPECTRUM2/pngs/660.png
[notice ] 21:56:09 : /Users/playmodesstudio/Dropbox/PLAYMODES_STUDIO/2021/FORMS/P5/FORMS_SPECTRUM2/pngs/660.png
[notice ] 21:56:11 : /Users/playmodesstudio/Dropbox/PLAYMODES_STUDIO/2021/FORMS/P5/FORMS_SPECTRUM2/pngs/661.png
[notice ] 21:56:14 : /Users/playmodesstudio/Dropbox/PLAYMODES_STUDIO/2021/FORMS/P5/FORMS_SPECTRUM2/pngs/661.png
[notice ] 21:56:17 : /Users/playmodesstudio/Dropbox/PLAYMODES_STUDIO/2021/FORMS/P5/FORMS_SPECTRUM2/pngs/661.png
[notice ] 21:56:19 : /Users/playmodesstudio/Dropbox/PLAYMODES_STUDIO/2021/FORMS/P5/FORMS_SPECTRUM2/pngs/662.png
[notice ] 21:56:22 : /Users/playmodesstudio/Dropbox/PLAYMODES_STUDIO/2021/FORMS/P5/FORMS_SPECTRUM2/pngs/662.png
[notice ] 21:56:24 : /Users/playmodesstudio/Dropbox/PLAYMODES_STUDIO/2021/FORMS/P5/FORMS_SPECTRUM2/pngs/662.png
[notice ] 21:56:27 : /Users/playmodesstudio/Dropbox/PLAYMODES_STUDIO/2021/FORMS/P5/FORMS_SPECTRUM2/pngs/662.png
[notice ] 21:56:30 : /Users/playmodesstudio/Dropbox/PLAYMODES_STUDIO/2021/FORMS/P5/FORMS_SPECTRUM2/pngs/662.png
[notice ] 21:56:32 : /Users/playmodesstudio/Dropbox/PLAYMODES_STUDIO/2021/FORMS/P5/FORMS_SPECTRUM2/pngs/662.png
[notice ] 21:56:35 : /Users/playmodesstudio/Dropbox/PLAYMODES_STUDIO/2021/FORMS/P5/FORMS_SPECTRUM2/pngs/662.png
[notice ] 21:56:37 : /Users/playmodesstudio/Dropbox/PLAYMODES_STUDIO/2021/FORMS/P5/FORMS_SPECTRUM2/pngs/662.png
[notice ] 21:56:40 : /Users/playmodesstudio/Dropbox/PLAYMODES_STUDIO/2021/FORMS/P5/FORMS_SPECTRUM2/pngs/662.png
[notice ] 21:56:43 : /Users/playmodesstudio/Dropbox/PLAYMODES_STUDIO/2021/FORMS/P5/FORMS_SPECTRUM2/pngs/662.png
[notice ] 21:56:45 : /Users/playmodesstudio/Dropbox/PLAYMODES_STUDIO/2021/FORMS/P5/FORMS_SPECTRUM2/pngs/662.png
[notice ] 21:56:48 : /Users/playmodesstudio/Dropbox/PLAYMODES_STUDIO/2021/FORMS/P5/FORMS_SPECTRUM2/pngs/662.png
[notice ] 21:56:50 : /Users/playmodesstudio/Dropbox/PLAYMODES_STUDIO/2021/FORMS/P5/FORMS_SPECTRUM2/pngs/662.png
[notice ] 21:56:53 : /Users/playmodesstudio/Dropbox/PLAYMODES_STUDIO/2021/FORMS/P5/FORMS_SPECTRUM2/pngs/662.png
[notice ] 21:56:56 : /Users/playmodesstudio/Dropbox/PLAYMODES_STUDIO/2021/FORMS/P5/FORMS_SPECTRUM2/pngs/662.png
[notice ] 21:56:58 : /Users/playmodesstudio/Dropbox/PLAYMODES_STUDIO/2021/FORMS/P5/FORMS_SPECTRUM2/pngs/662.png
[notice ] 21:57:01 : /Users/playmodesstudio/Dropbox/PLAYMODES_STUDIO/2021/FORMS/P5/FORMS_SPECTRUM2/pngs/662.png
[notice ] 21:57:03 : /Users/playmodesstudio/Dropbox/PLAYMODES_STUDIO/2021/FORMS/P5/FORMS_SPECTRUM2/pngs/662.png
[notice ] 21:57:06 : /Users/playmodesstudio/Dropbox/PLAYMODES_STUDIO/2021/FORMS/P5/FORMS_SPECTRUM2/pngs/662.png
[notice ] 21:57:09 : /Users/playmodesstudio/Dropbox/PLAYMODES_STUDIO/2021/FORMS/P5/FORMS_SPECTRUM2/pngs/662.png
[notice ] 21:57:11 : /Users/playmodesstudio/Dropbox/PLAYMODES_STUDIO/2021/FORMS/P5/FORMS_SPECTRUM2/pngs/662.png
[notice ] 21:57:14 : /Users/playmodesstudio/Dropbox/PLAYMODES_STUDIO/2021/FORMS/P5/FORMS_SPECTRUM2/pngs/662.png
[notice ] 21:57:17 : /Users/playmodesstudio/Dropbox/PLAYMODES_STUDIO/2021/FORMS/P5/FORMS_SPECTRUM2/pngs/662.png
[notice ] 21:57:19 : /Users/playmodesstudio/Dropbox/PLAYMODES_STUDIO/2021/FORMS/P5/FORMS_SPECTRUM2/pngs/662.png
[notice ] 21:57:22 : /Users/playmodesstudio/Dropbox/PLAYMODES_STUDIO/2021/FORMS/P5/FORMS_SPECTRUM2/pngs/662.png
[notice ] 21:57:24 : /Users/playmodesstudio/Dropbox/PLAYMODES_STUDIO/2021/FORMS/P5/FORMS_SPECTRUM2/pngs/662.png
[notice ] 21:57:27 : /Users/playmodesstudio/Dropbox/PLAYMODES_STUDIO/2021/FORMS/P5/FORMS_SPECTRUM2/pngs/662.png
[notice ] 21:57:30 : /Users/playmodesstudio/Dropbox/PLAYMODES_STUDIO/2021/FORMS/P5/FORMS_SPECTRUM2/pngs/662.png
[notice ] 21:57:32 : /Users/playmodesstudio/Dropbox/PLAYMODES_STUDIO/2021/FORMS/P5/FORMS_SPECTRUM2/pngs/662.png
[notice ] 21:57:35 : /Users/playmodesstudio/Dropbox/PLAYMODES_STUDIO/2021/FORMS/P5/FORMS_SPECTRUM2/pngs/662.png
[notice ] 21:58:07 : /Users/playmodesstudio/Dropbox/PLAYMODES_STUDIO/2021/FORMS/P5/FORMS_SPECTRUM2/pngs/662.png
[notice ] 21:58:09 : /Users/playmodesstudio/Dropbox/PLAYMODES_STUDIO/2021/FORMS/P5/FORMS_SPECTRUM2/pngs/662.png
[notice ] 22:00:01 : /Users/playmodesstudio/Dropbox/PLAYMODES_STUDIO/2021/FORMS/P5/FORMS_SPECTRUM2/pngs/662.png
[notice ] 22:07:18 : /Users/playmodesstudio/Dropbox/PLAYMODES_STUDIO/2021/FORMS/P5/FORMS_SPECTRUM2/pngs/662.png
[notice ] 22:07:39 : /Users/playmodesstudio/Dropbox/PLAYMODES_STUDIO/2021/FORMS/P5/FORMS_SPECTRUM2/pngs/662.png
[notice ] 22:07:42 : /Users/playmodesstudio/Dropbox/PLAYMODES_STUDIO/2021/FORMS/P5/FORMS_SPECTRUM2/pngs/662.png
[notice ] 22:07:42 : /Users/playmodesstudio/Dropbox/PLAYMODES_STUDIO/2021/FORMS/P5/FORMS_SPECTRUM2/pngs/662.png
[notice ] 22:07:42 : /Users/playmodesstudio/Dropbox/PLAYMODES_STUDIO/2021/FORMS/P5/FORMS_SPECTRUM2/pngs/662.png
[notice ] 22:07:42 : /Users/playmodesstudio/Dropbox/PLAYMODES_STUDIO/2021/FORMS/P5/FORMS_SPECTRUM2/pngs/662.png
