

--------------------------------------- 2021-09-26-13-52-16-327
[notice ] 13:52:23 : Portada 2
[ error ] ofImage: loadImage(): couldn't load image from """"
[ error ] ofxThreadedImageLoader: couldn't load file: ""
[notice ] 13:52:55 : 
[notice ] 13:53:00 : 
[notice ] 13:53:02 : /Users/playmodesstudio/Dropbox/PLAYMODES_STUDIO/2021/FORMS/P5/FORMS/pngs/17.png
[notice ] 13:53:04 : /Users/playmodesstudio/Dropbox/PLAYMODES_STUDIO/2021/FORMS/P5/FORMS/pngs/18.png
[notice ] 13:53:06 : /Users/playmodesstudio/Dropbox/PLAYMODES_STUDIO/2021/FORMS/P5/FORMS/pngs/19.png
[notice ] 13:53:08 : /Users/playmodesstudio/Dropbox/PLAYMODES_STUDIO/2021/FORMS/P5/FORMS/pngs/20.png
[notice ] 13:53:28 : /Users/playmodesstudio/Dropbox/PLAYMODES_STUDIO/2021/FORMS/P5/FORMS/pngs/21.png
[notice ] 13:54:00 : /Users/playmodesstudio/Dropbox/PLAYMODES_STUDIO/2021/FORMS/P5/FORMS/pngs/22.png
[notice ] 13:54:32 : /Users/playmodesstudio/Dropbox/PLAYMODES_STUDIO/2021/FORMS/P5/FORMS/pngs/23.png
[notice ] 13:55:04 : /Users/playmodesstudio/Dropbox/PLAYMODES_STUDIO/2021/FORMS/P5/FORMS/pngs/25.png
[notice ] 13:55:36 : /Users/playmodesstudio/Dropbox/PLAYMODES_STUDIO/2021/FORMS/P5/FORMS/pngs/26.png
[notice ] 13:56:08 : /Users/playmodesstudio/Dropbox/PLAYMODES_STUDIO/2021/FORMS/P5/FORMS/pngs/27.png
[notice ] 13:56:40 : /Users/playmodesstudio/Dropbox/PLAYMODES_STUDIO/2021/FORMS/P5/FORMS/pngs/28.png
[notice ] 14:15:42 : /Users/playmodesstudio/Dropbox/PLAYMODES_STUDIO/2021/FORMS/P5/FORMS/pngs/29.png
[notice ] 14:16:14 : /Users/playmodesstudio/Dropbox/PLAYMODES_STUDIO/2021/FORMS/P5/FORMS/pngs/30.png
[notice ] 14:16:40 : /Users/playmodesstudio/Dropbox/PLAYMODES_STUDIO/2021/FORMS/P5/FORMS/pngs/31.png
[notice ] 14:17:10 : /Users/playmodesstudio/Dropbox/PLAYMODES_STUDIO/2021/FORMS/P5/FORMS/pngs/32.png
[notice ] 14:17:19 : /Users/playmodesstudio/Dropbox/PLAYMODES_STUDIO/2021/FORMS/P5/FORMS/pngs/32.png
[notice ] 14:17:27 : /Users/playmodesstudio/Dropbox/PLAYMODES_STUDIO/2021/FORMS/P5/FORMS/pngs/33.png
[notice ] 14:17:36 : /Users/playmodesstudio/Dropbox/PLAYMODES_STUDIO/2021/FORMS/P5/FORMS/pngs/34.png
[notice ] 14:17:44 : /Users/playmodesstudio/Dropbox/PLAYMODES_STUDIO/2021/FORMS/P5/FORMS/pngs/35.png
[notice ] 14:17:53 : /Users/playmodesstudio/Dropbox/PLAYMODES_STUDIO/2021/FORMS/P5/FORMS/pngs/36.png
[notice ] 14:18:02 : /Users/playmodesstudio/Dropbox/PLAYMODES_STUDIO/2021/FORMS/P5/FORMS/pngs/37.png
[notice ] 14:18:06 : /Users/playmodesstudio/Dropbox/PLAYMODES_STUDIO/2021/FORMS/P5/FORMS/pngs/38.png
[notice ] 14:18:10 : /Users/playmodesstudio/Dropbox/PLAYMODES_STUDIO/2021/FORMS/P5/FORMS/pngs/39.png
[notice ] 14:18:14 : /Users/playmodesstudio/Dropbox/PLAYMODES_STUDIO/2021/FORMS/P5/FORMS/pngs/39.png
[notice ] 14:18:19 : /Users/playmodesstudio/Dropbox/PLAYMODES_STUDIO/2021/FORMS/P5/FORMS/pngs/40.png
[notice ] 14:18:23 : /Users/playmodesstudio/Dropbox/PLAYMODES_STUDIO/2021/FORMS/P5/FORMS/pngs/41.png
[notice ] 14:18:27 : /Users/playmodesstudio/Dropbox/PLAYMODES_STUDIO/2021/FORMS/P5/FORMS/pngs/43.png
[notice ] 14:18:31 : /Users/playmodesstudio/Dropbox/PLAYMODES_STUDIO/2021/FORMS/P5/FORMS/pngs/43.png
[notice ] 14:18:36 : /Users/playmodesstudio/Dropbox/PLAYMODES_STUDIO/2021/FORMS/P5/FORMS/pngs/45.png
[notice ] 14:18:40 : /Users/playmodesstudio/Dropbox/PLAYMODES_STUDIO/2021/FORMS/P5/FORMS/pngs/46.png
[notice ] 14:18:44 : /Users/playmodesstudio/Dropbox/PLAYMODES_STUDIO/2021/FORMS/P5/FORMS/pngs/46.png
[notice ] 14:18:49 : /Users/playmodesstudio/Dropbox/PLAYMODES_STUDIO/2021/FORMS/P5/FORMS/pngs/46.png
[notice ] 14:18:53 : /Users/playmodesstudio/Dropbox/PLAYMODES_STUDIO/2021/FORMS/P5/FORMS/pngs/46.png
[notice ] 14:18:57 : /Users/playmodesstudio/Dropbox/PLAYMODES_STUDIO/2021/FORMS/P5/FORMS/pngs/47.png
[notice ] 14:19:01 : /Users/playmodesstudio/Dropbox/PLAYMODES_STUDIO/2021/FORMS/P5/FORMS/pngs/48.png
[notice ] 14:19:06 : /Users/playmodesstudio/Dropbox/PLAYMODES_STUDIO/2021/FORMS/P5/FORMS/pngs/49.png
[notice ] 14:19:10 : /Users/playmodesstudio/Dropbox/PLAYMODES_STUDIO/2021/FORMS/P5/FORMS/pngs/49.png
[notice ] 14:19:14 : /Users/playmodesstudio/Dropbox/PLAYMODES_STUDIO/2021/FORMS/P5/FORMS/pngs/49.png
[notice ] 14:19:18 : /Users/playmodesstudio/Dropbox/PLAYMODES_STUDIO/2021/FORMS/P5/FORMS/pngs/49.png
[notice ] 14:19:23 : /Users/playmodesstudio/Dropbox/PLAYMODES_STUDIO/2021/FORMS/P5/FORMS/pngs/50.png
[notice ] 14:19:27 : /Users/playmodesstudio/Dropbox/PLAYMODES_STUDIO/2021/FORMS/P5/FORMS/pngs/50.png
[notice ] 14:19:31 : /Users/playmodesstudio/Dropbox/PLAYMODES_STUDIO/2021/FORMS/P5/FORMS/pngs/51.png
[notice ] 14:19:35 : /Users/playmodesstudio/Dropbox/PLAYMODES_STUDIO/2021/FORMS/P5/FORMS/pngs/52.png
[notice ] 14:19:40 : /Users/playmodesstudio/Dropbox/PLAYMODES_STUDIO/2021/FORMS/P5/FORMS/pngs/54.png
[notice ] 14:19:44 : /Users/playmodesstudio/Dropbox/PLAYMODES_STUDIO/2021/FORMS/P5/FORMS/pngs/55.png
[notice ] 14:19:48 : /Users/playmodesstudio/Dropbox/PLAYMODES_STUDIO/2021/FORMS/P5/FORMS/pngs/55.png
[notice ] 14:19:53 : /Users/playmodesstudio/Dropbox/PLAYMODES_STUDIO/2021/FORMS/P5/FORMS/pngs/56.png
[notice ] 14:19:57 : /Users/playmodesstudio/Dropbox/PLAYMODES_STUDIO/2021/FORMS/P5/FORMS/pngs/57.png
[notice ] 14:20:01 : /Users/playmodesstudio/Dropbox/PLAYMODES_STUDIO/2021/FORMS/P5/FORMS/pngs/59.png
[notice ] 14:20:05 : /Users/playmodesstudio/Dropbox/PLAYMODES_STUDIO/2021/FORMS/P5/FORMS/pngs/59.png
[notice ] 14:20:10 : /Users/playmodesstudio/Dropbox/PLAYMODES_STUDIO/2021/FORMS/P5/FORMS/pngs/61.png
[notice ] 14:20:14 : /Users/playmodesstudio/Dropbox/PLAYMODES_STUDIO/2021/FORMS/P5/FORMS/pngs/62.png
[notice ] 14:20:18 : /Users/playmodesstudio/Dropbox/PLAYMODES_STUDIO/2021/FORMS/P5/FORMS/pngs/63.png
[notice ] 14:20:23 : /Users/playmodesstudio/Dropbox/PLAYMODES_STUDIO/2021/FORMS/P5/FORMS/pngs/64.png
[notice ] 14:20:27 : /Users/playmodesstudio/Dropbox/PLAYMODES_STUDIO/2021/FORMS/P5/FORMS/pngs/65.png
[notice ] 14:20:31 : /Users/playmodesstudio/Dropbox/PLAYMODES_STUDIO/2021/FORMS/P5/FORMS/pngs/66.png
[notice ] 14:20:35 : /Users/playmodesstudio/Dropbox/PLAYMODES_STUDIO/2021/FORMS/P5/FORMS/pngs/67.png
[notice ] 14:20:40 : /Users/playmodesstudio/Dropbox/PLAYMODES_STUDIO/2021/FORMS/P5/FORMS/pngs/67.png
[notice ] 14:20:44 : /Users/playmodesstudio/Dropbox/PLAYMODES_STUDIO/2021/FORMS/P5/FORMS/pngs/68.png
[notice ] 14:20:48 : /Users/playmodesstudio/Dropbox/PLAYMODES_STUDIO/2021/FORMS/P5/FORMS/pngs/69.png
[notice ] 14:20:52 : /Users/playmodesstudio/Dropbox/PLAYMODES_STUDIO/2021/FORMS/P5/FORMS/pngs/71.png
[notice ] 14:20:57 : /Users/playmodesstudio/Dropbox/PLAYMODES_STUDIO/2021/FORMS/P5/FORMS/pngs/72.png
[notice ] 14:21:01 : /Users/playmodesstudio/Dropbox/PLAYMODES_STUDIO/2021/FORMS/P5/FORMS/pngs/73.png
[notice ] 14:21:05 : /Users/playmodesstudio/Dropbox/PLAYMODES_STUDIO/2021/FORMS/P5/FORMS/pngs/74.png
[notice ] 14:21:10 : /Users/playmodesstudio/Dropbox/PLAYMODES_STUDIO/2021/FORMS/P5/FORMS/pngs/75.png
[notice ] 14:21:14 : /Users/playmodesstudio/Dropbox/PLAYMODES_STUDIO/2021/FORMS/P5/FORMS/pngs/76.png
[notice ] 14:21:18 : /Users/playmodesstudio/Dropbox/PLAYMODES_STUDIO/2021/FORMS/P5/FORMS/pngs/77.png
[notice ] 14:21:22 : /Users/playmodesstudio/Dropbox/PLAYMODES_STUDIO/2021/FORMS/P5/FORMS/pngs/78.png
[notice ] 14:21:27 : /Users/playmodesstudio/Dropbox/PLAYMODES_STUDIO/2021/FORMS/P5/FORMS/pngs/79.png
[notice ] 14:21:31 : /Users/playmodesstudio/Dropbox/PLAYMODES_STUDIO/2021/FORMS/P5/FORMS/pngs/80.png
[notice ] 14:21:35 : /Users/playmodesstudio/Dropbox/PLAYMODES_STUDIO/2021/FORMS/P5/FORMS/pngs/81.png
[notice ] 14:22:34 : /Users/playmodesstudio/Dropbox/PLAYMODES_STUDIO/2021/FORMS/P5/FORMS/pngs/82.png
[notice ] 14:23:09 : /Users/playmodesstudio/Dropbox/PLAYMODES_STUDIO/2021/FORMS/P5/FORMS/pngs/83.png
[notice ] 14:23:38 : /Users/playmodesstudio/Dropbox/PLAYMODES_STUDIO/2021/FORMS/P5/FORMS/pngs/84.png
[notice ] 14:23:38 : /Users/playmodesstudio/Dropbox/PLAYMODES_STUDIO/2021/FORMS/P5/FORMS/pngs/85.png
[notice ] 14:23:38 : /Users/playmodesstudio/Dropbox/PLAYMODES_STUDIO/2021/FORMS/P5/FORMS/pngs/86.png
[notice ] 14:23:38 : /Users/playmodesstudio/Dropbox/PLAYMODES_STUDIO/2021/FORMS/P5/FORMS/pngs/86.png
[notice ] 14:23:39 : /Users/playmodesstudio/Dropbox/PLAYMODES_STUDIO/2021/FORMS/P5/FORMS/pngs/86.png
[notice ] 14:23:39 : /Users/playmodesstudio/Dropbox/PLAYMODES_STUDIO/2021/FORMS/P5/FORMS/pngs/86.png
[notice ] 14:23:40 : /Users/playmodesstudio/Dropbox/PLAYMODES_STUDIO/2021/FORMS/P5/FORMS/pngs/86.png
[notice ] 14:23:40 : /Users/playmodesstudio/Dropbox/PLAYMODES_STUDIO/2021/FORMS/P5/FORMS/pngs/86.png
[notice ] 14:23:40 : /Users/playmodesstudio/Dropbox/PLAYMODES_STUDIO/2021/FORMS/P5/FORMS/pngs/86.png
[notice ] 14:23:40 : /Users/playmodesstudio/Dropbox/PLAYMODES_STUDIO/2021/FORMS/P5/FORMS/pngs/86.png
[notice ] 14:23:40 : /Users/playmodesstudio/Dropbox/PLAYMODES_STUDIO/2021/FORMS/P5/FORMS/pngs/86.png
[notice ] 14:23:40 : /Users/playmodesstudio/Dropbox/PLAYMODES_STUDIO/2021/FORMS/P5/FORMS/pngs/86.png
[notice ] 14:23:41 : /Users/playmodesstudio/Dropbox/PLAYMODES_STUDIO/2021/FORMS/P5/FORMS/pngs/86.png
[notice ] 14:23:54 : /Users/playmodesstudio/Dropbox/PLAYMODES_STUDIO/2021/FORMS/P5/FORMS/pngs/86.png
[notice ] 14:23:55 : /Users/playmodesstudio/Dropbox/PLAYMODES_STUDIO/2021/FORMS/P5/FORMS/pngs/86.png
[notice ] 14:23:55 : /Users/playmodesstudio/Dropbox/PLAYMODES_STUDIO/2021/FORMS/P5/FORMS/pngs/88.png
[notice ] 14:23:55 : /Users/playmodesstudio/Dropbox/PLAYMODES_STUDIO/2021/FORMS/P5/FORMS/pngs/88.png
[notice ] 14:23:55 : /Users/playmodesstudio/Dropbox/PLAYMODES_STUDIO/2021/FORMS/P5/FORMS/pngs/88.png
[notice ] 14:23:56 : /Users/playmodesstudio/Dropbox/PLAYMODES_STUDIO/2021/FORMS/P5/FORMS/pngs/88.png
[notice ] 14:23:56 : /Users/playmodesstudio/Dropbox/PLAYMODES_STUDIO/2021/FORMS/P5/FORMS/pngs/88.png
[notice ] 14:23:56 : /Users/playmodesstudio/Dropbox/PLAYMODES_STUDIO/2021/FORMS/P5/FORMS/pngs/88.png
[notice ] 14:23:57 : /Users/playmodesstudio/Dropbox/PLAYMODES_STUDIO/2021/FORMS/P5/FORMS/pngs/88.png
[notice ] 14:23:57 : /Users/playmodesstudio/Dropbox/PLAYMODES_STUDIO/2021/FORMS/P5/FORMS/pngs/88.png


--------------------------------------- 2021-09-26-16-00-08-074
[notice ] 16:00:08 : Portada 2
[notice ] 16:00:08 : 
[notice ] 16:00:08 : /Users/playmodesstudio/Dropbox/PLAYMODES_STUDIO/2021/FORMS/P5/FORMS/pngs/37.png
[notice ] 16:00:08 : /Users/playmodesstudio/Dropbox/PLAYMODES_STUDIO/2021/FORMS/P5/FORMS/pngs/38.png
[notice ] 16:00:09 : /Users/playmodesstudio/Dropbox/PLAYMODES_STUDIO/2021/FORMS/P5/FORMS/pngs/38.png
[notice ] 16:00:09 : /Users/playmodesstudio/Dropbox/PLAYMODES_STUDIO/2021/FORMS/P5/FORMS/pngs/38.png
[notice ] 16:00:09 : /Users/playmodesstudio/Dropbox/PLAYMODES_STUDIO/2021/FORMS/P5/FORMS/pngs/40.png
[notice ] 16:00:09 : /Users/playmodesstudio/Dropbox/PLAYMODES_STUDIO/2021/FORMS/P5/FORMS/pngs/40.png
[notice ] 16:00:10 : /Users/playmodesstudio/Dropbox/PLAYMODES_STUDIO/2021/FORMS/P5/FORMS/pngs/40.png
[notice ] 16:00:10 : /Users/playmodesstudio/Dropbox/PLAYMODES_STUDIO/2021/FORMS/P5/FORMS/pngs/41.png
[notice ] 16:00:10 : /Users/playmodesstudio/Dropbox/PLAYMODES_STUDIO/2021/FORMS/P5/FORMS/pngs/42.png
[notice ] 16:00:10 : /Users/playmodesstudio/Dropbox/PLAYMODES_STUDIO/2021/FORMS/P5/FORMS/pngs/42.png
[notice ] 16:00:11 : /Users/playmodesstudio/Dropbox/PLAYMODES_STUDIO/2021/FORMS/P5/FORMS/pngs/42.png
[notice ] 16:00:11 : /Users/playmodesstudio/Dropbox/PLAYMODES_STUDIO/2021/FORMS/P5/FORMS/pngs/44.png
[notice ] 16:00:11 : /Users/playmodesstudio/Dropbox/PLAYMODES_STUDIO/2021/FORMS/P5/FORMS/pngs/44.png
[notice ] 16:00:11 : /Users/playmodesstudio/Dropbox/PLAYMODES_STUDIO/2021/FORMS/P5/FORMS/pngs/44.png
[notice ] 16:00:12 : /Users/playmodesstudio/Dropbox/PLAYMODES_STUDIO/2021/FORMS/P5/FORMS/pngs/45.png
[notice ] 16:00:12 : /Users/playmodesstudio/Dropbox/PLAYMODES_STUDIO/2021/FORMS/P5/FORMS/pngs/46.png
[notice ] 16:00:12 : /Users/playmodesstudio/Dropbox/PLAYMODES_STUDIO/2021/FORMS/P5/FORMS/pngs/46.png
[notice ] 16:00:12 : /Users/playmodesstudio/Dropbox/PLAYMODES_STUDIO/2021/FORMS/P5/FORMS/pngs/47.png
[notice ] 16:00:13 : /Users/playmodesstudio/Dropbox/PLAYMODES_STUDIO/2021/FORMS/P5/FORMS/pngs/48.png
[notice ] 16:00:13 : /Users/playmodesstudio/Dropbox/PLAYMODES_STUDIO/2021/FORMS/P5/FORMS/pngs/48.png
[notice ] 16:00:13 : /Users/playmodesstudio/Dropbox/PLAYMODES_STUDIO/2021/FORMS/P5/FORMS/pngs/48.png
[notice ] 16:00:13 : /Users/playmodesstudio/Dropbox/PLAYMODES_STUDIO/2021/FORMS/P5/FORMS/pngs/50.png
[notice ] 16:00:14 : /Users/playmodesstudio/Dropbox/PLAYMODES_STUDIO/2021/FORMS/P5/FORMS/pngs/50.png
[notice ] 16:00:14 : /Users/playmodesstudio/Dropbox/PLAYMODES_STUDIO/2021/FORMS/P5/FORMS/pngs/51.png
[notice ] 16:00:14 : /Users/playmodesstudio/Dropbox/PLAYMODES_STUDIO/2021/FORMS/P5/FORMS/pngs/52.png
[notice ] 16:00:15 : /Users/playmodesstudio/Dropbox/PLAYMODES_STUDIO/2021/FORMS/P5/FORMS/pngs/52.png
[notice ] 16:00:15 : /Users/playmodesstudio/Dropbox/PLAYMODES_STUDIO/2021/FORMS/P5/FORMS/pngs/52.png
[notice ] 16:00:15 : /Users/playmodesstudio/Dropbox/PLAYMODES_STUDIO/2021/FORMS/P5/FORMS/pngs/54.png
[notice ] 16:00:15 : /Users/playmodesstudio/Dropbox/PLAYMODES_STUDIO/2021/FORMS/P5/FORMS/pngs/54.png
[notice ] 16:00:16 : /Users/playmodesstudio/Dropbox/PLAYMODES_STUDIO/2021/FORMS/P5/FORMS/pngs/54.png
[notice ] 16:00:16 : /Users/playmodesstudio/Dropbox/PLAYMODES_STUDIO/2021/FORMS/P5/FORMS/pngs/56.png
[notice ] 16:00:16 : /Users/playmodesstudio/Dropbox/PLAYMODES_STUDIO/2021/FORMS/P5/FORMS/pngs/56.png
[notice ] 16:00:16 : /Users/playmodesstudio/Dropbox/PLAYMODES_STUDIO/2021/FORMS/P5/FORMS/pngs/57.png
[notice ] 16:00:17 : /Users/playmodesstudio/Dropbox/PLAYMODES_STUDIO/2021/FORMS/P5/FORMS/pngs/58.png
[notice ] 16:00:17 : /Users/playmodesstudio/Dropbox/PLAYMODES_STUDIO/2021/FORMS/P5/FORMS/pngs/58.png
[notice ] 16:00:17 : /Users/playmodesstudio/Dropbox/PLAYMODES_STUDIO/2021/FORMS/P5/FORMS/pngs/59.png
[notice ] 16:00:18 : /Users/playmodesstudio/Dropbox/PLAYMODES_STUDIO/2021/FORMS/P5/FORMS/pngs/60.png
[notice ] 16:00:18 : /Users/playmodesstudio/Dropbox/PLAYMODES_STUDIO/2021/FORMS/P5/FORMS/pngs/60.png
[notice ] 16:00:18 : /Users/playmodesstudio/Dropbox/PLAYMODES_STUDIO/2021/FORMS/P5/FORMS/pngs/61.png
[notice ] 16:00:18 : /Users/playmodesstudio/Dropbox/PLAYMODES_STUDIO/2021/FORMS/P5/FORMS/pngs/61.png
[notice ] 16:00:19 : /Users/playmodesstudio/Dropbox/PLAYMODES_STUDIO/2021/FORMS/P5/FORMS/pngs/61.png
[notice ] 16:00:19 : /Users/playmodesstudio/Dropbox/PLAYMODES_STUDIO/2021/FORMS/P5/FORMS/pngs/63.png
[notice ] 16:00:19 : /Users/playmodesstudio/Dropbox/PLAYMODES_STUDIO/2021/FORMS/P5/FORMS/pngs/63.png
[notice ] 16:00:20 : /Users/playmodesstudio/Dropbox/PLAYMODES_STUDIO/2021/FORMS/P5/FORMS/pngs/63.png
[notice ] 16:00:20 : /Users/playmodesstudio/Dropbox/PLAYMODES_STUDIO/2021/FORMS/P5/FORMS/pngs/66.png
[notice ] 16:00:20 : /Users/playmodesstudio/Dropbox/PLAYMODES_STUDIO/2021/FORMS/P5/FORMS/pngs/66.png
[notice ] 16:00:21 : /Users/playmodesstudio/Dropbox/PLAYMODES_STUDIO/2021/FORMS/P5/FORMS/pngs/67.png
[notice ] 16:00:21 : /Users/playmodesstudio/Dropbox/PLAYMODES_STUDIO/2021/FORMS/P5/FORMS/pngs/67.png
[notice ] 16:00:21 : /Users/playmodesstudio/Dropbox/PLAYMODES_STUDIO/2021/FORMS/P5/FORMS/pngs/68.png
[notice ] 16:00:21 : /Users/playmodesstudio/Dropbox/PLAYMODES_STUDIO/2021/FORMS/P5/FORMS/pngs/69.png
[notice ] 16:00:22 : /Users/playmodesstudio/Dropbox/PLAYMODES_STUDIO/2021/FORMS/P5/FORMS/pngs/69.png
[notice ] 16:00:22 : /Users/playmodesstudio/Dropbox/PLAYMODES_STUDIO/2021/FORMS/P5/FORMS/pngs/70.png
[notice ] 16:00:22 : /Users/playmodesstudio/Dropbox/PLAYMODES_STUDIO/2021/FORMS/P5/FORMS/pngs/71.png
[notice ] 16:00:22 : /Users/playmodesstudio/Dropbox/PLAYMODES_STUDIO/2021/FORMS/P5/FORMS/pngs/71.png
[notice ] 16:00:23 : /Users/playmodesstudio/Dropbox/PLAYMODES_STUDIO/2021/FORMS/P5/FORMS/pngs/72.png
[notice ] 16:00:23 : /Users/playmodesstudio/Dropbox/PLAYMODES_STUDIO/2021/FORMS/P5/FORMS/pngs/73.png
[notice ] 16:00:23 : /Users/playmodesstudio/Dropbox/PLAYMODES_STUDIO/2021/FORMS/P5/FORMS/pngs/73.png
[notice ] 16:00:24 : /Users/playmodesstudio/Dropbox/PLAYMODES_STUDIO/2021/FORMS/P5/FORMS/pngs/74.png
[notice ] 16:00:24 : /Users/playmodesstudio/Dropbox/PLAYMODES_STUDIO/2021/FORMS/P5/FORMS/pngs/74.png
[notice ] 16:00:24 : /Users/playmodesstudio/Dropbox/PLAYMODES_STUDIO/2021/FORMS/P5/FORMS/pngs/75.png
[notice ] 16:00:24 : /Users/playmodesstudio/Dropbox/PLAYMODES_STUDIO/2021/FORMS/P5/FORMS/pngs/76.png
[notice ] 16:00:25 : /Users/playmodesstudio/Dropbox/PLAYMODES_STUDIO/2021/FORMS/P5/FORMS/pngs/76.png
[notice ] 16:00:25 : /Users/playmodesstudio/Dropbox/PLAYMODES_STUDIO/2021/FORMS/P5/FORMS/pngs/77.png
[notice ] 16:00:25 : /Users/playmodesstudio/Dropbox/PLAYMODES_STUDIO/2021/FORMS/P5/FORMS/pngs/78.png
[notice ] 16:00:25 : /Users/playmodesstudio/Dropbox/PLAYMODES_STUDIO/2021/FORMS/P5/FORMS/pngs/78.png
[notice ] 16:00:26 : /Users/playmodesstudio/Dropbox/PLAYMODES_STUDIO/2021/FORMS/P5/FORMS/pngs/79.png
[notice ] 16:00:26 : /Users/playmodesstudio/Dropbox/PLAYMODES_STUDIO/2021/FORMS/P5/FORMS/pngs/80.png
[notice ] 16:00:26 : /Users/playmodesstudio/Dropbox/PLAYMODES_STUDIO/2021/FORMS/P5/FORMS/pngs/80.png
[notice ] 16:00:26 : /Users/playmodesstudio/Dropbox/PLAYMODES_STUDIO/2021/FORMS/P5/FORMS/pngs/81.png
[notice ] 16:00:27 : /Users/playmodesstudio/Dropbox/PLAYMODES_STUDIO/2021/FORMS/P5/FORMS/pngs/81.png
[notice ] 16:00:27 : /Users/playmodesstudio/Dropbox/PLAYMODES_STUDIO/2021/FORMS/P5/FORMS/pngs/81.png
[notice ] 16:00:27 : /Users/playmodesstudio/Dropbox/PLAYMODES_STUDIO/2021/FORMS/P5/FORMS/pngs/83.png
[notice ] 16:00:28 : /Users/playmodesstudio/Dropbox/PLAYMODES_STUDIO/2021/FORMS/P5/FORMS/pngs/83.png
[notice ] 16:00:28 : /Users/playmodesstudio/Dropbox/PLAYMODES_STUDIO/2021/FORMS/P5/FORMS/pngs/83.png
[notice ] 16:00:28 : /Users/playmodesstudio/Dropbox/PLAYMODES_STUDIO/2021/FORMS/P5/FORMS/pngs/83.png
[notice ] 16:00:29 : /Users/playmodesstudio/Dropbox/PLAYMODES_STUDIO/2021/FORMS/P5/FORMS/pngs/84.png
[notice ] 16:00:29 : /Users/playmodesstudio/Dropbox/PLAYMODES_STUDIO/2021/FORMS/P5/FORMS/pngs/84.png
[notice ] 16:00:30 : /Users/playmodesstudio/Dropbox/PLAYMODES_STUDIO/2021/FORMS/P5/FORMS/pngs/85.png
[notice ] 16:00:31 : /Users/playmodesstudio/Dropbox/PLAYMODES_STUDIO/2021/FORMS/P5/FORMS/pngs/86.png
[notice ] 16:00:31 : /Users/playmodesstudio/Dropbox/PLAYMODES_STUDIO/2021/FORMS/P5/FORMS/pngs/87.png
[notice ] 16:00:32 : /Users/playmodesstudio/Dropbox/PLAYMODES_STUDIO/2021/FORMS/P5/FORMS/pngs/88.png
[notice ] 16:00:33 : /Users/playmodesstudio/Dropbox/PLAYMODES_STUDIO/2021/FORMS/P5/FORMS/pngs/89.png
[notice ] 16:00:33 : /Users/playmodesstudio/Dropbox/PLAYMODES_STUDIO/2021/FORMS/P5/FORMS/pngs/90.png
[notice ] 16:00:34 : /Users/playmodesstudio/Dropbox/PLAYMODES_STUDIO/2021/FORMS/P5/FORMS/pngs/91.png
[notice ] 16:00:35 : /Users/playmodesstudio/Dropbox/PLAYMODES_STUDIO/2021/FORMS/P5/FORMS/pngs/92.png
[notice ] 16:00:36 : /Users/playmodesstudio/Dropbox/PLAYMODES_STUDIO/2021/FORMS/P5/FORMS/pngs/93.png
[notice ] 16:00:36 : /Users/playmodesstudio/Dropbox/PLAYMODES_STUDIO/2021/FORMS/P5/FORMS/pngs/94.png
[notice ] 16:00:37 : /Users/playmodesstudio/Dropbox/PLAYMODES_STUDIO/2021/FORMS/P5/FORMS/pngs/95.png
[notice ] 16:00:38 : /Users/playmodesstudio/Dropbox/PLAYMODES_STUDIO/2021/FORMS/P5/FORMS/pngs/96.png
[notice ] 16:00:39 : /Users/playmodesstudio/Dropbox/PLAYMODES_STUDIO/2021/FORMS/P5/FORMS/pngs/97.png
[notice ] 16:00:39 : /Users/playmodesstudio/Dropbox/PLAYMODES_STUDIO/2021/FORMS/P5/FORMS/pngs/99.png
[notice ] 16:00:40 : /Users/playmodesstudio/Dropbox/PLAYMODES_STUDIO/2021/FORMS/P5/FORMS/pngs/99.png
[notice ] 16:00:41 : /Users/playmodesstudio/Dropbox/PLAYMODES_STUDIO/2021/FORMS/P5/FORMS/pngs/100.png
[notice ] 16:00:42 : /Users/playmodesstudio/Dropbox/PLAYMODES_STUDIO/2021/FORMS/P5/FORMS/pngs/101.png
[notice ] 16:00:42 : /Users/playmodesstudio/Dropbox/PLAYMODES_STUDIO/2021/FORMS/P5/FORMS/pngs/103.png
[notice ] 16:00:43 : /Users/playmodesstudio/Dropbox/PLAYMODES_STUDIO/2021/FORMS/P5/FORMS/pngs/103.png
[notice ] 16:00:44 : /Users/playmodesstudio/Dropbox/PLAYMODES_STUDIO/2021/FORMS/P5/FORMS/pngs/104.png
[notice ] 16:00:45 : /Users/playmodesstudio/Dropbox/PLAYMODES_STUDIO/2021/FORMS/P5/FORMS/pngs/105.png
[notice ] 16:00:46 : /Users/playmodesstudio/Dropbox/PLAYMODES_STUDIO/2021/FORMS/P5/FORMS/pngs/106.png
[notice ] 16:00:46 : /Users/playmodesstudio/Dropbox/PLAYMODES_STUDIO/2021/FORMS/P5/FORMS/pngs/107.png
[notice ] 16:00:47 : /Users/playmodesstudio/Dropbox/PLAYMODES_STUDIO/2021/FORMS/P5/FORMS/pngs/109.png
[notice ] 16:00:48 : /Users/playmodesstudio/Dropbox/PLAYMODES_STUDIO/2021/FORMS/P5/FORMS/pngs/110.png
[notice ] 16:00:49 : /Users/playmodesstudio/Dropbox/PLAYMODES_STUDIO/2021/FORMS/P5/FORMS/pngs/110.png
[notice ] 16:00:50 : /Users/playmodesstudio/Dropbox/PLAYMODES_STUDIO/2021/FORMS/P5/FORMS/pngs/111.png
[notice ] 16:00:50 : /Users/playmodesstudio/Dropbox/PLAYMODES_STUDIO/2021/FORMS/P5/FORMS/pngs/112.png
[notice ] 16:00:51 : /Users/playmodesstudio/Dropbox/PLAYMODES_STUDIO/2021/FORMS/P5/FORMS/pngs/113.png
[notice ] 16:00:52 : /Users/playmodesstudio/Dropbox/PLAYMODES_STUDIO/2021/FORMS/P5/FORMS/pngs/114.png
[notice ] 16:00:53 : /Users/playmodesstudio/Dropbox/PLAYMODES_STUDIO/2021/FORMS/P5/FORMS/pngs/116.png
[notice ] 16:00:54 : /Users/playmodesstudio/Dropbox/PLAYMODES_STUDIO/2021/FORMS/P5/FORMS/pngs/116.png
[notice ] 16:00:55 : /Users/playmodesstudio/Dropbox/PLAYMODES_STUDIO/2021/FORMS/P5/FORMS/pngs/117.png
[notice ] 16:00:55 : /Users/playmodesstudio/Dropbox/PLAYMODES_STUDIO/2021/FORMS/P5/FORMS/pngs/118.png
[notice ] 16:00:56 : /Users/playmodesstudio/Dropbox/PLAYMODES_STUDIO/2021/FORMS/P5/FORMS/pngs/119.png
[notice ] 16:00:57 : /Users/playmodesstudio/Dropbox/PLAYMODES_STUDIO/2021/FORMS/P5/FORMS/pngs/120.png
[notice ] 16:00:58 : /Users/playmodesstudio/Dropbox/PLAYMODES_STUDIO/2021/FORMS/P5/FORMS/pngs/121.png
[notice ] 16:00:58 : /Users/playmodesstudio/Dropbox/PLAYMODES_STUDIO/2021/FORMS/P5/FORMS/pngs/122.png
[notice ] 16:00:59 : /Users/playmodesstudio/Dropbox/PLAYMODES_STUDIO/2021/FORMS/P5/FORMS/pngs/124.png
[notice ] 16:01:00 : /Users/playmodesstudio/Dropbox/PLAYMODES_STUDIO/2021/FORMS/P5/FORMS/pngs/124.png
[notice ] 16:01:01 : /Users/playmodesstudio/Dropbox/PLAYMODES_STUDIO/2021/FORMS/P5/FORMS/pngs/125.png
[notice ] 16:01:02 : /Users/playmodesstudio/Dropbox/PLAYMODES_STUDIO/2021/FORMS/P5/FORMS/pngs/126.png
[notice ] 16:01:02 : /Users/playmodesstudio/Dropbox/PLAYMODES_STUDIO/2021/FORMS/P5/FORMS/pngs/127.png
[notice ] 16:01:03 : /Users/playmodesstudio/Dropbox/PLAYMODES_STUDIO/2021/FORMS/P5/FORMS/pngs/128.png
[notice ] 16:01:04 : /Users/playmodesstudio/Dropbox/PLAYMODES_STUDIO/2021/FORMS/P5/FORMS/pngs/130.png
[notice ] 16:01:05 : /Users/playmodesstudio/Dropbox/PLAYMODES_STUDIO/2021/FORMS/P5/FORMS/pngs/130.png
[notice ] 16:01:06 : /Users/playmodesstudio/Dropbox/PLAYMODES_STUDIO/2021/FORMS/P5/FORMS/pngs/132.png
[notice ] 16:01:06 : /Users/playmodesstudio/Dropbox/PLAYMODES_STUDIO/2021/FORMS/P5/FORMS/pngs/132.png
[notice ] 16:01:07 : /Users/playmodesstudio/Dropbox/PLAYMODES_STUDIO/2021/FORMS/P5/FORMS/pngs/133.png
[notice ] 16:01:08 : /Users/playmodesstudio/Dropbox/PLAYMODES_STUDIO/2021/FORMS/P5/FORMS/pngs/134.png
[notice ] 16:01:08 : /Users/playmodesstudio/Dropbox/PLAYMODES_STUDIO/2021/FORMS/P5/FORMS/pngs/136.png
[notice ] 16:01:09 : /Users/playmodesstudio/Dropbox/PLAYMODES_STUDIO/2021/FORMS/P5/FORMS/pngs/136.png
[notice ] 16:01:10 : /Users/playmodesstudio/Dropbox/PLAYMODES_STUDIO/2021/FORMS/P5/FORMS/pngs/137.png
[notice ] 16:01:11 : /Users/playmodesstudio/Dropbox/PLAYMODES_STUDIO/2021/FORMS/P5/FORMS/pngs/138.png
[notice ] 16:01:12 : /Users/playmodesstudio/Dropbox/PLAYMODES_STUDIO/2021/FORMS/P5/FORMS/pngs/139.png
[notice ] 16:01:12 : /Users/playmodesstudio/Dropbox/PLAYMODES_STUDIO/2021/FORMS/P5/FORMS/pngs/140.png
[notice ] 16:01:13 : /Users/playmodesstudio/Dropbox/PLAYMODES_STUDIO/2021/FORMS/P5/FORMS/pngs/141.png
[notice ] 16:01:14 : /Users/playmodesstudio/Dropbox/PLAYMODES_STUDIO/2021/FORMS/P5/FORMS/pngs/142.png
[notice ] 16:01:15 : /Users/playmodesstudio/Dropbox/PLAYMODES_STUDIO/2021/FORMS/P5/FORMS/pngs/143.png
[notice ] 16:01:16 : /Users/playmodesstudio/Dropbox/PLAYMODES_STUDIO/2021/FORMS/P5/FORMS/pngs/144.png
[notice ] 16:01:16 : /Users/playmodesstudio/Dropbox/PLAYMODES_STUDIO/2021/FORMS/P5/FORMS/pngs/145.png
[notice ] 16:01:17 : /Users/playmodesstudio/Dropbox/PLAYMODES_STUDIO/2021/FORMS/P5/FORMS/pngs/146.png
[notice ] 16:01:18 : /Users/playmodesstudio/Dropbox/PLAYMODES_STUDIO/2021/FORMS/P5/FORMS/pngs/147.png
[notice ] 16:01:19 : /Users/playmodesstudio/Dropbox/PLAYMODES_STUDIO/2021/FORMS/P5/FORMS/pngs/148.png
[notice ] 16:01:20 : /Users/playmodesstudio/Dropbox/PLAYMODES_STUDIO/2021/FORMS/P5/FORMS/pngs/149.png
[notice ] 16:01:21 : /Users/playmodesstudio/Dropbox/PLAYMODES_STUDIO/2021/FORMS/P5/FORMS/pngs/150.png
[notice ] 16:01:22 : /Users/playmodesstudio/Dropbox/PLAYMODES_STUDIO/2021/FORMS/P5/FORMS/pngs/151.png
[notice ] 16:01:23 : /Users/playmodesstudio/Dropbox/PLAYMODES_STUDIO/2021/FORMS/P5/FORMS/pngs/152.png
[notice ] 16:01:23 : /Users/playmodesstudio/Dropbox/PLAYMODES_STUDIO/2021/FORMS/P5/FORMS/pngs/153.png
[notice ] 16:01:24 : /Users/playmodesstudio/Dropbox/PLAYMODES_STUDIO/2021/FORMS/P5/FORMS/pngs/155.png
[notice ] 16:01:25 : /Users/playmodesstudio/Dropbox/PLAYMODES_STUDIO/2021/FORMS/P5/FORMS/pngs/156.png
[notice ] 16:01:26 : /Users/playmodesstudio/Dropbox/PLAYMODES_STUDIO/2021/FORMS/P5/FORMS/pngs/157.png
[notice ] 16:01:26 : /Users/playmodesstudio/Dropbox/PLAYMODES_STUDIO/2021/FORMS/P5/FORMS/pngs/158.png
[notice ] 16:01:27 : /Users/playmodesstudio/Dropbox/PLAYMODES_STUDIO/2021/FORMS/P5/FORMS/pngs/158.png
[notice ] 16:01:28 : /Users/playmodesstudio/Dropbox/PLAYMODES_STUDIO/2021/FORMS/P5/FORMS/pngs/159.png
[notice ] 16:01:29 : /Users/playmodesstudio/Dropbox/PLAYMODES_STUDIO/2021/FORMS/P5/FORMS/pngs/160.png
[notice ] 16:01:30 : /Users/playmodesstudio/Dropbox/PLAYMODES_STUDIO/2021/FORMS/P5/FORMS/pngs/161.png
[notice ] 16:01:30 : /Users/playmodesstudio/Dropbox/PLAYMODES_STUDIO/2021/FORMS/P5/FORMS/pngs/163.png
[notice ] 16:01:31 : /Users/playmodesstudio/Dropbox/PLAYMODES_STUDIO/2021/FORMS/P5/FORMS/pngs/164.png
[notice ] 16:01:32 : /Users/playmodesstudio/Dropbox/PLAYMODES_STUDIO/2021/FORMS/P5/FORMS/pngs/164.png
[notice ] 16:01:33 : /Users/playmodesstudio/Dropbox/PLAYMODES_STUDIO/2021/FORMS/P5/FORMS/pngs/165.png
[notice ] 16:01:34 : /Users/playmodesstudio/Dropbox/PLAYMODES_STUDIO/2021/FORMS/P5/FORMS/pngs/166.png
[notice ] 16:01:35 : /Users/playmodesstudio/Dropbox/PLAYMODES_STUDIO/2021/FORMS/P5/FORMS/pngs/167.png
[notice ] 16:01:36 : /Users/playmodesstudio/Dropbox/PLAYMODES_STUDIO/2021/FORMS/P5/FORMS/pngs/168.png
[notice ] 16:01:37 : /Users/playmodesstudio/Dropbox/PLAYMODES_STUDIO/2021/FORMS/P5/FORMS/pngs/169.png
[notice ] 16:01:38 : /Users/playmodesstudio/Dropbox/PLAYMODES_STUDIO/2021/FORMS/P5/FORMS/pngs/170.png
[notice ] 16:01:39 : /Users/playmodesstudio/Dropbox/PLAYMODES_STUDIO/2021/FORMS/P5/FORMS/pngs/171.png
[notice ] 16:01:40 : /Users/playmodesstudio/Dropbox/PLAYMODES_STUDIO/2021/FORMS/P5/FORMS/pngs/173.png
[notice ] 16:01:41 : /Users/playmodesstudio/Dropbox/PLAYMODES_STUDIO/2021/FORMS/P5/FORMS/pngs/173.png
[notice ] 16:01:43 : /Users/playmodesstudio/Dropbox/PLAYMODES_STUDIO/2021/FORMS/P5/FORMS/pngs/174.png
[notice ] 16:01:44 : /Users/playmodesstudio/Dropbox/PLAYMODES_STUDIO/2021/FORMS/P5/FORMS/pngs/175.png
[notice ] 16:01:45 : /Users/playmodesstudio/Dropbox/PLAYMODES_STUDIO/2021/FORMS/P5/FORMS/pngs/176.png
[notice ] 16:01:46 : /Users/playmodesstudio/Dropbox/PLAYMODES_STUDIO/2021/FORMS/P5/FORMS/pngs/178.png
[notice ] 16:01:47 : /Users/playmodesstudio/Dropbox/PLAYMODES_STUDIO/2021/FORMS/P5/FORMS/pngs/178.png
[notice ] 16:01:48 : /Users/playmodesstudio/Dropbox/PLAYMODES_STUDIO/2021/FORMS/P5/FORMS/pngs/179.png
[notice ] 16:01:49 : /Users/playmodesstudio/Dropbox/PLAYMODES_STUDIO/2021/FORMS/P5/FORMS/pngs/180.png
[notice ] 16:01:50 : /Users/playmodesstudio/Dropbox/PLAYMODES_STUDIO/2021/FORMS/P5/FORMS/pngs/181.png
[notice ] 16:01:51 : /Users/playmodesstudio/Dropbox/PLAYMODES_STUDIO/2021/FORMS/P5/FORMS/pngs/182.png
[notice ] 16:01:52 : /Users/playmodesstudio/Dropbox/PLAYMODES_STUDIO/2021/FORMS/P5/FORMS/pngs/184.png
[notice ] 16:01:53 : /Users/playmodesstudio/Dropbox/PLAYMODES_STUDIO/2021/FORMS/P5/FORMS/pngs/185.png
[notice ] 16:01:54 : /Users/playmodesstudio/Dropbox/PLAYMODES_STUDIO/2021/FORMS/P5/FORMS/pngs/186.png
[notice ] 16:01:55 : /Users/playmodesstudio/Dropbox/PLAYMODES_STUDIO/2021/FORMS/P5/FORMS/pngs/186.png
[notice ] 16:01:56 : /Users/playmodesstudio/Dropbox/PLAYMODES_STUDIO/2021/FORMS/P5/FORMS/pngs/187.png
[notice ] 16:01:57 : /Users/playmodesstudio/Dropbox/PLAYMODES_STUDIO/2021/FORMS/P5/FORMS/pngs/188.png
[notice ] 16:01:58 : /Users/playmodesstudio/Dropbox/PLAYMODES_STUDIO/2021/FORMS/P5/FORMS/pngs/190.png
[notice ] 16:01:59 : /Users/playmodesstudio/Dropbox/PLAYMODES_STUDIO/2021/FORMS/P5/FORMS/pngs/190.png
[notice ] 16:02:00 : /Users/playmodesstudio/Dropbox/PLAYMODES_STUDIO/2021/FORMS/P5/FORMS/pngs/191.png
[notice ] 16:02:01 : /Users/playmodesstudio/Dropbox/PLAYMODES_STUDIO/2021/FORMS/P5/FORMS/pngs/192.png
[notice ] 16:02:02 : /Users/playmodesstudio/Dropbox/PLAYMODES_STUDIO/2021/FORMS/P5/FORMS/pngs/193.png
[notice ] 16:02:03 : /Users/playmodesstudio/Dropbox/PLAYMODES_STUDIO/2021/FORMS/P5/FORMS/pngs/194.png
[notice ] 16:02:04 : /Users/playmodesstudio/Dropbox/PLAYMODES_STUDIO/2021/FORMS/P5/FORMS/pngs/196.png
[notice ] 16:02:05 : /Users/playmodesstudio/Dropbox/PLAYMODES_STUDIO/2021/FORMS/P5/FORMS/pngs/196.png
[notice ] 16:02:06 : /Users/playmodesstudio/Dropbox/PLAYMODES_STUDIO/2021/FORMS/P5/FORMS/pngs/197.png
[notice ] 16:02:07 : /Users/playmodesstudio/Dropbox/PLAYMODES_STUDIO/2021/FORMS/P5/FORMS/pngs/198.png
[notice ] 16:02:08 : /Users/playmodesstudio/Dropbox/PLAYMODES_STUDIO/2021/FORMS/P5/FORMS/pngs/200.png
[notice ] 16:02:09 : /Users/playmodesstudio/Dropbox/PLAYMODES_STUDIO/2021/FORMS/P5/FORMS/pngs/200.png
[notice ] 16:02:10 : /Users/playmodesstudio/Dropbox/PLAYMODES_STUDIO/2021/FORMS/P5/FORMS/pngs/201.png
[notice ] 16:02:11 : /Users/playmodesstudio/Dropbox/PLAYMODES_STUDIO/2021/FORMS/P5/FORMS/pngs/202.png
[notice ] 16:02:12 : /Users/playmodesstudio/Dropbox/PLAYMODES_STUDIO/2021/FORMS/P5/FORMS/pngs/203.png
[notice ] 16:02:14 : /Users/playmodesstudio/Dropbox/PLAYMODES_STUDIO/2021/FORMS/P5/FORMS/pngs/205.png
[notice ] 16:02:15 : /Users/playmodesstudio/Dropbox/PLAYMODES_STUDIO/2021/FORMS/P5/FORMS/pngs/205.png
[notice ] 16:02:16 : /Users/playmodesstudio/Dropbox/PLAYMODES_STUDIO/2021/FORMS/P5/FORMS/pngs/207.png
[notice ] 16:02:17 : /Users/playmodesstudio/Dropbox/PLAYMODES_STUDIO/2021/FORMS/P5/FORMS/pngs/207.png
[notice ] 16:02:17 : /Users/playmodesstudio/Dropbox/PLAYMODES_STUDIO/2021/FORMS/P5/FORMS/pngs/209.png
[notice ] 16:02:18 : /Users/playmodesstudio/Dropbox/PLAYMODES_STUDIO/2021/FORMS/P5/FORMS/pngs/210.png
[notice ] 16:02:19 : /Users/playmodesstudio/Dropbox/PLAYMODES_STUDIO/2021/FORMS/P5/FORMS/pngs/211.png
[notice ] 16:02:21 : /Users/playmodesstudio/Dropbox/PLAYMODES_STUDIO/2021/FORMS/P5/FORMS/pngs/211.png
[notice ] 16:02:22 : /Users/playmodesstudio/Dropbox/PLAYMODES_STUDIO/2021/FORMS/P5/FORMS/pngs/212.png
[notice ] 16:02:23 : /Users/playmodesstudio/Dropbox/PLAYMODES_STUDIO/2021/FORMS/P5/FORMS/pngs/214.png
[notice ] 16:02:24 : /Users/playmodesstudio/Dropbox/PLAYMODES_STUDIO/2021/FORMS/P5/FORMS/pngs/214.png
[notice ] 16:02:25 : /Users/playmodesstudio/Dropbox/PLAYMODES_STUDIO/2021/FORMS/P5/FORMS/pngs/215.png
[notice ] 16:02:26 : /Users/playmodesstudio/Dropbox/PLAYMODES_STUDIO/2021/FORMS/P5/FORMS/pngs/217.png
[notice ] 16:02:27 : /Users/playmodesstudio/Dropbox/PLAYMODES_STUDIO/2021/FORMS/P5/FORMS/pngs/217.png
[notice ] 16:02:28 : /Users/playmodesstudio/Dropbox/PLAYMODES_STUDIO/2021/FORMS/P5/FORMS/pngs/218.png
[notice ] 16:02:30 : /Users/playmodesstudio/Dropbox/PLAYMODES_STUDIO/2021/FORMS/P5/FORMS/pngs/220.png
[notice ] 16:02:33 : /Users/playmodesstudio/Dropbox/PLAYMODES_STUDIO/2021/FORMS/P5/FORMS/pngs/220.png
[notice ] 16:02:34 : /Users/playmodesstudio/Dropbox/PLAYMODES_STUDIO/2021/FORMS/P5/FORMS/pngs/222.png
[notice ] 16:02:35 : /Users/playmodesstudio/Dropbox/PLAYMODES_STUDIO/2021/FORMS/P5/FORMS/pngs/223.png
[notice ] 16:02:36 : /Users/playmodesstudio/Dropbox/PLAYMODES_STUDIO/2021/FORMS/P5/FORMS/pngs/224.png
[notice ] 16:02:37 : /Users/playmodesstudio/Dropbox/PLAYMODES_STUDIO/2021/FORMS/P5/FORMS/pngs/224.png
[notice ] 16:02:38 : /Users/playmodesstudio/Dropbox/PLAYMODES_STUDIO/2021/FORMS/P5/FORMS/pngs/224.png
[notice ] 16:02:40 : /Users/playmodesstudio/Dropbox/PLAYMODES_STUDIO/2021/FORMS/P5/FORMS/pngs/224.png
[notice ] 16:02:43 : /Users/playmodesstudio/Dropbox/PLAYMODES_STUDIO/2021/FORMS/P5/FORMS/pngs/224.png
[notice ] 16:02:44 : /Users/playmodesstudio/Dropbox/PLAYMODES_STUDIO/2021/FORMS/P5/FORMS/pngs/224.png
[notice ] 16:02:45 : /Users/playmodesstudio/Dropbox/PLAYMODES_STUDIO/2021/FORMS/P5/FORMS/pngs/224.png
[notice ] 16:02:48 : /Users/playmodesstudio/Dropbox/PLAYMODES_STUDIO/2021/FORMS/P5/FORMS/pngs/225.png
[notice ] 16:02:50 : /Users/playmodesstudio/Dropbox/PLAYMODES_STUDIO/2021/FORMS/P5/FORMS/pngs/225.png
[notice ] 16:02:53 : /Users/playmodesstudio/Dropbox/PLAYMODES_STUDIO/2021/FORMS/P5/FORMS/pngs/225.png
[notice ] 16:02:56 : /Users/playmodesstudio/Dropbox/PLAYMODES_STUDIO/2021/FORMS/P5/FORMS/pngs/225.png
[notice ] 16:02:59 : /Users/playmodesstudio/Dropbox/PLAYMODES_STUDIO/2021/FORMS/P5/FORMS/pngs/226.png
[notice ] 16:03:02 : /Users/playmodesstudio/Dropbox/PLAYMODES_STUDIO/2021/FORMS/P5/FORMS/pngs/226.png
[notice ] 16:03:05 : /Users/playmodesstudio/Dropbox/PLAYMODES_STUDIO/2021/FORMS/P5/FORMS/pngs/226.png
[notice ] 16:03:07 : /Users/playmodesstudio/Dropbox/PLAYMODES_STUDIO/2021/FORMS/P5/FORMS/pngs/227.png
[notice ] 16:03:10 : /Users/playmodesstudio/Dropbox/PLAYMODES_STUDIO/2021/FORMS/P5/FORMS/pngs/227.png
[notice ] 16:03:12 : /Users/playmodesstudio/Dropbox/PLAYMODES_STUDIO/2021/FORMS/P5/FORMS/pngs/227.png
[notice ] 16:03:15 : /Users/playmodesstudio/Dropbox/PLAYMODES_STUDIO/2021/FORMS/P5/FORMS/pngs/227.png
[notice ] 16:03:20 : /Users/playmodesstudio/Dropbox/PLAYMODES_STUDIO/2021/FORMS/P5/FORMS/pngs/227.png
[notice ] 16:03:22 : /Users/playmodesstudio/Dropbox/PLAYMODES_STUDIO/2021/FORMS/P5/FORMS/pngs/227.png
[notice ] 16:03:25 : /Users/playmodesstudio/Dropbox/PLAYMODES_STUDIO/2021/FORMS/P5/FORMS/pngs/228.png
[notice ] 16:03:29 : /Users/playmodesstudio/Dropbox/PLAYMODES_STUDIO/2021/FORMS/P5/FORMS/pngs/228.png
[notice ] 16:03:32 : /Users/playmodesstudio/Dropbox/PLAYMODES_STUDIO/2021/FORMS/P5/FORMS/pngs/228.png
[notice ] 16:03:36 : /Users/playmodesstudio/Dropbox/PLAYMODES_STUDIO/2021/FORMS/P5/FORMS/pngs/228.png
[notice ] 16:03:39 : /Users/playmodesstudio/Dropbox/PLAYMODES_STUDIO/2021/FORMS/P5/FORMS/pngs/229.png
[notice ] 16:03:42 : /Users/playmodesstudio/Dropbox/PLAYMODES_STUDIO/2021/FORMS/P5/FORMS/pngs/229.png
[notice ] 16:03:45 : /Users/playmodesstudio/Dropbox/PLAYMODES_STUDIO/2021/FORMS/P5/FORMS/pngs/229.png
[notice ] 16:03:47 : /Users/playmodesstudio/Dropbox/PLAYMODES_STUDIO/2021/FORMS/P5/FORMS/pngs/229.png
[notice ] 16:03:50 : /Users/playmodesstudio/Dropbox/PLAYMODES_STUDIO/2021/FORMS/P5/FORMS/pngs/230.png
[notice ] 16:03:56 : /Users/playmodesstudio/Dropbox/PLAYMODES_STUDIO/2021/FORMS/P5/FORMS/pngs/230.png
[notice ] 16:03:59 : /Users/playmodesstudio/Dropbox/PLAYMODES_STUDIO/2021/FORMS/P5/FORMS/pngs/230.png
[notice ] 16:04:03 : /Users/playmodesstudio/Dropbox/PLAYMODES_STUDIO/2021/FORMS/P5/FORMS/pngs/230.png
[notice ] 16:04:06 : /Users/playmodesstudio/Dropbox/PLAYMODES_STUDIO/2021/FORMS/P5/FORMS/pngs/231.png
[notice ] 16:04:11 : /Users/playmodesstudio/Dropbox/PLAYMODES_STUDIO/2021/FORMS/P5/FORMS/pngs/231.png
[notice ] 17:16:27 : /Users/playmodesstudio/Dropbox/PLAYMODES_STUDIO/2021/FORMS/P5/FORMS/pngs/231.png
[notice ] 17:16:45 : /Users/playmodesstudio/Dropbox/PLAYMODES_STUDIO/2021/FORMS/P5/FORMS/pngs/231.png
[notice ] 17:16:52 : /Users/playmodesstudio/Dropbox/PLAYMODES_STUDIO/2021/FORMS/P5/FORMS/pngs/233.png
[notice ] 17:16:58 : /Users/playmodesstudio/Dropbox/PLAYMODES_STUDIO/2021/FORMS/P5/FORMS/pngs/233.png
[notice ] 17:17:04 : /Users/playmodesstudio/Dropbox/PLAYMODES_STUDIO/2021/FORMS/P5/FORMS/pngs/234.png
[notice ] 17:17:12 : /Users/playmodesstudio/Dropbox/PLAYMODES_STUDIO/2021/FORMS/P5/FORMS/pngs/235.png
[notice ] 17:17:23 : /Users/playmodesstudio/Dropbox/PLAYMODES_STUDIO/2021/FORMS/P5/FORMS/pngs/236.png
[notice ] 17:17:34 : /Users/playmodesstudio/Dropbox/PLAYMODES_STUDIO/2021/FORMS/P5/FORMS/pngs/238.png
[notice ] 17:17:45 : /Users/playmodesstudio/Dropbox/PLAYMODES_STUDIO/2021/FORMS/P5/FORMS/pngs/239.png
[notice ] 17:17:56 : /Users/playmodesstudio/Dropbox/PLAYMODES_STUDIO/2021/FORMS/P5/FORMS/pngs/240.png
[notice ] 17:18:06 : /Users/playmodesstudio/Dropbox/PLAYMODES_STUDIO/2021/FORMS/P5/FORMS/pngs/241.png
[notice ] 17:18:17 : /Users/playmodesstudio/Dropbox/PLAYMODES_STUDIO/2021/FORMS/P5/FORMS/pngs/242.png
[notice ] 17:18:30 : /Users/playmodesstudio/Dropbox/PLAYMODES_STUDIO/2021/FORMS/P5/FORMS/pngs/243.png
[notice ] 17:18:46 : /Users/playmodesstudio/Dropbox/PLAYMODES_STUDIO/2021/FORMS/P5/FORMS/pngs/244.png
[notice ] 17:19:03 : /Users/playmodesstudio/Dropbox/PLAYMODES_STUDIO/2021/FORMS/P5/FORMS/pngs/245.png
[notice ] 17:19:19 : /Users/playmodesstudio/Dropbox/PLAYMODES_STUDIO/2021/FORMS/P5/FORMS/pngs/246.png
[notice ] 17:19:41 : /Users/playmodesstudio/Dropbox/PLAYMODES_STUDIO/2021/FORMS/P5/FORMS/pngs/247.png
[notice ] 17:20:12 : /Users/playmodesstudio/Dropbox/PLAYMODES_STUDIO/2021/FORMS/P5/FORMS/pngs/248.png
[notice ] 17:20:43 : /Users/playmodesstudio/Dropbox/PLAYMODES_STUDIO/2021/FORMS/P5/FORMS/pngs/249.png
[notice ] 17:21:15 : /Users/playmodesstudio/Dropbox/PLAYMODES_STUDIO/2021/FORMS/P5/FORMS/pngs/250.png
[notice ] 17:21:46 : /Users/playmodesstudio/Dropbox/PLAYMODES_STUDIO/2021/FORMS/P5/FORMS/pngs/251.png
[notice ] 17:22:17 : /Users/playmodesstudio/Dropbox/PLAYMODES_STUDIO/2021/FORMS/P5/FORMS/pngs/251.png
[notice ] 17:22:49 : /Users/playmodesstudio/Dropbox/PLAYMODES_STUDIO/2021/FORMS/P5/FORMS/pngs/253.png
[notice ] 17:23:20 : /Users/playmodesstudio/Dropbox/PLAYMODES_STUDIO/2021/FORMS/P5/FORMS/pngs/254.png
[notice ] 17:23:51 : /Users/playmodesstudio/Dropbox/PLAYMODES_STUDIO/2021/FORMS/P5/FORMS/pngs/255.png
[notice ] 17:24:23 : /Users/playmodesstudio/Dropbox/PLAYMODES_STUDIO/2021/FORMS/P5/FORMS/pngs/256.png
[notice ] 17:24:54 : /Users/playmodesstudio/Dropbox/PLAYMODES_STUDIO/2021/FORMS/P5/FORMS/pngs/257.png
[notice ] 17:25:25 : /Users/playmodesstudio/Dropbox/PLAYMODES_STUDIO/2021/FORMS/P5/FORMS/pngs/258.png
[notice ] 17:25:56 : /Users/playmodesstudio/Dropbox/PLAYMODES_STUDIO/2021/FORMS/P5/FORMS/pngs/259.png
[notice ] 17:26:30 : /Users/playmodesstudio/Dropbox/PLAYMODES_STUDIO/2021/FORMS/P5/FORMS/pngs/260.png
[notice ] 17:27:01 : /Users/playmodesstudio/Dropbox/PLAYMODES_STUDIO/2021/FORMS/P5/FORMS/pngs/261.png
[notice ] 17:27:32 : /Users/playmodesstudio/Dropbox/PLAYMODES_STUDIO/2021/FORMS/P5/FORMS/pngs/262.png
[notice ] 17:28:04 : /Users/playmodesstudio/Dropbox/PLAYMODES_STUDIO/2021/FORMS/P5/FORMS/pngs/263.png
[notice ] 17:28:35 : /Users/playmodesstudio/Dropbox/PLAYMODES_STUDIO/2021/FORMS/P5/FORMS/pngs/264.png
[notice ] 17:29:06 : /Users/playmodesstudio/Dropbox/PLAYMODES_STUDIO/2021/FORMS/P5/FORMS/pngs/265.png
[notice ] 17:29:38 : /Users/playmodesstudio/Dropbox/PLAYMODES_STUDIO/2021/FORMS/P5/FORMS/pngs/266.png
[notice ] 17:30:09 : /Users/playmodesstudio/Dropbox/PLAYMODES_STUDIO/2021/FORMS/P5/FORMS/pngs/267.png
[notice ] 17:30:40 : /Users/playmodesstudio/Dropbox/PLAYMODES_STUDIO/2021/FORMS/P5/FORMS/pngs/268.png
[notice ] 17:31:11 : /Users/playmodesstudio/Dropbox/PLAYMODES_STUDIO/2021/FORMS/P5/FORMS/pngs/269.png
[notice ] 17:31:43 : /Users/playmodesstudio/Dropbox/PLAYMODES_STUDIO/2021/FORMS/P5/FORMS/pngs/270.png
[notice ] 17:32:14 : /Users/playmodesstudio/Dropbox/PLAYMODES_STUDIO/2021/FORMS/P5/FORMS/pngs/271.png
[notice ] 17:32:45 : /Users/playmodesstudio/Dropbox/PLAYMODES_STUDIO/2021/FORMS/P5/FORMS/pngs/272.png
[notice ] 17:33:13 : /Users/playmodesstudio/Dropbox/PLAYMODES_STUDIO/2021/FORMS/P5/FORMS/pngs/273.png
[notice ] 17:33:28 : /Users/playmodesstudio/Dropbox/PLAYMODES_STUDIO/2021/FORMS/P5/FORMS/pngs/274.png
[notice ] 17:33:45 : /Users/playmodesstudio/Dropbox/PLAYMODES_STUDIO/2021/FORMS/P5/FORMS/pngs/275.png
[notice ] 17:34:13 : /Users/playmodesstudio/Dropbox/PLAYMODES_STUDIO/2021/FORMS/P5/FORMS/pngs/275.png
[notice ] 17:34:34 : /Users/playmodesstudio/Dropbox/PLAYMODES_STUDIO/2021/FORMS/P5/FORMS/pngs/277.png
[notice ] 17:35:03 : /Users/playmodesstudio/Dropbox/PLAYMODES_STUDIO/2021/FORMS/P5/FORMS/pngs/278.png
[notice ] 17:35:24 : /Users/playmodesstudio/Dropbox/PLAYMODES_STUDIO/2021/FORMS/P5/FORMS/pngs/279.png
[notice ] 17:35:43 : /Users/playmodesstudio/Dropbox/PLAYMODES_STUDIO/2021/FORMS/P5/FORMS/pngs/280.png
[notice ] 17:36:00 : /Users/playmodesstudio/Dropbox/PLAYMODES_STUDIO/2021/FORMS/P5/FORMS/pngs/281.png
[notice ] 17:36:10 : /Users/playmodesstudio/Dropbox/PLAYMODES_STUDIO/2021/FORMS/P5/FORMS/pngs/282.png
[notice ] 17:36:13 : /Users/playmodesstudio/Dropbox/PLAYMODES_STUDIO/2021/FORMS/P5/FORMS/pngs/283.png
[notice ] 17:36:15 : /Users/playmodesstudio/Dropbox/PLAYMODES_STUDIO/2021/FORMS/P5/FORMS/pngs/283.png
[notice ] 17:36:18 : /Users/playmodesstudio/Dropbox/PLAYMODES_STUDIO/2021/FORMS/P5/FORMS/pngs/283.png
[notice ] 17:36:21 : /Users/playmodesstudio/Dropbox/PLAYMODES_STUDIO/2021/FORMS/P5/FORMS/pngs/283.png
[notice ] 17:36:24 : /Users/playmodesstudio/Dropbox/PLAYMODES_STUDIO/2021/FORMS/P5/FORMS/pngs/283.png
[notice ] 17:36:31 : /Users/playmodesstudio/Dropbox/PLAYMODES_STUDIO/2021/FORMS/P5/FORMS/pngs/283.png
[notice ] 17:36:44 : /Users/playmodesstudio/Dropbox/PLAYMODES_STUDIO/2021/FORMS/P5/FORMS/pngs/283.png
[notice ] 17:37:00 : /Users/playmodesstudio/Dropbox/PLAYMODES_STUDIO/2021/FORMS/P5/FORMS/pngs/285.png
[notice ] 17:37:23 : /Users/playmodesstudio/Dropbox/PLAYMODES_STUDIO/2021/FORMS/P5/FORMS/pngs/286.png
[notice ] 17:37:52 : /Users/playmodesstudio/Dropbox/PLAYMODES_STUDIO/2021/FORMS/P5/FORMS/pngs/287.png
[notice ] 17:38:12 : /Users/playmodesstudio/Dropbox/PLAYMODES_STUDIO/2021/FORMS/P5/FORMS/pngs/288.png
[notice ] 17:38:25 : /Users/playmodesstudio/Dropbox/PLAYMODES_STUDIO/2021/FORMS/P5/FORMS/pngs/289.png
[notice ] 17:38:30 : /Users/playmodesstudio/Dropbox/PLAYMODES_STUDIO/2021/FORMS/P5/FORMS/pngs/289.png
[notice ] 17:38:35 : /Users/playmodesstudio/Dropbox/PLAYMODES_STUDIO/2021/FORMS/P5/FORMS/pngs/290.png
[notice ] 17:38:39 : /Users/playmodesstudio/Dropbox/PLAYMODES_STUDIO/2021/FORMS/P5/FORMS/pngs/290.png
[notice ] 17:38:44 : /Users/playmodesstudio/Dropbox/PLAYMODES_STUDIO/2021/FORMS/P5/FORMS/pngs/290.png
[notice ] 17:38:47 : /Users/playmodesstudio/Dropbox/PLAYMODES_STUDIO/2021/FORMS/P5/FORMS/pngs/290.png
[notice ] 17:38:55 : /Users/playmodesstudio/Dropbox/PLAYMODES_STUDIO/2021/FORMS/P5/FORMS/pngs/290.png
[notice ] 17:39:13 : /Users/playmodesstudio/Dropbox/PLAYMODES_STUDIO/2021/FORMS/P5/FORMS/pngs/291.png
[notice ] 17:39:22 : /Users/playmodesstudio/Dropbox/PLAYMODES_STUDIO/2021/FORMS/P5/FORMS/pngs/293.png
[notice ] 17:39:38 : /Users/playmodesstudio/Dropbox/PLAYMODES_STUDIO/2021/FORMS/P5/FORMS/pngs/293.png
[notice ] 17:39:53 : /Users/playmodesstudio/Dropbox/PLAYMODES_STUDIO/2021/FORMS/P5/FORMS/pngs/294.png
[notice ] 17:40:10 : /Users/playmodesstudio/Dropbox/PLAYMODES_STUDIO/2021/FORMS/P5/FORMS/pngs/296.png
[notice ] 17:40:26 : /Users/playmodesstudio/Dropbox/PLAYMODES_STUDIO/2021/FORMS/P5/FORMS/pngs/296.png
[notice ] 17:40:28 : /Users/playmodesstudio/Dropbox/PLAYMODES_STUDIO/2021/FORMS/P5/FORMS/pngs/298.png
[notice ] 17:40:30 : /Users/playmodesstudio/Dropbox/PLAYMODES_STUDIO/2021/FORMS/P5/FORMS/pngs/299.png


--------------------------------------- 2021-09-26-22-39-41-932
[notice ] 22:39:57 : Portada 2
[notice ] 22:40:14 : 
[notice ] 22:40:31 : /Users/playmodesstudio/Dropbox/PLAYMODES_STUDIO/2021/FORMS/P5/FORMS/pngs/304.png
[notice ] 22:40:38 : /Users/playmodesstudio/Dropbox/PLAYMODES_STUDIO/2021/FORMS/P5/FORMS/pngs/305.png
[notice ] 22:40:39 : /Users/playmodesstudio/Dropbox/PLAYMODES_STUDIO/2021/FORMS/P5/FORMS/pngs/306.png
[notice ] 22:40:42 : /Users/playmodesstudio/Dropbox/PLAYMODES_STUDIO/2021/FORMS/P5/FORMS/pngs/307.png
[notice ] 22:40:46 : /Users/playmodesstudio/Dropbox/PLAYMODES_STUDIO/2021/FORMS/P5/FORMS/pngs/307.png
[notice ] 22:40:54 : /Users/playmodesstudio/Dropbox/PLAYMODES_STUDIO/2021/FORMS/P5/FORMS/pngs/308.png
[notice ] 22:41:06 : /Users/playmodesstudio/Dropbox/PLAYMODES_STUDIO/2021/FORMS/P5/FORMS/pngs/308.png
[notice ] 22:41:14 : /Users/playmodesstudio/Dropbox/PLAYMODES_STUDIO/2021/FORMS/P5/FORMS/pngs/310.png
[notice ] 22:41:20 : /Users/playmodesstudio/Dropbox/PLAYMODES_STUDIO/2021/FORMS/P5/FORMS/pngs/310.png
[notice ] 22:41:25 : /Users/playmodesstudio/Dropbox/PLAYMODES_STUDIO/2021/FORMS/P5/FORMS/pngs/311.png
[notice ] 22:41:31 : /Users/playmodesstudio/Dropbox/PLAYMODES_STUDIO/2021/FORMS/P5/FORMS/pngs/311.png
[notice ] 22:41:37 : /Users/playmodesstudio/Dropbox/PLAYMODES_STUDIO/2021/FORMS/P5/FORMS/pngs/311.png
[notice ] 22:41:45 : /Users/playmodesstudio/Dropbox/PLAYMODES_STUDIO/2021/FORMS/P5/FORMS/pngs/311.png
[notice ] 22:41:55 : /Users/playmodesstudio/Dropbox/PLAYMODES_STUDIO/2021/FORMS/P5/FORMS/pngs/312.png
[notice ] 22:42:09 : /Users/playmodesstudio/Dropbox/PLAYMODES_STUDIO/2021/FORMS/P5/FORMS/pngs/313.png
[notice ] 22:42:22 : /Users/playmodesstudio/Dropbox/PLAYMODES_STUDIO/2021/FORMS/P5/FORMS/pngs/315.png
[notice ] 22:42:35 : /Users/playmodesstudio/Dropbox/PLAYMODES_STUDIO/2021/FORMS/P5/FORMS/pngs/316.png
[notice ] 22:42:46 : /Users/playmodesstudio/Dropbox/PLAYMODES_STUDIO/2021/FORMS/P5/FORMS/pngs/317.png
[notice ] 22:43:00 : /Users/playmodesstudio/Dropbox/PLAYMODES_STUDIO/2021/FORMS/P5/FORMS/pngs/318.png
[notice ] 22:43:16 : /Users/playmodesstudio/Dropbox/PLAYMODES_STUDIO/2021/FORMS/P5/FORMS/pngs/318.png
[notice ] 22:43:24 : /Users/playmodesstudio/Dropbox/PLAYMODES_STUDIO/2021/FORMS/P5/FORMS/pngs/320.png
[notice ] 22:43:40 : /Users/playmodesstudio/Dropbox/PLAYMODES_STUDIO/2021/FORMS/P5/FORMS/pngs/321.png
[notice ] 22:43:57 : /Users/playmodesstudio/Dropbox/PLAYMODES_STUDIO/2021/FORMS/P5/FORMS/pngs/322.png
[notice ] 22:44:24 : /Users/playmodesstudio/Dropbox/PLAYMODES_STUDIO/2021/FORMS/P5/FORMS/pngs/323.png
[notice ] 22:44:47 : /Users/playmodesstudio/Dropbox/PLAYMODES_STUDIO/2021/FORMS/P5/FORMS/pngs/323.png
[notice ] 22:45:03 : /Users/playmodesstudio/Dropbox/PLAYMODES_STUDIO/2021/FORMS/P5/FORMS/pngs/325.png
[notice ] 22:45:17 : /Users/playmodesstudio/Dropbox/PLAYMODES_STUDIO/2021/FORMS/P5/FORMS/pngs/326.png
[notice ] 22:45:31 : /Users/playmodesstudio/Dropbox/PLAYMODES_STUDIO/2021/FORMS/P5/FORMS/pngs/326.png
[notice ] 22:45:44 : /Users/playmodesstudio/Dropbox/PLAYMODES_STUDIO/2021/FORMS/P5/FORMS/pngs/327.png
[notice ] 22:45:58 : /Users/playmodesstudio/Dropbox/PLAYMODES_STUDIO/2021/FORMS/P5/FORMS/pngs/328.png
[notice ] 22:46:15 : /Users/playmodesstudio/Dropbox/PLAYMODES_STUDIO/2021/FORMS/P5/FORMS/pngs/328.png
[notice ] 22:46:29 : /Users/playmodesstudio/Dropbox/PLAYMODES_STUDIO/2021/FORMS/P5/FORMS/pngs/329.png
[notice ] 22:46:36 : /Users/playmodesstudio/Dropbox/PLAYMODES_STUDIO/2021/FORMS/P5/FORMS/pngs/331.png
[notice ] 22:46:44 : /Users/playmodesstudio/Dropbox/PLAYMODES_STUDIO/2021/FORMS/P5/FORMS/pngs/331.png
[notice ] 22:46:51 : /Users/playmodesstudio/Dropbox/PLAYMODES_STUDIO/2021/FORMS/P5/FORMS/pngs/332.png
[notice ] 22:46:59 : /Users/playmodesstudio/Dropbox/PLAYMODES_STUDIO/2021/FORMS/P5/FORMS/pngs/334.png
[notice ] 22:47:06 : /Users/playmodesstudio/Dropbox/PLAYMODES_STUDIO/2021/FORMS/P5/FORMS/pngs/335.png
[notice ] 22:47:14 : /Users/playmodesstudio/Dropbox/PLAYMODES_STUDIO/2021/FORMS/P5/FORMS/pngs/336.png
[notice ] 22:47:26 : /Users/playmodesstudio/Dropbox/PLAYMODES_STUDIO/2021/FORMS/P5/FORMS/pngs/337.png
[notice ] 22:47:46 : /Users/playmodesstudio/Dropbox/PLAYMODES_STUDIO/2021/FORMS/P5/FORMS/pngs/337.png
[notice ] 22:48:05 : /Users/playmodesstudio/Dropbox/PLAYMODES_STUDIO/2021/FORMS/P5/FORMS/pngs/338.png
[notice ] 22:48:23 : /Users/playmodesstudio/Dropbox/PLAYMODES_STUDIO/2021/FORMS/P5/FORMS/pngs/339.png
[notice ] 22:48:42 : /Users/playmodesstudio/Dropbox/PLAYMODES_STUDIO/2021/FORMS/P5/FORMS/pngs/341.png
[notice ] 22:48:56 : /Users/playmodesstudio/Dropbox/PLAYMODES_STUDIO/2021/FORMS/P5/FORMS/pngs/342.png
[notice ] 22:49:02 : /Users/playmodesstudio/Dropbox/PLAYMODES_STUDIO/2021/FORMS/P5/FORMS/pngs/343.png
[notice ] 22:49:08 : /Users/playmodesstudio/Dropbox/PLAYMODES_STUDIO/2021/FORMS/P5/FORMS/pngs/344.png
[notice ] 22:49:18 : /Users/playmodesstudio/Dropbox/PLAYMODES_STUDIO/2021/FORMS/P5/FORMS/pngs/344.png
[notice ] 22:49:31 : /Users/playmodesstudio/Dropbox/PLAYMODES_STUDIO/2021/FORMS/P5/FORMS/pngs/346.png
[notice ] 22:49:35 : /Users/playmodesstudio/Dropbox/PLAYMODES_STUDIO/2021/FORMS/P5/FORMS/pngs/347.png
[notice ] 22:49:40 : /Users/playmodesstudio/Dropbox/PLAYMODES_STUDIO/2021/FORMS/P5/FORMS/pngs/348.png
[notice ] 22:49:49 : /Users/playmodesstudio/Dropbox/PLAYMODES_STUDIO/2021/FORMS/P5/FORMS/pngs/349.png
[notice ] 22:49:57 : /Users/playmodesstudio/Dropbox/PLAYMODES_STUDIO/2021/FORMS/P5/FORMS/pngs/350.png
[notice ] 22:50:10 : /Users/playmodesstudio/Dropbox/PLAYMODES_STUDIO/2021/FORMS/P5/FORMS/pngs/350.png
[notice ] 22:50:25 : /Users/playmodesstudio/Dropbox/PLAYMODES_STUDIO/2021/FORMS/P5/FORMS/pngs/351.png
[notice ] 22:50:46 : /Users/playmodesstudio/Dropbox/PLAYMODES_STUDIO/2021/FORMS/P5/FORMS/pngs/352.png
[notice ] 22:51:07 : /Users/playmodesstudio/Dropbox/PLAYMODES_STUDIO/2021/FORMS/P5/FORMS/pngs/353.png
[notice ] 22:51:24 : /Users/playmodesstudio/Dropbox/PLAYMODES_STUDIO/2021/FORMS/P5/FORMS/pngs/354.png
[notice ] 22:51:35 : /Users/playmodesstudio/Dropbox/PLAYMODES_STUDIO/2021/FORMS/P5/FORMS/pngs/355.png
[notice ] 22:51:45 : /Users/playmodesstudio/Dropbox/PLAYMODES_STUDIO/2021/FORMS/P5/FORMS/pngs/356.png
[notice ] 22:51:54 : /Users/playmodesstudio/Dropbox/PLAYMODES_STUDIO/2021/FORMS/P5/FORMS/pngs/358.png
[notice ] 22:52:10 : /Users/playmodesstudio/Dropbox/PLAYMODES_STUDIO/2021/FORMS/P5/FORMS/pngs/359.png
[notice ] 22:52:26 : /Users/playmodesstudio/Dropbox/PLAYMODES_STUDIO/2021/FORMS/P5/FORMS/pngs/359.png
[notice ] 22:52:42 : /Users/playmodesstudio/Dropbox/PLAYMODES_STUDIO/2021/FORMS/P5/FORMS/pngs/360.png
[notice ] 22:52:58 : /Users/playmodesstudio/Dropbox/PLAYMODES_STUDIO/2021/FORMS/P5/FORMS/pngs/362.png
[notice ] 22:53:14 : /Users/playmodesstudio/Dropbox/PLAYMODES_STUDIO/2021/FORMS/P5/FORMS/pngs/363.png
[notice ] 22:53:28 : /Users/playmodesstudio/Dropbox/PLAYMODES_STUDIO/2021/FORMS/P5/FORMS/pngs/364.png
[notice ] 22:53:39 : /Users/playmodesstudio/Dropbox/PLAYMODES_STUDIO/2021/FORMS/P5/FORMS/pngs/364.png
[notice ] 22:53:50 : /Users/playmodesstudio/Dropbox/PLAYMODES_STUDIO/2021/FORMS/P5/FORMS/pngs/365.png
[notice ] 22:54:01 : /Users/playmodesstudio/Dropbox/PLAYMODES_STUDIO/2021/FORMS/P5/FORMS/pngs/365.png
[notice ] 22:54:12 : /Users/playmodesstudio/Dropbox/PLAYMODES_STUDIO/2021/FORMS/P5/FORMS/pngs/365.png
[notice ] 22:54:20 : /Users/playmodesstudio/Dropbox/PLAYMODES_STUDIO/2021/FORMS/P5/FORMS/pngs/366.png
[notice ] 22:54:22 : /Users/playmodesstudio/Dropbox/PLAYMODES_STUDIO/2021/FORMS/P5/FORMS/pngs/367.png
[notice ] 22:54:24 : /Users/playmodesstudio/Dropbox/PLAYMODES_STUDIO/2021/FORMS/P5/FORMS/pngs/367.png
[notice ] 22:54:25 : /Users/playmodesstudio/Dropbox/PLAYMODES_STUDIO/2021/FORMS/P5/FORMS/pngs/368.png
[notice ] 22:54:27 : /Users/playmodesstudio/Dropbox/PLAYMODES_STUDIO/2021/FORMS/P5/FORMS/pngs/369.png
[notice ] 22:54:28 : /Users/playmodesstudio/Dropbox/PLAYMODES_STUDIO/2021/FORMS/P5/FORMS/pngs/370.png
[notice ] 22:54:30 : /Users/playmodesstudio/Dropbox/PLAYMODES_STUDIO/2021/FORMS/P5/FORMS/pngs/370.png
[notice ] 22:54:31 : /Users/playmodesstudio/Dropbox/PLAYMODES_STUDIO/2021/FORMS/P5/FORMS/pngs/370.png
[notice ] 22:54:33 : /Users/playmodesstudio/Dropbox/PLAYMODES_STUDIO/2021/FORMS/P5/FORMS/pngs/371.png
[notice ] 22:54:34 : /Users/playmodesstudio/Dropbox/PLAYMODES_STUDIO/2021/FORMS/P5/FORMS/pngs/371.png
[notice ] 22:54:36 : /Users/playmodesstudio/Dropbox/PLAYMODES_STUDIO/2021/FORMS/P5/FORMS/pngs/371.png
[notice ] 22:54:38 : /Users/playmodesstudio/Dropbox/PLAYMODES_STUDIO/2021/FORMS/P5/FORMS/pngs/371.png
[notice ] 22:54:40 : /Users/playmodesstudio/Dropbox/PLAYMODES_STUDIO/2021/FORMS/P5/FORMS/pngs/371.png
[notice ] 22:54:42 : /Users/playmodesstudio/Dropbox/PLAYMODES_STUDIO/2021/FORMS/P5/FORMS/pngs/371.png
[notice ] 22:54:43 : /Users/playmodesstudio/Dropbox/PLAYMODES_STUDIO/2021/FORMS/P5/FORMS/pngs/371.png
[notice ] 22:54:45 : /Users/playmodesstudio/Dropbox/PLAYMODES_STUDIO/2021/FORMS/P5/FORMS/pngs/371.png
[notice ] 22:54:47 : /Users/playmodesstudio/Dropbox/PLAYMODES_STUDIO/2021/FORMS/P5/FORMS/pngs/371.png
[notice ] 22:54:49 : /Users/playmodesstudio/Dropbox/PLAYMODES_STUDIO/2021/FORMS/P5/FORMS/pngs/371.png
[notice ] 22:54:51 : /Users/playmodesstudio/Dropbox/PLAYMODES_STUDIO/2021/FORMS/P5/FORMS/pngs/371.png
[notice ] 22:54:53 : /Users/playmodesstudio/Dropbox/PLAYMODES_STUDIO/2021/FORMS/P5/FORMS/pngs/371.png
[notice ] 22:54:54 : /Users/playmodesstudio/Dropbox/PLAYMODES_STUDIO/2021/FORMS/P5/FORMS/pngs/371.png
[notice ] 22:54:56 : /Users/playmodesstudio/Dropbox/PLAYMODES_STUDIO/2021/FORMS/P5/FORMS/pngs/371.png
[notice ] 22:54:58 : /Users/playmodesstudio/Dropbox/PLAYMODES_STUDIO/2021/FORMS/P5/FORMS/pngs/371.png
[notice ] 22:55:00 : /Users/playmodesstudio/Dropbox/PLAYMODES_STUDIO/2021/FORMS/P5/FORMS/pngs/371.png
[notice ] 22:55:02 : /Users/playmodesstudio/Dropbox/PLAYMODES_STUDIO/2021/FORMS/P5/FORMS/pngs/371.png
[notice ] 22:55:04 : /Users/playmodesstudio/Dropbox/PLAYMODES_STUDIO/2021/FORMS/P5/FORMS/pngs/371.png
[notice ] 22:55:05 : /Users/playmodesstudio/Dropbox/PLAYMODES_STUDIO/2021/FORMS/P5/FORMS/pngs/371.png
[notice ] 22:55:09 : /Users/playmodesstudio/Dropbox/PLAYMODES_STUDIO/2021/FORMS/P5/FORMS/pngs/371.png
[notice ] 22:55:16 : /Users/playmodesstudio/Dropbox/PLAYMODES_STUDIO/2021/FORMS/P5/FORMS/pngs/371.png
[notice ] 22:55:24 : /Users/playmodesstudio/Dropbox/PLAYMODES_STUDIO/2021/FORMS/P5/FORMS/pngs/372.png
[notice ] 22:55:32 : /Users/playmodesstudio/Dropbox/PLAYMODES_STUDIO/2021/FORMS/P5/FORMS/pngs/373.png
[notice ] 22:55:40 : /Users/playmodesstudio/Dropbox/PLAYMODES_STUDIO/2021/FORMS/P5/FORMS/pngs/374.png
[notice ] 22:55:47 : /Users/playmodesstudio/Dropbox/PLAYMODES_STUDIO/2021/FORMS/P5/FORMS/pngs/375.png
[notice ] 22:55:55 : /Users/playmodesstudio/Dropbox/PLAYMODES_STUDIO/2021/FORMS/P5/FORMS/pngs/376.png
[notice ] 22:56:03 : /Users/playmodesstudio/Dropbox/PLAYMODES_STUDIO/2021/FORMS/P5/FORMS/pngs/377.png
[notice ] 22:56:11 : /Users/playmodesstudio/Dropbox/PLAYMODES_STUDIO/2021/FORMS/P5/FORMS/pngs/378.png
[notice ] 22:56:19 : /Users/playmodesstudio/Dropbox/PLAYMODES_STUDIO/2021/FORMS/P5/FORMS/pngs/379.png
[notice ] 22:56:27 : /Users/playmodesstudio/Dropbox/PLAYMODES_STUDIO/2021/FORMS/P5/FORMS/pngs/380.png
[notice ] 22:56:34 : /Users/playmodesstudio/Dropbox/PLAYMODES_STUDIO/2021/FORMS/P5/FORMS/pngs/381.png
[notice ] 22:56:42 : /Users/playmodesstudio/Dropbox/PLAYMODES_STUDIO/2021/FORMS/P5/FORMS/pngs/382.png
[notice ] 22:56:50 : /Users/playmodesstudio/Dropbox/PLAYMODES_STUDIO/2021/FORMS/P5/FORMS/pngs/383.png
[notice ] 22:56:58 : /Users/playmodesstudio/Dropbox/PLAYMODES_STUDIO/2021/FORMS/P5/FORMS/pngs/383.png
[notice ] 22:57:05 : /Users/playmodesstudio/Dropbox/PLAYMODES_STUDIO/2021/FORMS/P5/FORMS/pngs/383.png
[notice ] 22:57:11 : /Users/playmodesstudio/Dropbox/PLAYMODES_STUDIO/2021/FORMS/P5/FORMS/pngs/383.png
[notice ] 22:57:16 : /Users/playmodesstudio/Dropbox/PLAYMODES_STUDIO/2021/FORMS/P5/FORMS/pngs/384.png
[notice ] 22:57:20 : /Users/playmodesstudio/Dropbox/PLAYMODES_STUDIO/2021/FORMS/P5/FORMS/pngs/384.png
[notice ] 22:57:25 : /Users/playmodesstudio/Dropbox/PLAYMODES_STUDIO/2021/FORMS/P5/FORMS/pngs/386.png
[notice ] 22:57:30 : /Users/playmodesstudio/Dropbox/PLAYMODES_STUDIO/2021/FORMS/P5/FORMS/pngs/386.png
[notice ] 22:57:36 : /Users/playmodesstudio/Dropbox/PLAYMODES_STUDIO/2021/FORMS/P5/FORMS/pngs/386.png
[notice ] 22:57:43 : /Users/playmodesstudio/Dropbox/PLAYMODES_STUDIO/2021/FORMS/P5/FORMS/pngs/387.png
[notice ] 22:57:51 : /Users/playmodesstudio/Dropbox/PLAYMODES_STUDIO/2021/FORMS/P5/FORMS/pngs/388.png
[notice ] 22:57:59 : /Users/playmodesstudio/Dropbox/PLAYMODES_STUDIO/2021/FORMS/P5/FORMS/pngs/388.png
[notice ] 22:58:06 : /Users/playmodesstudio/Dropbox/PLAYMODES_STUDIO/2021/FORMS/P5/FORMS/pngs/389.png
[notice ] 22:58:10 : /Users/playmodesstudio/Dropbox/PLAYMODES_STUDIO/2021/FORMS/P5/FORMS/pngs/389.png
[notice ] 22:58:15 : /Users/playmodesstudio/Dropbox/PLAYMODES_STUDIO/2021/FORMS/P5/FORMS/pngs/390.png
[notice ] 22:58:24 : /Users/playmodesstudio/Dropbox/PLAYMODES_STUDIO/2021/FORMS/P5/FORMS/pngs/390.png
[notice ] 22:58:45 : /Users/playmodesstudio/Dropbox/PLAYMODES_STUDIO/2021/FORMS/P5/FORMS/pngs/392.png
[notice ] 22:59:07 : /Users/playmodesstudio/Dropbox/PLAYMODES_STUDIO/2021/FORMS/P5/FORMS/pngs/393.png
[notice ] 22:59:34 : /Users/playmodesstudio/Dropbox/PLAYMODES_STUDIO/2021/FORMS/P5/FORMS/pngs/394.png
[notice ] 23:00:02 : /Users/playmodesstudio/Dropbox/PLAYMODES_STUDIO/2021/FORMS/P5/FORMS/pngs/395.png
[notice ] 23:00:25 : /Users/playmodesstudio/Dropbox/PLAYMODES_STUDIO/2021/FORMS/P5/FORMS/pngs/396.png
[notice ] 23:00:40 : /Users/playmodesstudio/Dropbox/PLAYMODES_STUDIO/2021/FORMS/P5/FORMS/pngs/397.png
[notice ] 23:00:55 : /Users/playmodesstudio/Dropbox/PLAYMODES_STUDIO/2021/FORMS/P5/FORMS/pngs/398.png
[notice ] 23:01:10 : /Users/playmodesstudio/Dropbox/PLAYMODES_STUDIO/2021/FORMS/P5/FORMS/pngs/399.png
[notice ] 23:01:25 : /Users/playmodesstudio/Dropbox/PLAYMODES_STUDIO/2021/FORMS/P5/FORMS/pngs/400.png
[notice ] 23:01:40 : /Users/playmodesstudio/Dropbox/PLAYMODES_STUDIO/2021/FORMS/P5/FORMS/pngs/401.png
[notice ] 23:01:52 : /Users/playmodesstudio/Dropbox/PLAYMODES_STUDIO/2021/FORMS/P5/FORMS/pngs/401.png
[notice ] 23:01:56 : /Users/playmodesstudio/Dropbox/PLAYMODES_STUDIO/2021/FORMS/P5/FORMS/pngs/403.png
[notice ] 23:02:00 : /Users/playmodesstudio/Dropbox/PLAYMODES_STUDIO/2021/FORMS/P5/FORMS/pngs/404.png
[notice ] 23:02:04 : /Users/playmodesstudio/Dropbox/PLAYMODES_STUDIO/2021/FORMS/P5/FORMS/pngs/404.png
[notice ] 23:02:09 : /Users/playmodesstudio/Dropbox/PLAYMODES_STUDIO/2021/FORMS/P5/FORMS/pngs/405.png
[notice ] 23:02:16 : /Users/playmodesstudio/Dropbox/PLAYMODES_STUDIO/2021/FORMS/P5/FORMS/pngs/406.png
[notice ] 23:02:22 : /Users/playmodesstudio/Dropbox/PLAYMODES_STUDIO/2021/FORMS/P5/FORMS/pngs/407.png
[notice ] 23:02:31 : /Users/playmodesstudio/Dropbox/PLAYMODES_STUDIO/2021/FORMS/P5/FORMS/pngs/407.png
[notice ] 23:02:44 : /Users/playmodesstudio/Dropbox/PLAYMODES_STUDIO/2021/FORMS/P5/FORMS/pngs/407.png
[notice ] 23:02:56 : /Users/playmodesstudio/Dropbox/PLAYMODES_STUDIO/2021/FORMS/P5/FORMS/pngs/408.png
[notice ] 23:03:03 : /Users/playmodesstudio/Dropbox/PLAYMODES_STUDIO/2021/FORMS/P5/FORMS/pngs/409.png
[notice ] 23:03:11 : /Users/playmodesstudio/Dropbox/PLAYMODES_STUDIO/2021/FORMS/P5/FORMS/pngs/410.png
[notice ] 23:03:18 : /Users/playmodesstudio/Dropbox/PLAYMODES_STUDIO/2021/FORMS/P5/FORMS/pngs/410.png
[notice ] 23:03:26 : /Users/playmodesstudio/Dropbox/PLAYMODES_STUDIO/2021/FORMS/P5/FORMS/pngs/410.png
[notice ] 23:03:33 : /Users/playmodesstudio/Dropbox/PLAYMODES_STUDIO/2021/FORMS/P5/FORMS/pngs/411.png
[notice ] 23:03:38 : /Users/playmodesstudio/Dropbox/PLAYMODES_STUDIO/2021/FORMS/P5/FORMS/pngs/412.png
[notice ] 23:03:43 : /Users/playmodesstudio/Dropbox/PLAYMODES_STUDIO/2021/FORMS/P5/FORMS/pngs/412.png
[notice ] 23:03:48 : /Users/playmodesstudio/Dropbox/PLAYMODES_STUDIO/2021/FORMS/P5/FORMS/pngs/412.png
[notice ] 23:03:53 : /Users/playmodesstudio/Dropbox/PLAYMODES_STUDIO/2021/FORMS/P5/FORMS/pngs/412.png
[notice ] 23:03:58 : /Users/playmodesstudio/Dropbox/PLAYMODES_STUDIO/2021/FORMS/P5/FORMS/pngs/412.png
[notice ] 23:04:02 : /Users/playmodesstudio/Dropbox/PLAYMODES_STUDIO/2021/FORMS/P5/FORMS/pngs/413.png
[notice ] 23:04:05 : /Users/playmodesstudio/Dropbox/PLAYMODES_STUDIO/2021/FORMS/P5/FORMS/pngs/413.png
[notice ] 23:04:09 : /Users/playmodesstudio/Dropbox/PLAYMODES_STUDIO/2021/FORMS/P5/FORMS/pngs/414.png
[notice ] 23:04:13 : /Users/playmodesstudio/Dropbox/PLAYMODES_STUDIO/2021/FORMS/P5/FORMS/pngs/415.png
[notice ] 23:04:17 : /Users/playmodesstudio/Dropbox/PLAYMODES_STUDIO/2021/FORMS/P5/FORMS/pngs/416.png
[notice ] 23:04:21 : /Users/playmodesstudio/Dropbox/PLAYMODES_STUDIO/2021/FORMS/P5/FORMS/pngs/416.png
[notice ] 23:04:24 : /Users/playmodesstudio/Dropbox/PLAYMODES_STUDIO/2021/FORMS/P5/FORMS/pngs/416.png
[notice ] 23:04:28 : /Users/playmodesstudio/Dropbox/PLAYMODES_STUDIO/2021/FORMS/P5/FORMS/pngs/416.png
[notice ] 23:04:32 : /Users/playmodesstudio/Dropbox/PLAYMODES_STUDIO/2021/FORMS/P5/FORMS/pngs/416.png
[notice ] 23:04:36 : /Users/playmodesstudio/Dropbox/PLAYMODES_STUDIO/2021/FORMS/P5/FORMS/pngs/416.png
[notice ] 23:04:39 : /Users/playmodesstudio/Dropbox/PLAYMODES_STUDIO/2021/FORMS/P5/FORMS/pngs/416.png
[notice ] 23:04:43 : /Users/playmodesstudio/Dropbox/PLAYMODES_STUDIO/2021/FORMS/P5/FORMS/pngs/416.png
[notice ] 23:04:45 : /Users/playmodesstudio/Dropbox/PLAYMODES_STUDIO/2021/FORMS/P5/FORMS/pngs/416.png
[notice ] 23:04:47 : /Users/playmodesstudio/Dropbox/PLAYMODES_STUDIO/2021/FORMS/P5/FORMS/pngs/417.png
[notice ] 23:04:50 : /Users/playmodesstudio/Dropbox/PLAYMODES_STUDIO/2021/FORMS/P5/FORMS/pngs/417.png
[notice ] 23:05:00 : /Users/playmodesstudio/Dropbox/PLAYMODES_STUDIO/2021/FORMS/P5/FORMS/pngs/417.png
[notice ] 23:05:18 : /Users/playmodesstudio/Dropbox/PLAYMODES_STUDIO/2021/FORMS/P5/FORMS/pngs/419.png
[notice ] 23:05:29 : /Users/playmodesstudio/Dropbox/PLAYMODES_STUDIO/2021/FORMS/P5/FORMS/pngs/419.png
[notice ] 23:05:40 : /Users/playmodesstudio/Dropbox/PLAYMODES_STUDIO/2021/FORMS/P5/FORMS/pngs/420.png
[notice ] 23:06:00 : /Users/playmodesstudio/Dropbox/PLAYMODES_STUDIO/2021/FORMS/P5/FORMS/pngs/421.png
[notice ] 23:06:20 : /Users/playmodesstudio/Dropbox/PLAYMODES_STUDIO/2021/FORMS/P5/FORMS/pngs/422.png
[notice ] 23:06:39 : /Users/playmodesstudio/Dropbox/PLAYMODES_STUDIO/2021/FORMS/P5/FORMS/pngs/423.png
[notice ] 23:06:52 : /Users/playmodesstudio/Dropbox/PLAYMODES_STUDIO/2021/FORMS/P5/FORMS/pngs/424.png
[notice ] 23:07:06 : /Users/playmodesstudio/Dropbox/PLAYMODES_STUDIO/2021/FORMS/P5/FORMS/pngs/425.png
[notice ] 23:07:19 : /Users/playmodesstudio/Dropbox/PLAYMODES_STUDIO/2021/FORMS/P5/FORMS/pngs/426.png
[notice ] 23:07:33 : /Users/playmodesstudio/Dropbox/PLAYMODES_STUDIO/2021/FORMS/P5/FORMS/pngs/427.png
[notice ] 23:07:49 : /Users/playmodesstudio/Dropbox/PLAYMODES_STUDIO/2021/FORMS/P5/FORMS/pngs/428.png
[notice ] 23:08:04 : /Users/playmodesstudio/Dropbox/PLAYMODES_STUDIO/2021/FORMS/P5/FORMS/pngs/429.png
[notice ] 23:08:20 : /Users/playmodesstudio/Dropbox/PLAYMODES_STUDIO/2021/FORMS/P5/FORMS/pngs/431.png
[notice ] 23:08:35 : /Users/playmodesstudio/Dropbox/PLAYMODES_STUDIO/2021/FORMS/P5/FORMS/pngs/432.png
[notice ] 23:08:50 : /Users/playmodesstudio/Dropbox/PLAYMODES_STUDIO/2021/FORMS/P5/FORMS/pngs/433.png
[notice ] 23:09:04 : /Users/playmodesstudio/Dropbox/PLAYMODES_STUDIO/2021/FORMS/P5/FORMS/pngs/433.png
[notice ] 23:09:17 : /Users/playmodesstudio/Dropbox/PLAYMODES_STUDIO/2021/FORMS/P5/FORMS/pngs/435.png
[notice ] 23:09:30 : /Users/playmodesstudio/Dropbox/PLAYMODES_STUDIO/2021/FORMS/P5/FORMS/pngs/436.png
[notice ] 23:09:48 : /Users/playmodesstudio/Dropbox/PLAYMODES_STUDIO/2021/FORMS/P5/FORMS/pngs/436.png
[notice ] 23:10:19 : /Users/playmodesstudio/Dropbox/PLAYMODES_STUDIO/2021/FORMS/P5/FORMS/pngs/437.png
[notice ] 23:10:46 : /Users/playmodesstudio/Dropbox/PLAYMODES_STUDIO/2021/FORMS/P5/FORMS/pngs/438.png
[notice ] 23:11:07 : /Users/playmodesstudio/Dropbox/PLAYMODES_STUDIO/2021/FORMS/P5/FORMS/pngs/438.png
[notice ] 23:11:27 : /Users/playmodesstudio/Dropbox/PLAYMODES_STUDIO/2021/FORMS/P5/FORMS/pngs/438.png
[notice ] 23:11:50 : /Users/playmodesstudio/Dropbox/PLAYMODES_STUDIO/2021/FORMS/P5/FORMS/pngs/439.png
[notice ] 23:12:10 : /Users/playmodesstudio/Dropbox/PLAYMODES_STUDIO/2021/FORMS/P5/FORMS/pngs/440.png
[notice ] 23:12:29 : /Users/playmodesstudio/Dropbox/PLAYMODES_STUDIO/2021/FORMS/P5/FORMS/pngs/441.png
[notice ] 23:12:44 : /Users/playmodesstudio/Dropbox/PLAYMODES_STUDIO/2021/FORMS/P5/FORMS/pngs/442.png
[notice ] 23:12:57 : /Users/playmodesstudio/Dropbox/PLAYMODES_STUDIO/2021/FORMS/P5/FORMS/pngs/444.png
[notice ] 23:13:08 : /Users/playmodesstudio/Dropbox/PLAYMODES_STUDIO/2021/FORMS/P5/FORMS/pngs/445.png
[notice ] 23:13:20 : /Users/playmodesstudio/Dropbox/PLAYMODES_STUDIO/2021/FORMS/P5/FORMS/pngs/446.png
[notice ] 23:13:31 : /Users/playmodesstudio/Dropbox/PLAYMODES_STUDIO/2021/FORMS/P5/FORMS/pngs/446.png
[notice ] 23:13:43 : /Users/playmodesstudio/Dropbox/PLAYMODES_STUDIO/2021/FORMS/P5/FORMS/pngs/447.png
[notice ] 23:13:52 : /Users/playmodesstudio/Dropbox/PLAYMODES_STUDIO/2021/FORMS/P5/FORMS/pngs/447.png
[notice ] 23:14:02 : /Users/playmodesstudio/Dropbox/PLAYMODES_STUDIO/2021/FORMS/P5/FORMS/pngs/448.png
[notice ] 23:14:12 : /Users/playmodesstudio/Dropbox/PLAYMODES_STUDIO/2021/FORMS/P5/FORMS/pngs/449.png
[notice ] 23:14:19 : /Users/playmodesstudio/Dropbox/PLAYMODES_STUDIO/2021/FORMS/P5/FORMS/pngs/449.png
[notice ] 23:14:21 : /Users/playmodesstudio/Dropbox/PLAYMODES_STUDIO/2021/FORMS/P5/FORMS/pngs/450.png
[notice ] 23:14:22 : /Users/playmodesstudio/Dropbox/PLAYMODES_STUDIO/2021/FORMS/P5/FORMS/pngs/450.png
[notice ] 23:14:24 : /Users/playmodesstudio/Dropbox/PLAYMODES_STUDIO/2021/FORMS/P5/FORMS/pngs/451.png
[notice ] 23:14:25 : /Users/playmodesstudio/Dropbox/PLAYMODES_STUDIO/2021/FORMS/P5/FORMS/pngs/451.png
[notice ] 23:14:27 : /Users/playmodesstudio/Dropbox/PLAYMODES_STUDIO/2021/FORMS/P5/FORMS/pngs/451.png
[notice ] 23:14:29 : /Users/playmodesstudio/Dropbox/PLAYMODES_STUDIO/2021/FORMS/P5/FORMS/pngs/451.png
[notice ] 23:14:30 : /Users/playmodesstudio/Dropbox/PLAYMODES_STUDIO/2021/FORMS/P5/FORMS/pngs/451.png
[notice ] 23:14:32 : /Users/playmodesstudio/Dropbox/PLAYMODES_STUDIO/2021/FORMS/P5/FORMS/pngs/451.png
[notice ] 23:14:34 : /Users/playmodesstudio/Dropbox/PLAYMODES_STUDIO/2021/FORMS/P5/FORMS/pngs/451.png
[notice ] 23:14:35 : /Users/playmodesstudio/Dropbox/PLAYMODES_STUDIO/2021/FORMS/P5/FORMS/pngs/451.png
[notice ] 23:14:37 : /Users/playmodesstudio/Dropbox/PLAYMODES_STUDIO/2021/FORMS/P5/FORMS/pngs/451.png
[notice ] 23:14:38 : /Users/playmodesstudio/Dropbox/PLAYMODES_STUDIO/2021/FORMS/P5/FORMS/pngs/451.png
[notice ] 23:14:40 : /Users/playmodesstudio/Dropbox/PLAYMODES_STUDIO/2021/FORMS/P5/FORMS/pngs/451.png
[notice ] 23:14:42 : /Users/playmodesstudio/Dropbox/PLAYMODES_STUDIO/2021/FORMS/P5/FORMS/pngs/451.png
[notice ] 23:14:43 : /Users/playmodesstudio/Dropbox/PLAYMODES_STUDIO/2021/FORMS/P5/FORMS/pngs/451.png
[notice ] 23:14:45 : /Users/playmodesstudio/Dropbox/PLAYMODES_STUDIO/2021/FORMS/P5/FORMS/pngs/451.png
[notice ] 23:14:47 : /Users/playmodesstudio/Dropbox/PLAYMODES_STUDIO/2021/FORMS/P5/FORMS/pngs/451.png
[notice ] 23:14:48 : /Users/playmodesstudio/Dropbox/PLAYMODES_STUDIO/2021/FORMS/P5/FORMS/pngs/451.png
[notice ] 23:14:50 : /Users/playmodesstudio/Dropbox/PLAYMODES_STUDIO/2021/FORMS/P5/FORMS/pngs/451.png
[notice ] 23:14:51 : /Users/playmodesstudio/Dropbox/PLAYMODES_STUDIO/2021/FORMS/P5/FORMS/pngs/451.png
[notice ] 23:14:53 : /Users/playmodesstudio/Dropbox/PLAYMODES_STUDIO/2021/FORMS/P5/FORMS/pngs/451.png
[notice ] 23:14:55 : /Users/playmodesstudio/Dropbox/PLAYMODES_STUDIO/2021/FORMS/P5/FORMS/pngs/451.png
[notice ] 23:14:56 : /Users/playmodesstudio/Dropbox/PLAYMODES_STUDIO/2021/FORMS/P5/FORMS/pngs/452.png
[notice ] 23:14:58 : /Users/playmodesstudio/Dropbox/PLAYMODES_STUDIO/2021/FORMS/P5/FORMS/pngs/453.png
[notice ] 23:15:00 : /Users/playmodesstudio/Dropbox/PLAYMODES_STUDIO/2021/FORMS/P5/FORMS/pngs/453.png
[notice ] 23:15:01 : /Users/playmodesstudio/Dropbox/PLAYMODES_STUDIO/2021/FORMS/P5/FORMS/pngs/453.png
[notice ] 23:15:03 : /Users/playmodesstudio/Dropbox/PLAYMODES_STUDIO/2021/FORMS/P5/FORMS/pngs/453.png
[notice ] 23:15:04 : /Users/playmodesstudio/Dropbox/PLAYMODES_STUDIO/2021/FORMS/P5/FORMS/pngs/453.png
[notice ] 23:15:06 : /Users/playmodesstudio/Dropbox/PLAYMODES_STUDIO/2021/FORMS/P5/FORMS/pngs/453.png
[notice ] 23:15:08 : /Users/playmodesstudio/Dropbox/PLAYMODES_STUDIO/2021/FORMS/P5/FORMS/pngs/453.png
[notice ] 23:15:09 : /Users/playmodesstudio/Dropbox/PLAYMODES_STUDIO/2021/FORMS/P5/FORMS/pngs/453.png
[notice ] 23:15:11 : /Users/playmodesstudio/Dropbox/PLAYMODES_STUDIO/2021/FORMS/P5/FORMS/pngs/453.png
[notice ] 23:15:14 : /Users/playmodesstudio/Dropbox/PLAYMODES_STUDIO/2021/FORMS/P5/FORMS/pngs/453.png
[notice ] 23:15:20 : /Users/playmodesstudio/Dropbox/PLAYMODES_STUDIO/2021/FORMS/P5/FORMS/pngs/453.png
[notice ] 23:15:25 : /Users/playmodesstudio/Dropbox/PLAYMODES_STUDIO/2021/FORMS/P5/FORMS/pngs/455.png
[notice ] 23:15:31 : /Users/playmodesstudio/Dropbox/PLAYMODES_STUDIO/2021/FORMS/P5/FORMS/pngs/456.png
[notice ] 23:15:39 : /Users/playmodesstudio/Dropbox/PLAYMODES_STUDIO/2021/FORMS/P5/FORMS/pngs/457.png
[notice ] 23:15:48 : /Users/playmodesstudio/Dropbox/PLAYMODES_STUDIO/2021/FORMS/P5/FORMS/pngs/457.png
[notice ] 23:15:59 : /Users/playmodesstudio/Dropbox/PLAYMODES_STUDIO/2021/FORMS/P5/FORMS/pngs/459.png
[notice ] 23:16:06 : /Users/playmodesstudio/Dropbox/PLAYMODES_STUDIO/2021/FORMS/P5/FORMS/pngs/460.png
[notice ] 23:16:10 : /Users/playmodesstudio/Dropbox/PLAYMODES_STUDIO/2021/FORMS/P5/FORMS/pngs/461.png
[notice ] 23:16:14 : /Users/playmodesstudio/Dropbox/PLAYMODES_STUDIO/2021/FORMS/P5/FORMS/pngs/462.png
[notice ] 23:16:18 : /Users/playmodesstudio/Dropbox/PLAYMODES_STUDIO/2021/FORMS/P5/FORMS/pngs/462.png
[notice ] 23:16:21 : /Users/playmodesstudio/Dropbox/PLAYMODES_STUDIO/2021/FORMS/P5/FORMS/pngs/463.png
[notice ] 23:16:25 : /Users/playmodesstudio/Dropbox/PLAYMODES_STUDIO/2021/FORMS/P5/FORMS/pngs/464.png
[notice ] 23:16:33 : /Users/playmodesstudio/Dropbox/PLAYMODES_STUDIO/2021/FORMS/P5/FORMS/pngs/464.png
[notice ] 23:16:48 : /Users/playmodesstudio/Dropbox/PLAYMODES_STUDIO/2021/FORMS/P5/FORMS/pngs/465.png
[notice ] 23:17:00 : /Users/playmodesstudio/Dropbox/PLAYMODES_STUDIO/2021/FORMS/P5/FORMS/pngs/465.png
[notice ] 23:17:17 : /Users/playmodesstudio/Dropbox/PLAYMODES_STUDIO/2021/FORMS/P5/FORMS/pngs/466.png
[notice ] 23:17:37 : /Users/playmodesstudio/Dropbox/PLAYMODES_STUDIO/2021/FORMS/P5/FORMS/pngs/467.png
[notice ] 23:17:58 : /Users/playmodesstudio/Dropbox/PLAYMODES_STUDIO/2021/FORMS/P5/FORMS/pngs/468.png
[notice ] 23:18:14 : /Users/playmodesstudio/Dropbox/PLAYMODES_STUDIO/2021/FORMS/P5/FORMS/pngs/469.png
[notice ] 23:18:31 : /Users/playmodesstudio/Dropbox/PLAYMODES_STUDIO/2021/FORMS/P5/FORMS/pngs/470.png
[notice ] 23:18:47 : /Users/playmodesstudio/Dropbox/PLAYMODES_STUDIO/2021/FORMS/P5/FORMS/pngs/472.png
[notice ] 23:19:04 : /Users/playmodesstudio/Dropbox/PLAYMODES_STUDIO/2021/FORMS/P5/FORMS/pngs/472.png
[notice ] 23:19:18 : /Users/playmodesstudio/Dropbox/PLAYMODES_STUDIO/2021/FORMS/P5/FORMS/pngs/473.png
[notice ] 23:19:33 : /Users/playmodesstudio/Dropbox/PLAYMODES_STUDIO/2021/FORMS/P5/FORMS/pngs/474.png
[notice ] 23:19:51 : /Users/playmodesstudio/Dropbox/PLAYMODES_STUDIO/2021/FORMS/P5/FORMS/pngs/475.png
[notice ] 23:20:08 : /Users/playmodesstudio/Dropbox/PLAYMODES_STUDIO/2021/FORMS/P5/FORMS/pngs/476.png
[notice ] 23:20:21 : /Users/playmodesstudio/Dropbox/PLAYMODES_STUDIO/2021/FORMS/P5/FORMS/pngs/477.png
[notice ] 23:20:31 : /Users/playmodesstudio/Dropbox/PLAYMODES_STUDIO/2021/FORMS/P5/FORMS/pngs/478.png
[notice ] 23:20:42 : /Users/playmodesstudio/Dropbox/PLAYMODES_STUDIO/2021/FORMS/P5/FORMS/pngs/478.png
[notice ] 23:20:52 : /Users/playmodesstudio/Dropbox/PLAYMODES_STUDIO/2021/FORMS/P5/FORMS/pngs/479.png
[notice ] 23:21:02 : /Users/playmodesstudio/Dropbox/PLAYMODES_STUDIO/2021/FORMS/P5/FORMS/pngs/480.png
[notice ] 23:21:15 : /Users/playmodesstudio/Dropbox/PLAYMODES_STUDIO/2021/FORMS/P5/FORMS/pngs/481.png
[notice ] 23:21:39 : /Users/playmodesstudio/Dropbox/PLAYMODES_STUDIO/2021/FORMS/P5/FORMS/pngs/482.png
[notice ] 23:21:53 : /Users/playmodesstudio/Dropbox/PLAYMODES_STUDIO/2021/FORMS/P5/FORMS/pngs/483.png
[notice ] 23:22:00 : /Users/playmodesstudio/Dropbox/PLAYMODES_STUDIO/2021/FORMS/P5/FORMS/pngs/483.png
[notice ] 23:22:07 : /Users/playmodesstudio/Dropbox/PLAYMODES_STUDIO/2021/FORMS/P5/FORMS/pngs/484.png
[notice ] 23:22:13 : /Users/playmodesstudio/Dropbox/PLAYMODES_STUDIO/2021/FORMS/P5/FORMS/pngs/484.png
[notice ] 23:22:18 : /Users/playmodesstudio/Dropbox/PLAYMODES_STUDIO/2021/FORMS/P5/FORMS/pngs/485.png
[notice ] 23:22:23 : /Users/playmodesstudio/Dropbox/PLAYMODES_STUDIO/2021/FORMS/P5/FORMS/pngs/485.png
[notice ] 23:22:28 : /Users/playmodesstudio/Dropbox/PLAYMODES_STUDIO/2021/FORMS/P5/FORMS/pngs/485.png
[notice ] 23:22:32 : /Users/playmodesstudio/Dropbox/PLAYMODES_STUDIO/2021/FORMS/P5/FORMS/pngs/486.png
[notice ] 23:22:36 : /Users/playmodesstudio/Dropbox/PLAYMODES_STUDIO/2021/FORMS/P5/FORMS/pngs/487.png
[notice ] 23:22:40 : /Users/playmodesstudio/Dropbox/PLAYMODES_STUDIO/2021/FORMS/P5/FORMS/pngs/488.png
[notice ] 23:22:44 : /Users/playmodesstudio/Dropbox/PLAYMODES_STUDIO/2021/FORMS/P5/FORMS/pngs/488.png
[notice ] 23:22:47 : /Users/playmodesstudio/Dropbox/PLAYMODES_STUDIO/2021/FORMS/P5/FORMS/pngs/488.png
[notice ] 23:22:50 : /Users/playmodesstudio/Dropbox/PLAYMODES_STUDIO/2021/FORMS/P5/FORMS/pngs/489.png
[notice ] 23:22:58 : /Users/playmodesstudio/Dropbox/PLAYMODES_STUDIO/2021/FORMS/P5/FORMS/pngs/489.png
[notice ] 23:23:17 : /Users/playmodesstudio/Dropbox/PLAYMODES_STUDIO/2021/FORMS/P5/FORMS/pngs/489.png
[notice ] 23:23:31 : /Users/playmodesstudio/Dropbox/PLAYMODES_STUDIO/2021/FORMS/P5/FORMS/pngs/490.png
[notice ] 23:23:34 : /Users/playmodesstudio/Dropbox/PLAYMODES_STUDIO/2021/FORMS/P5/FORMS/pngs/492.png
[notice ] 23:23:38 : /Users/playmodesstudio/Dropbox/PLAYMODES_STUDIO/2021/FORMS/P5/FORMS/pngs/492.png
[notice ] 23:23:41 : /Users/playmodesstudio/Dropbox/PLAYMODES_STUDIO/2021/FORMS/P5/FORMS/pngs/494.png
[notice ] 23:23:47 : /Users/playmodesstudio/Dropbox/PLAYMODES_STUDIO/2021/FORMS/P5/FORMS/pngs/495.png
[notice ] 23:23:59 : /Users/playmodesstudio/Dropbox/PLAYMODES_STUDIO/2021/FORMS/P5/FORMS/pngs/496.png
[notice ] 23:24:09 : /Users/playmodesstudio/Dropbox/PLAYMODES_STUDIO/2021/FORMS/P5/FORMS/pngs/497.png
[notice ] 23:24:14 : /Users/playmodesstudio/Dropbox/PLAYMODES_STUDIO/2021/FORMS/P5/FORMS/pngs/498.png
[notice ] 23:24:20 : /Users/playmodesstudio/Dropbox/PLAYMODES_STUDIO/2021/FORMS/P5/FORMS/pngs/498.png
[notice ] 23:24:25 : /Users/playmodesstudio/Dropbox/PLAYMODES_STUDIO/2021/FORMS/P5/FORMS/pngs/499.png
[notice ] 23:24:33 : /Users/playmodesstudio/Dropbox/PLAYMODES_STUDIO/2021/FORMS/P5/FORMS/pngs/501.png
[notice ] 23:24:47 : /Users/playmodesstudio/Dropbox/PLAYMODES_STUDIO/2021/FORMS/P5/FORMS/pngs/501.png
[notice ] 23:25:00 : /Users/playmodesstudio/Dropbox/PLAYMODES_STUDIO/2021/FORMS/P5/FORMS/pngs/503.png
[notice ] 23:25:14 : /Users/playmodesstudio/Dropbox/PLAYMODES_STUDIO/2021/FORMS/P5/FORMS/pngs/504.png
[notice ] 23:25:28 : /Users/playmodesstudio/Dropbox/PLAYMODES_STUDIO/2021/FORMS/P5/FORMS/pngs/505.png
[notice ] 23:25:40 : /Users/playmodesstudio/Dropbox/PLAYMODES_STUDIO/2021/FORMS/P5/FORMS/pngs/506.png
[notice ] 23:25:52 : /Users/playmodesstudio/Dropbox/PLAYMODES_STUDIO/2021/FORMS/P5/FORMS/pngs/507.png
[notice ] 23:25:54 : /Users/playmodesstudio/Dropbox/PLAYMODES_STUDIO/2021/FORMS/P5/FORMS/pngs/508.png
[notice ] 23:25:56 : /Users/playmodesstudio/Dropbox/PLAYMODES_STUDIO/2021/FORMS/P5/FORMS/pngs/508.png
[notice ] 23:25:59 : /Users/playmodesstudio/Dropbox/PLAYMODES_STUDIO/2021/FORMS/P5/FORMS/pngs/508.png
[notice ] 23:26:01 : /Users/playmodesstudio/Dropbox/PLAYMODES_STUDIO/2021/FORMS/P5/FORMS/pngs/508.png
[notice ] 23:26:03 : /Users/playmodesstudio/Dropbox/PLAYMODES_STUDIO/2021/FORMS/P5/FORMS/pngs/508.png
[notice ] 23:26:05 : /Users/playmodesstudio/Dropbox/PLAYMODES_STUDIO/2021/FORMS/P5/FORMS/pngs/508.png
[notice ] 23:26:08 : /Users/playmodesstudio/Dropbox/PLAYMODES_STUDIO/2021/FORMS/P5/FORMS/pngs/508.png
[notice ] 23:26:10 : /Users/playmodesstudio/Dropbox/PLAYMODES_STUDIO/2021/FORMS/P5/FORMS/pngs/508.png
[notice ] 23:26:12 : /Users/playmodesstudio/Dropbox/PLAYMODES_STUDIO/2021/FORMS/P5/FORMS/pngs/508.png
[notice ] 23:26:15 : /Users/playmodesstudio/Dropbox/PLAYMODES_STUDIO/2021/FORMS/P5/FORMS/pngs/508.png
[notice ] 23:26:17 : /Users/playmodesstudio/Dropbox/PLAYMODES_STUDIO/2021/FORMS/P5/FORMS/pngs/508.png
[notice ] 23:26:19 : /Users/playmodesstudio/Dropbox/PLAYMODES_STUDIO/2021/FORMS/P5/FORMS/pngs/508.png
[notice ] 23:26:21 : /Users/playmodesstudio/Dropbox/PLAYMODES_STUDIO/2021/FORMS/P5/FORMS/pngs/508.png
[notice ] 23:26:24 : /Users/playmodesstudio/Dropbox/PLAYMODES_STUDIO/2021/FORMS/P5/FORMS/pngs/508.png
[notice ] 23:26:26 : /Users/playmodesstudio/Dropbox/PLAYMODES_STUDIO/2021/FORMS/P5/FORMS/pngs/508.png
[notice ] 23:26:28 : /Users/playmodesstudio/Dropbox/PLAYMODES_STUDIO/2021/FORMS/P5/FORMS/pngs/508.png
[notice ] 23:26:31 : /Users/playmodesstudio/Dropbox/PLAYMODES_STUDIO/2021/FORMS/P5/FORMS/pngs/508.png
[notice ] 23:26:33 : /Users/playmodesstudio/Dropbox/PLAYMODES_STUDIO/2021/FORMS/P5/FORMS/pngs/508.png
[notice ] 23:26:35 : /Users/playmodesstudio/Dropbox/PLAYMODES_STUDIO/2021/FORMS/P5/FORMS/pngs/508.png
[notice ] 23:26:37 : /Users/playmodesstudio/Dropbox/PLAYMODES_STUDIO/2021/FORMS/P5/FORMS/pngs/508.png
[notice ] 23:26:40 : /Users/playmodesstudio/Dropbox/PLAYMODES_STUDIO/2021/FORMS/P5/FORMS/pngs/508.png
[notice ] 23:26:42 : /Users/playmodesstudio/Dropbox/PLAYMODES_STUDIO/2021/FORMS/P5/FORMS/pngs/508.png
[notice ] 23:26:44 : /Users/playmodesstudio/Dropbox/PLAYMODES_STUDIO/2021/FORMS/P5/FORMS/pngs/508.png
[notice ] 23:26:47 : /Users/playmodesstudio/Dropbox/PLAYMODES_STUDIO/2021/FORMS/P5/FORMS/pngs/508.png
[notice ] 23:26:49 : /Users/playmodesstudio/Dropbox/PLAYMODES_STUDIO/2021/FORMS/P5/FORMS/pngs/508.png
[notice ] 23:26:51 : /Users/playmodesstudio/Dropbox/PLAYMODES_STUDIO/2021/FORMS/P5/FORMS/pngs/508.png
[notice ] 23:26:53 : /Users/playmodesstudio/Dropbox/PLAYMODES_STUDIO/2021/FORMS/P5/FORMS/pngs/508.png
[notice ] 23:26:56 : /Users/playmodesstudio/Dropbox/PLAYMODES_STUDIO/2021/FORMS/P5/FORMS/pngs/508.png
[notice ] 23:26:58 : /Users/playmodesstudio/Dropbox/PLAYMODES_STUDIO/2021/FORMS/P5/FORMS/pngs/508.png
[notice ] 23:27:00 : /Users/playmodesstudio/Dropbox/PLAYMODES_STUDIO/2021/FORMS/P5/FORMS/pngs/508.png
[notice ] 23:27:03 : /Users/playmodesstudio/Dropbox/PLAYMODES_STUDIO/2021/FORMS/P5/FORMS/pngs/508.png
[notice ] 23:27:05 : /Users/playmodesstudio/Dropbox/PLAYMODES_STUDIO/2021/FORMS/P5/FORMS/pngs/508.png
[notice ] 23:27:07 : /Users/playmodesstudio/Dropbox/PLAYMODES_STUDIO/2021/FORMS/P5/FORMS/pngs/508.png
[notice ] 23:27:09 : /Users/playmodesstudio/Dropbox/PLAYMODES_STUDIO/2021/FORMS/P5/FORMS/pngs/508.png
[notice ] 23:27:12 : /Users/playmodesstudio/Dropbox/PLAYMODES_STUDIO/2021/FORMS/P5/FORMS/pngs/508.png
[notice ] 23:27:14 : /Users/playmodesstudio/Dropbox/PLAYMODES_STUDIO/2021/FORMS/P5/FORMS/pngs/508.png
[notice ] 23:27:16 : /Users/playmodesstudio/Dropbox/PLAYMODES_STUDIO/2021/FORMS/P5/FORMS/pngs/508.png
[notice ] 23:27:19 : /Users/playmodesstudio/Dropbox/PLAYMODES_STUDIO/2021/FORMS/P5/FORMS/pngs/508.png
[notice ] 23:27:21 : /Users/playmodesstudio/Dropbox/PLAYMODES_STUDIO/2021/FORMS/P5/FORMS/pngs/508.png
[notice ] 23:27:23 : /Users/playmodesstudio/Dropbox/PLAYMODES_STUDIO/2021/FORMS/P5/FORMS/pngs/508.png
[notice ] 23:27:25 : /Users/playmodesstudio/Dropbox/PLAYMODES_STUDIO/2021/FORMS/P5/FORMS/pngs/508.png
[notice ] 23:27:28 : /Users/playmodesstudio/Dropbox/PLAYMODES_STUDIO/2021/FORMS/P5/FORMS/pngs/508.png
[notice ] 23:27:30 : /Users/playmodesstudio/Dropbox/PLAYMODES_STUDIO/2021/FORMS/P5/FORMS/pngs/508.png
[notice ] 23:27:32 : /Users/playmodesstudio/Dropbox/PLAYMODES_STUDIO/2021/FORMS/P5/FORMS/pngs/508.png
[notice ] 23:27:35 : /Users/playmodesstudio/Dropbox/PLAYMODES_STUDIO/2021/FORMS/P5/FORMS/pngs/508.png
[notice ] 23:27:37 : /Users/playmodesstudio/Dropbox/PLAYMODES_STUDIO/2021/FORMS/P5/FORMS/pngs/508.png
[notice ] 23:27:39 : /Users/playmodesstudio/Dropbox/PLAYMODES_STUDIO/2021/FORMS/P5/FORMS/pngs/508.png
[notice ] 23:27:41 : /Users/playmodesstudio/Dropbox/PLAYMODES_STUDIO/2021/FORMS/P5/FORMS/pngs/508.png
[notice ] 23:27:44 : /Users/playmodesstudio/Dropbox/PLAYMODES_STUDIO/2021/FORMS/P5/FORMS/pngs/508.png
[notice ] 23:27:46 : /Users/playmodesstudio/Dropbox/PLAYMODES_STUDIO/2021/FORMS/P5/FORMS/pngs/508.png
[notice ] 23:27:48 : /Users/playmodesstudio/Dropbox/PLAYMODES_STUDIO/2021/FORMS/P5/FORMS/pngs/508.png
[notice ] 23:27:51 : /Users/playmodesstudio/Dropbox/PLAYMODES_STUDIO/2021/FORMS/P5/FORMS/pngs/508.png
[notice ] 23:27:53 : /Users/playmodesstudio/Dropbox/PLAYMODES_STUDIO/2021/FORMS/P5/FORMS/pngs/508.png
[notice ] 23:27:55 : /Users/playmodesstudio/Dropbox/PLAYMODES_STUDIO/2021/FORMS/P5/FORMS/pngs/508.png
[notice ] 23:27:57 : /Users/playmodesstudio/Dropbox/PLAYMODES_STUDIO/2021/FORMS/P5/FORMS/pngs/508.png
[notice ] 23:28:00 : /Users/playmodesstudio/Dropbox/PLAYMODES_STUDIO/2021/FORMS/P5/FORMS/pngs/508.png
[notice ] 23:28:02 : /Users/playmodesstudio/Dropbox/PLAYMODES_STUDIO/2021/FORMS/P5/FORMS/pngs/508.png
[notice ] 23:28:04 : /Users/playmodesstudio/Dropbox/PLAYMODES_STUDIO/2021/FORMS/P5/FORMS/pngs/508.png
[notice ] 23:28:07 : /Users/playmodesstudio/Dropbox/PLAYMODES_STUDIO/2021/FORMS/P5/FORMS/pngs/508.png
[notice ] 23:28:09 : /Users/playmodesstudio/Dropbox/PLAYMODES_STUDIO/2021/FORMS/P5/FORMS/pngs/508.png
[notice ] 23:28:11 : /Users/playmodesstudio/Dropbox/PLAYMODES_STUDIO/2021/FORMS/P5/FORMS/pngs/508.png
[notice ] 23:28:13 : /Users/playmodesstudio/Dropbox/PLAYMODES_STUDIO/2021/FORMS/P5/FORMS/pngs/508.png
[notice ] 23:28:16 : /Users/playmodesstudio/Dropbox/PLAYMODES_STUDIO/2021/FORMS/P5/FORMS/pngs/508.png
[notice ] 23:28:18 : /Users/playmodesstudio/Dropbox/PLAYMODES_STUDIO/2021/FORMS/P5/FORMS/pngs/508.png
[notice ] 23:28:20 : /Users/playmodesstudio/Dropbox/PLAYMODES_STUDIO/2021/FORMS/P5/FORMS/pngs/508.png
[notice ] 23:28:23 : /Users/playmodesstudio/Dropbox/PLAYMODES_STUDIO/2021/FORMS/P5/FORMS/pngs/508.png
[notice ] 23:28:25 : /Users/playmodesstudio/Dropbox/PLAYMODES_STUDIO/2021/FORMS/P5/FORMS/pngs/508.png
[notice ] 23:28:27 : /Users/playmodesstudio/Dropbox/PLAYMODES_STUDIO/2021/FORMS/P5/FORMS/pngs/508.png
[notice ] 23:28:29 : /Users/playmodesstudio/Dropbox/PLAYMODES_STUDIO/2021/FORMS/P5/FORMS/pngs/508.png
[notice ] 23:28:32 : /Users/playmodesstudio/Dropbox/PLAYMODES_STUDIO/2021/FORMS/P5/FORMS/pngs/508.png
[notice ] 23:28:34 : /Users/playmodesstudio/Dropbox/PLAYMODES_STUDIO/2021/FORMS/P5/FORMS/pngs/508.png
[notice ] 23:28:36 : /Users/playmodesstudio/Dropbox/PLAYMODES_STUDIO/2021/FORMS/P5/FORMS/pngs/508.png
[notice ] 23:28:39 : /Users/playmodesstudio/Dropbox/PLAYMODES_STUDIO/2021/FORMS/P5/FORMS/pngs/508.png
[notice ] 23:28:41 : /Users/playmodesstudio/Dropbox/PLAYMODES_STUDIO/2021/FORMS/P5/FORMS/pngs/508.png
[notice ] 23:28:43 : /Users/playmodesstudio/Dropbox/PLAYMODES_STUDIO/2021/FORMS/P5/FORMS/pngs/508.png
[notice ] 23:28:45 : /Users/playmodesstudio/Dropbox/PLAYMODES_STUDIO/2021/FORMS/P5/FORMS/pngs/508.png
[notice ] 23:28:48 : /Users/playmodesstudio/Dropbox/PLAYMODES_STUDIO/2021/FORMS/P5/FORMS/pngs/508.png
[notice ] 23:28:50 : /Users/playmodesstudio/Dropbox/PLAYMODES_STUDIO/2021/FORMS/P5/FORMS/pngs/508.png
[notice ] 23:28:52 : /Users/playmodesstudio/Dropbox/PLAYMODES_STUDIO/2021/FORMS/P5/FORMS/pngs/508.png
[notice ] 23:28:54 : /Users/playmodesstudio/Dropbox/PLAYMODES_STUDIO/2021/FORMS/P5/FORMS/pngs/508.png
[notice ] 23:28:57 : /Users/playmodesstudio/Dropbox/PLAYMODES_STUDIO/2021/FORMS/P5/FORMS/pngs/508.png
[notice ] 23:28:59 : /Users/playmodesstudio/Dropbox/PLAYMODES_STUDIO/2021/FORMS/P5/FORMS/pngs/508.png
[notice ] 23:29:01 : /Users/playmodesstudio/Dropbox/PLAYMODES_STUDIO/2021/FORMS/P5/FORMS/pngs/508.png
[notice ] 23:29:04 : /Users/playmodesstudio/Dropbox/PLAYMODES_STUDIO/2021/FORMS/P5/FORMS/pngs/508.png
[notice ] 23:29:06 : /Users/playmodesstudio/Dropbox/PLAYMODES_STUDIO/2021/FORMS/P5/FORMS/pngs/508.png
[notice ] 23:29:08 : /Users/playmodesstudio/Dropbox/PLAYMODES_STUDIO/2021/FORMS/P5/FORMS/pngs/508.png
