

--------------------------------------- 2022-01-28-16-09-59-902
[notice ] 16:10:44 : Portada 2
[notice ] 16:11:05 : 
[notice ] 16:11:08 : /Users/playmodesstudio/Dropbox/PLAYMODES_STUDIO/2021/FORMS/P5/FORMS_SPECTRUM2/pngs/1.png


--------------------------------------- 2022-01-28-16-11-19-051
[notice ] 16:11:21 : Portada 2
[ error ] ofImage: loadImage(): couldn't load image from """"
[ error ] ofxThreadedImageLoader: couldn't load file: ""
[notice ] 16:11:24 : 
[notice ] 16:11:26 : 
[notice ] 16:11:29 : /Users/playmodesstudio/Dropbox/PLAYMODES_STUDIO/2021/FORMS/P5/FORMS_SPECTRUM2/pngs/4.png
[notice ] 16:11:31 : /Users/playmodesstudio/Dropbox/PLAYMODES_STUDIO/2021/FORMS/P5/FORMS_SPECTRUM2/pngs/4.png
[notice ] 16:11:34 : /Users/playmodesstudio/Dropbox/PLAYMODES_STUDIO/2021/FORMS/P5/FORMS_SPECTRUM2/pngs/4.png
[notice ] 16:11:37 : /Users/playmodesstudio/Dropbox/PLAYMODES_STUDIO/2021/FORMS/P5/FORMS_SPECTRUM2/pngs/4.png
[notice ] 16:11:39 : /Users/playmodesstudio/Dropbox/PLAYMODES_STUDIO/2021/FORMS/P5/FORMS_SPECTRUM2/pngs/4.png
[notice ] 16:11:42 : /Users/playmodesstudio/Dropbox/PLAYMODES_STUDIO/2021/FORMS/P5/FORMS_SPECTRUM2/pngs/4.png
[notice ] 16:11:49 : /Users/playmodesstudio/Dropbox/PLAYMODES_STUDIO/2021/FORMS/P5/FORMS_SPECTRUM2/pngs/5.png
[notice ] 16:11:52 : /Users/playmodesstudio/Dropbox/PLAYMODES_STUDIO/2021/FORMS/P5/FORMS_SPECTRUM2/pngs/5.png
[notice ] 16:11:55 : /Users/playmodesstudio/Dropbox/PLAYMODES_STUDIO/2021/FORMS/P5/FORMS_SPECTRUM2/pngs/5.png
[notice ] 16:11:57 : /Users/playmodesstudio/Dropbox/PLAYMODES_STUDIO/2021/FORMS/P5/FORMS_SPECTRUM2/pngs/6.png
[notice ] 16:12:00 : /Users/playmodesstudio/Dropbox/PLAYMODES_STUDIO/2021/FORMS/P5/FORMS_SPECTRUM2/pngs/6.png
[notice ] 16:12:03 : /Users/playmodesstudio/Dropbox/PLAYMODES_STUDIO/2021/FORMS/P5/FORMS_SPECTRUM2/pngs/6.png
[notice ] 16:12:05 : /Users/playmodesstudio/Dropbox/PLAYMODES_STUDIO/2021/FORMS/P5/FORMS_SPECTRUM2/pngs/7.png
[notice ] 16:12:08 : /Users/playmodesstudio/Dropbox/PLAYMODES_STUDIO/2021/FORMS/P5/FORMS_SPECTRUM2/pngs/7.png
[notice ] 16:12:11 : /Users/playmodesstudio/Dropbox/PLAYMODES_STUDIO/2021/FORMS/P5/FORMS_SPECTRUM2/pngs/7.png
[notice ] 16:12:15 : /Users/playmodesstudio/Dropbox/PLAYMODES_STUDIO/2021/FORMS/P5/FORMS_SPECTRUM2/pngs/7.png
[notice ] 16:12:36 : /Users/playmodesstudio/Dropbox/PLAYMODES_STUDIO/2021/FORMS/P5/FORMS_SPECTRUM2/pngs/8.png
