

--------------------------------------- 2022-05-29-00-00-53-236
[notice ] 00:06:05 : /Users/santiagovilanova/Desktop/INDOMITES/FORMS_SPECTRUM4/pngs/705.png
[notice ] 00:15:39 : /Users/santiagovilanova/Desktop/INDOMITES/FORMS_SPECTRUM4/pngs/705.png
[ error ] ofAppGLFWWindow: 65544: Cocoa: Failed to find service port for display
[notice ] 00:23:59 : /Users/santiagovilanova/Desktop/INDOMITES/FORMS_SPECTRUM4/pngs/705.png
[notice ] 00:24:21 : /Users/santiagovilanova/Desktop/INDOMITES/FORMS_SPECTRUM4/pngs/705.png
[notice ] 00:24:50 : /Users/santiagovilanova/Desktop/INDOMITES/FORMS_SPECTRUM4/pngs/705.png
[notice ] 00:24:53 : /Users/santiagovilanova/Desktop/INDOMITES/FORMS_SPECTRUM4/pngs/705.png
[notice ] 00:25:02 : /Users/santiagovilanova/Desktop/INDOMITES/FORMS_SPECTRUM4/pngs/706.png
[notice ] 00:25:11 : /Users/santiagovilanova/Desktop/INDOMITES/FORMS_SPECTRUM4/pngs/707.png
[notice ] 00:25:19 : /Users/santiagovilanova/Desktop/INDOMITES/FORMS_SPECTRUM4/pngs/709.png
[notice ] 00:25:28 : /Users/santiagovilanova/Desktop/INDOMITES/FORMS_SPECTRUM4/pngs/710.png
[notice ] 00:25:37 : /Users/santiagovilanova/Desktop/INDOMITES/FORMS_SPECTRUM4/pngs/711.png
[notice ] 00:25:45 : /Users/santiagovilanova/Desktop/INDOMITES/FORMS_SPECTRUM4/pngs/712.png
[notice ] 00:25:54 : /Users/santiagovilanova/Desktop/INDOMITES/FORMS_SPECTRUM4/pngs/713.png
[notice ] 00:26:02 : /Users/santiagovilanova/Desktop/INDOMITES/FORMS_SPECTRUM4/pngs/714.png
[notice ] 00:26:11 : /Users/santiagovilanova/Desktop/INDOMITES/FORMS_SPECTRUM4/pngs/715.png
[notice ] 00:26:19 : /Users/santiagovilanova/Desktop/INDOMITES/FORMS_SPECTRUM4/pngs/716.png
[notice ] 00:26:28 : /Users/santiagovilanova/Desktop/INDOMITES/FORMS_SPECTRUM4/pngs/717.png
[notice ] 00:26:37 : /Users/santiagovilanova/Desktop/INDOMITES/FORMS_SPECTRUM4/pngs/718.png
[notice ] 00:26:42 : /Users/santiagovilanova/Desktop/INDOMITES/FORMS_SPECTRUM4/pngs/719.png
[notice ] 00:26:52 : /Users/santiagovilanova/Desktop/INDOMITES/FORMS_SPECTRUM4/pngs/720.png
[notice ] 00:26:58 : /Users/santiagovilanova/Desktop/INDOMITES/FORMS_SPECTRUM4/pngs/720.png
[notice ] 00:27:11 : /Users/santiagovilanova/Desktop/INDOMITES/FORMS_SPECTRUM4/pngs/723.png
[notice ] 00:27:17 : /Users/santiagovilanova/Desktop/INDOMITES/FORMS_SPECTRUM4/pngs/725.png
[notice ] 00:27:19 : /Users/santiagovilanova/Desktop/INDOMITES/FORMS_SPECTRUM4/pngs/727.png
[notice ] 00:27:22 : /Users/santiagovilanova/Desktop/INDOMITES/FORMS_SPECTRUM4/pngs/727.png
[notice ] 00:27:24 : /Users/santiagovilanova/Desktop/INDOMITES/FORMS_SPECTRUM4/pngs/728.png
[notice ] 00:27:26 : /Users/santiagovilanova/Desktop/INDOMITES/FORMS_SPECTRUM4/pngs/728.png
[notice ] 00:27:28 : /Users/santiagovilanova/Desktop/INDOMITES/FORMS_SPECTRUM4/pngs/729.png
[notice ] 00:27:30 : /Users/santiagovilanova/Desktop/INDOMITES/FORMS_SPECTRUM4/pngs/730.png
[notice ] 00:27:32 : /Users/santiagovilanova/Desktop/INDOMITES/FORMS_SPECTRUM4/pngs/730.png
[notice ] 00:27:34 : /Users/santiagovilanova/Desktop/INDOMITES/FORMS_SPECTRUM4/pngs/731.png
[notice ] 00:27:37 : /Users/santiagovilanova/Desktop/INDOMITES/FORMS_SPECTRUM4/pngs/732.png
[notice ] 00:27:39 : /Users/santiagovilanova/Desktop/INDOMITES/FORMS_SPECTRUM4/pngs/732.png
[notice ] 00:27:41 : /Users/santiagovilanova/Desktop/INDOMITES/FORMS_SPECTRUM4/pngs/733.png
[notice ] 00:27:43 : /Users/santiagovilanova/Desktop/INDOMITES/FORMS_SPECTRUM4/pngs/734.png
[notice ] 00:27:45 : /Users/santiagovilanova/Desktop/INDOMITES/FORMS_SPECTRUM4/pngs/735.png
[notice ] 00:27:47 : /Users/santiagovilanova/Desktop/INDOMITES/FORMS_SPECTRUM4/pngs/735.png
[notice ] 00:27:49 : /Users/santiagovilanova/Desktop/INDOMITES/FORMS_SPECTRUM4/pngs/736.png
[notice ] 00:27:52 : /Users/santiagovilanova/Desktop/INDOMITES/FORMS_SPECTRUM4/pngs/737.png
[notice ] 00:27:54 : /Users/santiagovilanova/Desktop/INDOMITES/FORMS_SPECTRUM4/pngs/737.png
[ error ] ofAppGLFWWindow: 65544: Cocoa: Failed to find service port for display
[notice ] 00:27:56 : /Users/santiagovilanova/Desktop/INDOMITES/FORMS_SPECTRUM4/pngs/738.png
[notice ] 00:27:58 : /Users/santiagovilanova/Desktop/INDOMITES/FORMS_SPECTRUM4/pngs/739.png
[notice ] 00:28:00 : /Users/santiagovilanova/Desktop/INDOMITES/FORMS_SPECTRUM4/pngs/740.png
[notice ] 00:28:02 : /Users/santiagovilanova/Desktop/INDOMITES/FORMS_SPECTRUM4/pngs/740.png
[notice ] 00:28:04 : /Users/santiagovilanova/Desktop/INDOMITES/FORMS_SPECTRUM4/pngs/741.png
[notice ] 00:28:07 : /Users/santiagovilanova/Desktop/INDOMITES/FORMS_SPECTRUM4/pngs/741.png
[notice ] 00:28:09 : /Users/santiagovilanova/Desktop/INDOMITES/FORMS_SPECTRUM4/pngs/742.png
[notice ] 00:28:11 : /Users/santiagovilanova/Desktop/INDOMITES/FORMS_SPECTRUM4/pngs/743.png
[notice ] 00:28:13 : /Users/santiagovilanova/Desktop/INDOMITES/FORMS_SPECTRUM4/pngs/743.png
[notice ] 00:28:15 : /Users/santiagovilanova/Desktop/INDOMITES/FORMS_SPECTRUM4/pngs/744.png
[notice ] 00:28:17 : /Users/santiagovilanova/Desktop/INDOMITES/FORMS_SPECTRUM4/pngs/745.png
[notice ] 00:28:19 : /Users/santiagovilanova/Desktop/INDOMITES/FORMS_SPECTRUM4/pngs/745.png
[notice ] 00:28:22 : /Users/santiagovilanova/Desktop/INDOMITES/FORMS_SPECTRUM4/pngs/746.png
[notice ] 00:28:24 : /Users/santiagovilanova/Desktop/INDOMITES/FORMS_SPECTRUM4/pngs/746.png
[notice ] 00:28:28 : /Users/santiagovilanova/Desktop/INDOMITES/FORMS_SPECTRUM4/pngs/747.png
[notice ] 00:28:30 : /Users/santiagovilanova/Desktop/INDOMITES/FORMS_SPECTRUM4/pngs/748.png
[notice ] 00:28:32 : /Users/santiagovilanova/Desktop/INDOMITES/FORMS_SPECTRUM4/pngs/748.png
[notice ] 00:28:34 : /Users/santiagovilanova/Desktop/INDOMITES/FORMS_SPECTRUM4/pngs/749.png
[notice ] 00:28:37 : /Users/santiagovilanova/Desktop/INDOMITES/FORMS_SPECTRUM4/pngs/750.png
[notice ] 00:28:39 : /Users/santiagovilanova/Desktop/INDOMITES/FORMS_SPECTRUM4/pngs/750.png
[ error ] ofAppGLFWWindow: 65544: Cocoa: Failed to find service port for display
[notice ] 00:28:41 : /Users/santiagovilanova/Desktop/INDOMITES/FORMS_SPECTRUM4/pngs/750.png
[notice ] 00:28:43 : /Users/santiagovilanova/Desktop/INDOMITES/FORMS_SPECTRUM4/pngs/751.png


--------------------------------------- 2022-05-29-21-35-47-130
[ error ] ofAppGLFWWindow: 65544: Cocoa: Failed to find service port for display
[notice ] 21:35:52 : Portada 2
[notice ] 21:35:54 : 
[notice ] 21:35:56 : /Users/santiagovilanova/Desktop/INDOMITES/FORMS_SPECTRUM4/pngs/2.png
[notice ] 21:35:58 : /Users/santiagovilanova/Desktop/INDOMITES/FORMS_SPECTRUM4/pngs/3.png
[notice ] 21:36:00 : /Users/santiagovilanova/Desktop/INDOMITES/FORMS_SPECTRUM4/pngs/3.png
[notice ] 21:36:03 : /Users/santiagovilanova/Desktop/INDOMITES/FORMS_SPECTRUM4/pngs/3.png
[notice ] 21:36:09 : /Users/santiagovilanova/Desktop/INDOMITES/FORMS_SPECTRUM4/pngs/3.png
[notice ] 21:36:26 : /Users/santiagovilanova/Desktop/INDOMITES/FORMS_SPECTRUM4/pngs/3.png
[notice ] 21:36:44 : /Users/santiagovilanova/Desktop/INDOMITES/FORMS_SPECTRUM4/pngs/5.png
[ error ] ofAppGLFWWindow: 65544: Cocoa: Failed to find service port for display
[notice ] 21:37:01 : /Users/santiagovilanova/Desktop/INDOMITES/FORMS_SPECTRUM4/pngs/6.png
[notice ] 21:37:18 : /Users/santiagovilanova/Desktop/INDOMITES/FORMS_SPECTRUM4/pngs/7.png
[notice ] 21:37:35 : /Users/santiagovilanova/Desktop/INDOMITES/FORMS_SPECTRUM4/pngs/8.png
[ error ] ofAppGLFWWindow: 65544: Cocoa: Failed to find service port for display
[ error ] ofAppGLFWWindow: 65544: Cocoa: Failed to find service port for display
[notice ] 21:37:52 : /Users/santiagovilanova/Desktop/INDOMITES/FORMS_SPECTRUM4/pngs/9.png
[notice ] 21:38:09 : /Users/santiagovilanova/Desktop/INDOMITES/FORMS_SPECTRUM4/pngs/10.png
[notice ] 21:38:26 : /Users/santiagovilanova/Desktop/INDOMITES/FORMS_SPECTRUM4/pngs/11.png
[notice ] 22:15:59 : /Users/santiagovilanova/Desktop/INDOMITES/FORMS_SPECTRUM4/pngs/12.png
[ error ] ofAppGLFWWindow: 65544: Cocoa: Failed to find service port for display
[notice ] 23:59:29 : /Users/santiagovilanova/Desktop/INDOMITES/FORMS_SPECTRUM4/pngs/13.png
[notice ] 23:59:47 : /Users/santiagovilanova/Desktop/INDOMITES/FORMS_SPECTRUM4/pngs/14.png
